[ 2023-08-12 19:56:17,211 ] 20 root - INFO - exporting data as pandas dataframe
[ 2023-08-12 19:56:17,211 ] 18 root - INFO - Reading data from database: aps and collection: sensor
[ 2023-08-12 19:56:25,001 ] 20 root - INFO - Found Columns: Index(['_id', 'class', 'aa_000', 'ab_000', 'ac_000', 'ad_000', 'ae_000',
       'af_000', 'ag_000', 'ag_001',
       ...
       'ee_002', 'ee_003', 'ee_004', 'ee_005', 'ee_006', 'ee_007', 'ee_008',
       'ee_009', 'ef_000', 'eg_000'],
      dtype='object', length=172)
[ 2023-08-12 19:56:25,002 ] 22 root - INFO - Dropping column: _id
[ 2023-08-12 19:56:25,574 ] 24 root - INFO - row and columnns in df: (36188, 171)
[ 2023-08-12 19:56:25,574 ] 25 root - INFO - save data in feature store
[ 2023-08-12 19:56:32,743 ] 35 root - INFO - split dataset into train and test set
[ 2023-08-12 19:56:33,438 ] 39 root - INFO - create dataset directory folder if not available
[ 2023-08-12 19:56:33,438 ] 46 root - INFO - Save df to feature store folder
[ 2023-08-12 19:56:37,655 ] 59 root - INFO - Data ingestion artifact: DataIngestionArtifact(feature_store_file_path='/config/workspace/artifact/08122023__19_56_17/data_ingestion/feature_store/sensor.csv', train_file_path='/config/workspace/artifact/08122023__19_56_17/data_ingestion/dataset/train.csv', test_file_path='/config/workspace/artifact/08122023__19_56_17/data_ingestion/dataset/test.csv')
[ 2023-08-12 19:56:39,201 ] 20 root - INFO - >>>>>>>>>>>>>>>>>>>>>>>>>>>>>>>>>>>>>>>> Data Validation <<<<<<<<<<<<<<<<<<<<<<<<<<<<<<<<<<<<<<<<
[ 2023-08-12 19:56:39,201 ] 107 root - INFO - Reading base dataframe
[ 2023-08-12 19:56:43,725 ] 110 root - INFO - Replace na value in base df
[ 2023-08-12 19:56:44,152 ] 61 root - INFO - selecting column name which contains null above to 0.2
[ 2023-08-12 19:56:44,153 ] 64 root - INFO - Columns to drop: ['ab_000', 'ad_000', 'bk_000', 'bl_000', 'bm_000', 'bn_000', 'bo_000', 'bp_000', 'bq_000', 'br_000', 'cf_000', 'cg_000', 'ch_000', 'co_000', 'cr_000', 'ct_000', 'cu_000', 'cv_000', 'cx_000', 'cy_000', 'cz_000', 'da_000', 'db_000', 'dc_000']
[ 2023-08-12 19:56:44,282 ] 115 root - INFO - Reading train dataframe
[ 2023-08-12 19:56:44,997 ] 117 root - INFO - Reading test dataframe
[ 2023-08-12 19:56:45,168 ] 120 root - INFO - Drop null values colums from train df
[ 2023-08-12 19:56:45,181 ] 61 root - INFO - selecting column name which contains null above to 0.2
[ 2023-08-12 19:56:45,182 ] 64 root - INFO - Columns to drop: ['ab_000', 'ad_000', 'bk_000', 'bl_000', 'bm_000', 'bn_000', 'bo_000', 'bp_000', 'bq_000', 'br_000', 'cf_000', 'cg_000', 'ch_000', 'co_000', 'cr_000', 'ct_000', 'cu_000', 'cv_000', 'cx_000', 'cy_000', 'cz_000', 'da_000', 'db_000', 'dc_000']
[ 2023-08-12 19:56:45,204 ] 122 root - INFO - Drop null values colums from test df
[ 2023-08-12 19:56:45,209 ] 61 root - INFO - selecting column name which contains null above to 0.2
[ 2023-08-12 19:56:45,217 ] 64 root - INFO - Columns to drop: ['ab_000', 'ad_000', 'bk_000', 'bl_000', 'bm_000', 'bn_000', 'bo_000', 'bp_000', 'bq_000', 'br_000', 'cf_000', 'cg_000', 'ch_000', 'co_000', 'cr_000', 'ct_000', 'cu_000', 'cv_000', 'cx_000', 'cy_000', 'cz_000', 'da_000', 'db_000', 'dc_000']
[ 2023-08-12 19:56:45,221 ] 125 root - INFO - Is all required columns present in train df
