[ 2023-08-12 19:54:45,915 ] 20 root - INFO - exporting data as pandas dataframe
[ 2023-08-12 19:54:45,915 ] 18 root - INFO - Reading data from database: aps and collection: sensor
[ 2023-08-12 19:54:54,013 ] 20 root - INFO - Found Columns: Index(['_id', 'class', 'aa_000', 'ab_000', 'ac_000', 'ad_000', 'ae_000',
       'af_000', 'ag_000', 'ag_001',
       ...
       'ee_002', 'ee_003', 'ee_004', 'ee_005', 'ee_006', 'ee_007', 'ee_008',
       'ee_009', 'ef_000', 'eg_000'],
      dtype='object', length=172)
[ 2023-08-12 19:54:54,014 ] 22 root - INFO - Dropping column: _id
[ 2023-08-12 19:54:54,748 ] 24 root - INFO - row and columnns in df: (36188, 171)
[ 2023-08-12 19:54:54,748 ] 25 root - INFO - save data in feature store
[ 2023-08-12 19:55:01,859 ] 35 root - INFO - split dataset into train and test set
[ 2023-08-12 19:55:02,518 ] 39 root - INFO - create dataset directory folder if not available
[ 2023-08-12 19:55:02,518 ] 46 root - INFO - Save df to feature store folder
[ 2023-08-12 19:55:06,155 ] 59 root - INFO - Data ingestion artifact: DataIngestionArtifact(feature_store_file_path='/config/workspace/artifact/08122023__19_54_45/data_ingestion/feature_store/sensor.csv', train_file_path='/config/workspace/artifact/08122023__19_54_45/data_ingestion/dataset/train.csv', test_file_path='/config/workspace/artifact/08122023__19_54_45/data_ingestion/dataset/test.csv')
[ 2023-08-12 19:55:07,497 ] 20 root - INFO - >>>>>>>>>>>>>>>>>>>>>>>>>>>>>>>>>>>>>>>> Data Validation <<<<<<<<<<<<<<<<<<<<<<<<<<<<<<<<<<<<<<<<
[ 2023-08-12 19:55:07,497 ] 107 root - INFO - Reading base dataframe
[ 2023-08-12 19:55:11,519 ] 110 root - INFO - Replace na value in base df
[ 2023-08-12 19:55:11,924 ] 61 root - INFO - selecting column name which contains null above to 0.2
[ 2023-08-12 19:55:11,924 ] 64 root - INFO - Columns to drop: ['ab_000', 'ad_000', 'bk_000', 'bl_000', 'bm_000', 'bn_000', 'bo_000', 'bp_000', 'bq_000', 'br_000', 'cf_000', 'cg_000', 'ch_000', 'co_000', 'cr_000', 'ct_000', 'cu_000', 'cv_000', 'cx_000', 'cy_000', 'cz_000', 'da_000', 'db_000', 'dc_000']
[ 2023-08-12 19:55:12,060 ] 115 root - INFO - Reading train dataframe
[ 2023-08-12 19:55:12,783 ] 117 root - INFO - Reading test dataframe
[ 2023-08-12 19:55:12,988 ] 120 root - INFO - Drop null values colums from train df
[ 2023-08-12 19:55:13,014 ] 61 root - INFO - selecting column name which contains null above to 0.2
[ 2023-08-12 19:55:13,015 ] 64 root - INFO - Columns to drop: ['ab_000', 'ad_000', 'bk_000', 'bl_000', 'bm_000', 'bn_000', 'bo_000', 'bp_000', 'bq_000', 'br_000', 'cf_000', 'cg_000', 'ch_000', 'co_000', 'cr_000', 'ct_000', 'cu_000', 'cv_000', 'cx_000', 'cy_000', 'cz_000', 'da_000', 'db_000', 'dc_000']
[ 2023-08-12 19:55:13,031 ] 122 root - INFO - Drop null values colums from test df
[ 2023-08-12 19:55:13,036 ] 61 root - INFO - selecting column name which contains null above to 0.2
[ 2023-08-12 19:55:13,037 ] 64 root - INFO - Columns to drop: ['ab_000', 'ad_000', 'bk_000', 'bl_000', 'bm_000', 'bn_000', 'bo_000', 'bp_000', 'bq_000', 'br_000', 'cf_000', 'cg_000', 'ch_000', 'co_000', 'cr_000', 'ct_000', 'cu_000', 'cv_000', 'cx_000', 'cy_000', 'cz_000', 'da_000', 'db_000', 'dc_000']
[ 2023-08-12 19:55:13,040 ] 125 root - INFO - Is all required columns present in train df
