[ 2023-08-12 19:59:43,906 ] 20 root - INFO - exporting data as pandas dataframe
[ 2023-08-12 19:59:43,907 ] 18 root - INFO - Reading data from database: aps and collection: sensor
[ 2023-08-12 19:59:51,978 ] 20 root - INFO - Found Columns: Index(['_id', 'class', 'aa_000', 'ab_000', 'ac_000', 'ad_000', 'ae_000',
       'af_000', 'ag_000', 'ag_001',
       ...
       'ee_002', 'ee_003', 'ee_004', 'ee_005', 'ee_006', 'ee_007', 'ee_008',
       'ee_009', 'ef_000', 'eg_000'],
      dtype='object', length=172)
[ 2023-08-12 19:59:51,979 ] 22 root - INFO - Dropping column: _id
[ 2023-08-12 19:59:52,485 ] 24 root - INFO - row and columnns in df: (36188, 171)
[ 2023-08-12 19:59:52,486 ] 25 root - INFO - save data in feature store
[ 2023-08-12 19:59:59,846 ] 35 root - INFO - split dataset into train and test set
[ 2023-08-12 20:00:00,598 ] 39 root - INFO - create dataset directory folder if not available
[ 2023-08-12 20:00:00,598 ] 46 root - INFO - Save df to feature store folder
[ 2023-08-12 20:00:04,809 ] 59 root - INFO - Data ingestion artifact: DataIngestionArtifact(feature_store_file_path='/config/workspace/artifact/08122023__19_59_43/data_ingestion/feature_store/sensor.csv', train_file_path='/config/workspace/artifact/08122023__19_59_43/data_ingestion/dataset/train.csv', test_file_path='/config/workspace/artifact/08122023__19_59_43/data_ingestion/dataset/test.csv')
[ 2023-08-12 20:00:05,903 ] 20 root - INFO - >>>>>>>>>>>>>>>>>>>>>>>>>>>>>>>>>>>>>>>> Data Validation <<<<<<<<<<<<<<<<<<<<<<<<<<<<<<<<<<<<<<<<
[ 2023-08-12 20:00:05,903 ] 107 root - INFO - Reading base dataframe
[ 2023-08-12 20:00:10,262 ] 110 root - INFO - Replace na value in base df
[ 2023-08-12 20:00:10,698 ] 61 root - INFO - selecting column name which contains null above to 0.2
[ 2023-08-12 20:00:10,699 ] 64 root - INFO - Columns to drop: ['ab_000', 'ad_000', 'bk_000', 'bl_000', 'bm_000', 'bn_000', 'bo_000', 'bp_000', 'bq_000', 'br_000', 'cf_000', 'cg_000', 'ch_000', 'co_000', 'cr_000', 'ct_000', 'cu_000', 'cv_000', 'cx_000', 'cy_000', 'cz_000', 'da_000', 'db_000', 'dc_000']
[ 2023-08-12 20:00:10,855 ] 115 root - INFO - Reading train dataframe
[ 2023-08-12 20:00:11,599 ] 117 root - INFO - Reading test dataframe
[ 2023-08-12 20:00:11,779 ] 120 root - INFO - Drop null values colums from train df
[ 2023-08-12 20:00:11,800 ] 61 root - INFO - selecting column name which contains null above to 0.2
[ 2023-08-12 20:00:11,801 ] 64 root - INFO - Columns to drop: ['ab_000', 'ad_000', 'bk_000', 'bl_000', 'bm_000', 'bn_000', 'bo_000', 'bp_000', 'bq_000', 'br_000', 'cf_000', 'cg_000', 'ch_000', 'co_000', 'cr_000', 'ct_000', 'cu_000', 'cv_000', 'cx_000', 'cy_000', 'cz_000', 'da_000', 'db_000', 'dc_000']
[ 2023-08-12 20:00:11,818 ] 122 root - INFO - Drop null values colums from test df
[ 2023-08-12 20:00:11,822 ] 61 root - INFO - selecting column name which contains null above to 0.2
[ 2023-08-12 20:00:11,823 ] 64 root - INFO - Columns to drop: ['ab_000', 'ad_000', 'bk_000', 'bl_000', 'bm_000', 'bn_000', 'bo_000', 'bp_000', 'bq_000', 'br_000', 'cf_000', 'cg_000', 'ch_000', 'co_000', 'cr_000', 'ct_000', 'cu_000', 'cv_000', 'cx_000', 'cy_000', 'cz_000', 'da_000', 'db_000', 'dc_000']
[ 2023-08-12 20:00:11,826 ] 125 root - INFO - Is all required columns present in train df
[ 2023-08-12 20:00:11,826 ] 127 root - INFO - Is all required columns present in test df
[ 2023-08-12 20:00:11,826 ] 131 root - INFO - As all column are available in train df hence detecting data drift
[ 2023-08-12 20:00:11,827 ] 86 root - INFO - Hypothesis class: object, object 
[ 2023-08-12 20:00:12,076 ] 86 root - INFO - Hypothesis aa_000: int64, int64 
[ 2023-08-12 20:00:12,091 ] 86 root - INFO - Hypothesis ac_000: object, float64 
