[ 2023-08-12 20:14:45,763 ] 20 root - INFO - exporting data as pandas dataframe
[ 2023-08-12 20:14:45,763 ] 19 root - INFO - Reading data from database: aps and collection: sensor
[ 2023-08-12 20:14:53,330 ] 21 root - INFO - Found Columns: Index(['_id', 'class', 'aa_000', 'ab_000', 'ac_000', 'ad_000', 'ae_000',
       'af_000', 'ag_000', 'ag_001',
       ...
       'ee_002', 'ee_003', 'ee_004', 'ee_005', 'ee_006', 'ee_007', 'ee_008',
       'ee_009', 'ef_000', 'eg_000'],
      dtype='object', length=172)
[ 2023-08-12 20:14:53,330 ] 23 root - INFO - Dropping column: _id
[ 2023-08-12 20:14:53,912 ] 25 root - INFO - row and columnns in df: (36188, 171)
[ 2023-08-12 20:14:53,912 ] 25 root - INFO - save data in feature store
[ 2023-08-12 20:15:01,111 ] 35 root - INFO - split dataset into train and test set
[ 2023-08-12 20:15:01,808 ] 39 root - INFO - create dataset directory folder if not available
[ 2023-08-12 20:15:01,808 ] 46 root - INFO - Save df to feature store folder
[ 2023-08-12 20:15:05,935 ] 59 root - INFO - Data ingestion artifact: DataIngestionArtifact(feature_store_file_path='/config/workspace/artifact/08122023__20_14_45/data_ingestion/feature_store/sensor.csv', train_file_path='/config/workspace/artifact/08122023__20_14_45/data_ingestion/dataset/train.csv', test_file_path='/config/workspace/artifact/08122023__20_14_45/data_ingestion/dataset/test.csv')
[ 2023-08-12 20:15:06,991 ] 20 root - INFO - >>>>>>>>>>>>>>>>>>>>>>>>>>>>>>>>>>>>>>>> Data Validation <<<<<<<<<<<<<<<<<<<<<<<<<<<<<<<<<<<<<<<<
[ 2023-08-12 20:15:06,991 ] 107 root - INFO - Reading base dataframe
[ 2023-08-12 20:15:11,452 ] 110 root - INFO - Replace na value in base df
[ 2023-08-12 20:15:11,873 ] 61 root - INFO - selecting column name which contains null above to 0.2
[ 2023-08-12 20:15:11,874 ] 64 root - INFO - Columns to drop: ['ab_000', 'ad_000', 'bk_000', 'bl_000', 'bm_000', 'bn_000', 'bo_000', 'bp_000', 'bq_000', 'br_000', 'cf_000', 'cg_000', 'ch_000', 'co_000', 'cr_000', 'ct_000', 'cu_000', 'cv_000', 'cx_000', 'cy_000', 'cz_000', 'da_000', 'db_000', 'dc_000']
[ 2023-08-12 20:15:12,012 ] 115 root - INFO - Reading train dataframe
[ 2023-08-12 20:15:12,750 ] 117 root - INFO - Reading test dataframe
[ 2023-08-12 20:15:12,954 ] 120 root - INFO - Drop null values colums from train df
[ 2023-08-12 20:15:12,973 ] 61 root - INFO - selecting column name which contains null above to 0.2
[ 2023-08-12 20:15:12,974 ] 64 root - INFO - Columns to drop: ['ab_000', 'ad_000', 'bk_000', 'bl_000', 'bm_000', 'bn_000', 'bo_000', 'bp_000', 'bq_000', 'br_000', 'cf_000', 'cg_000', 'ch_000', 'co_000', 'cr_000', 'ct_000', 'cu_000', 'cv_000', 'cx_000', 'cy_000', 'cz_000', 'da_000', 'db_000', 'dc_000']
[ 2023-08-12 20:15:12,988 ] 122 root - INFO - Drop null values colums from test df
[ 2023-08-12 20:15:12,993 ] 61 root - INFO - selecting column name which contains null above to 0.2
[ 2023-08-12 20:15:12,993 ] 64 root - INFO - Columns to drop: ['ab_000', 'ad_000', 'bk_000', 'bl_000', 'bm_000', 'bn_000', 'bo_000', 'bp_000', 'bq_000', 'br_000', 'cf_000', 'cg_000', 'ch_000', 'co_000', 'cr_000', 'ct_000', 'cu_000', 'cv_000', 'cx_000', 'cy_000', 'cz_000', 'da_000', 'db_000', 'dc_000']
[ 2023-08-12 20:15:14,495 ] 130 root - INFO - Is all required columns present in train df
[ 2023-08-12 20:15:14,496 ] 132 root - INFO - Is all required columns present in test df
[ 2023-08-12 20:15:14,496 ] 136 root - INFO - As all column are available in train df hence detecting data drift
[ 2023-08-12 20:15:14,496 ] 86 root - INFO - Hypothesis class: object, object 
[ 2023-08-12 20:15:14,748 ] 86 root - INFO - Hypothesis aa_000: float64, float64 
[ 2023-08-12 20:15:14,761 ] 86 root - INFO - Hypothesis ac_000: float64, float64 
[ 2023-08-12 20:15:14,847 ] 86 root - INFO - Hypothesis ae_000: float64, float64 
[ 2023-08-12 20:15:14,918 ] 86 root - INFO - Hypothesis af_000: float64, float64 
[ 2023-08-12 20:15:14,998 ] 86 root - INFO - Hypothesis ag_000: float64, float64 
[ 2023-08-12 20:15:15,063 ] 86 root - INFO - Hypothesis ag_001: float64, float64 
[ 2023-08-12 20:15:15,135 ] 86 root - INFO - Hypothesis ag_002: float64, float64 
[ 2023-08-12 20:15:15,219 ] 86 root - INFO - Hypothesis ag_003: float64, float64 
[ 2023-08-12 20:15:15,227 ] 86 root - INFO - Hypothesis ag_004: float64, float64 
[ 2023-08-12 20:15:15,240 ] 86 root - INFO - Hypothesis ag_005: float64, float64 
[ 2023-08-12 20:15:15,282 ] 86 root - INFO - Hypothesis ag_006: float64, float64 
[ 2023-08-12 20:15:15,296 ] 86 root - INFO - Hypothesis ag_007: float64, float64 
[ 2023-08-12 20:15:15,320 ] 86 root - INFO - Hypothesis ag_008: float64, float64 
[ 2023-08-12 20:15:15,331 ] 86 root - INFO - Hypothesis ag_009: float64, float64 
[ 2023-08-12 20:15:15,361 ] 86 root - INFO - Hypothesis ah_000: float64, float64 
[ 2023-08-12 20:15:15,379 ] 86 root - INFO - Hypothesis ai_000: float64, float64 
[ 2023-08-12 20:15:15,452 ] 86 root - INFO - Hypothesis aj_000: float64, float64 
[ 2023-08-12 20:15:15,461 ] 86 root - INFO - Hypothesis ak_000: float64, float64 
[ 2023-08-12 20:15:15,561 ] 86 root - INFO - Hypothesis al_000: float64, float64 
[ 2023-08-12 20:15:15,571 ] 86 root - INFO - Hypothesis am_0: float64, float64 
[ 2023-08-12 20:15:15,581 ] 86 root - INFO - Hypothesis an_000: float64, float64 
[ 2023-08-12 20:15:15,594 ] 86 root - INFO - Hypothesis ao_000: float64, float64 
[ 2023-08-12 20:15:15,608 ] 86 root - INFO - Hypothesis ap_000: float64, float64 
[ 2023-08-12 20:15:15,640 ] 86 root - INFO - Hypothesis aq_000: float64, float64 
[ 2023-08-12 20:15:15,658 ] 86 root - INFO - Hypothesis ar_000: float64, float64 
[ 2023-08-12 20:15:15,722 ] 86 root - INFO - Hypothesis as_000: float64, float64 
[ 2023-08-12 20:15:15,787 ] 86 root - INFO - Hypothesis at_000: float64, float64 
[ 2023-08-12 20:15:15,860 ] 86 root - INFO - Hypothesis au_000: float64, float64 
[ 2023-08-12 20:15:15,950 ] 86 root - INFO - Hypothesis av_000: float64, float64 
[ 2023-08-12 20:15:15,962 ] 86 root - INFO - Hypothesis ax_000: float64, float64 
[ 2023-08-12 20:15:15,973 ] 86 root - INFO - Hypothesis ay_000: float64, float64 
[ 2023-08-12 20:15:16,051 ] 86 root - INFO - Hypothesis ay_001: float64, float64 
[ 2023-08-12 20:15:16,140 ] 86 root - INFO - Hypothesis ay_002: float64, float64 
[ 2023-08-12 20:15:16,195 ] 86 root - INFO - Hypothesis ay_003: float64, float64 
[ 2023-08-12 20:15:16,246 ] 86 root - INFO - Hypothesis ay_004: float64, float64 
[ 2023-08-12 20:15:16,338 ] 86 root - INFO - Hypothesis ay_005: float64, float64 
[ 2023-08-12 20:15:16,414 ] 86 root - INFO - Hypothesis ay_006: float64, float64 
[ 2023-08-12 20:15:16,426 ] 86 root - INFO - Hypothesis ay_007: float64, float64 
[ 2023-08-12 20:15:16,439 ] 86 root - INFO - Hypothesis ay_008: float64, float64 
[ 2023-08-12 20:15:16,452 ] 86 root - INFO - Hypothesis ay_009: float64, float64 
[ 2023-08-12 20:15:16,506 ] 86 root - INFO - Hypothesis az_000: float64, float64 
[ 2023-08-12 20:15:16,519 ] 86 root - INFO - Hypothesis az_001: float64, float64 
[ 2023-08-12 20:15:16,544 ] 86 root - INFO - Hypothesis az_002: float64, float64 
[ 2023-08-12 20:15:16,556 ] 86 root - INFO - Hypothesis az_003: float64, float64 
[ 2023-08-12 20:15:16,575 ] 86 root - INFO - Hypothesis az_004: float64, float64 
[ 2023-08-12 20:15:16,588 ] 86 root - INFO - Hypothesis az_005: float64, float64 
[ 2023-08-12 20:15:16,602 ] 86 root - INFO - Hypothesis az_006: float64, float64 
[ 2023-08-12 20:15:16,660 ] 86 root - INFO - Hypothesis az_007: float64, float64 
[ 2023-08-12 20:15:16,720 ] 86 root - INFO - Hypothesis az_008: float64, float64 
[ 2023-08-12 20:15:16,787 ] 86 root - INFO - Hypothesis az_009: float64, float64 
[ 2023-08-12 20:15:16,863 ] 86 root - INFO - Hypothesis ba_000: float64, float64 
[ 2023-08-12 20:15:16,888 ] 86 root - INFO - Hypothesis ba_001: float64, float64 
[ 2023-08-12 20:15:16,901 ] 86 root - INFO - Hypothesis ba_002: float64, float64 
[ 2023-08-12 20:15:16,915 ] 86 root - INFO - Hypothesis ba_003: float64, float64 
[ 2023-08-12 20:15:16,928 ] 86 root - INFO - Hypothesis ba_004: float64, float64 
[ 2023-08-12 20:15:16,941 ] 86 root - INFO - Hypothesis ba_005: float64, float64 
[ 2023-08-12 20:15:16,955 ] 86 root - INFO - Hypothesis ba_006: float64, float64 
[ 2023-08-12 20:15:16,968 ] 86 root - INFO - Hypothesis ba_007: float64, float64 
[ 2023-08-12 20:15:16,980 ] 86 root - INFO - Hypothesis ba_008: float64, float64 
[ 2023-08-12 20:15:17,056 ] 86 root - INFO - Hypothesis ba_009: float64, float64 
[ 2023-08-12 20:15:17,106 ] 86 root - INFO - Hypothesis bb_000: float64, float64 
[ 2023-08-12 20:15:17,119 ] 86 root - INFO - Hypothesis bc_000: float64, float64 
[ 2023-08-12 20:15:17,198 ] 86 root - INFO - Hypothesis bd_000: float64, float64 
[ 2023-08-12 20:15:17,210 ] 86 root - INFO - Hypothesis be_000: float64, float64 
[ 2023-08-12 20:15:17,242 ] 86 root - INFO - Hypothesis bf_000: float64, float64 
[ 2023-08-12 20:15:17,259 ] 86 root - INFO - Hypothesis bg_000: float64, float64 
[ 2023-08-12 20:15:17,279 ] 86 root - INFO - Hypothesis bh_000: float64, float64 
[ 2023-08-12 20:15:17,292 ] 86 root - INFO - Hypothesis bi_000: float64, float64 
[ 2023-08-12 20:15:17,306 ] 86 root - INFO - Hypothesis bj_000: float64, float64 
[ 2023-08-12 20:15:17,319 ] 86 root - INFO - Hypothesis bs_000: float64, float64 
[ 2023-08-12 20:15:17,340 ] 86 root - INFO - Hypothesis bt_000: float64, float64 
[ 2023-08-12 20:15:17,364 ] 86 root - INFO - Hypothesis bu_000: float64, float64 
[ 2023-08-12 20:15:17,389 ] 86 root - INFO - Hypothesis bv_000: float64, float64 
[ 2023-08-12 20:15:17,403 ] 86 root - INFO - Hypothesis bx_000: float64, float64 
[ 2023-08-12 20:15:17,423 ] 86 root - INFO - Hypothesis by_000: float64, float64 
[ 2023-08-12 20:15:17,436 ] 86 root - INFO - Hypothesis bz_000: float64, float64 
[ 2023-08-12 20:15:17,448 ] 86 root - INFO - Hypothesis ca_000: float64, float64 
[ 2023-08-12 20:15:17,461 ] 86 root - INFO - Hypothesis cb_000: float64, float64 
[ 2023-08-12 20:15:17,475 ] 86 root - INFO - Hypothesis cc_000: float64, float64 
[ 2023-08-12 20:15:17,504 ] 86 root - INFO - Hypothesis cd_000: float64, float64 
[ 2023-08-12 20:15:17,574 ] 86 root - INFO - Hypothesis ce_000: float64, float64 
[ 2023-08-12 20:15:17,596 ] 86 root - INFO - Hypothesis ci_000: float64, float64 
[ 2023-08-12 20:15:17,610 ] 86 root - INFO - Hypothesis cj_000: float64, float64 
[ 2023-08-12 20:15:17,672 ] 86 root - INFO - Hypothesis ck_000: float64, float64 
[ 2023-08-12 20:15:17,685 ] 86 root - INFO - Hypothesis cl_000: float64, float64 
[ 2023-08-12 20:15:17,694 ] 86 root - INFO - Hypothesis cm_000: float64, float64 
[ 2023-08-12 20:15:17,704 ] 86 root - INFO - Hypothesis cn_000: float64, float64 
[ 2023-08-12 20:15:17,756 ] 86 root - INFO - Hypothesis cn_001: float64, float64 
[ 2023-08-12 20:15:17,818 ] 86 root - INFO - Hypothesis cn_002: float64, float64 
[ 2023-08-12 20:15:17,829 ] 86 root - INFO - Hypothesis cn_003: float64, float64 
[ 2023-08-12 20:15:17,850 ] 86 root - INFO - Hypothesis cn_004: float64, float64 
[ 2023-08-12 20:15:17,863 ] 86 root - INFO - Hypothesis cn_005: float64, float64 
[ 2023-08-12 20:15:17,877 ] 86 root - INFO - Hypothesis cn_006: float64, float64 
[ 2023-08-12 20:15:17,894 ] 86 root - INFO - Hypothesis cn_007: float64, float64 
[ 2023-08-12 20:15:17,908 ] 86 root - INFO - Hypothesis cn_008: float64, float64 
[ 2023-08-12 20:15:17,927 ] 86 root - INFO - Hypothesis cn_009: float64, float64 
[ 2023-08-12 20:15:17,983 ] 86 root - INFO - Hypothesis cp_000: float64, float64 
[ 2023-08-12 20:15:18,050 ] 86 root - INFO - Hypothesis cq_000: float64, float64 
[ 2023-08-12 20:15:18,066 ] 86 root - INFO - Hypothesis cs_000: float64, float64 
[ 2023-08-12 20:15:18,079 ] 86 root - INFO - Hypothesis cs_001: float64, float64 
[ 2023-08-12 20:15:18,092 ] 86 root - INFO - Hypothesis cs_002: float64, float64 
[ 2023-08-12 20:15:18,106 ] 86 root - INFO - Hypothesis cs_003: float64, float64 
[ 2023-08-12 20:15:18,129 ] 86 root - INFO - Hypothesis cs_004: float64, float64 
[ 2023-08-12 20:15:18,142 ] 86 root - INFO - Hypothesis cs_005: float64, float64 
[ 2023-08-12 20:15:18,155 ] 86 root - INFO - Hypothesis cs_006: float64, float64 
[ 2023-08-12 20:15:18,169 ] 86 root - INFO - Hypothesis cs_007: float64, float64 
[ 2023-08-12 20:15:18,198 ] 86 root - INFO - Hypothesis cs_008: float64, float64 
[ 2023-08-12 20:15:18,254 ] 86 root - INFO - Hypothesis cs_009: float64, float64 
[ 2023-08-12 20:15:18,312 ] 86 root - INFO - Hypothesis dd_000: float64, float64 
[ 2023-08-12 20:15:18,330 ] 86 root - INFO - Hypothesis de_000: float64, float64 
[ 2023-08-12 20:15:18,341 ] 86 root - INFO - Hypothesis df_000: float64, float64 
[ 2023-08-12 20:15:18,406 ] 86 root - INFO - Hypothesis dg_000: float64, float64 
[ 2023-08-12 20:15:18,467 ] 86 root - INFO - Hypothesis dh_000: float64, float64 
[ 2023-08-12 20:15:18,475 ] 86 root - INFO - Hypothesis di_000: float64, float64 
[ 2023-08-12 20:15:18,539 ] 86 root - INFO - Hypothesis dj_000: float64, float64 
[ 2023-08-12 20:15:18,609 ] 86 root - INFO - Hypothesis dk_000: float64, float64 
[ 2023-08-12 20:15:18,665 ] 86 root - INFO - Hypothesis dl_000: float64, float64 
[ 2023-08-12 20:15:18,713 ] 86 root - INFO - Hypothesis dm_000: float64, float64 
[ 2023-08-12 20:15:18,777 ] 86 root - INFO - Hypothesis dn_000: float64, float64 
[ 2023-08-12 20:15:18,790 ] 86 root - INFO - Hypothesis do_000: float64, float64 
[ 2023-08-12 20:15:18,803 ] 86 root - INFO - Hypothesis dp_000: float64, float64 
[ 2023-08-12 20:15:18,815 ] 86 root - INFO - Hypothesis dq_000: float64, float64 
[ 2023-08-12 20:15:18,894 ] 86 root - INFO - Hypothesis dr_000: float64, float64 
[ 2023-08-12 20:15:18,960 ] 86 root - INFO - Hypothesis ds_000: float64, float64 
[ 2023-08-12 20:15:18,973 ] 86 root - INFO - Hypothesis dt_000: float64, float64 
[ 2023-08-12 20:15:18,986 ] 86 root - INFO - Hypothesis du_000: float64, float64 
[ 2023-08-12 20:15:19,003 ] 86 root - INFO - Hypothesis dv_000: float64, float64 
[ 2023-08-12 20:15:19,016 ] 86 root - INFO - Hypothesis dx_000: float64, float64 
[ 2023-08-12 20:15:19,088 ] 86 root - INFO - Hypothesis dy_000: float64, float64 
[ 2023-08-12 20:15:19,150 ] 86 root - INFO - Hypothesis dz_000: float64, float64 
[ 2023-08-12 20:15:19,224 ] 86 root - INFO - Hypothesis ea_000: float64, float64 
[ 2023-08-12 20:15:19,284 ] 86 root - INFO - Hypothesis eb_000: float64, float64 
[ 2023-08-12 20:15:19,305 ] 86 root - INFO - Hypothesis ec_00: float64, float64 
[ 2023-08-12 20:15:19,318 ] 86 root - INFO - Hypothesis ed_000: float64, float64 
[ 2023-08-12 20:15:19,330 ] 86 root - INFO - Hypothesis ee_000: float64, float64 
[ 2023-08-12 20:15:19,343 ] 86 root - INFO - Hypothesis ee_001: float64, float64 
[ 2023-08-12 20:15:19,357 ] 86 root - INFO - Hypothesis ee_002: float64, float64 
[ 2023-08-12 20:15:19,379 ] 86 root - INFO - Hypothesis ee_003: float64, float64 
[ 2023-08-12 20:15:19,392 ] 86 root - INFO - Hypothesis ee_004: float64, float64 
[ 2023-08-12 20:15:19,432 ] 86 root - INFO - Hypothesis ee_005: float64, float64 
[ 2023-08-12 20:15:19,445 ] 86 root - INFO - Hypothesis ee_006: float64, float64 
[ 2023-08-12 20:15:19,458 ] 86 root - INFO - Hypothesis ee_007: float64, float64 
[ 2023-08-12 20:15:19,471 ] 86 root - INFO - Hypothesis ee_008: float64, float64 
[ 2023-08-12 20:15:19,486 ] 86 root - INFO - Hypothesis ee_009: float64, float64 
[ 2023-08-12 20:15:19,497 ] 86 root - INFO - Hypothesis ef_000: float64, float64 
[ 2023-08-12 20:15:19,558 ] 86 root - INFO - Hypothesis eg_000: float64, float64 
[ 2023-08-12 20:15:19,611 ] 140 root - INFO - As all column are available in test df hence detecting data drift
[ 2023-08-12 20:15:19,612 ] 86 root - INFO - Hypothesis class: object, object 
[ 2023-08-12 20:15:19,741 ] 86 root - INFO - Hypothesis aa_000: float64, float64 
[ 2023-08-12 20:15:19,750 ] 86 root - INFO - Hypothesis ac_000: float64, float64 
[ 2023-08-12 20:15:19,758 ] 86 root - INFO - Hypothesis ae_000: float64, float64 
[ 2023-08-12 20:15:19,779 ] 86 root - INFO - Hypothesis af_000: float64, float64 
[ 2023-08-12 20:15:19,815 ] 86 root - INFO - Hypothesis ag_000: float64, float64 
[ 2023-08-12 20:15:19,835 ] 86 root - INFO - Hypothesis ag_001: float64, float64 
[ 2023-08-12 20:15:19,863 ] 86 root - INFO - Hypothesis ag_002: float64, float64 
[ 2023-08-12 20:15:19,869 ] 86 root - INFO - Hypothesis ag_003: float64, float64 
[ 2023-08-12 20:15:19,875 ] 86 root - INFO - Hypothesis ag_004: float64, float64 
[ 2023-08-12 20:15:19,884 ] 86 root - INFO - Hypothesis ag_005: float64, float64 
[ 2023-08-12 20:15:19,903 ] 86 root - INFO - Hypothesis ag_006: float64, float64 
[ 2023-08-12 20:15:19,920 ] 86 root - INFO - Hypothesis ag_007: float64, float64 
[ 2023-08-12 20:15:19,928 ] 86 root - INFO - Hypothesis ag_008: float64, float64 
[ 2023-08-12 20:15:19,936 ] 86 root - INFO - Hypothesis ag_009: float64, float64 
[ 2023-08-12 20:15:19,946 ] 86 root - INFO - Hypothesis ah_000: float64, float64 
[ 2023-08-12 20:15:19,956 ] 86 root - INFO - Hypothesis ai_000: float64, float64 
[ 2023-08-12 20:15:19,964 ] 86 root - INFO - Hypothesis aj_000: float64, float64 
[ 2023-08-12 20:15:19,970 ] 86 root - INFO - Hypothesis ak_000: float64, float64 
[ 2023-08-12 20:15:19,979 ] 86 root - INFO - Hypothesis al_000: float64, float64 
[ 2023-08-12 20:15:19,987 ] 86 root - INFO - Hypothesis am_0: float64, float64 
[ 2023-08-12 20:15:19,993 ] 86 root - INFO - Hypothesis an_000: float64, float64 
[ 2023-08-12 20:15:20,009 ] 86 root - INFO - Hypothesis ao_000: float64, float64 
[ 2023-08-12 20:15:20,019 ] 86 root - INFO - Hypothesis ap_000: float64, float64 
[ 2023-08-12 20:15:20,028 ] 86 root - INFO - Hypothesis aq_000: float64, float64 
[ 2023-08-12 20:15:20,037 ] 86 root - INFO - Hypothesis ar_000: float64, float64 
[ 2023-08-12 20:15:20,073 ] 86 root - INFO - Hypothesis as_000: float64, float64 
[ 2023-08-12 20:15:20,114 ] 86 root - INFO - Hypothesis at_000: float64, float64 
[ 2023-08-12 20:15:20,140 ] 86 root - INFO - Hypothesis au_000: float64, float64 
[ 2023-08-12 20:15:20,161 ] 86 root - INFO - Hypothesis av_000: float64, float64 
[ 2023-08-12 20:15:20,175 ] 86 root - INFO - Hypothesis ax_000: float64, float64 
[ 2023-08-12 20:15:20,183 ] 86 root - INFO - Hypothesis ay_000: float64, float64 
[ 2023-08-12 20:15:20,203 ] 86 root - INFO - Hypothesis ay_001: float64, float64 
[ 2023-08-12 20:15:20,233 ] 86 root - INFO - Hypothesis ay_002: float64, float64 
[ 2023-08-12 20:15:20,261 ] 86 root - INFO - Hypothesis ay_003: float64, float64 
[ 2023-08-12 20:15:20,285 ] 86 root - INFO - Hypothesis ay_004: float64, float64 
[ 2023-08-12 20:15:20,306 ] 86 root - INFO - Hypothesis ay_005: float64, float64 
[ 2023-08-12 20:15:20,323 ] 86 root - INFO - Hypothesis ay_006: float64, float64 
[ 2023-08-12 20:15:20,332 ] 86 root - INFO - Hypothesis ay_007: float64, float64 
[ 2023-08-12 20:15:20,341 ] 86 root - INFO - Hypothesis ay_008: float64, float64 
[ 2023-08-12 20:15:20,350 ] 86 root - INFO - Hypothesis ay_009: float64, float64 
[ 2023-08-12 20:15:20,379 ] 86 root - INFO - Hypothesis az_000: float64, float64 
[ 2023-08-12 20:15:20,388 ] 86 root - INFO - Hypothesis az_001: float64, float64 
[ 2023-08-12 20:15:20,397 ] 86 root - INFO - Hypothesis az_002: float64, float64 
[ 2023-08-12 20:15:20,406 ] 86 root - INFO - Hypothesis az_003: float64, float64 
[ 2023-08-12 20:15:20,422 ] 86 root - INFO - Hypothesis az_004: float64, float64 
[ 2023-08-12 20:15:20,431 ] 86 root - INFO - Hypothesis az_005: float64, float64 
[ 2023-08-12 20:15:20,441 ] 86 root - INFO - Hypothesis az_006: float64, float64 
[ 2023-08-12 20:15:20,449 ] 86 root - INFO - Hypothesis az_007: float64, float64 
[ 2023-08-12 20:15:20,455 ] 86 root - INFO - Hypothesis az_008: float64, float64 
[ 2023-08-12 20:15:20,487 ] 86 root - INFO - Hypothesis az_009: float64, float64 
[ 2023-08-12 20:15:20,508 ] 86 root - INFO - Hypothesis ba_000: float64, float64 
[ 2023-08-12 20:15:20,519 ] 86 root - INFO - Hypothesis ba_001: float64, float64 
[ 2023-08-12 20:15:20,528 ] 86 root - INFO - Hypothesis ba_002: float64, float64 
[ 2023-08-12 20:15:20,537 ] 86 root - INFO - Hypothesis ba_003: float64, float64 
[ 2023-08-12 20:15:20,546 ] 86 root - INFO - Hypothesis ba_004: float64, float64 
[ 2023-08-12 20:15:20,555 ] 86 root - INFO - Hypothesis ba_005: float64, float64 
[ 2023-08-12 20:15:20,576 ] 86 root - INFO - Hypothesis ba_006: float64, float64 
[ 2023-08-12 20:15:20,586 ] 86 root - INFO - Hypothesis ba_007: float64, float64 
[ 2023-08-12 20:15:20,600 ] 86 root - INFO - Hypothesis ba_008: float64, float64 
[ 2023-08-12 20:15:20,608 ] 86 root - INFO - Hypothesis ba_009: float64, float64 
[ 2023-08-12 20:15:20,615 ] 86 root - INFO - Hypothesis bb_000: float64, float64 
[ 2023-08-12 20:15:20,635 ] 86 root - INFO - Hypothesis bc_000: float64, float64 
[ 2023-08-12 20:15:20,642 ] 86 root - INFO - Hypothesis bd_000: float64, float64 
[ 2023-08-12 20:15:20,650 ] 86 root - INFO - Hypothesis be_000: float64, float64 
[ 2023-08-12 20:15:20,658 ] 86 root - INFO - Hypothesis bf_000: float64, float64 
[ 2023-08-12 20:15:20,665 ] 86 root - INFO - Hypothesis bg_000: float64, float64 
[ 2023-08-12 20:15:20,674 ] 86 root - INFO - Hypothesis bh_000: float64, float64 
[ 2023-08-12 20:15:20,696 ] 86 root - INFO - Hypothesis bi_000: float64, float64 
[ 2023-08-12 20:15:20,709 ] 86 root - INFO - Hypothesis bj_000: float64, float64 
[ 2023-08-12 20:15:20,718 ] 86 root - INFO - Hypothesis bs_000: float64, float64 
[ 2023-08-12 20:15:20,728 ] 86 root - INFO - Hypothesis bt_000: float64, float64 
[ 2023-08-12 20:15:20,737 ] 86 root - INFO - Hypothesis bu_000: float64, float64 
[ 2023-08-12 20:15:20,746 ] 86 root - INFO - Hypothesis bv_000: float64, float64 
[ 2023-08-12 20:15:20,755 ] 86 root - INFO - Hypothesis bx_000: float64, float64 
[ 2023-08-12 20:15:20,776 ] 86 root - INFO - Hypothesis by_000: float64, float64 
[ 2023-08-12 20:15:20,785 ] 86 root - INFO - Hypothesis bz_000: float64, float64 
[ 2023-08-12 20:15:20,800 ] 86 root - INFO - Hypothesis ca_000: float64, float64 
[ 2023-08-12 20:15:20,808 ] 86 root - INFO - Hypothesis cb_000: float64, float64 
[ 2023-08-12 20:15:20,818 ] 86 root - INFO - Hypothesis cc_000: float64, float64 
[ 2023-08-12 20:15:20,827 ] 86 root - INFO - Hypothesis cd_000: float64, float64 
[ 2023-08-12 20:15:20,852 ] 86 root - INFO - Hypothesis ce_000: float64, float64 
[ 2023-08-12 20:15:20,861 ] 86 root - INFO - Hypothesis ci_000: float64, float64 
[ 2023-08-12 20:15:20,870 ] 86 root - INFO - Hypothesis cj_000: float64, float64 
[ 2023-08-12 20:15:20,891 ] 86 root - INFO - Hypothesis ck_000: float64, float64 
[ 2023-08-12 20:15:20,902 ] 86 root - INFO - Hypothesis cl_000: float64, float64 
[ 2023-08-12 20:15:20,909 ] 86 root - INFO - Hypothesis cm_000: float64, float64 
[ 2023-08-12 20:15:20,915 ] 86 root - INFO - Hypothesis cn_000: float64, float64 
[ 2023-08-12 20:15:20,942 ] 86 root - INFO - Hypothesis cn_001: float64, float64 
[ 2023-08-12 20:15:20,947 ] 86 root - INFO - Hypothesis cn_002: float64, float64 
[ 2023-08-12 20:15:20,955 ] 86 root - INFO - Hypothesis cn_003: float64, float64 
[ 2023-08-12 20:15:20,983 ] 86 root - INFO - Hypothesis cn_004: float64, float64 
[ 2023-08-12 20:15:21,002 ] 86 root - INFO - Hypothesis cn_005: float64, float64 
[ 2023-08-12 20:15:21,011 ] 86 root - INFO - Hypothesis cn_006: float64, float64 
[ 2023-08-12 20:15:21,020 ] 86 root - INFO - Hypothesis cn_007: float64, float64 
[ 2023-08-12 20:15:21,029 ] 86 root - INFO - Hypothesis cn_008: float64, float64 
[ 2023-08-12 20:15:21,045 ] 86 root - INFO - Hypothesis cn_009: float64, float64 
[ 2023-08-12 20:15:21,052 ] 86 root - INFO - Hypothesis cp_000: float64, float64 
[ 2023-08-12 20:15:21,062 ] 86 root - INFO - Hypothesis cq_000: float64, float64 
[ 2023-08-12 20:15:21,077 ] 86 root - INFO - Hypothesis cs_000: float64, float64 
[ 2023-08-12 20:15:21,086 ] 86 root - INFO - Hypothesis cs_001: float64, float64 
[ 2023-08-12 20:15:21,094 ] 86 root - INFO - Hypothesis cs_002: float64, float64 
[ 2023-08-12 20:15:21,103 ] 86 root - INFO - Hypothesis cs_003: float64, float64 
[ 2023-08-12 20:15:21,112 ] 86 root - INFO - Hypothesis cs_004: float64, float64 
[ 2023-08-12 20:15:21,122 ] 86 root - INFO - Hypothesis cs_005: float64, float64 
[ 2023-08-12 20:15:21,131 ] 86 root - INFO - Hypothesis cs_006: float64, float64 
[ 2023-08-12 20:15:21,140 ] 86 root - INFO - Hypothesis cs_007: float64, float64 
[ 2023-08-12 20:15:21,150 ] 86 root - INFO - Hypothesis cs_008: float64, float64 
[ 2023-08-12 20:15:21,166 ] 86 root - INFO - Hypothesis cs_009: float64, float64 
[ 2023-08-12 20:15:21,205 ] 86 root - INFO - Hypothesis dd_000: float64, float64 
[ 2023-08-12 20:15:21,214 ] 86 root - INFO - Hypothesis de_000: float64, float64 
[ 2023-08-12 20:15:21,231 ] 86 root - INFO - Hypothesis df_000: float64, float64 
[ 2023-08-12 20:15:21,237 ] 86 root - INFO - Hypothesis dg_000: float64, float64 
[ 2023-08-12 20:15:21,243 ] 86 root - INFO - Hypothesis dh_000: float64, float64 
[ 2023-08-12 20:15:21,272 ] 86 root - INFO - Hypothesis di_000: float64, float64 
[ 2023-08-12 20:15:21,278 ] 86 root - INFO - Hypothesis dj_000: float64, float64 
[ 2023-08-12 20:15:21,316 ] 86 root - INFO - Hypothesis dk_000: float64, float64 
[ 2023-08-12 20:15:21,326 ] 86 root - INFO - Hypothesis dl_000: float64, float64 
[ 2023-08-12 20:15:21,363 ] 86 root - INFO - Hypothesis dm_000: float64, float64 
[ 2023-08-12 20:15:21,385 ] 86 root - INFO - Hypothesis dn_000: float64, float64 
[ 2023-08-12 20:15:21,410 ] 86 root - INFO - Hypothesis do_000: float64, float64 
[ 2023-08-12 20:15:21,419 ] 86 root - INFO - Hypothesis dp_000: float64, float64 
[ 2023-08-12 20:15:21,431 ] 86 root - INFO - Hypothesis dq_000: float64, float64 
[ 2023-08-12 20:15:21,438 ] 86 root - INFO - Hypothesis dr_000: float64, float64 
[ 2023-08-12 20:15:21,444 ] 86 root - INFO - Hypothesis ds_000: float64, float64 
[ 2023-08-12 20:15:21,473 ] 86 root - INFO - Hypothesis dt_000: float64, float64 
[ 2023-08-12 20:15:21,483 ] 86 root - INFO - Hypothesis du_000: float64, float64 
[ 2023-08-12 20:15:21,492 ] 86 root - INFO - Hypothesis dv_000: float64, float64 
[ 2023-08-12 20:15:21,517 ] 86 root - INFO - Hypothesis dx_000: float64, float64 
[ 2023-08-12 20:15:21,523 ] 86 root - INFO - Hypothesis dy_000: float64, float64 
[ 2023-08-12 20:15:21,530 ] 86 root - INFO - Hypothesis dz_000: float64, float64 
[ 2023-08-12 20:15:21,559 ] 86 root - INFO - Hypothesis ea_000: float64, float64 
[ 2023-08-12 20:15:21,589 ] 86 root - INFO - Hypothesis eb_000: float64, float64 
[ 2023-08-12 20:15:21,597 ] 86 root - INFO - Hypothesis ec_00: float64, float64 
[ 2023-08-12 20:15:21,620 ] 86 root - INFO - Hypothesis ed_000: float64, float64 
[ 2023-08-12 20:15:21,628 ] 86 root - INFO - Hypothesis ee_000: float64, float64 
[ 2023-08-12 20:15:21,637 ] 86 root - INFO - Hypothesis ee_001: float64, float64 
[ 2023-08-12 20:15:21,667 ] 86 root - INFO - Hypothesis ee_002: float64, float64 
[ 2023-08-12 20:15:21,676 ] 86 root - INFO - Hypothesis ee_003: float64, float64 
[ 2023-08-12 20:15:21,685 ] 86 root - INFO - Hypothesis ee_004: float64, float64 
[ 2023-08-12 20:15:21,719 ] 86 root - INFO - Hypothesis ee_005: float64, float64 
[ 2023-08-12 20:15:21,728 ] 86 root - INFO - Hypothesis ee_006: float64, float64 
[ 2023-08-12 20:15:21,745 ] 86 root - INFO - Hypothesis ee_007: float64, float64 
[ 2023-08-12 20:15:21,753 ] 86 root - INFO - Hypothesis ee_008: float64, float64 
[ 2023-08-12 20:15:21,762 ] 86 root - INFO - Hypothesis ee_009: float64, float64 
[ 2023-08-12 20:15:21,769 ] 86 root - INFO - Hypothesis ef_000: float64, float64 
[ 2023-08-12 20:15:21,814 ] 86 root - INFO - Hypothesis eg_000: float64, float64 
[ 2023-08-12 20:15:21,841 ] 143 root - INFO - Write reprt in yaml file
