[ 2023-08-12 19:58:12,422 ] 20 root - INFO - exporting data as pandas dataframe
[ 2023-08-12 19:58:12,422 ] 18 root - INFO - Reading data from database: aps and collection: sensor
[ 2023-08-12 19:58:20,073 ] 20 root - INFO - Found Columns: Index(['_id', 'class', 'aa_000', 'ab_000', 'ac_000', 'ad_000', 'ae_000',
       'af_000', 'ag_000', 'ag_001',
       ...
       'ee_002', 'ee_003', 'ee_004', 'ee_005', 'ee_006', 'ee_007', 'ee_008',
       'ee_009', 'ef_000', 'eg_000'],
      dtype='object', length=172)
[ 2023-08-12 19:58:20,074 ] 22 root - INFO - Dropping column: _id
[ 2023-08-12 19:58:20,681 ] 24 root - INFO - row and columnns in df: (36188, 171)
[ 2023-08-12 19:58:20,681 ] 25 root - INFO - save data in feature store
[ 2023-08-12 19:58:27,790 ] 35 root - INFO - split dataset into train and test set
[ 2023-08-12 19:58:28,493 ] 39 root - INFO - create dataset directory folder if not available
[ 2023-08-12 19:58:28,494 ] 46 root - INFO - Save df to feature store folder
[ 2023-08-12 19:58:32,529 ] 59 root - INFO - Data ingestion artifact: DataIngestionArtifact(feature_store_file_path='/config/workspace/artifact/08122023__19_58_12/data_ingestion/feature_store/sensor.csv', train_file_path='/config/workspace/artifact/08122023__19_58_12/data_ingestion/dataset/train.csv', test_file_path='/config/workspace/artifact/08122023__19_58_12/data_ingestion/dataset/test.csv')
[ 2023-08-12 19:58:33,489 ] 20 root - INFO - >>>>>>>>>>>>>>>>>>>>>>>>>>>>>>>>>>>>>>>> Data Validation <<<<<<<<<<<<<<<<<<<<<<<<<<<<<<<<<<<<<<<<
[ 2023-08-12 19:58:33,489 ] 107 root - INFO - Reading base dataframe
[ 2023-08-12 19:58:37,765 ] 110 root - INFO - Replace na value in base df
[ 2023-08-12 19:58:38,345 ] 61 root - INFO - selecting column name which contains null above to 0.2
[ 2023-08-12 19:58:38,345 ] 64 root - INFO - Columns to drop: ['ab_000', 'ad_000', 'bk_000', 'bl_000', 'bm_000', 'bn_000', 'bo_000', 'bp_000', 'bq_000', 'br_000', 'cf_000', 'cg_000', 'ch_000', 'co_000', 'cr_000', 'ct_000', 'cu_000', 'cv_000', 'cx_000', 'cy_000', 'cz_000', 'da_000', 'db_000', 'dc_000']
[ 2023-08-12 19:58:38,507 ] 115 root - INFO - Reading train dataframe
[ 2023-08-12 19:58:39,262 ] 117 root - INFO - Reading test dataframe
[ 2023-08-12 19:58:39,468 ] 120 root - INFO - Drop null values colums from train df
[ 2023-08-12 19:58:39,484 ] 61 root - INFO - selecting column name which contains null above to 0.2
[ 2023-08-12 19:58:39,485 ] 64 root - INFO - Columns to drop: ['ab_000', 'ad_000', 'bk_000', 'bl_000', 'bm_000', 'bn_000', 'bo_000', 'bp_000', 'bq_000', 'br_000', 'cf_000', 'cg_000', 'ch_000', 'co_000', 'cr_000', 'ct_000', 'cu_000', 'cv_000', 'cx_000', 'cy_000', 'cz_000', 'da_000', 'db_000', 'dc_000']
[ 2023-08-12 19:58:39,501 ] 122 root - INFO - Drop null values colums from test df
[ 2023-08-12 19:58:39,506 ] 61 root - INFO - selecting column name which contains null above to 0.2
[ 2023-08-12 19:58:39,507 ] 64 root - INFO - Columns to drop: ['ab_000', 'ad_000', 'bk_000', 'bl_000', 'bm_000', 'bn_000', 'bo_000', 'bp_000', 'bq_000', 'br_000', 'cf_000', 'cg_000', 'ch_000', 'co_000', 'cr_000', 'ct_000', 'cu_000', 'cv_000', 'cx_000', 'cy_000', 'cz_000', 'da_000', 'db_000', 'dc_000']
[ 2023-08-12 19:58:39,510 ] 125 root - INFO - Is all required columns present in train df
