[ 2023-08-20 21:02:26,967 ] 20 root - INFO - exporting data as pandas dataframe
[ 2023-08-20 21:02:26,967 ] 19 root - INFO - Reading data from database: aps and collection: sensor
[ 2023-08-20 21:02:34,714 ] 21 root - INFO - Found Columns: Index(['_id', 'class', 'aa_000', 'ab_000', 'ac_000', 'ad_000', 'ae_000',
       'af_000', 'ag_000', 'ag_001',
       ...
       'ee_002', 'ee_003', 'ee_004', 'ee_005', 'ee_006', 'ee_007', 'ee_008',
       'ee_009', 'ef_000', 'eg_000'],
      dtype='object', length=172)
[ 2023-08-20 21:02:34,714 ] 23 root - INFO - Dropping column: _id
[ 2023-08-20 21:02:35,238 ] 25 root - INFO - row and columnns in df: (36188, 171)
[ 2023-08-20 21:02:35,239 ] 25 root - INFO - save data in feature store
[ 2023-08-20 21:02:41,650 ] 35 root - INFO - split dataset into train and test set
[ 2023-08-20 21:02:42,310 ] 39 root - INFO - create dataset directory folder if not available
[ 2023-08-20 21:02:42,311 ] 46 root - INFO - Save df to feature store folder
[ 2023-08-20 21:02:46,081 ] 59 root - INFO - Data ingestion artifact: DataIngestionArtifact(feature_store_file_path='/config/workspace/artifact/08202023__21_02_26/data_ingestion/feature_store/sensor.csv', train_file_path='/config/workspace/artifact/08202023__21_02_26/data_ingestion/dataset/train.csv', test_file_path='/config/workspace/artifact/08202023__21_02_26/data_ingestion/dataset/test.csv')
[ 2023-08-20 21:02:47,081 ] 20 root - INFO - >>>>>>>>>>>>>>>>>>>>>>>>>>>>>>>>>>>>>>>> Data Validation <<<<<<<<<<<<<<<<<<<<<<<<<<<<<<<<<<<<<<<<
[ 2023-08-20 21:02:47,081 ] 107 root - INFO - Reading base dataframe
[ 2023-08-20 21:02:50,879 ] 110 root - INFO - Replace na value in base df
[ 2023-08-20 21:02:51,270 ] 61 root - INFO - selecting column name which contains null above to 0.2
[ 2023-08-20 21:02:51,270 ] 64 root - INFO - Columns to drop: ['ab_000', 'ad_000', 'bk_000', 'bl_000', 'bm_000', 'bn_000', 'bo_000', 'bp_000', 'bq_000', 'br_000', 'cf_000', 'cg_000', 'ch_000', 'co_000', 'cr_000', 'ct_000', 'cu_000', 'cv_000', 'cx_000', 'cy_000', 'cz_000', 'da_000', 'db_000', 'dc_000']
[ 2023-08-20 21:02:51,416 ] 115 root - INFO - Reading train dataframe
[ 2023-08-20 21:02:52,178 ] 117 root - INFO - Reading test dataframe
[ 2023-08-20 21:02:52,384 ] 120 root - INFO - Drop null values colums from train df
[ 2023-08-20 21:02:52,401 ] 61 root - INFO - selecting column name which contains null above to 0.2
[ 2023-08-20 21:02:52,402 ] 64 root - INFO - Columns to drop: ['ab_000', 'ad_000', 'bk_000', 'bl_000', 'bm_000', 'bn_000', 'bo_000', 'bp_000', 'bq_000', 'br_000', 'cf_000', 'cg_000', 'ch_000', 'co_000', 'cr_000', 'ct_000', 'cu_000', 'cv_000', 'cx_000', 'cy_000', 'cz_000', 'da_000', 'db_000', 'dc_000']
[ 2023-08-20 21:02:52,423 ] 122 root - INFO - Drop null values colums from test df
[ 2023-08-20 21:02:52,428 ] 61 root - INFO - selecting column name which contains null above to 0.2
[ 2023-08-20 21:02:52,429 ] 64 root - INFO - Columns to drop: ['ab_000', 'ad_000', 'bk_000', 'bl_000', 'bm_000', 'bn_000', 'bo_000', 'bp_000', 'bq_000', 'br_000', 'cf_000', 'cg_000', 'ch_000', 'co_000', 'cr_000', 'ct_000', 'cu_000', 'cv_000', 'cx_000', 'cy_000', 'cz_000', 'da_000', 'db_000', 'dc_000']
[ 2023-08-20 21:02:53,976 ] 130 root - INFO - Is all required columns present in train df
[ 2023-08-20 21:02:53,976 ] 132 root - INFO - Is all required columns present in test df
[ 2023-08-20 21:02:53,976 ] 136 root - INFO - As all column are available in train df hence detecting data drift
[ 2023-08-20 21:02:53,977 ] 86 root - INFO - Hypothesis class: object, object 
[ 2023-08-20 21:02:54,212 ] 86 root - INFO - Hypothesis aa_000: float64, float64 
[ 2023-08-20 21:02:54,226 ] 86 root - INFO - Hypothesis ac_000: float64, float64 
[ 2023-08-20 21:02:54,313 ] 86 root - INFO - Hypothesis ae_000: float64, float64 
[ 2023-08-20 21:02:54,365 ] 86 root - INFO - Hypothesis af_000: float64, float64 
[ 2023-08-20 21:02:54,441 ] 86 root - INFO - Hypothesis ag_000: float64, float64 
[ 2023-08-20 21:02:54,489 ] 86 root - INFO - Hypothesis ag_001: float64, float64 
[ 2023-08-20 21:02:54,551 ] 86 root - INFO - Hypothesis ag_002: float64, float64 
[ 2023-08-20 21:02:54,619 ] 86 root - INFO - Hypothesis ag_003: float64, float64 
[ 2023-08-20 21:02:54,628 ] 86 root - INFO - Hypothesis ag_004: float64, float64 
[ 2023-08-20 21:02:54,647 ] 86 root - INFO - Hypothesis ag_005: float64, float64 
[ 2023-08-20 21:02:54,660 ] 86 root - INFO - Hypothesis ag_006: float64, float64 
[ 2023-08-20 21:02:54,674 ] 86 root - INFO - Hypothesis ag_007: float64, float64 
[ 2023-08-20 21:02:54,690 ] 86 root - INFO - Hypothesis ag_008: float64, float64 
[ 2023-08-20 21:02:54,703 ] 86 root - INFO - Hypothesis ag_009: float64, float64 
[ 2023-08-20 21:02:54,722 ] 86 root - INFO - Hypothesis ah_000: float64, float64 
[ 2023-08-20 21:02:54,740 ] 86 root - INFO - Hypothesis ai_000: float64, float64 
[ 2023-08-20 21:02:54,809 ] 86 root - INFO - Hypothesis aj_000: float64, float64 
[ 2023-08-20 21:02:54,822 ] 86 root - INFO - Hypothesis ak_000: float64, float64 
[ 2023-08-20 21:02:54,880 ] 86 root - INFO - Hypothesis al_000: float64, float64 
[ 2023-08-20 21:02:54,890 ] 86 root - INFO - Hypothesis am_0: float64, float64 
[ 2023-08-20 21:02:54,916 ] 86 root - INFO - Hypothesis an_000: float64, float64 
[ 2023-08-20 21:02:54,934 ] 86 root - INFO - Hypothesis ao_000: float64, float64 
[ 2023-08-20 21:02:54,947 ] 86 root - INFO - Hypothesis ap_000: float64, float64 
[ 2023-08-20 21:02:54,971 ] 86 root - INFO - Hypothesis aq_000: float64, float64 
[ 2023-08-20 21:02:54,985 ] 86 root - INFO - Hypothesis ar_000: float64, float64 
[ 2023-08-20 21:02:55,044 ] 86 root - INFO - Hypothesis as_000: float64, float64 
[ 2023-08-20 21:02:55,104 ] 86 root - INFO - Hypothesis at_000: float64, float64 
[ 2023-08-20 21:02:55,171 ] 86 root - INFO - Hypothesis au_000: float64, float64 
[ 2023-08-20 21:02:55,234 ] 86 root - INFO - Hypothesis av_000: float64, float64 
[ 2023-08-20 21:02:55,254 ] 86 root - INFO - Hypothesis ax_000: float64, float64 
[ 2023-08-20 21:02:55,265 ] 86 root - INFO - Hypothesis ay_000: float64, float64 
[ 2023-08-20 21:02:55,339 ] 86 root - INFO - Hypothesis ay_001: float64, float64 
[ 2023-08-20 21:02:55,390 ] 86 root - INFO - Hypothesis ay_002: float64, float64 
[ 2023-08-20 21:02:55,454 ] 86 root - INFO - Hypothesis ay_003: float64, float64 
[ 2023-08-20 21:02:55,513 ] 86 root - INFO - Hypothesis ay_004: float64, float64 
[ 2023-08-20 21:02:55,577 ] 86 root - INFO - Hypothesis ay_005: float64, float64 
[ 2023-08-20 21:02:55,650 ] 86 root - INFO - Hypothesis ay_006: float64, float64 
[ 2023-08-20 21:02:55,662 ] 86 root - INFO - Hypothesis ay_007: float64, float64 
[ 2023-08-20 21:02:55,675 ] 86 root - INFO - Hypothesis ay_008: float64, float64 
[ 2023-08-20 21:02:55,688 ] 86 root - INFO - Hypothesis ay_009: float64, float64 
[ 2023-08-20 21:02:55,752 ] 86 root - INFO - Hypothesis az_000: float64, float64 
[ 2023-08-20 21:02:55,769 ] 86 root - INFO - Hypothesis az_001: float64, float64 
[ 2023-08-20 21:02:55,793 ] 86 root - INFO - Hypothesis az_002: float64, float64 
[ 2023-08-20 21:02:55,814 ] 86 root - INFO - Hypothesis az_003: float64, float64 
[ 2023-08-20 21:02:55,827 ] 86 root - INFO - Hypothesis az_004: float64, float64 
[ 2023-08-20 21:02:55,840 ] 86 root - INFO - Hypothesis az_005: float64, float64 
[ 2023-08-20 21:02:55,854 ] 86 root - INFO - Hypothesis az_006: float64, float64 
[ 2023-08-20 21:02:55,923 ] 86 root - INFO - Hypothesis az_007: float64, float64 
[ 2023-08-20 21:02:55,981 ] 86 root - INFO - Hypothesis az_008: float64, float64 
[ 2023-08-20 21:02:56,042 ] 86 root - INFO - Hypothesis az_009: float64, float64 
[ 2023-08-20 21:02:56,110 ] 86 root - INFO - Hypothesis ba_000: float64, float64 
[ 2023-08-20 21:02:56,127 ] 86 root - INFO - Hypothesis ba_001: float64, float64 
[ 2023-08-20 21:02:56,144 ] 86 root - INFO - Hypothesis ba_002: float64, float64 
[ 2023-08-20 21:02:56,162 ] 86 root - INFO - Hypothesis ba_003: float64, float64 
[ 2023-08-20 21:02:56,175 ] 86 root - INFO - Hypothesis ba_004: float64, float64 
[ 2023-08-20 21:02:56,192 ] 86 root - INFO - Hypothesis ba_005: float64, float64 
[ 2023-08-20 21:02:56,206 ] 86 root - INFO - Hypothesis ba_006: float64, float64 
[ 2023-08-20 21:02:56,223 ] 86 root - INFO - Hypothesis ba_007: float64, float64 
[ 2023-08-20 21:02:56,236 ] 86 root - INFO - Hypothesis ba_008: float64, float64 
[ 2023-08-20 21:02:56,296 ] 86 root - INFO - Hypothesis ba_009: float64, float64 
[ 2023-08-20 21:02:56,363 ] 86 root - INFO - Hypothesis bb_000: float64, float64 
[ 2023-08-20 21:02:56,377 ] 86 root - INFO - Hypothesis bc_000: float64, float64 
[ 2023-08-20 21:02:56,450 ] 86 root - INFO - Hypothesis bd_000: float64, float64 
[ 2023-08-20 21:02:56,461 ] 86 root - INFO - Hypothesis be_000: float64, float64 
[ 2023-08-20 21:02:56,477 ] 86 root - INFO - Hypothesis bf_000: float64, float64 
[ 2023-08-20 21:02:56,486 ] 86 root - INFO - Hypothesis bg_000: float64, float64 
[ 2023-08-20 21:02:56,508 ] 86 root - INFO - Hypothesis bh_000: float64, float64 
[ 2023-08-20 21:02:56,525 ] 86 root - INFO - Hypothesis bi_000: float64, float64 
[ 2023-08-20 21:02:56,539 ] 86 root - INFO - Hypothesis bj_000: float64, float64 
[ 2023-08-20 21:02:56,565 ] 86 root - INFO - Hypothesis bs_000: float64, float64 
[ 2023-08-20 21:02:56,583 ] 86 root - INFO - Hypothesis bt_000: float64, float64 
[ 2023-08-20 21:02:56,596 ] 86 root - INFO - Hypothesis bu_000: float64, float64 
[ 2023-08-20 21:02:56,614 ] 86 root - INFO - Hypothesis bv_000: float64, float64 
[ 2023-08-20 21:02:56,627 ] 86 root - INFO - Hypothesis bx_000: float64, float64 
[ 2023-08-20 21:02:56,644 ] 86 root - INFO - Hypothesis by_000: float64, float64 
[ 2023-08-20 21:02:56,657 ] 86 root - INFO - Hypothesis bz_000: float64, float64 
[ 2023-08-20 21:02:56,682 ] 86 root - INFO - Hypothesis ca_000: float64, float64 
[ 2023-08-20 21:02:56,695 ] 86 root - INFO - Hypothesis cb_000: float64, float64 
[ 2023-08-20 21:02:56,717 ] 86 root - INFO - Hypothesis cc_000: float64, float64 
[ 2023-08-20 21:02:56,742 ] 86 root - INFO - Hypothesis cd_000: float64, float64 
[ 2023-08-20 21:02:56,790 ] 86 root - INFO - Hypothesis ce_000: float64, float64 
[ 2023-08-20 21:02:56,802 ] 86 root - INFO - Hypothesis ci_000: float64, float64 
[ 2023-08-20 21:02:56,824 ] 86 root - INFO - Hypothesis cj_000: float64, float64 
[ 2023-08-20 21:02:56,901 ] 86 root - INFO - Hypothesis ck_000: float64, float64 
[ 2023-08-20 21:02:56,915 ] 86 root - INFO - Hypothesis cl_000: float64, float64 
[ 2023-08-20 21:02:56,928 ] 86 root - INFO - Hypothesis cm_000: float64, float64 
[ 2023-08-20 21:02:56,938 ] 86 root - INFO - Hypothesis cn_000: float64, float64 
[ 2023-08-20 21:02:56,997 ] 86 root - INFO - Hypothesis cn_001: float64, float64 
[ 2023-08-20 21:02:57,062 ] 86 root - INFO - Hypothesis cn_002: float64, float64 
[ 2023-08-20 21:02:57,074 ] 86 root - INFO - Hypothesis cn_003: float64, float64 
[ 2023-08-20 21:02:57,087 ] 86 root - INFO - Hypothesis cn_004: float64, float64 
[ 2023-08-20 21:02:57,113 ] 86 root - INFO - Hypothesis cn_005: float64, float64 
[ 2023-08-20 21:02:57,127 ] 86 root - INFO - Hypothesis cn_006: float64, float64 
[ 2023-08-20 21:02:57,144 ] 86 root - INFO - Hypothesis cn_007: float64, float64 
[ 2023-08-20 21:02:57,156 ] 86 root - INFO - Hypothesis cn_008: float64, float64 
[ 2023-08-20 21:02:57,172 ] 86 root - INFO - Hypothesis cn_009: float64, float64 
[ 2023-08-20 21:02:57,229 ] 86 root - INFO - Hypothesis cp_000: float64, float64 
[ 2023-08-20 21:02:57,307 ] 86 root - INFO - Hypothesis cq_000: float64, float64 
[ 2023-08-20 21:02:57,321 ] 86 root - INFO - Hypothesis cs_000: float64, float64 
[ 2023-08-20 21:02:57,342 ] 86 root - INFO - Hypothesis cs_001: float64, float64 
[ 2023-08-20 21:02:57,354 ] 86 root - INFO - Hypothesis cs_002: float64, float64 
[ 2023-08-20 21:02:57,371 ] 86 root - INFO - Hypothesis cs_003: float64, float64 
[ 2023-08-20 21:02:57,384 ] 86 root - INFO - Hypothesis cs_004: float64, float64 
[ 2023-08-20 21:02:57,414 ] 86 root - INFO - Hypothesis cs_005: float64, float64 
[ 2023-08-20 21:02:57,427 ] 86 root - INFO - Hypothesis cs_006: float64, float64 
[ 2023-08-20 21:02:57,445 ] 86 root - INFO - Hypothesis cs_007: float64, float64 
[ 2023-08-20 21:02:57,462 ] 86 root - INFO - Hypothesis cs_008: float64, float64 
[ 2023-08-20 21:02:57,522 ] 86 root - INFO - Hypothesis cs_009: float64, float64 
[ 2023-08-20 21:02:57,599 ] 86 root - INFO - Hypothesis dd_000: float64, float64 
[ 2023-08-20 21:02:57,612 ] 86 root - INFO - Hypothesis de_000: float64, float64 
[ 2023-08-20 21:02:57,623 ] 86 root - INFO - Hypothesis df_000: float64, float64 
[ 2023-08-20 21:02:57,680 ] 86 root - INFO - Hypothesis dg_000: float64, float64 
[ 2023-08-20 21:02:57,757 ] 86 root - INFO - Hypothesis dh_000: float64, float64 
[ 2023-08-20 21:02:57,765 ] 86 root - INFO - Hypothesis di_000: float64, float64 
[ 2023-08-20 21:02:57,838 ] 86 root - INFO - Hypothesis dj_000: float64, float64 
[ 2023-08-20 21:02:57,904 ] 86 root - INFO - Hypothesis dk_000: float64, float64 
[ 2023-08-20 21:02:57,964 ] 86 root - INFO - Hypothesis dl_000: float64, float64 
[ 2023-08-20 21:02:58,033 ] 86 root - INFO - Hypothesis dm_000: float64, float64 
[ 2023-08-20 21:02:58,094 ] 86 root - INFO - Hypothesis dn_000: float64, float64 
[ 2023-08-20 21:02:58,112 ] 86 root - INFO - Hypothesis do_000: float64, float64 
[ 2023-08-20 21:02:58,128 ] 86 root - INFO - Hypothesis dp_000: float64, float64 
[ 2023-08-20 21:02:58,152 ] 86 root - INFO - Hypothesis dq_000: float64, float64 
[ 2023-08-20 21:02:58,211 ] 86 root - INFO - Hypothesis dr_000: float64, float64 
[ 2023-08-20 21:02:58,274 ] 86 root - INFO - Hypothesis ds_000: float64, float64 
[ 2023-08-20 21:02:58,299 ] 86 root - INFO - Hypothesis dt_000: float64, float64 
[ 2023-08-20 21:02:58,316 ] 86 root - INFO - Hypothesis du_000: float64, float64 
[ 2023-08-20 21:02:58,329 ] 86 root - INFO - Hypothesis dv_000: float64, float64 
[ 2023-08-20 21:02:58,351 ] 86 root - INFO - Hypothesis dx_000: float64, float64 
[ 2023-08-20 21:02:58,410 ] 86 root - INFO - Hypothesis dy_000: float64, float64 
[ 2023-08-20 21:02:58,484 ] 86 root - INFO - Hypothesis dz_000: float64, float64 
[ 2023-08-20 21:02:58,544 ] 86 root - INFO - Hypothesis ea_000: float64, float64 
[ 2023-08-20 21:02:58,612 ] 86 root - INFO - Hypothesis eb_000: float64, float64 
[ 2023-08-20 21:02:58,623 ] 86 root - INFO - Hypothesis ec_00: float64, float64 
[ 2023-08-20 21:02:58,636 ] 86 root - INFO - Hypothesis ed_000: float64, float64 
[ 2023-08-20 21:02:58,652 ] 86 root - INFO - Hypothesis ee_000: float64, float64 
[ 2023-08-20 21:02:58,669 ] 86 root - INFO - Hypothesis ee_001: float64, float64 
[ 2023-08-20 21:02:58,691 ] 86 root - INFO - Hypothesis ee_002: float64, float64 
[ 2023-08-20 21:02:58,704 ] 86 root - INFO - Hypothesis ee_003: float64, float64 
[ 2023-08-20 21:02:58,717 ] 86 root - INFO - Hypothesis ee_004: float64, float64 
[ 2023-08-20 21:02:58,735 ] 86 root - INFO - Hypothesis ee_005: float64, float64 
[ 2023-08-20 21:02:58,760 ] 86 root - INFO - Hypothesis ee_006: float64, float64 
[ 2023-08-20 21:02:58,774 ] 86 root - INFO - Hypothesis ee_007: float64, float64 
[ 2023-08-20 21:02:58,799 ] 86 root - INFO - Hypothesis ee_008: float64, float64 
[ 2023-08-20 21:02:58,811 ] 86 root - INFO - Hypothesis ee_009: float64, float64 
[ 2023-08-20 21:02:58,830 ] 86 root - INFO - Hypothesis ef_000: float64, float64 
[ 2023-08-20 21:02:58,910 ] 86 root - INFO - Hypothesis eg_000: float64, float64 
[ 2023-08-20 21:02:58,989 ] 140 root - INFO - As all column are available in test df hence detecting data drift
[ 2023-08-20 21:02:58,990 ] 86 root - INFO - Hypothesis class: object, object 
[ 2023-08-20 21:02:59,127 ] 86 root - INFO - Hypothesis aa_000: float64, float64 
[ 2023-08-20 21:02:59,136 ] 86 root - INFO - Hypothesis ac_000: float64, float64 
[ 2023-08-20 21:02:59,148 ] 86 root - INFO - Hypothesis ae_000: float64, float64 
[ 2023-08-20 21:02:59,170 ] 86 root - INFO - Hypothesis af_000: float64, float64 
[ 2023-08-20 21:02:59,195 ] 86 root - INFO - Hypothesis ag_000: float64, float64 
[ 2023-08-20 21:02:59,228 ] 86 root - INFO - Hypothesis ag_001: float64, float64 
[ 2023-08-20 21:02:59,248 ] 86 root - INFO - Hypothesis ag_002: float64, float64 
[ 2023-08-20 21:02:59,254 ] 86 root - INFO - Hypothesis ag_003: float64, float64 
[ 2023-08-20 21:02:59,260 ] 86 root - INFO - Hypothesis ag_004: float64, float64 
[ 2023-08-20 21:02:59,273 ] 86 root - INFO - Hypothesis ag_005: float64, float64 
[ 2023-08-20 21:02:59,283 ] 86 root - INFO - Hypothesis ag_006: float64, float64 
[ 2023-08-20 21:02:59,292 ] 86 root - INFO - Hypothesis ag_007: float64, float64 
[ 2023-08-20 21:02:59,304 ] 86 root - INFO - Hypothesis ag_008: float64, float64 
[ 2023-08-20 21:02:59,312 ] 86 root - INFO - Hypothesis ag_009: float64, float64 
[ 2023-08-20 21:02:59,319 ] 86 root - INFO - Hypothesis ah_000: float64, float64 
[ 2023-08-20 21:02:59,329 ] 86 root - INFO - Hypothesis ai_000: float64, float64 
[ 2023-08-20 21:02:59,338 ] 86 root - INFO - Hypothesis aj_000: float64, float64 
[ 2023-08-20 21:02:59,344 ] 86 root - INFO - Hypothesis ak_000: float64, float64 
[ 2023-08-20 21:02:59,350 ] 86 root - INFO - Hypothesis al_000: float64, float64 
[ 2023-08-20 21:02:59,357 ] 86 root - INFO - Hypothesis am_0: float64, float64 
[ 2023-08-20 21:02:59,364 ] 86 root - INFO - Hypothesis an_000: float64, float64 
[ 2023-08-20 21:02:59,374 ] 86 root - INFO - Hypothesis ao_000: float64, float64 
[ 2023-08-20 21:02:59,383 ] 86 root - INFO - Hypothesis ap_000: float64, float64 
[ 2023-08-20 21:02:59,396 ] 86 root - INFO - Hypothesis aq_000: float64, float64 
[ 2023-08-20 21:02:59,406 ] 86 root - INFO - Hypothesis ar_000: float64, float64 
[ 2023-08-20 21:02:59,439 ] 86 root - INFO - Hypothesis as_000: float64, float64 
[ 2023-08-20 21:02:59,460 ] 86 root - INFO - Hypothesis at_000: float64, float64 
[ 2023-08-20 21:02:59,485 ] 86 root - INFO - Hypothesis au_000: float64, float64 
[ 2023-08-20 21:02:59,506 ] 86 root - INFO - Hypothesis av_000: float64, float64 
[ 2023-08-20 21:02:59,518 ] 86 root - INFO - Hypothesis ax_000: float64, float64 
[ 2023-08-20 21:02:59,526 ] 86 root - INFO - Hypothesis ay_000: float64, float64 
[ 2023-08-20 21:02:59,546 ] 86 root - INFO - Hypothesis ay_001: float64, float64 
[ 2023-08-20 21:02:59,567 ] 86 root - INFO - Hypothesis ay_002: float64, float64 
[ 2023-08-20 21:02:59,592 ] 86 root - INFO - Hypothesis ay_003: float64, float64 
[ 2023-08-20 21:02:59,620 ] 86 root - INFO - Hypothesis ay_004: float64, float64 
[ 2023-08-20 21:02:59,644 ] 86 root - INFO - Hypothesis ay_005: float64, float64 
[ 2023-08-20 21:02:59,652 ] 86 root - INFO - Hypothesis ay_006: float64, float64 
[ 2023-08-20 21:02:59,660 ] 86 root - INFO - Hypothesis ay_007: float64, float64 
[ 2023-08-20 21:02:59,669 ] 86 root - INFO - Hypothesis ay_008: float64, float64 
[ 2023-08-20 21:02:59,682 ] 86 root - INFO - Hypothesis ay_009: float64, float64 
[ 2023-08-20 21:02:59,703 ] 86 root - INFO - Hypothesis az_000: float64, float64 
[ 2023-08-20 21:02:59,720 ] 86 root - INFO - Hypothesis az_001: float64, float64 
[ 2023-08-20 21:02:59,728 ] 86 root - INFO - Hypothesis az_002: float64, float64 
[ 2023-08-20 21:02:59,737 ] 86 root - INFO - Hypothesis az_003: float64, float64 
[ 2023-08-20 21:02:59,746 ] 86 root - INFO - Hypothesis az_004: float64, float64 
[ 2023-08-20 21:02:59,755 ] 86 root - INFO - Hypothesis az_005: float64, float64 
[ 2023-08-20 21:02:59,765 ] 86 root - INFO - Hypothesis az_006: float64, float64 
[ 2023-08-20 21:02:59,777 ] 86 root - INFO - Hypothesis az_007: float64, float64 
[ 2023-08-20 21:02:59,783 ] 86 root - INFO - Hypothesis az_008: float64, float64 
[ 2023-08-20 21:02:59,809 ] 86 root - INFO - Hypothesis az_009: float64, float64 
[ 2023-08-20 21:02:59,830 ] 86 root - INFO - Hypothesis ba_000: float64, float64 
[ 2023-08-20 21:02:59,839 ] 86 root - INFO - Hypothesis ba_001: float64, float64 
[ 2023-08-20 21:02:59,849 ] 86 root - INFO - Hypothesis ba_002: float64, float64 
[ 2023-08-20 21:02:59,858 ] 86 root - INFO - Hypothesis ba_003: float64, float64 
[ 2023-08-20 21:02:59,867 ] 86 root - INFO - Hypothesis ba_004: float64, float64 
[ 2023-08-20 21:02:59,876 ] 86 root - INFO - Hypothesis ba_005: float64, float64 
[ 2023-08-20 21:02:59,894 ] 86 root - INFO - Hypothesis ba_006: float64, float64 
[ 2023-08-20 21:02:59,903 ] 86 root - INFO - Hypothesis ba_007: float64, float64 
[ 2023-08-20 21:02:59,911 ] 86 root - INFO - Hypothesis ba_008: float64, float64 
[ 2023-08-20 21:02:59,919 ] 86 root - INFO - Hypothesis ba_009: float64, float64 
[ 2023-08-20 21:02:59,934 ] 86 root - INFO - Hypothesis bb_000: float64, float64 
[ 2023-08-20 21:02:59,943 ] 86 root - INFO - Hypothesis bc_000: float64, float64 
[ 2023-08-20 21:02:59,951 ] 86 root - INFO - Hypothesis bd_000: float64, float64 
[ 2023-08-20 21:02:59,959 ] 86 root - INFO - Hypothesis be_000: float64, float64 
[ 2023-08-20 21:02:59,967 ] 86 root - INFO - Hypothesis bf_000: float64, float64 
[ 2023-08-20 21:02:59,978 ] 86 root - INFO - Hypothesis bg_000: float64, float64 
[ 2023-08-20 21:02:59,988 ] 86 root - INFO - Hypothesis bh_000: float64, float64 
[ 2023-08-20 21:02:59,997 ] 86 root - INFO - Hypothesis bi_000: float64, float64 
[ 2023-08-20 21:03:00,011 ] 86 root - INFO - Hypothesis bj_000: float64, float64 
[ 2023-08-20 21:03:00,020 ] 86 root - INFO - Hypothesis bs_000: float64, float64 
[ 2023-08-20 21:03:00,029 ] 86 root - INFO - Hypothesis bt_000: float64, float64 
[ 2023-08-20 21:03:00,039 ] 86 root - INFO - Hypothesis bu_000: float64, float64 
[ 2023-08-20 21:03:00,048 ] 86 root - INFO - Hypothesis bv_000: float64, float64 
[ 2023-08-20 21:03:00,061 ] 86 root - INFO - Hypothesis bx_000: float64, float64 
[ 2023-08-20 21:03:00,070 ] 86 root - INFO - Hypothesis by_000: float64, float64 
[ 2023-08-20 21:03:00,079 ] 86 root - INFO - Hypothesis bz_000: float64, float64 
[ 2023-08-20 21:03:00,092 ] 86 root - INFO - Hypothesis ca_000: float64, float64 
[ 2023-08-20 21:03:00,101 ] 86 root - INFO - Hypothesis cb_000: float64, float64 
[ 2023-08-20 21:03:00,110 ] 86 root - INFO - Hypothesis cc_000: float64, float64 
[ 2023-08-20 21:03:00,120 ] 86 root - INFO - Hypothesis cd_000: float64, float64 
[ 2023-08-20 21:03:00,141 ] 86 root - INFO - Hypothesis ce_000: float64, float64 
[ 2023-08-20 21:03:00,158 ] 86 root - INFO - Hypothesis ci_000: float64, float64 
[ 2023-08-20 21:03:00,167 ] 86 root - INFO - Hypothesis cj_000: float64, float64 
[ 2023-08-20 21:03:00,173 ] 86 root - INFO - Hypothesis ck_000: float64, float64 
[ 2023-08-20 21:03:00,191 ] 86 root - INFO - Hypothesis cl_000: float64, float64 
[ 2023-08-20 21:03:00,197 ] 86 root - INFO - Hypothesis cm_000: float64, float64 
[ 2023-08-20 21:03:00,204 ] 86 root - INFO - Hypothesis cn_000: float64, float64 
[ 2023-08-20 21:03:00,225 ] 86 root - INFO - Hypothesis cn_001: float64, float64 
[ 2023-08-20 21:03:00,231 ] 86 root - INFO - Hypothesis cn_002: float64, float64 
[ 2023-08-20 21:03:00,239 ] 86 root - INFO - Hypothesis cn_003: float64, float64 
[ 2023-08-20 21:03:00,248 ] 86 root - INFO - Hypothesis cn_004: float64, float64 
[ 2023-08-20 21:03:00,257 ] 86 root - INFO - Hypothesis cn_005: float64, float64 
[ 2023-08-20 21:03:00,267 ] 86 root - INFO - Hypothesis cn_006: float64, float64 
[ 2023-08-20 21:03:00,276 ] 86 root - INFO - Hypothesis cn_007: float64, float64 
[ 2023-08-20 21:03:00,284 ] 86 root - INFO - Hypothesis cn_008: float64, float64 
[ 2023-08-20 21:03:00,297 ] 86 root - INFO - Hypothesis cn_009: float64, float64 
[ 2023-08-20 21:03:00,304 ] 86 root - INFO - Hypothesis cp_000: float64, float64 
[ 2023-08-20 21:03:00,311 ] 86 root - INFO - Hypothesis cq_000: float64, float64 
[ 2023-08-20 21:03:00,329 ] 86 root - INFO - Hypothesis cs_000: float64, float64 
[ 2023-08-20 21:03:00,338 ] 86 root - INFO - Hypothesis cs_001: float64, float64 
[ 2023-08-20 21:03:00,346 ] 86 root - INFO - Hypothesis cs_002: float64, float64 
[ 2023-08-20 21:03:00,355 ] 86 root - INFO - Hypothesis cs_003: float64, float64 
[ 2023-08-20 21:03:00,368 ] 86 root - INFO - Hypothesis cs_004: float64, float64 
[ 2023-08-20 21:03:00,378 ] 86 root - INFO - Hypothesis cs_005: float64, float64 
[ 2023-08-20 21:03:00,387 ] 86 root - INFO - Hypothesis cs_006: float64, float64 
[ 2023-08-20 21:03:00,400 ] 86 root - INFO - Hypothesis cs_007: float64, float64 
[ 2023-08-20 21:03:00,409 ] 86 root - INFO - Hypothesis cs_008: float64, float64 
[ 2023-08-20 21:03:00,417 ] 86 root - INFO - Hypothesis cs_009: float64, float64 
[ 2023-08-20 21:03:00,442 ] 86 root - INFO - Hypothesis dd_000: float64, float64 
[ 2023-08-20 21:03:00,451 ] 86 root - INFO - Hypothesis de_000: float64, float64 
[ 2023-08-20 21:03:00,459 ] 86 root - INFO - Hypothesis df_000: float64, float64 
[ 2023-08-20 21:03:00,464 ] 86 root - INFO - Hypothesis dg_000: float64, float64 
[ 2023-08-20 21:03:00,481 ] 86 root - INFO - Hypothesis dh_000: float64, float64 
[ 2023-08-20 21:03:00,487 ] 86 root - INFO - Hypothesis di_000: float64, float64 
[ 2023-08-20 21:03:00,493 ] 86 root - INFO - Hypothesis dj_000: float64, float64 
[ 2023-08-20 21:03:00,515 ] 86 root - INFO - Hypothesis dk_000: float64, float64 
[ 2023-08-20 21:03:00,520 ] 86 root - INFO - Hypothesis dl_000: float64, float64 
[ 2023-08-20 21:03:00,542 ] 86 root - INFO - Hypothesis dm_000: float64, float64 
[ 2023-08-20 21:03:00,564 ] 86 root - INFO - Hypothesis dn_000: float64, float64 
[ 2023-08-20 21:03:00,573 ] 86 root - INFO - Hypothesis do_000: float64, float64 
[ 2023-08-20 21:03:00,582 ] 86 root - INFO - Hypothesis dp_000: float64, float64 
[ 2023-08-20 21:03:00,590 ] 86 root - INFO - Hypothesis dq_000: float64, float64 
[ 2023-08-20 21:03:00,597 ] 86 root - INFO - Hypothesis dr_000: float64, float64 
[ 2023-08-20 21:03:00,607 ] 86 root - INFO - Hypothesis ds_000: float64, float64 
[ 2023-08-20 21:03:00,616 ] 86 root - INFO - Hypothesis dt_000: float64, float64 
[ 2023-08-20 21:03:00,625 ] 86 root - INFO - Hypothesis du_000: float64, float64 
[ 2023-08-20 21:03:00,634 ] 86 root - INFO - Hypothesis dv_000: float64, float64 
[ 2023-08-20 21:03:00,643 ] 86 root - INFO - Hypothesis dx_000: float64, float64 
[ 2023-08-20 21:03:00,650 ] 86 root - INFO - Hypothesis dy_000: float64, float64 
[ 2023-08-20 21:03:00,657 ] 86 root - INFO - Hypothesis dz_000: float64, float64 
[ 2023-08-20 21:03:00,682 ] 86 root - INFO - Hypothesis ea_000: float64, float64 
[ 2023-08-20 21:03:00,703 ] 86 root - INFO - Hypothesis eb_000: float64, float64 
[ 2023-08-20 21:03:00,711 ] 86 root - INFO - Hypothesis ec_00: float64, float64 
[ 2023-08-20 21:03:00,720 ] 86 root - INFO - Hypothesis ed_000: float64, float64 
[ 2023-08-20 21:03:00,728 ] 86 root - INFO - Hypothesis ee_000: float64, float64 
[ 2023-08-20 21:03:00,737 ] 86 root - INFO - Hypothesis ee_001: float64, float64 
[ 2023-08-20 21:03:00,751 ] 86 root - INFO - Hypothesis ee_002: float64, float64 
[ 2023-08-20 21:03:00,760 ] 86 root - INFO - Hypothesis ee_003: float64, float64 
[ 2023-08-20 21:03:00,769 ] 86 root - INFO - Hypothesis ee_004: float64, float64 
[ 2023-08-20 21:03:00,778 ] 86 root - INFO - Hypothesis ee_005: float64, float64 
[ 2023-08-20 21:03:00,791 ] 86 root - INFO - Hypothesis ee_006: float64, float64 
[ 2023-08-20 21:03:00,800 ] 86 root - INFO - Hypothesis ee_007: float64, float64 
[ 2023-08-20 21:03:00,809 ] 86 root - INFO - Hypothesis ee_008: float64, float64 
[ 2023-08-20 21:03:00,817 ] 86 root - INFO - Hypothesis ee_009: float64, float64 
[ 2023-08-20 21:03:00,825 ] 86 root - INFO - Hypothesis ef_000: float64, float64 
[ 2023-08-20 21:03:00,850 ] 86 root - INFO - Hypothesis eg_000: float64, float64 
[ 2023-08-20 21:03:00,887 ] 143 root - INFO - Write reprt in yaml file
