[ 2023-08-25 11:05:04,200 ] 20 root - INFO - exporting data as pandas dataframe
[ 2023-08-25 11:05:04,200 ] 21 root - INFO - Reading data from database: aps and collection: sensor
[ 2023-08-25 11:05:12,078 ] 23 root - INFO - Found Columns: Index(['_id', 'class', 'aa_000', 'ab_000', 'ac_000', 'ad_000', 'ae_000',
       'af_000', 'ag_000', 'ag_001',
       ...
       'ee_002', 'ee_003', 'ee_004', 'ee_005', 'ee_006', 'ee_007', 'ee_008',
       'ee_009', 'ef_000', 'eg_000'],
      dtype='object', length=172)
[ 2023-08-25 11:05:12,079 ] 25 root - INFO - Dropping column: _id
[ 2023-08-25 11:05:12,680 ] 27 root - INFO - row and columnns in df: (36188, 171)
[ 2023-08-25 11:05:12,681 ] 25 root - INFO - save data in feature store
[ 2023-08-25 11:05:19,503 ] 35 root - INFO - split dataset into train and test set
[ 2023-08-25 11:05:20,265 ] 39 root - INFO - create dataset directory folder if not available
[ 2023-08-25 11:05:20,266 ] 46 root - INFO - Save df to feature store folder
[ 2023-08-25 11:05:23,609 ] 59 root - INFO - Data ingestion artifact: DataIngestionArtifact(feature_store_file_path='/config/workspace/artifact/08252023__11_05_04/data_ingestion/feature_store/sensor.csv', train_file_path='/config/workspace/artifact/08252023__11_05_04/data_ingestion/dataset/train.csv', test_file_path='/config/workspace/artifact/08252023__11_05_04/data_ingestion/dataset/test.csv')
[ 2023-08-25 11:05:24,599 ] 20 root - INFO - >>>>>>>>>>>>>>>>>>>>>>>>>>>>>>>>>>>>>>>> Data Validation <<<<<<<<<<<<<<<<<<<<<<<<<<<<<<<<<<<<<<<<
[ 2023-08-25 11:05:24,599 ] 107 root - INFO - Reading base dataframe
[ 2023-08-25 11:05:27,864 ] 110 root - INFO - Replace na value in base df
[ 2023-08-25 11:05:28,210 ] 61 root - INFO - selecting column name which contains null above to 0.2
[ 2023-08-25 11:05:28,211 ] 64 root - INFO - Columns to drop: ['ab_000', 'ad_000', 'bk_000', 'bl_000', 'bm_000', 'bn_000', 'bo_000', 'bp_000', 'bq_000', 'br_000', 'cf_000', 'cg_000', 'ch_000', 'co_000', 'cr_000', 'ct_000', 'cu_000', 'cv_000', 'cx_000', 'cy_000', 'cz_000', 'da_000', 'db_000', 'dc_000']
[ 2023-08-25 11:05:28,316 ] 115 root - INFO - Reading train dataframe
[ 2023-08-25 11:05:28,894 ] 117 root - INFO - Reading test dataframe
[ 2023-08-25 11:05:29,044 ] 120 root - INFO - Drop null values colums from train df
[ 2023-08-25 11:05:29,060 ] 61 root - INFO - selecting column name which contains null above to 0.2
[ 2023-08-25 11:05:29,060 ] 64 root - INFO - Columns to drop: ['ab_000', 'ad_000', 'bk_000', 'bl_000', 'bm_000', 'bn_000', 'bo_000', 'bp_000', 'bq_000', 'br_000', 'cf_000', 'cg_000', 'ch_000', 'co_000', 'cr_000', 'ct_000', 'cu_000', 'cv_000', 'cx_000', 'cy_000', 'cz_000', 'da_000', 'db_000', 'dc_000']
[ 2023-08-25 11:05:29,073 ] 122 root - INFO - Drop null values colums from test df
[ 2023-08-25 11:05:29,078 ] 61 root - INFO - selecting column name which contains null above to 0.2
[ 2023-08-25 11:05:29,078 ] 64 root - INFO - Columns to drop: ['ab_000', 'ad_000', 'bk_000', 'bl_000', 'bm_000', 'bn_000', 'bo_000', 'bp_000', 'bq_000', 'br_000', 'cf_000', 'cg_000', 'ch_000', 'co_000', 'cr_000', 'ct_000', 'cu_000', 'cv_000', 'cx_000', 'cy_000', 'cz_000', 'da_000', 'db_000', 'dc_000']
[ 2023-08-25 11:05:30,339 ] 130 root - INFO - Is all required columns present in train df
[ 2023-08-25 11:05:30,339 ] 132 root - INFO - Is all required columns present in test df
[ 2023-08-25 11:05:30,339 ] 136 root - INFO - As all column are available in train df hence detecting data drift
[ 2023-08-25 11:05:30,340 ] 86 root - INFO - Hypothesis class: object, object 
[ 2023-08-25 11:05:30,545 ] 86 root - INFO - Hypothesis aa_000: float64, float64 
[ 2023-08-25 11:05:30,558 ] 86 root - INFO - Hypothesis ac_000: float64, float64 
[ 2023-08-25 11:05:30,610 ] 86 root - INFO - Hypothesis ae_000: float64, float64 
[ 2023-08-25 11:05:30,662 ] 86 root - INFO - Hypothesis af_000: float64, float64 
[ 2023-08-25 11:05:30,710 ] 86 root - INFO - Hypothesis ag_000: float64, float64 
[ 2023-08-25 11:05:30,761 ] 86 root - INFO - Hypothesis ag_001: float64, float64 
[ 2023-08-25 11:05:30,808 ] 86 root - INFO - Hypothesis ag_002: float64, float64 
[ 2023-08-25 11:05:30,856 ] 86 root - INFO - Hypothesis ag_003: float64, float64 
[ 2023-08-25 11:05:30,869 ] 86 root - INFO - Hypothesis ag_004: float64, float64 
[ 2023-08-25 11:05:30,882 ] 86 root - INFO - Hypothesis ag_005: float64, float64 
[ 2023-08-25 11:05:30,895 ] 86 root - INFO - Hypothesis ag_006: float64, float64 
[ 2023-08-25 11:05:30,908 ] 86 root - INFO - Hypothesis ag_007: float64, float64 
[ 2023-08-25 11:05:30,920 ] 86 root - INFO - Hypothesis ag_008: float64, float64 
[ 2023-08-25 11:05:30,931 ] 86 root - INFO - Hypothesis ag_009: float64, float64 
[ 2023-08-25 11:05:30,941 ] 86 root - INFO - Hypothesis ah_000: float64, float64 
[ 2023-08-25 11:05:30,954 ] 86 root - INFO - Hypothesis ai_000: float64, float64 
[ 2023-08-25 11:05:31,004 ] 86 root - INFO - Hypothesis aj_000: float64, float64 
[ 2023-08-25 11:05:31,013 ] 86 root - INFO - Hypothesis ak_000: float64, float64 
[ 2023-08-25 11:05:31,066 ] 86 root - INFO - Hypothesis al_000: float64, float64 
[ 2023-08-25 11:05:31,076 ] 86 root - INFO - Hypothesis am_0: float64, float64 
[ 2023-08-25 11:05:31,086 ] 86 root - INFO - Hypothesis an_000: float64, float64 
[ 2023-08-25 11:05:31,106 ] 86 root - INFO - Hypothesis ao_000: float64, float64 
[ 2023-08-25 11:05:31,119 ] 86 root - INFO - Hypothesis ap_000: float64, float64 
[ 2023-08-25 11:05:31,136 ] 86 root - INFO - Hypothesis aq_000: float64, float64 
[ 2023-08-25 11:05:31,150 ] 86 root - INFO - Hypothesis ar_000: float64, float64 
[ 2023-08-25 11:05:31,198 ] 86 root - INFO - Hypothesis as_000: float64, float64 
[ 2023-08-25 11:05:31,249 ] 86 root - INFO - Hypothesis at_000: float64, float64 
[ 2023-08-25 11:05:31,297 ] 86 root - INFO - Hypothesis au_000: float64, float64 
[ 2023-08-25 11:05:31,345 ] 86 root - INFO - Hypothesis av_000: float64, float64 
[ 2023-08-25 11:05:31,360 ] 86 root - INFO - Hypothesis ax_000: float64, float64 
[ 2023-08-25 11:05:31,371 ] 86 root - INFO - Hypothesis ay_000: float64, float64 
[ 2023-08-25 11:05:31,419 ] 86 root - INFO - Hypothesis ay_001: float64, float64 
[ 2023-08-25 11:05:31,466 ] 86 root - INFO - Hypothesis ay_002: float64, float64 
[ 2023-08-25 11:05:31,519 ] 86 root - INFO - Hypothesis ay_003: float64, float64 
[ 2023-08-25 11:05:31,566 ] 86 root - INFO - Hypothesis ay_004: float64, float64 
[ 2023-08-25 11:05:31,614 ] 86 root - INFO - Hypothesis ay_005: float64, float64 
[ 2023-08-25 11:05:31,670 ] 86 root - INFO - Hypothesis ay_006: float64, float64 
[ 2023-08-25 11:05:31,682 ] 86 root - INFO - Hypothesis ay_007: float64, float64 
[ 2023-08-25 11:05:31,695 ] 86 root - INFO - Hypothesis ay_008: float64, float64 
[ 2023-08-25 11:05:31,708 ] 86 root - INFO - Hypothesis ay_009: float64, float64 
[ 2023-08-25 11:05:31,759 ] 86 root - INFO - Hypothesis az_000: float64, float64 
[ 2023-08-25 11:05:31,772 ] 86 root - INFO - Hypothesis az_001: float64, float64 
[ 2023-08-25 11:05:31,784 ] 86 root - INFO - Hypothesis az_002: float64, float64 
[ 2023-08-25 11:05:31,796 ] 86 root - INFO - Hypothesis az_003: float64, float64 
[ 2023-08-25 11:05:31,809 ] 86 root - INFO - Hypothesis az_004: float64, float64 
[ 2023-08-25 11:05:31,822 ] 86 root - INFO - Hypothesis az_005: float64, float64 
[ 2023-08-25 11:05:31,835 ] 86 root - INFO - Hypothesis az_006: float64, float64 
[ 2023-08-25 11:05:31,893 ] 86 root - INFO - Hypothesis az_007: float64, float64 
[ 2023-08-25 11:05:31,946 ] 86 root - INFO - Hypothesis az_008: float64, float64 
[ 2023-08-25 11:05:31,993 ] 86 root - INFO - Hypothesis az_009: float64, float64 
[ 2023-08-25 11:05:32,044 ] 86 root - INFO - Hypothesis ba_000: float64, float64 
[ 2023-08-25 11:05:32,057 ] 86 root - INFO - Hypothesis ba_001: float64, float64 
[ 2023-08-25 11:05:32,070 ] 86 root - INFO - Hypothesis ba_002: float64, float64 
[ 2023-08-25 11:05:32,084 ] 86 root - INFO - Hypothesis ba_003: float64, float64 
[ 2023-08-25 11:05:32,101 ] 86 root - INFO - Hypothesis ba_004: float64, float64 
[ 2023-08-25 11:05:32,114 ] 86 root - INFO - Hypothesis ba_005: float64, float64 
[ 2023-08-25 11:05:32,128 ] 86 root - INFO - Hypothesis ba_006: float64, float64 
[ 2023-08-25 11:05:32,140 ] 86 root - INFO - Hypothesis ba_007: float64, float64 
[ 2023-08-25 11:05:32,153 ] 86 root - INFO - Hypothesis ba_008: float64, float64 
[ 2023-08-25 11:05:32,209 ] 86 root - INFO - Hypothesis ba_009: float64, float64 
[ 2023-08-25 11:05:32,259 ] 86 root - INFO - Hypothesis bb_000: float64, float64 
[ 2023-08-25 11:05:32,272 ] 86 root - INFO - Hypothesis bc_000: float64, float64 
[ 2023-08-25 11:05:32,328 ] 86 root - INFO - Hypothesis bd_000: float64, float64 
[ 2023-08-25 11:05:32,339 ] 86 root - INFO - Hypothesis be_000: float64, float64 
[ 2023-08-25 11:05:32,350 ] 86 root - INFO - Hypothesis bf_000: float64, float64 
[ 2023-08-25 11:05:32,360 ] 86 root - INFO - Hypothesis bg_000: float64, float64 
[ 2023-08-25 11:05:32,373 ] 86 root - INFO - Hypothesis bh_000: float64, float64 
[ 2023-08-25 11:05:32,386 ] 86 root - INFO - Hypothesis bi_000: float64, float64 
[ 2023-08-25 11:05:32,399 ] 86 root - INFO - Hypothesis bj_000: float64, float64 
[ 2023-08-25 11:05:32,417 ] 86 root - INFO - Hypothesis bs_000: float64, float64 
[ 2023-08-25 11:05:32,430 ] 86 root - INFO - Hypothesis bt_000: float64, float64 
[ 2023-08-25 11:05:32,443 ] 86 root - INFO - Hypothesis bu_000: float64, float64 
[ 2023-08-25 11:05:32,456 ] 86 root - INFO - Hypothesis bv_000: float64, float64 
[ 2023-08-25 11:05:32,470 ] 86 root - INFO - Hypothesis bx_000: float64, float64 
[ 2023-08-25 11:05:32,482 ] 86 root - INFO - Hypothesis by_000: float64, float64 
[ 2023-08-25 11:05:32,495 ] 86 root - INFO - Hypothesis bz_000: float64, float64 
[ 2023-08-25 11:05:32,507 ] 86 root - INFO - Hypothesis ca_000: float64, float64 
[ 2023-08-25 11:05:32,525 ] 86 root - INFO - Hypothesis cb_000: float64, float64 
[ 2023-08-25 11:05:32,538 ] 86 root - INFO - Hypothesis cc_000: float64, float64 
[ 2023-08-25 11:05:32,551 ] 86 root - INFO - Hypothesis cd_000: float64, float64 
[ 2023-08-25 11:05:32,601 ] 86 root - INFO - Hypothesis ce_000: float64, float64 
[ 2023-08-25 11:05:32,613 ] 86 root - INFO - Hypothesis ci_000: float64, float64 
[ 2023-08-25 11:05:32,626 ] 86 root - INFO - Hypothesis cj_000: float64, float64 
[ 2023-08-25 11:05:32,680 ] 86 root - INFO - Hypothesis ck_000: float64, float64 
[ 2023-08-25 11:05:32,693 ] 86 root - INFO - Hypothesis cl_000: float64, float64 
[ 2023-08-25 11:05:32,701 ] 86 root - INFO - Hypothesis cm_000: float64, float64 
[ 2023-08-25 11:05:32,711 ] 86 root - INFO - Hypothesis cn_000: float64, float64 
[ 2023-08-25 11:05:32,762 ] 86 root - INFO - Hypothesis cn_001: float64, float64 
[ 2023-08-25 11:05:32,812 ] 86 root - INFO - Hypothesis cn_002: float64, float64 
[ 2023-08-25 11:05:32,823 ] 86 root - INFO - Hypothesis cn_003: float64, float64 
[ 2023-08-25 11:05:32,836 ] 86 root - INFO - Hypothesis cn_004: float64, float64 
[ 2023-08-25 11:05:32,853 ] 86 root - INFO - Hypothesis cn_005: float64, float64 
[ 2023-08-25 11:05:32,866 ] 86 root - INFO - Hypothesis cn_006: float64, float64 
[ 2023-08-25 11:05:32,879 ] 86 root - INFO - Hypothesis cn_007: float64, float64 
[ 2023-08-25 11:05:32,891 ] 86 root - INFO - Hypothesis cn_008: float64, float64 
[ 2023-08-25 11:05:32,907 ] 86 root - INFO - Hypothesis cn_009: float64, float64 
[ 2023-08-25 11:05:32,963 ] 86 root - INFO - Hypothesis cp_000: float64, float64 
[ 2023-08-25 11:05:33,018 ] 86 root - INFO - Hypothesis cq_000: float64, float64 
[ 2023-08-25 11:05:33,031 ] 86 root - INFO - Hypothesis cs_000: float64, float64 
[ 2023-08-25 11:05:33,048 ] 86 root - INFO - Hypothesis cs_001: float64, float64 
[ 2023-08-25 11:05:33,059 ] 86 root - INFO - Hypothesis cs_002: float64, float64 
[ 2023-08-25 11:05:33,072 ] 86 root - INFO - Hypothesis cs_003: float64, float64 
[ 2023-08-25 11:05:33,085 ] 86 root - INFO - Hypothesis cs_004: float64, float64 
[ 2023-08-25 11:05:33,098 ] 86 root - INFO - Hypothesis cs_005: float64, float64 
[ 2023-08-25 11:05:33,116 ] 86 root - INFO - Hypothesis cs_006: float64, float64 
[ 2023-08-25 11:05:33,129 ] 86 root - INFO - Hypothesis cs_007: float64, float64 
[ 2023-08-25 11:05:33,142 ] 86 root - INFO - Hypothesis cs_008: float64, float64 
[ 2023-08-25 11:05:33,193 ] 86 root - INFO - Hypothesis cs_009: float64, float64 
[ 2023-08-25 11:05:33,241 ] 86 root - INFO - Hypothesis dd_000: float64, float64 
[ 2023-08-25 11:05:33,254 ] 86 root - INFO - Hypothesis de_000: float64, float64 
[ 2023-08-25 11:05:33,265 ] 86 root - INFO - Hypothesis df_000: float64, float64 
[ 2023-08-25 11:05:33,317 ] 86 root - INFO - Hypothesis dg_000: float64, float64 
[ 2023-08-25 11:05:33,365 ] 86 root - INFO - Hypothesis dh_000: float64, float64 
[ 2023-08-25 11:05:33,373 ] 86 root - INFO - Hypothesis di_000: float64, float64 
[ 2023-08-25 11:05:33,427 ] 86 root - INFO - Hypothesis dj_000: float64, float64 
[ 2023-08-25 11:05:33,475 ] 86 root - INFO - Hypothesis dk_000: float64, float64 
[ 2023-08-25 11:05:33,523 ] 86 root - INFO - Hypothesis dl_000: float64, float64 
[ 2023-08-25 11:05:33,571 ] 86 root - INFO - Hypothesis dm_000: float64, float64 
[ 2023-08-25 11:05:33,619 ] 86 root - INFO - Hypothesis dn_000: float64, float64 
[ 2023-08-25 11:05:33,632 ] 86 root - INFO - Hypothesis do_000: float64, float64 
[ 2023-08-25 11:05:33,644 ] 86 root - INFO - Hypothesis dp_000: float64, float64 
[ 2023-08-25 11:05:33,656 ] 86 root - INFO - Hypothesis dq_000: float64, float64 
[ 2023-08-25 11:05:33,710 ] 86 root - INFO - Hypothesis dr_000: float64, float64 
[ 2023-08-25 11:05:33,760 ] 86 root - INFO - Hypothesis ds_000: float64, float64 
[ 2023-08-25 11:05:33,773 ] 86 root - INFO - Hypothesis dt_000: float64, float64 
[ 2023-08-25 11:05:33,785 ] 86 root - INFO - Hypothesis du_000: float64, float64 
[ 2023-08-25 11:05:33,798 ] 86 root - INFO - Hypothesis dv_000: float64, float64 
[ 2023-08-25 11:05:33,811 ] 86 root - INFO - Hypothesis dx_000: float64, float64 
[ 2023-08-25 11:05:33,862 ] 86 root - INFO - Hypothesis dy_000: float64, float64 
[ 2023-08-25 11:05:33,912 ] 86 root - INFO - Hypothesis dz_000: float64, float64 
[ 2023-08-25 11:05:33,964 ] 86 root - INFO - Hypothesis ea_000: float64, float64 
[ 2023-08-25 11:05:34,011 ] 86 root - INFO - Hypothesis eb_000: float64, float64 
[ 2023-08-25 11:05:34,022 ] 86 root - INFO - Hypothesis ec_00: float64, float64 
[ 2023-08-25 11:05:34,035 ] 86 root - INFO - Hypothesis ed_000: float64, float64 
[ 2023-08-25 11:05:34,046 ] 86 root - INFO - Hypothesis ee_000: float64, float64 
[ 2023-08-25 11:05:34,059 ] 86 root - INFO - Hypothesis ee_001: float64, float64 
[ 2023-08-25 11:05:34,073 ] 86 root - INFO - Hypothesis ee_002: float64, float64 
[ 2023-08-25 11:05:34,087 ] 86 root - INFO - Hypothesis ee_003: float64, float64 
[ 2023-08-25 11:05:34,100 ] 86 root - INFO - Hypothesis ee_004: float64, float64 
[ 2023-08-25 11:05:34,113 ] 86 root - INFO - Hypothesis ee_005: float64, float64 
[ 2023-08-25 11:05:34,126 ] 86 root - INFO - Hypothesis ee_006: float64, float64 
[ 2023-08-25 11:05:34,139 ] 86 root - INFO - Hypothesis ee_007: float64, float64 
[ 2023-08-25 11:05:34,151 ] 86 root - INFO - Hypothesis ee_008: float64, float64 
[ 2023-08-25 11:05:34,166 ] 86 root - INFO - Hypothesis ee_009: float64, float64 
[ 2023-08-25 11:05:34,176 ] 86 root - INFO - Hypothesis ef_000: float64, float64 
[ 2023-08-25 11:05:34,227 ] 86 root - INFO - Hypothesis eg_000: float64, float64 
[ 2023-08-25 11:05:34,275 ] 140 root - INFO - As all column are available in test df hence detecting data drift
[ 2023-08-25 11:05:34,276 ] 86 root - INFO - Hypothesis class: object, object 
[ 2023-08-25 11:05:34,385 ] 86 root - INFO - Hypothesis aa_000: float64, float64 
[ 2023-08-25 11:05:34,394 ] 86 root - INFO - Hypothesis ac_000: float64, float64 
[ 2023-08-25 11:05:34,401 ] 86 root - INFO - Hypothesis ae_000: float64, float64 
[ 2023-08-25 11:05:34,422 ] 86 root - INFO - Hypothesis af_000: float64, float64 
[ 2023-08-25 11:05:34,443 ] 86 root - INFO - Hypothesis ag_000: float64, float64 
[ 2023-08-25 11:05:34,463 ] 86 root - INFO - Hypothesis ag_001: float64, float64 
[ 2023-08-25 11:05:34,488 ] 86 root - INFO - Hypothesis ag_002: float64, float64 
[ 2023-08-25 11:05:34,493 ] 86 root - INFO - Hypothesis ag_003: float64, float64 
[ 2023-08-25 11:05:34,499 ] 86 root - INFO - Hypothesis ag_004: float64, float64 
[ 2023-08-25 11:05:34,508 ] 86 root - INFO - Hypothesis ag_005: float64, float64 
[ 2023-08-25 11:05:34,517 ] 86 root - INFO - Hypothesis ag_006: float64, float64 
[ 2023-08-25 11:05:34,526 ] 86 root - INFO - Hypothesis ag_007: float64, float64 
[ 2023-08-25 11:05:34,534 ] 86 root - INFO - Hypothesis ag_008: float64, float64 
[ 2023-08-25 11:05:34,542 ] 86 root - INFO - Hypothesis ag_009: float64, float64 
[ 2023-08-25 11:05:34,549 ] 86 root - INFO - Hypothesis ah_000: float64, float64 
[ 2023-08-25 11:05:34,558 ] 86 root - INFO - Hypothesis ai_000: float64, float64 
[ 2023-08-25 11:05:34,564 ] 86 root - INFO - Hypothesis aj_000: float64, float64 
[ 2023-08-25 11:05:34,570 ] 86 root - INFO - Hypothesis ak_000: float64, float64 
[ 2023-08-25 11:05:34,575 ] 86 root - INFO - Hypothesis al_000: float64, float64 
[ 2023-08-25 11:05:34,582 ] 86 root - INFO - Hypothesis am_0: float64, float64 
[ 2023-08-25 11:05:34,589 ] 86 root - INFO - Hypothesis an_000: float64, float64 
[ 2023-08-25 11:05:34,598 ] 86 root - INFO - Hypothesis ao_000: float64, float64 
[ 2023-08-25 11:05:34,607 ] 86 root - INFO - Hypothesis ap_000: float64, float64 
[ 2023-08-25 11:05:34,616 ] 86 root - INFO - Hypothesis aq_000: float64, float64 
[ 2023-08-25 11:05:34,626 ] 86 root - INFO - Hypothesis ar_000: float64, float64 
[ 2023-08-25 11:05:34,647 ] 86 root - INFO - Hypothesis as_000: float64, float64 
[ 2023-08-25 11:05:34,667 ] 86 root - INFO - Hypothesis at_000: float64, float64 
[ 2023-08-25 11:05:34,689 ] 86 root - INFO - Hypothesis au_000: float64, float64 
[ 2023-08-25 11:05:34,709 ] 86 root - INFO - Hypothesis av_000: float64, float64 
[ 2023-08-25 11:05:34,717 ] 86 root - INFO - Hypothesis ax_000: float64, float64 
[ 2023-08-25 11:05:34,725 ] 86 root - INFO - Hypothesis ay_000: float64, float64 
[ 2023-08-25 11:05:34,745 ] 86 root - INFO - Hypothesis ay_001: float64, float64 
[ 2023-08-25 11:05:34,770 ] 86 root - INFO - Hypothesis ay_002: float64, float64 
[ 2023-08-25 11:05:34,790 ] 86 root - INFO - Hypothesis ay_003: float64, float64 
[ 2023-08-25 11:05:34,811 ] 86 root - INFO - Hypothesis ay_004: float64, float64 
[ 2023-08-25 11:05:34,831 ] 86 root - INFO - Hypothesis ay_005: float64, float64 
[ 2023-08-25 11:05:34,838 ] 86 root - INFO - Hypothesis ay_006: float64, float64 
[ 2023-08-25 11:05:34,846 ] 86 root - INFO - Hypothesis ay_007: float64, float64 
[ 2023-08-25 11:05:34,855 ] 86 root - INFO - Hypothesis ay_008: float64, float64 
[ 2023-08-25 11:05:34,864 ] 86 root - INFO - Hypothesis ay_009: float64, float64 
[ 2023-08-25 11:05:34,884 ] 86 root - INFO - Hypothesis az_000: float64, float64 
[ 2023-08-25 11:05:34,894 ] 86 root - INFO - Hypothesis az_001: float64, float64 
[ 2023-08-25 11:05:34,902 ] 86 root - INFO - Hypothesis az_002: float64, float64 
[ 2023-08-25 11:05:34,911 ] 86 root - INFO - Hypothesis az_003: float64, float64 
[ 2023-08-25 11:05:34,924 ] 86 root - INFO - Hypothesis az_004: float64, float64 
[ 2023-08-25 11:05:34,933 ] 86 root - INFO - Hypothesis az_005: float64, float64 
[ 2023-08-25 11:05:34,942 ] 86 root - INFO - Hypothesis az_006: float64, float64 
[ 2023-08-25 11:05:34,950 ] 86 root - INFO - Hypothesis az_007: float64, float64 
[ 2023-08-25 11:05:34,956 ] 86 root - INFO - Hypothesis az_008: float64, float64 
[ 2023-08-25 11:05:34,977 ] 86 root - INFO - Hypothesis az_009: float64, float64 
[ 2023-08-25 11:05:34,998 ] 86 root - INFO - Hypothesis ba_000: float64, float64 
[ 2023-08-25 11:05:35,007 ] 86 root - INFO - Hypothesis ba_001: float64, float64 
[ 2023-08-25 11:05:35,017 ] 86 root - INFO - Hypothesis ba_002: float64, float64 
[ 2023-08-25 11:05:35,026 ] 86 root - INFO - Hypothesis ba_003: float64, float64 
[ 2023-08-25 11:05:35,034 ] 86 root - INFO - Hypothesis ba_004: float64, float64 
[ 2023-08-25 11:05:35,043 ] 86 root - INFO - Hypothesis ba_005: float64, float64 
[ 2023-08-25 11:05:35,052 ] 86 root - INFO - Hypothesis ba_006: float64, float64 
[ 2023-08-25 11:05:35,061 ] 86 root - INFO - Hypothesis ba_007: float64, float64 
[ 2023-08-25 11:05:35,070 ] 86 root - INFO - Hypothesis ba_008: float64, float64 
[ 2023-08-25 11:05:35,077 ] 86 root - INFO - Hypothesis ba_009: float64, float64 
[ 2023-08-25 11:05:35,084 ] 86 root - INFO - Hypothesis bb_000: float64, float64 
[ 2023-08-25 11:05:35,093 ] 86 root - INFO - Hypothesis bc_000: float64, float64 
[ 2023-08-25 11:05:35,100 ] 86 root - INFO - Hypothesis bd_000: float64, float64 
[ 2023-08-25 11:05:35,108 ] 86 root - INFO - Hypothesis be_000: float64, float64 
[ 2023-08-25 11:05:35,116 ] 86 root - INFO - Hypothesis bf_000: float64, float64 
[ 2023-08-25 11:05:35,122 ] 86 root - INFO - Hypothesis bg_000: float64, float64 
[ 2023-08-25 11:05:35,132 ] 86 root - INFO - Hypothesis bh_000: float64, float64 
[ 2023-08-25 11:05:35,141 ] 86 root - INFO - Hypothesis bi_000: float64, float64 
[ 2023-08-25 11:05:35,150 ] 86 root - INFO - Hypothesis bj_000: float64, float64 
[ 2023-08-25 11:05:35,159 ] 86 root - INFO - Hypothesis bs_000: float64, float64 
[ 2023-08-25 11:05:35,172 ] 86 root - INFO - Hypothesis bt_000: float64, float64 
[ 2023-08-25 11:05:35,182 ] 86 root - INFO - Hypothesis bu_000: float64, float64 
[ 2023-08-25 11:05:35,191 ] 86 root - INFO - Hypothesis bv_000: float64, float64 
[ 2023-08-25 11:05:35,200 ] 86 root - INFO - Hypothesis bx_000: float64, float64 
[ 2023-08-25 11:05:35,209 ] 86 root - INFO - Hypothesis by_000: float64, float64 
[ 2023-08-25 11:05:35,218 ] 86 root - INFO - Hypothesis bz_000: float64, float64 
[ 2023-08-25 11:05:35,226 ] 86 root - INFO - Hypothesis ca_000: float64, float64 
[ 2023-08-25 11:05:35,235 ] 86 root - INFO - Hypothesis cb_000: float64, float64 
[ 2023-08-25 11:05:35,244 ] 86 root - INFO - Hypothesis cc_000: float64, float64 
[ 2023-08-25 11:05:35,253 ] 86 root - INFO - Hypothesis cd_000: float64, float64 
[ 2023-08-25 11:05:35,274 ] 86 root - INFO - Hypothesis ce_000: float64, float64 
[ 2023-08-25 11:05:35,282 ] 86 root - INFO - Hypothesis ci_000: float64, float64 
[ 2023-08-25 11:05:35,291 ] 86 root - INFO - Hypothesis cj_000: float64, float64 
[ 2023-08-25 11:05:35,297 ] 86 root - INFO - Hypothesis ck_000: float64, float64 
[ 2023-08-25 11:05:35,306 ] 86 root - INFO - Hypothesis cl_000: float64, float64 
[ 2023-08-25 11:05:35,312 ] 86 root - INFO - Hypothesis cm_000: float64, float64 
[ 2023-08-25 11:05:35,318 ] 86 root - INFO - Hypothesis cn_000: float64, float64 
[ 2023-08-25 11:05:35,339 ] 86 root - INFO - Hypothesis cn_001: float64, float64 
[ 2023-08-25 11:05:35,345 ] 86 root - INFO - Hypothesis cn_002: float64, float64 
[ 2023-08-25 11:05:35,352 ] 86 root - INFO - Hypothesis cn_003: float64, float64 
[ 2023-08-25 11:05:35,361 ] 86 root - INFO - Hypothesis cn_004: float64, float64 
[ 2023-08-25 11:05:35,370 ] 86 root - INFO - Hypothesis cn_005: float64, float64 
[ 2023-08-25 11:05:35,379 ] 86 root - INFO - Hypothesis cn_006: float64, float64 
[ 2023-08-25 11:05:35,388 ] 86 root - INFO - Hypothesis cn_007: float64, float64 
[ 2023-08-25 11:05:35,397 ] 86 root - INFO - Hypothesis cn_008: float64, float64 
[ 2023-08-25 11:05:35,405 ] 86 root - INFO - Hypothesis cn_009: float64, float64 
[ 2023-08-25 11:05:35,412 ] 86 root - INFO - Hypothesis cp_000: float64, float64 
[ 2023-08-25 11:05:35,419 ] 86 root - INFO - Hypothesis cq_000: float64, float64 
[ 2023-08-25 11:05:35,432 ] 86 root - INFO - Hypothesis cs_000: float64, float64 
[ 2023-08-25 11:05:35,441 ] 86 root - INFO - Hypothesis cs_001: float64, float64 
[ 2023-08-25 11:05:35,449 ] 86 root - INFO - Hypothesis cs_002: float64, float64 
[ 2023-08-25 11:05:35,458 ] 86 root - INFO - Hypothesis cs_003: float64, float64 
[ 2023-08-25 11:05:35,467 ] 86 root - INFO - Hypothesis cs_004: float64, float64 
[ 2023-08-25 11:05:35,476 ] 86 root - INFO - Hypothesis cs_005: float64, float64 
[ 2023-08-25 11:05:35,485 ] 86 root - INFO - Hypothesis cs_006: float64, float64 
[ 2023-08-25 11:05:35,495 ] 86 root - INFO - Hypothesis cs_007: float64, float64 
[ 2023-08-25 11:05:35,504 ] 86 root - INFO - Hypothesis cs_008: float64, float64 
[ 2023-08-25 11:05:35,511 ] 86 root - INFO - Hypothesis cs_009: float64, float64 
[ 2023-08-25 11:05:35,532 ] 86 root - INFO - Hypothesis dd_000: float64, float64 
[ 2023-08-25 11:05:35,540 ] 86 root - INFO - Hypothesis de_000: float64, float64 
[ 2023-08-25 11:05:35,548 ] 86 root - INFO - Hypothesis df_000: float64, float64 
[ 2023-08-25 11:05:35,553 ] 86 root - INFO - Hypothesis dg_000: float64, float64 
[ 2023-08-25 11:05:35,558 ] 86 root - INFO - Hypothesis dh_000: float64, float64 
[ 2023-08-25 11:05:35,564 ] 86 root - INFO - Hypothesis di_000: float64, float64 
[ 2023-08-25 11:05:35,570 ] 86 root - INFO - Hypothesis dj_000: float64, float64 
[ 2023-08-25 11:05:35,591 ] 86 root - INFO - Hypothesis dk_000: float64, float64 
[ 2023-08-25 11:05:35,597 ] 86 root - INFO - Hypothesis dl_000: float64, float64 
[ 2023-08-25 11:05:35,618 ] 86 root - INFO - Hypothesis dm_000: float64, float64 
[ 2023-08-25 11:05:35,639 ] 86 root - INFO - Hypothesis dn_000: float64, float64 
[ 2023-08-25 11:05:35,648 ] 86 root - INFO - Hypothesis do_000: float64, float64 
[ 2023-08-25 11:05:35,657 ] 86 root - INFO - Hypothesis dp_000: float64, float64 
[ 2023-08-25 11:05:35,665 ] 86 root - INFO - Hypothesis dq_000: float64, float64 
[ 2023-08-25 11:05:35,671 ] 86 root - INFO - Hypothesis dr_000: float64, float64 
[ 2023-08-25 11:05:35,677 ] 86 root - INFO - Hypothesis ds_000: float64, float64 
[ 2023-08-25 11:05:35,686 ] 86 root - INFO - Hypothesis dt_000: float64, float64 
[ 2023-08-25 11:05:35,695 ] 86 root - INFO - Hypothesis du_000: float64, float64 
[ 2023-08-25 11:05:35,704 ] 86 root - INFO - Hypothesis dv_000: float64, float64 
[ 2023-08-25 11:05:35,713 ] 86 root - INFO - Hypothesis dx_000: float64, float64 
[ 2023-08-25 11:05:35,720 ] 86 root - INFO - Hypothesis dy_000: float64, float64 
[ 2023-08-25 11:05:35,732 ] 86 root - INFO - Hypothesis dz_000: float64, float64 
[ 2023-08-25 11:05:35,753 ] 86 root - INFO - Hypothesis ea_000: float64, float64 
[ 2023-08-25 11:05:35,774 ] 86 root - INFO - Hypothesis eb_000: float64, float64 
[ 2023-08-25 11:05:35,782 ] 86 root - INFO - Hypothesis ec_00: float64, float64 
[ 2023-08-25 11:05:35,791 ] 86 root - INFO - Hypothesis ed_000: float64, float64 
[ 2023-08-25 11:05:35,799 ] 86 root - INFO - Hypothesis ee_000: float64, float64 
[ 2023-08-25 11:05:35,808 ] 86 root - INFO - Hypothesis ee_001: float64, float64 
[ 2023-08-25 11:05:35,817 ] 86 root - INFO - Hypothesis ee_002: float64, float64 
[ 2023-08-25 11:05:35,826 ] 86 root - INFO - Hypothesis ee_003: float64, float64 
[ 2023-08-25 11:05:35,835 ] 86 root - INFO - Hypothesis ee_004: float64, float64 
[ 2023-08-25 11:05:35,844 ] 86 root - INFO - Hypothesis ee_005: float64, float64 
[ 2023-08-25 11:05:35,853 ] 86 root - INFO - Hypothesis ee_006: float64, float64 
[ 2023-08-25 11:05:35,862 ] 86 root - INFO - Hypothesis ee_007: float64, float64 
[ 2023-08-25 11:05:35,871 ] 86 root - INFO - Hypothesis ee_008: float64, float64 
[ 2023-08-25 11:05:35,879 ] 86 root - INFO - Hypothesis ee_009: float64, float64 
[ 2023-08-25 11:05:35,886 ] 86 root - INFO - Hypothesis ef_000: float64, float64 
[ 2023-08-25 11:05:35,907 ] 86 root - INFO - Hypothesis eg_000: float64, float64 
[ 2023-08-25 11:05:35,931 ] 143 root - INFO - Write reprt in yaml file
