[ 2023-08-25 09:46:19,384 ] 20 root - INFO - exporting data as pandas dataframe
[ 2023-08-25 09:46:19,384 ] 21 root - INFO - Reading data from database: aps and collection: sensor
[ 2023-08-25 09:46:26,905 ] 23 root - INFO - Found Columns: Index(['_id', 'class', 'aa_000', 'ab_000', 'ac_000', 'ad_000', 'ae_000',
       'af_000', 'ag_000', 'ag_001',
       ...
       'ee_002', 'ee_003', 'ee_004', 'ee_005', 'ee_006', 'ee_007', 'ee_008',
       'ee_009', 'ef_000', 'eg_000'],
      dtype='object', length=172)
[ 2023-08-25 09:46:26,906 ] 25 root - INFO - Dropping column: _id
[ 2023-08-25 09:46:27,480 ] 27 root - INFO - row and columnns in df: (36188, 171)
[ 2023-08-25 09:46:27,481 ] 25 root - INFO - save data in feature store
[ 2023-08-25 09:46:33,822 ] 35 root - INFO - split dataset into train and test set
[ 2023-08-25 09:46:34,485 ] 39 root - INFO - create dataset directory folder if not available
[ 2023-08-25 09:46:34,485 ] 46 root - INFO - Save df to feature store folder
[ 2023-08-25 09:46:37,727 ] 59 root - INFO - Data ingestion artifact: DataIngestionArtifact(feature_store_file_path='/config/workspace/artifact/08252023__09_46_19/data_ingestion/feature_store/sensor.csv', train_file_path='/config/workspace/artifact/08252023__09_46_19/data_ingestion/dataset/train.csv', test_file_path='/config/workspace/artifact/08252023__09_46_19/data_ingestion/dataset/test.csv')
[ 2023-08-25 09:46:38,664 ] 20 root - INFO - >>>>>>>>>>>>>>>>>>>>>>>>>>>>>>>>>>>>>>>> Data Validation <<<<<<<<<<<<<<<<<<<<<<<<<<<<<<<<<<<<<<<<
[ 2023-08-25 09:46:38,664 ] 107 root - INFO - Reading base dataframe
[ 2023-08-25 09:46:42,434 ] 110 root - INFO - Replace na value in base df
[ 2023-08-25 09:46:42,837 ] 61 root - INFO - selecting column name which contains null above to 0.2
[ 2023-08-25 09:46:42,838 ] 64 root - INFO - Columns to drop: ['ab_000', 'ad_000', 'bk_000', 'bl_000', 'bm_000', 'bn_000', 'bo_000', 'bp_000', 'bq_000', 'br_000', 'cf_000', 'cg_000', 'ch_000', 'co_000', 'cr_000', 'ct_000', 'cu_000', 'cv_000', 'cx_000', 'cy_000', 'cz_000', 'da_000', 'db_000', 'dc_000']
[ 2023-08-25 09:46:42,955 ] 115 root - INFO - Reading train dataframe
[ 2023-08-25 09:46:43,629 ] 117 root - INFO - Reading test dataframe
[ 2023-08-25 09:46:43,800 ] 120 root - INFO - Drop null values colums from train df
[ 2023-08-25 09:46:43,816 ] 61 root - INFO - selecting column name which contains null above to 0.2
[ 2023-08-25 09:46:43,817 ] 64 root - INFO - Columns to drop: ['ab_000', 'ad_000', 'bk_000', 'bl_000', 'bm_000', 'bn_000', 'bo_000', 'bp_000', 'bq_000', 'br_000', 'cf_000', 'cg_000', 'ch_000', 'co_000', 'cr_000', 'ct_000', 'cu_000', 'cv_000', 'cx_000', 'cy_000', 'cz_000', 'da_000', 'db_000', 'dc_000']
[ 2023-08-25 09:46:43,831 ] 122 root - INFO - Drop null values colums from test df
[ 2023-08-25 09:46:43,836 ] 61 root - INFO - selecting column name which contains null above to 0.2
[ 2023-08-25 09:46:43,836 ] 64 root - INFO - Columns to drop: ['ab_000', 'ad_000', 'bk_000', 'bl_000', 'bm_000', 'bn_000', 'bo_000', 'bp_000', 'bq_000', 'br_000', 'cf_000', 'cg_000', 'ch_000', 'co_000', 'cr_000', 'ct_000', 'cu_000', 'cv_000', 'cx_000', 'cy_000', 'cz_000', 'da_000', 'db_000', 'dc_000']
[ 2023-08-25 09:46:45,232 ] 130 root - INFO - Is all required columns present in train df
[ 2023-08-25 09:46:45,233 ] 132 root - INFO - Is all required columns present in test df
[ 2023-08-25 09:46:45,233 ] 136 root - INFO - As all column are available in train df hence detecting data drift
[ 2023-08-25 09:46:45,233 ] 86 root - INFO - Hypothesis class: object, object 
[ 2023-08-25 09:46:45,463 ] 86 root - INFO - Hypothesis aa_000: float64, float64 
[ 2023-08-25 09:46:45,477 ] 86 root - INFO - Hypothesis ac_000: float64, float64 
[ 2023-08-25 09:46:45,538 ] 86 root - INFO - Hypothesis ae_000: float64, float64 
[ 2023-08-25 09:46:45,600 ] 86 root - INFO - Hypothesis af_000: float64, float64 
[ 2023-08-25 09:46:45,652 ] 86 root - INFO - Hypothesis ag_000: float64, float64 
[ 2023-08-25 09:46:45,699 ] 86 root - INFO - Hypothesis ag_001: float64, float64 
[ 2023-08-25 09:46:45,750 ] 86 root - INFO - Hypothesis ag_002: float64, float64 
[ 2023-08-25 09:46:45,815 ] 86 root - INFO - Hypothesis ag_003: float64, float64 
[ 2023-08-25 09:46:45,824 ] 86 root - INFO - Hypothesis ag_004: float64, float64 
[ 2023-08-25 09:46:45,838 ] 86 root - INFO - Hypothesis ag_005: float64, float64 
[ 2023-08-25 09:46:45,851 ] 86 root - INFO - Hypothesis ag_006: float64, float64 
[ 2023-08-25 09:46:45,869 ] 86 root - INFO - Hypothesis ag_007: float64, float64 
[ 2023-08-25 09:46:45,882 ] 86 root - INFO - Hypothesis ag_008: float64, float64 
[ 2023-08-25 09:46:45,901 ] 86 root - INFO - Hypothesis ag_009: float64, float64 
[ 2023-08-25 09:46:45,911 ] 86 root - INFO - Hypothesis ah_000: float64, float64 
[ 2023-08-25 09:46:45,929 ] 86 root - INFO - Hypothesis ai_000: float64, float64 
[ 2023-08-25 09:46:45,978 ] 86 root - INFO - Hypothesis aj_000: float64, float64 
[ 2023-08-25 09:46:45,987 ] 86 root - INFO - Hypothesis ak_000: float64, float64 
[ 2023-08-25 09:46:46,041 ] 86 root - INFO - Hypothesis al_000: float64, float64 
[ 2023-08-25 09:46:46,051 ] 86 root - INFO - Hypothesis am_0: float64, float64 
[ 2023-08-25 09:46:46,074 ] 86 root - INFO - Hypothesis an_000: float64, float64 
[ 2023-08-25 09:46:46,087 ] 86 root - INFO - Hypothesis ao_000: float64, float64 
[ 2023-08-25 09:46:46,105 ] 86 root - INFO - Hypothesis ap_000: float64, float64 
[ 2023-08-25 09:46:46,119 ] 86 root - INFO - Hypothesis aq_000: float64, float64 
[ 2023-08-25 09:46:46,133 ] 86 root - INFO - Hypothesis ar_000: float64, float64 
[ 2023-08-25 09:46:46,194 ] 86 root - INFO - Hypothesis as_000: float64, float64 
[ 2023-08-25 09:46:46,246 ] 86 root - INFO - Hypothesis at_000: float64, float64 
[ 2023-08-25 09:46:46,300 ] 86 root - INFO - Hypothesis au_000: float64, float64 
[ 2023-08-25 09:46:46,351 ] 86 root - INFO - Hypothesis av_000: float64, float64 
[ 2023-08-25 09:46:46,368 ] 86 root - INFO - Hypothesis ax_000: float64, float64 
[ 2023-08-25 09:46:46,379 ] 86 root - INFO - Hypothesis ay_000: float64, float64 
[ 2023-08-25 09:46:46,440 ] 86 root - INFO - Hypothesis ay_001: float64, float64 
[ 2023-08-25 09:46:46,489 ] 86 root - INFO - Hypothesis ay_002: float64, float64 
[ 2023-08-25 09:46:46,537 ] 86 root - INFO - Hypothesis ay_003: float64, float64 
[ 2023-08-25 09:46:46,605 ] 86 root - INFO - Hypothesis ay_004: float64, float64 
[ 2023-08-25 09:46:46,655 ] 86 root - INFO - Hypothesis ay_005: float64, float64 
[ 2023-08-25 09:46:46,717 ] 86 root - INFO - Hypothesis ay_006: float64, float64 
[ 2023-08-25 09:46:46,730 ] 86 root - INFO - Hypothesis ay_007: float64, float64 
[ 2023-08-25 09:46:46,751 ] 86 root - INFO - Hypothesis ay_008: float64, float64 
[ 2023-08-25 09:46:46,765 ] 86 root - INFO - Hypothesis ay_009: float64, float64 
[ 2023-08-25 09:46:46,817 ] 86 root - INFO - Hypothesis az_000: float64, float64 
[ 2023-08-25 09:46:46,834 ] 86 root - INFO - Hypothesis az_001: float64, float64 
[ 2023-08-25 09:46:46,847 ] 86 root - INFO - Hypothesis az_002: float64, float64 
[ 2023-08-25 09:46:46,863 ] 86 root - INFO - Hypothesis az_003: float64, float64 
[ 2023-08-25 09:46:46,877 ] 86 root - INFO - Hypothesis az_004: float64, float64 
[ 2023-08-25 09:46:46,890 ] 86 root - INFO - Hypothesis az_005: float64, float64 
[ 2023-08-25 09:46:46,903 ] 86 root - INFO - Hypothesis az_006: float64, float64 
[ 2023-08-25 09:46:46,960 ] 86 root - INFO - Hypothesis az_007: float64, float64 
[ 2023-08-25 09:46:47,029 ] 86 root - INFO - Hypothesis az_008: float64, float64 
[ 2023-08-25 09:46:47,093 ] 86 root - INFO - Hypothesis az_009: float64, float64 
[ 2023-08-25 09:46:47,149 ] 86 root - INFO - Hypothesis ba_000: float64, float64 
[ 2023-08-25 09:46:47,166 ] 86 root - INFO - Hypothesis ba_001: float64, float64 
[ 2023-08-25 09:46:47,180 ] 86 root - INFO - Hypothesis ba_002: float64, float64 
[ 2023-08-25 09:46:47,193 ] 86 root - INFO - Hypothesis ba_003: float64, float64 
[ 2023-08-25 09:46:47,211 ] 86 root - INFO - Hypothesis ba_004: float64, float64 
[ 2023-08-25 09:46:47,224 ] 86 root - INFO - Hypothesis ba_005: float64, float64 
[ 2023-08-25 09:46:47,246 ] 86 root - INFO - Hypothesis ba_006: float64, float64 
[ 2023-08-25 09:46:47,259 ] 86 root - INFO - Hypothesis ba_007: float64, float64 
[ 2023-08-25 09:46:47,275 ] 86 root - INFO - Hypothesis ba_008: float64, float64 
[ 2023-08-25 09:46:47,340 ] 86 root - INFO - Hypothesis ba_009: float64, float64 
[ 2023-08-25 09:46:47,394 ] 86 root - INFO - Hypothesis bb_000: float64, float64 
[ 2023-08-25 09:46:47,408 ] 86 root - INFO - Hypothesis bc_000: float64, float64 
[ 2023-08-25 09:46:47,463 ] 86 root - INFO - Hypothesis bd_000: float64, float64 
[ 2023-08-25 09:46:47,475 ] 86 root - INFO - Hypothesis be_000: float64, float64 
[ 2023-08-25 09:46:47,495 ] 86 root - INFO - Hypothesis bf_000: float64, float64 
[ 2023-08-25 09:46:47,504 ] 86 root - INFO - Hypothesis bg_000: float64, float64 
[ 2023-08-25 09:46:47,522 ] 86 root - INFO - Hypothesis bh_000: float64, float64 
[ 2023-08-25 09:46:47,535 ] 86 root - INFO - Hypothesis bi_000: float64, float64 
[ 2023-08-25 09:46:47,551 ] 86 root - INFO - Hypothesis bj_000: float64, float64 
[ 2023-08-25 09:46:47,568 ] 86 root - INFO - Hypothesis bs_000: float64, float64 
[ 2023-08-25 09:46:47,589 ] 86 root - INFO - Hypothesis bt_000: float64, float64 
[ 2023-08-25 09:46:47,603 ] 86 root - INFO - Hypothesis bu_000: float64, float64 
[ 2023-08-25 09:46:47,620 ] 86 root - INFO - Hypothesis bv_000: float64, float64 
[ 2023-08-25 09:46:47,634 ] 86 root - INFO - Hypothesis bx_000: float64, float64 
[ 2023-08-25 09:46:47,655 ] 86 root - INFO - Hypothesis by_000: float64, float64 
[ 2023-08-25 09:46:47,669 ] 86 root - INFO - Hypothesis bz_000: float64, float64 
[ 2023-08-25 09:46:47,681 ] 86 root - INFO - Hypothesis ca_000: float64, float64 
[ 2023-08-25 09:46:47,694 ] 86 root - INFO - Hypothesis cb_000: float64, float64 
[ 2023-08-25 09:46:47,708 ] 86 root - INFO - Hypothesis cc_000: float64, float64 
[ 2023-08-25 09:46:47,726 ] 86 root - INFO - Hypothesis cd_000: float64, float64 
[ 2023-08-25 09:46:47,779 ] 86 root - INFO - Hypothesis ce_000: float64, float64 
[ 2023-08-25 09:46:47,791 ] 86 root - INFO - Hypothesis ci_000: float64, float64 
[ 2023-08-25 09:46:47,809 ] 86 root - INFO - Hypothesis cj_000: float64, float64 
[ 2023-08-25 09:46:47,863 ] 86 root - INFO - Hypothesis ck_000: float64, float64 
[ 2023-08-25 09:46:47,886 ] 86 root - INFO - Hypothesis cl_000: float64, float64 
[ 2023-08-25 09:46:47,895 ] 86 root - INFO - Hypothesis cm_000: float64, float64 
[ 2023-08-25 09:46:47,905 ] 86 root - INFO - Hypothesis cn_000: float64, float64 
[ 2023-08-25 09:46:47,956 ] 86 root - INFO - Hypothesis cn_001: float64, float64 
[ 2023-08-25 09:46:48,006 ] 86 root - INFO - Hypothesis cn_002: float64, float64 
[ 2023-08-25 09:46:48,022 ] 86 root - INFO - Hypothesis cn_003: float64, float64 
[ 2023-08-25 09:46:48,035 ] 86 root - INFO - Hypothesis cn_004: float64, float64 
[ 2023-08-25 09:46:48,057 ] 86 root - INFO - Hypothesis cn_005: float64, float64 
[ 2023-08-25 09:46:48,074 ] 86 root - INFO - Hypothesis cn_006: float64, float64 
[ 2023-08-25 09:46:48,088 ] 86 root - INFO - Hypothesis cn_007: float64, float64 
[ 2023-08-25 09:46:48,101 ] 86 root - INFO - Hypothesis cn_008: float64, float64 
[ 2023-08-25 09:46:48,117 ] 86 root - INFO - Hypothesis cn_009: float64, float64 
[ 2023-08-25 09:46:48,174 ] 86 root - INFO - Hypothesis cp_000: float64, float64 
[ 2023-08-25 09:46:48,228 ] 86 root - INFO - Hypothesis cq_000: float64, float64 
[ 2023-08-25 09:46:48,241 ] 86 root - INFO - Hypothesis cs_000: float64, float64 
[ 2023-08-25 09:46:48,255 ] 86 root - INFO - Hypothesis cs_001: float64, float64 
[ 2023-08-25 09:46:48,271 ] 86 root - INFO - Hypothesis cs_002: float64, float64 
[ 2023-08-25 09:46:48,284 ] 86 root - INFO - Hypothesis cs_003: float64, float64 
[ 2023-08-25 09:46:48,298 ] 86 root - INFO - Hypothesis cs_004: float64, float64 
[ 2023-08-25 09:46:48,311 ] 86 root - INFO - Hypothesis cs_005: float64, float64 
[ 2023-08-25 09:46:48,325 ] 86 root - INFO - Hypothesis cs_006: float64, float64 
[ 2023-08-25 09:46:48,339 ] 86 root - INFO - Hypothesis cs_007: float64, float64 
[ 2023-08-25 09:46:48,357 ] 86 root - INFO - Hypothesis cs_008: float64, float64 
[ 2023-08-25 09:46:48,409 ] 86 root - INFO - Hypothesis cs_009: float64, float64 
[ 2023-08-25 09:46:48,461 ] 86 root - INFO - Hypothesis dd_000: float64, float64 
[ 2023-08-25 09:46:48,478 ] 86 root - INFO - Hypothesis de_000: float64, float64 
[ 2023-08-25 09:46:48,490 ] 86 root - INFO - Hypothesis df_000: float64, float64 
[ 2023-08-25 09:46:48,544 ] 86 root - INFO - Hypothesis dg_000: float64, float64 
[ 2023-08-25 09:46:48,609 ] 86 root - INFO - Hypothesis dh_000: float64, float64 
[ 2023-08-25 09:46:48,618 ] 86 root - INFO - Hypothesis di_000: float64, float64 
[ 2023-08-25 09:46:48,677 ] 86 root - INFO - Hypothesis dj_000: float64, float64 
[ 2023-08-25 09:46:48,729 ] 86 root - INFO - Hypothesis dk_000: float64, float64 
[ 2023-08-25 09:46:48,782 ] 86 root - INFO - Hypothesis dl_000: float64, float64 
[ 2023-08-25 09:46:48,834 ] 86 root - INFO - Hypothesis dm_000: float64, float64 
[ 2023-08-25 09:46:48,899 ] 86 root - INFO - Hypothesis dn_000: float64, float64 
[ 2023-08-25 09:46:48,920 ] 86 root - INFO - Hypothesis do_000: float64, float64 
[ 2023-08-25 09:46:48,933 ] 86 root - INFO - Hypothesis dp_000: float64, float64 
[ 2023-08-25 09:46:48,950 ] 86 root - INFO - Hypothesis dq_000: float64, float64 
[ 2023-08-25 09:46:49,000 ] 86 root - INFO - Hypothesis dr_000: float64, float64 
[ 2023-08-25 09:46:49,067 ] 86 root - INFO - Hypothesis ds_000: float64, float64 
[ 2023-08-25 09:46:49,081 ] 86 root - INFO - Hypothesis dt_000: float64, float64 
[ 2023-08-25 09:46:49,098 ] 86 root - INFO - Hypothesis du_000: float64, float64 
[ 2023-08-25 09:46:49,112 ] 86 root - INFO - Hypothesis dv_000: float64, float64 
[ 2023-08-25 09:46:49,134 ] 86 root - INFO - Hypothesis dx_000: float64, float64 
[ 2023-08-25 09:46:49,189 ] 86 root - INFO - Hypothesis dy_000: float64, float64 
[ 2023-08-25 09:46:49,247 ] 86 root - INFO - Hypothesis dz_000: float64, float64 
[ 2023-08-25 09:46:49,300 ] 86 root - INFO - Hypothesis ea_000: float64, float64 
[ 2023-08-25 09:46:49,352 ] 86 root - INFO - Hypothesis eb_000: float64, float64 
[ 2023-08-25 09:46:49,369 ] 86 root - INFO - Hypothesis ec_00: float64, float64 
[ 2023-08-25 09:46:49,382 ] 86 root - INFO - Hypothesis ed_000: float64, float64 
[ 2023-08-25 09:46:49,394 ] 86 root - INFO - Hypothesis ee_000: float64, float64 
[ 2023-08-25 09:46:49,415 ] 86 root - INFO - Hypothesis ee_001: float64, float64 
[ 2023-08-25 09:46:49,429 ] 86 root - INFO - Hypothesis ee_002: float64, float64 
[ 2023-08-25 09:46:49,447 ] 86 root - INFO - Hypothesis ee_003: float64, float64 
[ 2023-08-25 09:46:49,460 ] 86 root - INFO - Hypothesis ee_004: float64, float64 
[ 2023-08-25 09:46:49,474 ] 86 root - INFO - Hypothesis ee_005: float64, float64 
[ 2023-08-25 09:46:49,491 ] 86 root - INFO - Hypothesis ee_006: float64, float64 
[ 2023-08-25 09:46:49,505 ] 86 root - INFO - Hypothesis ee_007: float64, float64 
[ 2023-08-25 09:46:49,526 ] 86 root - INFO - Hypothesis ee_008: float64, float64 
[ 2023-08-25 09:46:49,538 ] 86 root - INFO - Hypothesis ee_009: float64, float64 
[ 2023-08-25 09:46:49,549 ] 86 root - INFO - Hypothesis ef_000: float64, float64 
[ 2023-08-25 09:46:49,602 ] 86 root - INFO - Hypothesis eg_000: float64, float64 
[ 2023-08-25 09:46:49,658 ] 140 root - INFO - As all column are available in test df hence detecting data drift
[ 2023-08-25 09:46:49,659 ] 86 root - INFO - Hypothesis class: object, object 
[ 2023-08-25 09:46:49,787 ] 86 root - INFO - Hypothesis aa_000: float64, float64 
[ 2023-08-25 09:46:49,796 ] 86 root - INFO - Hypothesis ac_000: float64, float64 
[ 2023-08-25 09:46:49,804 ] 86 root - INFO - Hypothesis ae_000: float64, float64 
[ 2023-08-25 09:46:49,830 ] 86 root - INFO - Hypothesis af_000: float64, float64 
[ 2023-08-25 09:46:49,852 ] 86 root - INFO - Hypothesis ag_000: float64, float64 
[ 2023-08-25 09:46:49,872 ] 86 root - INFO - Hypothesis ag_001: float64, float64 
[ 2023-08-25 09:46:49,894 ] 86 root - INFO - Hypothesis ag_002: float64, float64 
[ 2023-08-25 09:46:49,899 ] 86 root - INFO - Hypothesis ag_003: float64, float64 
[ 2023-08-25 09:46:49,910 ] 86 root - INFO - Hypothesis ag_004: float64, float64 
[ 2023-08-25 09:46:49,919 ] 86 root - INFO - Hypothesis ag_005: float64, float64 
[ 2023-08-25 09:46:49,928 ] 86 root - INFO - Hypothesis ag_006: float64, float64 
[ 2023-08-25 09:46:49,950 ] 86 root - INFO - Hypothesis ag_007: float64, float64 
[ 2023-08-25 09:46:49,958 ] 86 root - INFO - Hypothesis ag_008: float64, float64 
[ 2023-08-25 09:46:49,967 ] 86 root - INFO - Hypothesis ag_009: float64, float64 
[ 2023-08-25 09:46:49,974 ] 86 root - INFO - Hypothesis ah_000: float64, float64 
[ 2023-08-25 09:46:49,983 ] 86 root - INFO - Hypothesis ai_000: float64, float64 
[ 2023-08-25 09:46:49,993 ] 86 root - INFO - Hypothesis aj_000: float64, float64 
[ 2023-08-25 09:46:49,999 ] 86 root - INFO - Hypothesis ak_000: float64, float64 
[ 2023-08-25 09:46:50,005 ] 86 root - INFO - Hypothesis al_000: float64, float64 
[ 2023-08-25 09:46:50,012 ] 86 root - INFO - Hypothesis am_0: float64, float64 
[ 2023-08-25 09:46:50,019 ] 86 root - INFO - Hypothesis an_000: float64, float64 
[ 2023-08-25 09:46:50,033 ] 86 root - INFO - Hypothesis ao_000: float64, float64 
[ 2023-08-25 09:46:50,043 ] 86 root - INFO - Hypothesis ap_000: float64, float64 
[ 2023-08-25 09:46:50,056 ] 86 root - INFO - Hypothesis aq_000: float64, float64 
[ 2023-08-25 09:46:50,066 ] 86 root - INFO - Hypothesis ar_000: float64, float64 
[ 2023-08-25 09:46:50,087 ] 86 root - INFO - Hypothesis as_000: float64, float64 
[ 2023-08-25 09:46:50,108 ] 86 root - INFO - Hypothesis at_000: float64, float64 
[ 2023-08-25 09:46:50,134 ] 86 root - INFO - Hypothesis au_000: float64, float64 
[ 2023-08-25 09:46:50,155 ] 86 root - INFO - Hypothesis av_000: float64, float64 
[ 2023-08-25 09:46:50,163 ] 86 root - INFO - Hypothesis ax_000: float64, float64 
[ 2023-08-25 09:46:50,171 ] 86 root - INFO - Hypothesis ay_000: float64, float64 
[ 2023-08-25 09:46:50,192 ] 86 root - INFO - Hypothesis ay_001: float64, float64 
[ 2023-08-25 09:46:50,217 ] 86 root - INFO - Hypothesis ay_002: float64, float64 
[ 2023-08-25 09:46:50,238 ] 86 root - INFO - Hypothesis ay_003: float64, float64 
[ 2023-08-25 09:46:50,263 ] 86 root - INFO - Hypothesis ay_004: float64, float64 
[ 2023-08-25 09:46:50,287 ] 86 root - INFO - Hypothesis ay_005: float64, float64 
[ 2023-08-25 09:46:50,295 ] 86 root - INFO - Hypothesis ay_006: float64, float64 
[ 2023-08-25 09:46:50,303 ] 86 root - INFO - Hypothesis ay_007: float64, float64 
[ 2023-08-25 09:46:50,313 ] 86 root - INFO - Hypothesis ay_008: float64, float64 
[ 2023-08-25 09:46:50,322 ] 86 root - INFO - Hypothesis ay_009: float64, float64 
[ 2023-08-25 09:46:50,348 ] 86 root - INFO - Hypothesis az_000: float64, float64 
[ 2023-08-25 09:46:50,358 ] 86 root - INFO - Hypothesis az_001: float64, float64 
[ 2023-08-25 09:46:50,383 ] 86 root - INFO - Hypothesis az_002: float64, float64 
[ 2023-08-25 09:46:50,391 ] 86 root - INFO - Hypothesis az_003: float64, float64 
[ 2023-08-25 09:46:50,400 ] 86 root - INFO - Hypothesis az_004: float64, float64 
[ 2023-08-25 09:46:50,410 ] 86 root - INFO - Hypothesis az_005: float64, float64 
[ 2023-08-25 09:46:50,419 ] 86 root - INFO - Hypothesis az_006: float64, float64 
[ 2023-08-25 09:46:50,428 ] 86 root - INFO - Hypothesis az_007: float64, float64 
[ 2023-08-25 09:46:50,438 ] 86 root - INFO - Hypothesis az_008: float64, float64 
[ 2023-08-25 09:46:50,460 ] 86 root - INFO - Hypothesis az_009: float64, float64 
[ 2023-08-25 09:46:50,482 ] 86 root - INFO - Hypothesis ba_000: float64, float64 
[ 2023-08-25 09:46:50,491 ] 86 root - INFO - Hypothesis ba_001: float64, float64 
[ 2023-08-25 09:46:50,501 ] 86 root - INFO - Hypothesis ba_002: float64, float64 
[ 2023-08-25 09:46:50,510 ] 86 root - INFO - Hypothesis ba_003: float64, float64 
[ 2023-08-25 09:46:50,520 ] 86 root - INFO - Hypothesis ba_004: float64, float64 
[ 2023-08-25 09:46:50,529 ] 86 root - INFO - Hypothesis ba_005: float64, float64 
[ 2023-08-25 09:46:50,538 ] 86 root - INFO - Hypothesis ba_006: float64, float64 
[ 2023-08-25 09:46:50,547 ] 86 root - INFO - Hypothesis ba_007: float64, float64 
[ 2023-08-25 09:46:50,556 ] 86 root - INFO - Hypothesis ba_008: float64, float64 
[ 2023-08-25 09:46:50,568 ] 86 root - INFO - Hypothesis ba_009: float64, float64 
[ 2023-08-25 09:46:50,575 ] 86 root - INFO - Hypothesis bb_000: float64, float64 
[ 2023-08-25 09:46:50,585 ] 86 root - INFO - Hypothesis bc_000: float64, float64 
[ 2023-08-25 09:46:50,592 ] 86 root - INFO - Hypothesis bd_000: float64, float64 
[ 2023-08-25 09:46:50,604 ] 86 root - INFO - Hypothesis be_000: float64, float64 
[ 2023-08-25 09:46:50,617 ] 86 root - INFO - Hypothesis bf_000: float64, float64 
[ 2023-08-25 09:46:50,624 ] 86 root - INFO - Hypothesis bg_000: float64, float64 
[ 2023-08-25 09:46:50,633 ] 86 root - INFO - Hypothesis bh_000: float64, float64 
[ 2023-08-25 09:46:50,643 ] 86 root - INFO - Hypothesis bi_000: float64, float64 
[ 2023-08-25 09:46:50,657 ] 86 root - INFO - Hypothesis bj_000: float64, float64 
[ 2023-08-25 09:46:50,666 ] 86 root - INFO - Hypothesis bs_000: float64, float64 
[ 2023-08-25 09:46:50,676 ] 86 root - INFO - Hypothesis bt_000: float64, float64 
[ 2023-08-25 09:46:50,689 ] 86 root - INFO - Hypothesis bu_000: float64, float64 
[ 2023-08-25 09:46:50,699 ] 86 root - INFO - Hypothesis bv_000: float64, float64 
[ 2023-08-25 09:46:50,708 ] 86 root - INFO - Hypothesis bx_000: float64, float64 
[ 2023-08-25 09:46:50,718 ] 86 root - INFO - Hypothesis by_000: float64, float64 
[ 2023-08-25 09:46:50,731 ] 86 root - INFO - Hypothesis bz_000: float64, float64 
[ 2023-08-25 09:46:50,740 ] 86 root - INFO - Hypothesis ca_000: float64, float64 
[ 2023-08-25 09:46:50,749 ] 86 root - INFO - Hypothesis cb_000: float64, float64 
[ 2023-08-25 09:46:50,759 ] 86 root - INFO - Hypothesis cc_000: float64, float64 
[ 2023-08-25 09:46:50,768 ] 86 root - INFO - Hypothesis cd_000: float64, float64 
[ 2023-08-25 09:46:50,790 ] 86 root - INFO - Hypothesis ce_000: float64, float64 
[ 2023-08-25 09:46:50,798 ] 86 root - INFO - Hypothesis ci_000: float64, float64 
[ 2023-08-25 09:46:50,808 ] 86 root - INFO - Hypothesis cj_000: float64, float64 
[ 2023-08-25 09:46:50,814 ] 86 root - INFO - Hypothesis ck_000: float64, float64 
[ 2023-08-25 09:46:50,823 ] 86 root - INFO - Hypothesis cl_000: float64, float64 
[ 2023-08-25 09:46:50,834 ] 86 root - INFO - Hypothesis cm_000: float64, float64 
[ 2023-08-25 09:46:50,841 ] 86 root - INFO - Hypothesis cn_000: float64, float64 
[ 2023-08-25 09:46:50,874 ] 86 root - INFO - Hypothesis cn_001: float64, float64 
[ 2023-08-25 09:46:50,881 ] 86 root - INFO - Hypothesis cn_002: float64, float64 
[ 2023-08-25 09:46:50,889 ] 86 root - INFO - Hypothesis cn_003: float64, float64 
[ 2023-08-25 09:46:50,898 ] 86 root - INFO - Hypothesis cn_004: float64, float64 
[ 2023-08-25 09:46:50,908 ] 86 root - INFO - Hypothesis cn_005: float64, float64 
[ 2023-08-25 09:46:50,921 ] 86 root - INFO - Hypothesis cn_006: float64, float64 
[ 2023-08-25 09:46:50,930 ] 86 root - INFO - Hypothesis cn_007: float64, float64 
[ 2023-08-25 09:46:50,939 ] 86 root - INFO - Hypothesis cn_008: float64, float64 
[ 2023-08-25 09:46:50,956 ] 86 root - INFO - Hypothesis cn_009: float64, float64 
[ 2023-08-25 09:46:50,963 ] 86 root - INFO - Hypothesis cp_000: float64, float64 
[ 2023-08-25 09:46:50,971 ] 86 root - INFO - Hypothesis cq_000: float64, float64 
[ 2023-08-25 09:46:50,981 ] 86 root - INFO - Hypothesis cs_000: float64, float64 
[ 2023-08-25 09:46:50,990 ] 86 root - INFO - Hypothesis cs_001: float64, float64 
[ 2023-08-25 09:46:51,004 ] 86 root - INFO - Hypothesis cs_002: float64, float64 
[ 2023-08-25 09:46:51,013 ] 86 root - INFO - Hypothesis cs_003: float64, float64 
[ 2023-08-25 09:46:51,023 ] 86 root - INFO - Hypothesis cs_004: float64, float64 
[ 2023-08-25 09:46:51,036 ] 86 root - INFO - Hypothesis cs_005: float64, float64 
[ 2023-08-25 09:46:51,046 ] 86 root - INFO - Hypothesis cs_006: float64, float64 
[ 2023-08-25 09:46:51,055 ] 86 root - INFO - Hypothesis cs_007: float64, float64 
[ 2023-08-25 09:46:51,065 ] 86 root - INFO - Hypothesis cs_008: float64, float64 
[ 2023-08-25 09:46:51,077 ] 86 root - INFO - Hypothesis cs_009: float64, float64 
[ 2023-08-25 09:46:51,098 ] 86 root - INFO - Hypothesis dd_000: float64, float64 
[ 2023-08-25 09:46:51,107 ] 86 root - INFO - Hypothesis de_000: float64, float64 
[ 2023-08-25 09:46:51,115 ] 86 root - INFO - Hypothesis df_000: float64, float64 
[ 2023-08-25 09:46:51,120 ] 86 root - INFO - Hypothesis dg_000: float64, float64 
[ 2023-08-25 09:46:51,126 ] 86 root - INFO - Hypothesis dh_000: float64, float64 
[ 2023-08-25 09:46:51,136 ] 86 root - INFO - Hypothesis di_000: float64, float64 
[ 2023-08-25 09:46:51,142 ] 86 root - INFO - Hypothesis dj_000: float64, float64 
[ 2023-08-25 09:46:51,165 ] 86 root - INFO - Hypothesis dk_000: float64, float64 
[ 2023-08-25 09:46:51,171 ] 86 root - INFO - Hypothesis dl_000: float64, float64 
[ 2023-08-25 09:46:51,200 ] 86 root - INFO - Hypothesis dm_000: float64, float64 
[ 2023-08-25 09:46:51,227 ] 86 root - INFO - Hypothesis dn_000: float64, float64 
[ 2023-08-25 09:46:51,236 ] 86 root - INFO - Hypothesis do_000: float64, float64 
[ 2023-08-25 09:46:51,253 ] 86 root - INFO - Hypothesis dp_000: float64, float64 
[ 2023-08-25 09:46:51,262 ] 86 root - INFO - Hypothesis dq_000: float64, float64 
[ 2023-08-25 09:46:51,268 ] 86 root - INFO - Hypothesis dr_000: float64, float64 
[ 2023-08-25 09:46:51,275 ] 86 root - INFO - Hypothesis ds_000: float64, float64 
[ 2023-08-25 09:46:51,284 ] 86 root - INFO - Hypothesis dt_000: float64, float64 
[ 2023-08-25 09:46:51,293 ] 86 root - INFO - Hypothesis du_000: float64, float64 
[ 2023-08-25 09:46:51,303 ] 86 root - INFO - Hypothesis dv_000: float64, float64 
[ 2023-08-25 09:46:51,312 ] 86 root - INFO - Hypothesis dx_000: float64, float64 
[ 2023-08-25 09:46:51,318 ] 86 root - INFO - Hypothesis dy_000: float64, float64 
[ 2023-08-25 09:46:51,342 ] 86 root - INFO - Hypothesis dz_000: float64, float64 
[ 2023-08-25 09:46:51,363 ] 86 root - INFO - Hypothesis ea_000: float64, float64 
[ 2023-08-25 09:46:51,389 ] 86 root - INFO - Hypothesis eb_000: float64, float64 
[ 2023-08-25 09:46:51,397 ] 86 root - INFO - Hypothesis ec_00: float64, float64 
[ 2023-08-25 09:46:51,406 ] 86 root - INFO - Hypothesis ed_000: float64, float64 
[ 2023-08-25 09:46:51,414 ] 86 root - INFO - Hypothesis ee_000: float64, float64 
[ 2023-08-25 09:46:51,432 ] 86 root - INFO - Hypothesis ee_001: float64, float64 
[ 2023-08-25 09:46:51,441 ] 86 root - INFO - Hypothesis ee_002: float64, float64 
[ 2023-08-25 09:46:51,451 ] 86 root - INFO - Hypothesis ee_003: float64, float64 
[ 2023-08-25 09:46:51,460 ] 86 root - INFO - Hypothesis ee_004: float64, float64 
[ 2023-08-25 09:46:51,469 ] 86 root - INFO - Hypothesis ee_005: float64, float64 
[ 2023-08-25 09:46:51,479 ] 86 root - INFO - Hypothesis ee_006: float64, float64 
[ 2023-08-25 09:46:51,492 ] 86 root - INFO - Hypothesis ee_007: float64, float64 
[ 2023-08-25 09:46:51,501 ] 86 root - INFO - Hypothesis ee_008: float64, float64 
[ 2023-08-25 09:46:51,509 ] 86 root - INFO - Hypothesis ee_009: float64, float64 
[ 2023-08-25 09:46:51,517 ] 86 root - INFO - Hypothesis ef_000: float64, float64 
[ 2023-08-25 09:46:51,538 ] 86 root - INFO - Hypothesis eg_000: float64, float64 
[ 2023-08-25 09:46:51,559 ] 143 root - INFO - Write reprt in yaml file
