[ 2023-08-25 11:09:11,683 ] 20 root - INFO - exporting data as pandas dataframe
[ 2023-08-25 11:09:11,683 ] 21 root - INFO - Reading data from database: aps and collection: sensor
[ 2023-08-25 11:09:16,954 ] 23 root - INFO - Found Columns: Index(['_id', 'class', 'aa_000', 'ab_000', 'ac_000', 'ad_000', 'ae_000',
       'af_000', 'ag_000', 'ag_001',
       ...
       'ee_002', 'ee_003', 'ee_004', 'ee_005', 'ee_006', 'ee_007', 'ee_008',
       'ee_009', 'ef_000', 'eg_000'],
      dtype='object', length=172)
[ 2023-08-25 11:09:16,955 ] 25 root - INFO - Dropping column: _id
[ 2023-08-25 11:09:17,300 ] 27 root - INFO - row and columnns in df: (36188, 171)
[ 2023-08-25 11:09:17,300 ] 25 root - INFO - save data in feature store
[ 2023-08-25 11:09:22,372 ] 35 root - INFO - split dataset into train and test set
[ 2023-08-25 11:09:22,873 ] 39 root - INFO - create dataset directory folder if not available
[ 2023-08-25 11:09:22,873 ] 46 root - INFO - Save df to feature store folder
[ 2023-08-25 11:09:25,615 ] 59 root - INFO - Data ingestion artifact: DataIngestionArtifact(feature_store_file_path='/config/workspace/artifact/08252023__11_09_11/data_ingestion/feature_store/sensor.csv', train_file_path='/config/workspace/artifact/08252023__11_09_11/data_ingestion/dataset/train.csv', test_file_path='/config/workspace/artifact/08252023__11_09_11/data_ingestion/dataset/test.csv')
[ 2023-08-25 11:09:26,233 ] 20 root - INFO - >>>>>>>>>>>>>>>>>>>>>>>>>>>>>>>>>>>>>>>> Data Validation <<<<<<<<<<<<<<<<<<<<<<<<<<<<<<<<<<<<<<<<
[ 2023-08-25 11:09:26,233 ] 107 root - INFO - Reading base dataframe
[ 2023-08-25 11:09:29,392 ] 110 root - INFO - Replace na value in base df
[ 2023-08-25 11:09:29,733 ] 61 root - INFO - selecting column name which contains null above to 0.2
[ 2023-08-25 11:09:29,733 ] 64 root - INFO - Columns to drop: ['ab_000', 'ad_000', 'bk_000', 'bl_000', 'bm_000', 'bn_000', 'bo_000', 'bp_000', 'bq_000', 'br_000', 'cf_000', 'cg_000', 'ch_000', 'co_000', 'cr_000', 'ct_000', 'cu_000', 'cv_000', 'cx_000', 'cy_000', 'cz_000', 'da_000', 'db_000', 'dc_000']
[ 2023-08-25 11:09:29,830 ] 115 root - INFO - Reading train dataframe
[ 2023-08-25 11:09:30,415 ] 117 root - INFO - Reading test dataframe
[ 2023-08-25 11:09:30,567 ] 120 root - INFO - Drop null values colums from train df
[ 2023-08-25 11:09:30,583 ] 61 root - INFO - selecting column name which contains null above to 0.2
[ 2023-08-25 11:09:30,583 ] 64 root - INFO - Columns to drop: ['ab_000', 'ad_000', 'bk_000', 'bl_000', 'bm_000', 'bn_000', 'bo_000', 'bp_000', 'bq_000', 'br_000', 'cf_000', 'cg_000', 'ch_000', 'co_000', 'cr_000', 'ct_000', 'cu_000', 'cv_000', 'cx_000', 'cy_000', 'cz_000', 'da_000', 'db_000', 'dc_000']
[ 2023-08-25 11:09:30,596 ] 122 root - INFO - Drop null values colums from test df
[ 2023-08-25 11:09:30,601 ] 61 root - INFO - selecting column name which contains null above to 0.2
[ 2023-08-25 11:09:30,601 ] 64 root - INFO - Columns to drop: ['ab_000', 'ad_000', 'bk_000', 'bl_000', 'bm_000', 'bn_000', 'bo_000', 'bp_000', 'bq_000', 'br_000', 'cf_000', 'cg_000', 'ch_000', 'co_000', 'cr_000', 'ct_000', 'cu_000', 'cv_000', 'cx_000', 'cy_000', 'cz_000', 'da_000', 'db_000', 'dc_000']
[ 2023-08-25 11:09:31,898 ] 130 root - INFO - Is all required columns present in train df
[ 2023-08-25 11:09:31,898 ] 132 root - INFO - Is all required columns present in test df
[ 2023-08-25 11:09:31,899 ] 136 root - INFO - As all column are available in train df hence detecting data drift
[ 2023-08-25 11:09:31,899 ] 86 root - INFO - Hypothesis class: object, object 
[ 2023-08-25 11:09:32,100 ] 86 root - INFO - Hypothesis aa_000: float64, float64 
[ 2023-08-25 11:09:32,113 ] 86 root - INFO - Hypothesis ac_000: float64, float64 
[ 2023-08-25 11:09:32,169 ] 86 root - INFO - Hypothesis ae_000: float64, float64 
[ 2023-08-25 11:09:32,221 ] 86 root - INFO - Hypothesis af_000: float64, float64 
[ 2023-08-25 11:09:32,275 ] 86 root - INFO - Hypothesis ag_000: float64, float64 
[ 2023-08-25 11:09:32,321 ] 86 root - INFO - Hypothesis ag_001: float64, float64 
[ 2023-08-25 11:09:32,372 ] 86 root - INFO - Hypothesis ag_002: float64, float64 
[ 2023-08-25 11:09:32,419 ] 86 root - INFO - Hypothesis ag_003: float64, float64 
[ 2023-08-25 11:09:32,428 ] 86 root - INFO - Hypothesis ag_004: float64, float64 
[ 2023-08-25 11:09:32,441 ] 86 root - INFO - Hypothesis ag_005: float64, float64 
[ 2023-08-25 11:09:32,458 ] 86 root - INFO - Hypothesis ag_006: float64, float64 
[ 2023-08-25 11:09:32,471 ] 86 root - INFO - Hypothesis ag_007: float64, float64 
[ 2023-08-25 11:09:32,483 ] 86 root - INFO - Hypothesis ag_008: float64, float64 
[ 2023-08-25 11:09:32,494 ] 86 root - INFO - Hypothesis ag_009: float64, float64 
[ 2023-08-25 11:09:32,503 ] 86 root - INFO - Hypothesis ah_000: float64, float64 
[ 2023-08-25 11:09:32,517 ] 86 root - INFO - Hypothesis ai_000: float64, float64 
[ 2023-08-25 11:09:32,569 ] 86 root - INFO - Hypothesis aj_000: float64, float64 
[ 2023-08-25 11:09:32,577 ] 86 root - INFO - Hypothesis ak_000: float64, float64 
[ 2023-08-25 11:09:32,631 ] 86 root - INFO - Hypothesis al_000: float64, float64 
[ 2023-08-25 11:09:32,641 ] 86 root - INFO - Hypothesis am_0: float64, float64 
[ 2023-08-25 11:09:32,650 ] 86 root - INFO - Hypothesis an_000: float64, float64 
[ 2023-08-25 11:09:32,664 ] 86 root - INFO - Hypothesis ao_000: float64, float64 
[ 2023-08-25 11:09:32,677 ] 86 root - INFO - Hypothesis ap_000: float64, float64 
[ 2023-08-25 11:09:32,690 ] 86 root - INFO - Hypothesis aq_000: float64, float64 
[ 2023-08-25 11:09:32,703 ] 86 root - INFO - Hypothesis ar_000: float64, float64 
[ 2023-08-25 11:09:32,755 ] 86 root - INFO - Hypothesis as_000: float64, float64 
[ 2023-08-25 11:09:32,807 ] 86 root - INFO - Hypothesis at_000: float64, float64 
[ 2023-08-25 11:09:32,855 ] 86 root - INFO - Hypothesis au_000: float64, float64 
[ 2023-08-25 11:09:32,906 ] 86 root - INFO - Hypothesis av_000: float64, float64 
[ 2023-08-25 11:09:32,917 ] 86 root - INFO - Hypothesis ax_000: float64, float64 
[ 2023-08-25 11:09:32,928 ] 86 root - INFO - Hypothesis ay_000: float64, float64 
[ 2023-08-25 11:09:32,976 ] 86 root - INFO - Hypothesis ay_001: float64, float64 
[ 2023-08-25 11:09:33,030 ] 86 root - INFO - Hypothesis ay_002: float64, float64 
[ 2023-08-25 11:09:33,081 ] 86 root - INFO - Hypothesis ay_003: float64, float64 
[ 2023-08-25 11:09:33,128 ] 86 root - INFO - Hypothesis ay_004: float64, float64 
[ 2023-08-25 11:09:33,184 ] 86 root - INFO - Hypothesis ay_005: float64, float64 
[ 2023-08-25 11:09:33,236 ] 86 root - INFO - Hypothesis ay_006: float64, float64 
[ 2023-08-25 11:09:33,248 ] 86 root - INFO - Hypothesis ay_007: float64, float64 
[ 2023-08-25 11:09:33,260 ] 86 root - INFO - Hypothesis ay_008: float64, float64 
[ 2023-08-25 11:09:33,277 ] 86 root - INFO - Hypothesis ay_009: float64, float64 
[ 2023-08-25 11:09:33,325 ] 86 root - INFO - Hypothesis az_000: float64, float64 
[ 2023-08-25 11:09:33,338 ] 86 root - INFO - Hypothesis az_001: float64, float64 
[ 2023-08-25 11:09:33,354 ] 86 root - INFO - Hypothesis az_002: float64, float64 
[ 2023-08-25 11:09:33,366 ] 86 root - INFO - Hypothesis az_003: float64, float64 
[ 2023-08-25 11:09:33,379 ] 86 root - INFO - Hypothesis az_004: float64, float64 
[ 2023-08-25 11:09:33,392 ] 86 root - INFO - Hypothesis az_005: float64, float64 
[ 2023-08-25 11:09:33,405 ] 86 root - INFO - Hypothesis az_006: float64, float64 
[ 2023-08-25 11:09:33,458 ] 86 root - INFO - Hypothesis az_007: float64, float64 
[ 2023-08-25 11:09:33,507 ] 86 root - INFO - Hypothesis az_008: float64, float64 
[ 2023-08-25 11:09:33,558 ] 86 root - INFO - Hypothesis az_009: float64, float64 
[ 2023-08-25 11:09:33,606 ] 86 root - INFO - Hypothesis ba_000: float64, float64 
[ 2023-08-25 11:09:33,623 ] 86 root - INFO - Hypothesis ba_001: float64, float64 
[ 2023-08-25 11:09:33,636 ] 86 root - INFO - Hypothesis ba_002: float64, float64 
[ 2023-08-25 11:09:33,650 ] 86 root - INFO - Hypothesis ba_003: float64, float64 
[ 2023-08-25 11:09:33,663 ] 86 root - INFO - Hypothesis ba_004: float64, float64 
[ 2023-08-25 11:09:33,676 ] 86 root - INFO - Hypothesis ba_005: float64, float64 
[ 2023-08-25 11:09:33,689 ] 86 root - INFO - Hypothesis ba_006: float64, float64 
[ 2023-08-25 11:09:33,706 ] 86 root - INFO - Hypothesis ba_007: float64, float64 
[ 2023-08-25 11:09:33,718 ] 86 root - INFO - Hypothesis ba_008: float64, float64 
[ 2023-08-25 11:09:33,769 ] 86 root - INFO - Hypothesis ba_009: float64, float64 
[ 2023-08-25 11:09:33,819 ] 86 root - INFO - Hypothesis bb_000: float64, float64 
[ 2023-08-25 11:09:33,837 ] 86 root - INFO - Hypothesis bc_000: float64, float64 
[ 2023-08-25 11:09:33,889 ] 86 root - INFO - Hypothesis bd_000: float64, float64 
[ 2023-08-25 11:09:33,900 ] 86 root - INFO - Hypothesis be_000: float64, float64 
[ 2023-08-25 11:09:33,911 ] 86 root - INFO - Hypothesis bf_000: float64, float64 
[ 2023-08-25 11:09:33,924 ] 86 root - INFO - Hypothesis bg_000: float64, float64 
[ 2023-08-25 11:09:33,938 ] 86 root - INFO - Hypothesis bh_000: float64, float64 
[ 2023-08-25 11:09:33,950 ] 86 root - INFO - Hypothesis bi_000: float64, float64 
[ 2023-08-25 11:09:33,964 ] 86 root - INFO - Hypothesis bj_000: float64, float64 
[ 2023-08-25 11:09:33,977 ] 86 root - INFO - Hypothesis bs_000: float64, float64 
[ 2023-08-25 11:09:33,990 ] 86 root - INFO - Hypothesis bt_000: float64, float64 
[ 2023-08-25 11:09:34,003 ] 86 root - INFO - Hypothesis bu_000: float64, float64 
[ 2023-08-25 11:09:34,020 ] 86 root - INFO - Hypothesis bv_000: float64, float64 
[ 2023-08-25 11:09:34,033 ] 86 root - INFO - Hypothesis bx_000: float64, float64 
[ 2023-08-25 11:09:34,046 ] 86 root - INFO - Hypothesis by_000: float64, float64 
[ 2023-08-25 11:09:34,059 ] 86 root - INFO - Hypothesis bz_000: float64, float64 
[ 2023-08-25 11:09:34,071 ] 86 root - INFO - Hypothesis ca_000: float64, float64 
[ 2023-08-25 11:09:34,084 ] 86 root - INFO - Hypothesis cb_000: float64, float64 
[ 2023-08-25 11:09:34,097 ] 86 root - INFO - Hypothesis cc_000: float64, float64 
[ 2023-08-25 11:09:34,110 ] 86 root - INFO - Hypothesis cd_000: float64, float64 
[ 2023-08-25 11:09:34,162 ] 86 root - INFO - Hypothesis ce_000: float64, float64 
[ 2023-08-25 11:09:34,174 ] 86 root - INFO - Hypothesis ci_000: float64, float64 
[ 2023-08-25 11:09:34,187 ] 86 root - INFO - Hypothesis cj_000: float64, float64 
[ 2023-08-25 11:09:34,240 ] 86 root - INFO - Hypothesis ck_000: float64, float64 
[ 2023-08-25 11:09:34,254 ] 86 root - INFO - Hypothesis cl_000: float64, float64 
[ 2023-08-25 11:09:34,262 ] 86 root - INFO - Hypothesis cm_000: float64, float64 
[ 2023-08-25 11:09:34,272 ] 86 root - INFO - Hypothesis cn_000: float64, float64 
[ 2023-08-25 11:09:34,319 ] 86 root - INFO - Hypothesis cn_001: float64, float64 
[ 2023-08-25 11:09:34,373 ] 86 root - INFO - Hypothesis cn_002: float64, float64 
[ 2023-08-25 11:09:34,383 ] 86 root - INFO - Hypothesis cn_003: float64, float64 
[ 2023-08-25 11:09:34,397 ] 86 root - INFO - Hypothesis cn_004: float64, float64 
[ 2023-08-25 11:09:34,410 ] 86 root - INFO - Hypothesis cn_005: float64, float64 
[ 2023-08-25 11:09:34,423 ] 86 root - INFO - Hypothesis cn_006: float64, float64 
[ 2023-08-25 11:09:34,440 ] 86 root - INFO - Hypothesis cn_007: float64, float64 
[ 2023-08-25 11:09:34,455 ] 86 root - INFO - Hypothesis cn_008: float64, float64 
[ 2023-08-25 11:09:34,466 ] 86 root - INFO - Hypothesis cn_009: float64, float64 
[ 2023-08-25 11:09:34,522 ] 86 root - INFO - Hypothesis cp_000: float64, float64 
[ 2023-08-25 11:09:34,573 ] 86 root - INFO - Hypothesis cq_000: float64, float64 
[ 2023-08-25 11:09:34,586 ] 86 root - INFO - Hypothesis cs_000: float64, float64 
[ 2023-08-25 11:09:34,599 ] 86 root - INFO - Hypothesis cs_001: float64, float64 
[ 2023-08-25 11:09:34,614 ] 86 root - INFO - Hypothesis cs_002: float64, float64 
[ 2023-08-25 11:09:34,630 ] 86 root - INFO - Hypothesis cs_003: float64, float64 
[ 2023-08-25 11:09:34,644 ] 86 root - INFO - Hypothesis cs_004: float64, float64 
[ 2023-08-25 11:09:34,657 ] 86 root - INFO - Hypothesis cs_005: float64, float64 
[ 2023-08-25 11:09:34,670 ] 86 root - INFO - Hypothesis cs_006: float64, float64 
[ 2023-08-25 11:09:34,684 ] 86 root - INFO - Hypothesis cs_007: float64, float64 
[ 2023-08-25 11:09:34,701 ] 86 root - INFO - Hypothesis cs_008: float64, float64 
[ 2023-08-25 11:09:34,753 ] 86 root - INFO - Hypothesis cs_009: float64, float64 
[ 2023-08-25 11:09:34,801 ] 86 root - INFO - Hypothesis dd_000: float64, float64 
[ 2023-08-25 11:09:34,817 ] 86 root - INFO - Hypothesis de_000: float64, float64 
[ 2023-08-25 11:09:34,829 ] 86 root - INFO - Hypothesis df_000: float64, float64 
[ 2023-08-25 11:09:34,876 ] 86 root - INFO - Hypothesis dg_000: float64, float64 
[ 2023-08-25 11:09:34,929 ] 86 root - INFO - Hypothesis dh_000: float64, float64 
[ 2023-08-25 11:09:34,937 ] 86 root - INFO - Hypothesis di_000: float64, float64 
[ 2023-08-25 11:09:34,991 ] 86 root - INFO - Hypothesis dj_000: float64, float64 
[ 2023-08-25 11:09:35,040 ] 86 root - INFO - Hypothesis dk_000: float64, float64 
[ 2023-08-25 11:09:35,092 ] 86 root - INFO - Hypothesis dl_000: float64, float64 
[ 2023-08-25 11:09:35,141 ] 86 root - INFO - Hypothesis dm_000: float64, float64 
[ 2023-08-25 11:09:35,193 ] 86 root - INFO - Hypothesis dn_000: float64, float64 
[ 2023-08-25 11:09:35,206 ] 86 root - INFO - Hypothesis do_000: float64, float64 
[ 2023-08-25 11:09:35,218 ] 86 root - INFO - Hypothesis dp_000: float64, float64 
[ 2023-08-25 11:09:35,230 ] 86 root - INFO - Hypothesis dq_000: float64, float64 
[ 2023-08-25 11:09:35,285 ] 86 root - INFO - Hypothesis dr_000: float64, float64 
[ 2023-08-25 11:09:35,335 ] 86 root - INFO - Hypothesis ds_000: float64, float64 
[ 2023-08-25 11:09:35,352 ] 86 root - INFO - Hypothesis dt_000: float64, float64 
[ 2023-08-25 11:09:35,365 ] 86 root - INFO - Hypothesis du_000: float64, float64 
[ 2023-08-25 11:09:35,378 ] 86 root - INFO - Hypothesis dv_000: float64, float64 
[ 2023-08-25 11:09:35,390 ] 86 root - INFO - Hypothesis dx_000: float64, float64 
[ 2023-08-25 11:09:35,445 ] 86 root - INFO - Hypothesis dy_000: float64, float64 
[ 2023-08-25 11:09:35,500 ] 86 root - INFO - Hypothesis dz_000: float64, float64 
[ 2023-08-25 11:09:35,548 ] 86 root - INFO - Hypothesis ea_000: float64, float64 
[ 2023-08-25 11:09:35,600 ] 86 root - INFO - Hypothesis eb_000: float64, float64 
[ 2023-08-25 11:09:35,611 ] 86 root - INFO - Hypothesis ec_00: float64, float64 
[ 2023-08-25 11:09:35,623 ] 86 root - INFO - Hypothesis ed_000: float64, float64 
[ 2023-08-25 11:09:35,635 ] 86 root - INFO - Hypothesis ee_000: float64, float64 
[ 2023-08-25 11:09:35,653 ] 86 root - INFO - Hypothesis ee_001: float64, float64 
[ 2023-08-25 11:09:35,666 ] 86 root - INFO - Hypothesis ee_002: float64, float64 
[ 2023-08-25 11:09:35,679 ] 86 root - INFO - Hypothesis ee_003: float64, float64 
[ 2023-08-25 11:09:35,692 ] 86 root - INFO - Hypothesis ee_004: float64, float64 
[ 2023-08-25 11:09:35,705 ] 86 root - INFO - Hypothesis ee_005: float64, float64 
[ 2023-08-25 11:09:35,718 ] 86 root - INFO - Hypothesis ee_006: float64, float64 
[ 2023-08-25 11:09:35,731 ] 86 root - INFO - Hypothesis ee_007: float64, float64 
[ 2023-08-25 11:09:35,743 ] 86 root - INFO - Hypothesis ee_008: float64, float64 
[ 2023-08-25 11:09:35,755 ] 86 root - INFO - Hypothesis ee_009: float64, float64 
[ 2023-08-25 11:09:35,770 ] 86 root - INFO - Hypothesis ef_000: float64, float64 
[ 2023-08-25 11:09:35,818 ] 86 root - INFO - Hypothesis eg_000: float64, float64 
[ 2023-08-25 11:09:35,866 ] 140 root - INFO - As all column are available in test df hence detecting data drift
[ 2023-08-25 11:09:35,866 ] 86 root - INFO - Hypothesis class: object, object 
[ 2023-08-25 11:09:35,984 ] 86 root - INFO - Hypothesis aa_000: float64, float64 
[ 2023-08-25 11:09:35,993 ] 86 root - INFO - Hypothesis ac_000: float64, float64 
[ 2023-08-25 11:09:36,001 ] 86 root - INFO - Hypothesis ae_000: float64, float64 
[ 2023-08-25 11:09:36,021 ] 86 root - INFO - Hypothesis af_000: float64, float64 
[ 2023-08-25 11:09:36,042 ] 86 root - INFO - Hypothesis ag_000: float64, float64 
[ 2023-08-25 11:09:36,063 ] 86 root - INFO - Hypothesis ag_001: float64, float64 
[ 2023-08-25 11:09:36,083 ] 86 root - INFO - Hypothesis ag_002: float64, float64 
[ 2023-08-25 11:09:36,092 ] 86 root - INFO - Hypothesis ag_003: float64, float64 
[ 2023-08-25 11:09:36,098 ] 86 root - INFO - Hypothesis ag_004: float64, float64 
[ 2023-08-25 11:09:36,107 ] 86 root - INFO - Hypothesis ag_005: float64, float64 
[ 2023-08-25 11:09:36,116 ] 86 root - INFO - Hypothesis ag_006: float64, float64 
[ 2023-08-25 11:09:36,125 ] 86 root - INFO - Hypothesis ag_007: float64, float64 
[ 2023-08-25 11:09:36,133 ] 86 root - INFO - Hypothesis ag_008: float64, float64 
[ 2023-08-25 11:09:36,141 ] 86 root - INFO - Hypothesis ag_009: float64, float64 
[ 2023-08-25 11:09:36,148 ] 86 root - INFO - Hypothesis ah_000: float64, float64 
[ 2023-08-25 11:09:36,157 ] 86 root - INFO - Hypothesis ai_000: float64, float64 
[ 2023-08-25 11:09:36,162 ] 86 root - INFO - Hypothesis aj_000: float64, float64 
[ 2023-08-25 11:09:36,168 ] 86 root - INFO - Hypothesis ak_000: float64, float64 
[ 2023-08-25 11:09:36,173 ] 86 root - INFO - Hypothesis al_000: float64, float64 
[ 2023-08-25 11:09:36,180 ] 86 root - INFO - Hypothesis am_0: float64, float64 
[ 2023-08-25 11:09:36,187 ] 86 root - INFO - Hypothesis an_000: float64, float64 
[ 2023-08-25 11:09:36,200 ] 86 root - INFO - Hypothesis ao_000: float64, float64 
[ 2023-08-25 11:09:36,209 ] 86 root - INFO - Hypothesis ap_000: float64, float64 
[ 2023-08-25 11:09:36,218 ] 86 root - INFO - Hypothesis aq_000: float64, float64 
[ 2023-08-25 11:09:36,227 ] 86 root - INFO - Hypothesis ar_000: float64, float64 
[ 2023-08-25 11:09:36,249 ] 86 root - INFO - Hypothesis as_000: float64, float64 
[ 2023-08-25 11:09:36,269 ] 86 root - INFO - Hypothesis at_000: float64, float64 
[ 2023-08-25 11:09:36,294 ] 86 root - INFO - Hypothesis au_000: float64, float64 
[ 2023-08-25 11:09:36,314 ] 86 root - INFO - Hypothesis av_000: float64, float64 
[ 2023-08-25 11:09:36,322 ] 86 root - INFO - Hypothesis ax_000: float64, float64 
[ 2023-08-25 11:09:36,329 ] 86 root - INFO - Hypothesis ay_000: float64, float64 
[ 2023-08-25 11:09:36,350 ] 86 root - INFO - Hypothesis ay_001: float64, float64 
[ 2023-08-25 11:09:36,370 ] 86 root - INFO - Hypothesis ay_002: float64, float64 
[ 2023-08-25 11:09:36,394 ] 86 root - INFO - Hypothesis ay_003: float64, float64 
[ 2023-08-25 11:09:36,415 ] 86 root - INFO - Hypothesis ay_004: float64, float64 
[ 2023-08-25 11:09:36,435 ] 86 root - INFO - Hypothesis ay_005: float64, float64 
[ 2023-08-25 11:09:36,442 ] 86 root - INFO - Hypothesis ay_006: float64, float64 
[ 2023-08-25 11:09:36,451 ] 86 root - INFO - Hypothesis ay_007: float64, float64 
[ 2023-08-25 11:09:36,459 ] 86 root - INFO - Hypothesis ay_008: float64, float64 
[ 2023-08-25 11:09:36,468 ] 86 root - INFO - Hypothesis ay_009: float64, float64 
[ 2023-08-25 11:09:36,489 ] 86 root - INFO - Hypothesis az_000: float64, float64 
[ 2023-08-25 11:09:36,501 ] 86 root - INFO - Hypothesis az_001: float64, float64 
[ 2023-08-25 11:09:36,510 ] 86 root - INFO - Hypothesis az_002: float64, float64 
[ 2023-08-25 11:09:36,518 ] 86 root - INFO - Hypothesis az_003: float64, float64 
[ 2023-08-25 11:09:36,527 ] 86 root - INFO - Hypothesis az_004: float64, float64 
[ 2023-08-25 11:09:36,536 ] 86 root - INFO - Hypothesis az_005: float64, float64 
[ 2023-08-25 11:09:36,549 ] 86 root - INFO - Hypothesis az_006: float64, float64 
[ 2023-08-25 11:09:36,557 ] 86 root - INFO - Hypothesis az_007: float64, float64 
[ 2023-08-25 11:09:36,563 ] 86 root - INFO - Hypothesis az_008: float64, float64 
[ 2023-08-25 11:09:36,585 ] 86 root - INFO - Hypothesis az_009: float64, float64 
[ 2023-08-25 11:09:36,605 ] 86 root - INFO - Hypothesis ba_000: float64, float64 
[ 2023-08-25 11:09:36,615 ] 86 root - INFO - Hypothesis ba_001: float64, float64 
[ 2023-08-25 11:09:36,624 ] 86 root - INFO - Hypothesis ba_002: float64, float64 
[ 2023-08-25 11:09:36,637 ] 86 root - INFO - Hypothesis ba_003: float64, float64 
[ 2023-08-25 11:09:36,646 ] 86 root - INFO - Hypothesis ba_004: float64, float64 
[ 2023-08-25 11:09:36,655 ] 86 root - INFO - Hypothesis ba_005: float64, float64 
[ 2023-08-25 11:09:36,664 ] 86 root - INFO - Hypothesis ba_006: float64, float64 
[ 2023-08-25 11:09:36,672 ] 86 root - INFO - Hypothesis ba_007: float64, float64 
[ 2023-08-25 11:09:36,681 ] 86 root - INFO - Hypothesis ba_008: float64, float64 
[ 2023-08-25 11:09:36,688 ] 86 root - INFO - Hypothesis ba_009: float64, float64 
[ 2023-08-25 11:09:36,695 ] 86 root - INFO - Hypothesis bb_000: float64, float64 
[ 2023-08-25 11:09:36,704 ] 86 root - INFO - Hypothesis bc_000: float64, float64 
[ 2023-08-25 11:09:36,711 ] 86 root - INFO - Hypothesis bd_000: float64, float64 
[ 2023-08-25 11:09:36,719 ] 86 root - INFO - Hypothesis be_000: float64, float64 
[ 2023-08-25 11:09:36,727 ] 86 root - INFO - Hypothesis bf_000: float64, float64 
[ 2023-08-25 11:09:36,737 ] 86 root - INFO - Hypothesis bg_000: float64, float64 
[ 2023-08-25 11:09:36,747 ] 86 root - INFO - Hypothesis bh_000: float64, float64 
[ 2023-08-25 11:09:36,755 ] 86 root - INFO - Hypothesis bi_000: float64, float64 
[ 2023-08-25 11:09:36,765 ] 86 root - INFO - Hypothesis bj_000: float64, float64 
[ 2023-08-25 11:09:36,774 ] 86 root - INFO - Hypothesis bs_000: float64, float64 
[ 2023-08-25 11:09:36,783 ] 86 root - INFO - Hypothesis bt_000: float64, float64 
[ 2023-08-25 11:09:36,792 ] 86 root - INFO - Hypothesis bu_000: float64, float64 
[ 2023-08-25 11:09:36,801 ] 86 root - INFO - Hypothesis bv_000: float64, float64 
[ 2023-08-25 11:09:36,810 ] 86 root - INFO - Hypothesis bx_000: float64, float64 
[ 2023-08-25 11:09:36,819 ] 86 root - INFO - Hypothesis by_000: float64, float64 
[ 2023-08-25 11:09:36,828 ] 86 root - INFO - Hypothesis bz_000: float64, float64 
[ 2023-08-25 11:09:36,836 ] 86 root - INFO - Hypothesis ca_000: float64, float64 
[ 2023-08-25 11:09:36,845 ] 86 root - INFO - Hypothesis cb_000: float64, float64 
[ 2023-08-25 11:09:36,854 ] 86 root - INFO - Hypothesis cc_000: float64, float64 
[ 2023-08-25 11:09:36,863 ] 86 root - INFO - Hypothesis cd_000: float64, float64 
[ 2023-08-25 11:09:36,888 ] 86 root - INFO - Hypothesis ce_000: float64, float64 
[ 2023-08-25 11:09:36,896 ] 86 root - INFO - Hypothesis ci_000: float64, float64 
[ 2023-08-25 11:09:36,905 ] 86 root - INFO - Hypothesis cj_000: float64, float64 
[ 2023-08-25 11:09:36,911 ] 86 root - INFO - Hypothesis ck_000: float64, float64 
[ 2023-08-25 11:09:36,920 ] 86 root - INFO - Hypothesis cl_000: float64, float64 
[ 2023-08-25 11:09:36,926 ] 86 root - INFO - Hypothesis cm_000: float64, float64 
[ 2023-08-25 11:09:36,933 ] 86 root - INFO - Hypothesis cn_000: float64, float64 
[ 2023-08-25 11:09:36,953 ] 86 root - INFO - Hypothesis cn_001: float64, float64 
[ 2023-08-25 11:09:36,959 ] 86 root - INFO - Hypothesis cn_002: float64, float64 
[ 2023-08-25 11:09:36,966 ] 86 root - INFO - Hypothesis cn_003: float64, float64 
[ 2023-08-25 11:09:36,982 ] 86 root - INFO - Hypothesis cn_004: float64, float64 
[ 2023-08-25 11:09:36,991 ] 86 root - INFO - Hypothesis cn_005: float64, float64 
[ 2023-08-25 11:09:37,000 ] 86 root - INFO - Hypothesis cn_006: float64, float64 
[ 2023-08-25 11:09:37,009 ] 86 root - INFO - Hypothesis cn_007: float64, float64 
[ 2023-08-25 11:09:37,018 ] 86 root - INFO - Hypothesis cn_008: float64, float64 
[ 2023-08-25 11:09:37,026 ] 86 root - INFO - Hypothesis cn_009: float64, float64 
[ 2023-08-25 11:09:37,033 ] 86 root - INFO - Hypothesis cp_000: float64, float64 
[ 2023-08-25 11:09:37,040 ] 86 root - INFO - Hypothesis cq_000: float64, float64 
[ 2023-08-25 11:09:37,050 ] 86 root - INFO - Hypothesis cs_000: float64, float64 
[ 2023-08-25 11:09:37,059 ] 86 root - INFO - Hypothesis cs_001: float64, float64 
[ 2023-08-25 11:09:37,067 ] 86 root - INFO - Hypothesis cs_002: float64, float64 
[ 2023-08-25 11:09:37,076 ] 86 root - INFO - Hypothesis cs_003: float64, float64 
[ 2023-08-25 11:09:37,085 ] 86 root - INFO - Hypothesis cs_004: float64, float64 
[ 2023-08-25 11:09:37,096 ] 86 root - INFO - Hypothesis cs_005: float64, float64 
[ 2023-08-25 11:09:37,105 ] 86 root - INFO - Hypothesis cs_006: float64, float64 
[ 2023-08-25 11:09:37,114 ] 86 root - INFO - Hypothesis cs_007: float64, float64 
[ 2023-08-25 11:09:37,123 ] 86 root - INFO - Hypothesis cs_008: float64, float64 
[ 2023-08-25 11:09:37,134 ] 86 root - INFO - Hypothesis cs_009: float64, float64 
[ 2023-08-25 11:09:37,155 ] 86 root - INFO - Hypothesis dd_000: float64, float64 
[ 2023-08-25 11:09:37,163 ] 86 root - INFO - Hypothesis de_000: float64, float64 
[ 2023-08-25 11:09:37,171 ] 86 root - INFO - Hypothesis df_000: float64, float64 
[ 2023-08-25 11:09:37,176 ] 86 root - INFO - Hypothesis dg_000: float64, float64 
[ 2023-08-25 11:09:37,181 ] 86 root - INFO - Hypothesis dh_000: float64, float64 
[ 2023-08-25 11:09:37,187 ] 86 root - INFO - Hypothesis di_000: float64, float64 
[ 2023-08-25 11:09:37,193 ] 86 root - INFO - Hypothesis dj_000: float64, float64 
[ 2023-08-25 11:09:37,214 ] 86 root - INFO - Hypothesis dk_000: float64, float64 
[ 2023-08-25 11:09:37,219 ] 86 root - INFO - Hypothesis dl_000: float64, float64 
[ 2023-08-25 11:09:37,241 ] 86 root - INFO - Hypothesis dm_000: float64, float64 
[ 2023-08-25 11:09:37,262 ] 86 root - INFO - Hypothesis dn_000: float64, float64 
[ 2023-08-25 11:09:37,271 ] 86 root - INFO - Hypothesis do_000: float64, float64 
[ 2023-08-25 11:09:37,281 ] 86 root - INFO - Hypothesis dp_000: float64, float64 
[ 2023-08-25 11:09:37,289 ] 86 root - INFO - Hypothesis dq_000: float64, float64 
[ 2023-08-25 11:09:37,295 ] 86 root - INFO - Hypothesis dr_000: float64, float64 
[ 2023-08-25 11:09:37,305 ] 86 root - INFO - Hypothesis ds_000: float64, float64 
[ 2023-08-25 11:09:37,314 ] 86 root - INFO - Hypothesis dt_000: float64, float64 
[ 2023-08-25 11:09:37,323 ] 86 root - INFO - Hypothesis du_000: float64, float64 
[ 2023-08-25 11:09:37,332 ] 86 root - INFO - Hypothesis dv_000: float64, float64 
[ 2023-08-25 11:09:37,341 ] 86 root - INFO - Hypothesis dx_000: float64, float64 
[ 2023-08-25 11:09:37,347 ] 86 root - INFO - Hypothesis dy_000: float64, float64 
[ 2023-08-25 11:09:37,354 ] 86 root - INFO - Hypothesis dz_000: float64, float64 
[ 2023-08-25 11:09:37,375 ] 86 root - INFO - Hypothesis ea_000: float64, float64 
[ 2023-08-25 11:09:37,396 ] 86 root - INFO - Hypothesis eb_000: float64, float64 
[ 2023-08-25 11:09:37,403 ] 86 root - INFO - Hypothesis ec_00: float64, float64 
[ 2023-08-25 11:09:37,412 ] 86 root - INFO - Hypothesis ed_000: float64, float64 
[ 2023-08-25 11:09:37,420 ] 86 root - INFO - Hypothesis ee_000: float64, float64 
[ 2023-08-25 11:09:37,429 ] 86 root - INFO - Hypothesis ee_001: float64, float64 
[ 2023-08-25 11:09:37,438 ] 86 root - INFO - Hypothesis ee_002: float64, float64 
[ 2023-08-25 11:09:37,447 ] 86 root - INFO - Hypothesis ee_003: float64, float64 
[ 2023-08-25 11:09:37,456 ] 86 root - INFO - Hypothesis ee_004: float64, float64 
[ 2023-08-25 11:09:37,465 ] 86 root - INFO - Hypothesis ee_005: float64, float64 
[ 2023-08-25 11:09:37,473 ] 86 root - INFO - Hypothesis ee_006: float64, float64 
[ 2023-08-25 11:09:37,482 ] 86 root - INFO - Hypothesis ee_007: float64, float64 
[ 2023-08-25 11:09:37,490 ] 86 root - INFO - Hypothesis ee_008: float64, float64 
[ 2023-08-25 11:09:37,499 ] 86 root - INFO - Hypothesis ee_009: float64, float64 
[ 2023-08-25 11:09:37,506 ] 86 root - INFO - Hypothesis ef_000: float64, float64 
[ 2023-08-25 11:09:37,527 ] 86 root - INFO - Hypothesis eg_000: float64, float64 
[ 2023-08-25 11:09:37,547 ] 143 root - INFO - Write reprt in yaml file
[ 2023-08-25 11:09:38,940 ] 66 root - INFO - Before resampling in training set Input: (28950, 170) Target:(28950,)
[ 2023-08-25 11:09:51,669 ] 68 root - INFO - After resampling in training set Input: (56152, 170) Target:(56152,)
[ 2023-08-25 11:09:51,669 ] 71 root - INFO - Before resampling in testing set Input: (7238, 170) Target:(7238,)
[ 2023-08-25 11:09:54,871 ] 73 root - INFO - After resampling in testing set Input: (14072, 170) Target:(14072,)
[ 2023-08-25 11:09:55,050 ] 53 root - INFO - Entered te save object method of Main utils class
[ 2023-08-25 11:09:55,054 ] 57 root - INFO - exited the save object method of Main utils class
[ 2023-08-25 11:09:55,054 ] 53 root - INFO - Entered te save object method of Main utils class
[ 2023-08-25 11:09:55,055 ] 57 root - INFO - exited the save object method of Main utils class
