[ 2023-08-25 11:00:33,231 ] 20 root - INFO - exporting data as pandas dataframe
[ 2023-08-25 11:00:33,232 ] 21 root - INFO - Reading data from database: aps and collection: sensor
[ 2023-08-25 11:00:40,770 ] 23 root - INFO - Found Columns: Index(['_id', 'class', 'aa_000', 'ab_000', 'ac_000', 'ad_000', 'ae_000',
       'af_000', 'ag_000', 'ag_001',
       ...
       'ee_002', 'ee_003', 'ee_004', 'ee_005', 'ee_006', 'ee_007', 'ee_008',
       'ee_009', 'ef_000', 'eg_000'],
      dtype='object', length=172)
[ 2023-08-25 11:00:40,770 ] 25 root - INFO - Dropping column: _id
[ 2023-08-25 11:00:41,304 ] 27 root - INFO - row and columnns in df: (36188, 171)
[ 2023-08-25 11:00:41,305 ] 25 root - INFO - save data in feature store
[ 2023-08-25 11:00:48,077 ] 35 root - INFO - split dataset into train and test set
[ 2023-08-25 11:00:48,764 ] 39 root - INFO - create dataset directory folder if not available
[ 2023-08-25 11:00:48,765 ] 46 root - INFO - Save df to feature store folder
[ 2023-08-25 11:00:52,326 ] 59 root - INFO - Data ingestion artifact: DataIngestionArtifact(feature_store_file_path='/config/workspace/artifact/08252023__11_00_33/data_ingestion/feature_store/sensor.csv', train_file_path='/config/workspace/artifact/08252023__11_00_33/data_ingestion/dataset/train.csv', test_file_path='/config/workspace/artifact/08252023__11_00_33/data_ingestion/dataset/test.csv')
[ 2023-08-25 11:00:53,293 ] 20 root - INFO - >>>>>>>>>>>>>>>>>>>>>>>>>>>>>>>>>>>>>>>> Data Validation <<<<<<<<<<<<<<<<<<<<<<<<<<<<<<<<<<<<<<<<
[ 2023-08-25 11:00:53,293 ] 107 root - INFO - Reading base dataframe
[ 2023-08-25 11:00:57,046 ] 110 root - INFO - Replace na value in base df
[ 2023-08-25 11:00:57,448 ] 61 root - INFO - selecting column name which contains null above to 0.2
[ 2023-08-25 11:00:57,449 ] 64 root - INFO - Columns to drop: ['ab_000', 'ad_000', 'bk_000', 'bl_000', 'bm_000', 'bn_000', 'bo_000', 'bp_000', 'bq_000', 'br_000', 'cf_000', 'cg_000', 'ch_000', 'co_000', 'cr_000', 'ct_000', 'cu_000', 'cv_000', 'cx_000', 'cy_000', 'cz_000', 'da_000', 'db_000', 'dc_000']
[ 2023-08-25 11:00:57,577 ] 115 root - INFO - Reading train dataframe
[ 2023-08-25 11:00:58,289 ] 117 root - INFO - Reading test dataframe
[ 2023-08-25 11:00:58,491 ] 120 root - INFO - Drop null values colums from train df
[ 2023-08-25 11:00:58,504 ] 61 root - INFO - selecting column name which contains null above to 0.2
[ 2023-08-25 11:00:58,504 ] 64 root - INFO - Columns to drop: ['ab_000', 'ad_000', 'bk_000', 'bl_000', 'bm_000', 'bn_000', 'bo_000', 'bp_000', 'bq_000', 'br_000', 'cf_000', 'cg_000', 'ch_000', 'co_000', 'cr_000', 'ct_000', 'cu_000', 'cv_000', 'cx_000', 'cy_000', 'cz_000', 'da_000', 'db_000', 'dc_000']
[ 2023-08-25 11:00:58,519 ] 122 root - INFO - Drop null values colums from test df
[ 2023-08-25 11:00:58,524 ] 61 root - INFO - selecting column name which contains null above to 0.2
[ 2023-08-25 11:00:58,525 ] 64 root - INFO - Columns to drop: ['ab_000', 'ad_000', 'bk_000', 'bl_000', 'bm_000', 'bn_000', 'bo_000', 'bp_000', 'bq_000', 'br_000', 'cf_000', 'cg_000', 'ch_000', 'co_000', 'cr_000', 'ct_000', 'cu_000', 'cv_000', 'cx_000', 'cy_000', 'cz_000', 'da_000', 'db_000', 'dc_000']
[ 2023-08-25 11:00:59,995 ] 130 root - INFO - Is all required columns present in train df
[ 2023-08-25 11:00:59,995 ] 132 root - INFO - Is all required columns present in test df
[ 2023-08-25 11:00:59,996 ] 136 root - INFO - As all column are available in train df hence detecting data drift
[ 2023-08-25 11:00:59,996 ] 86 root - INFO - Hypothesis class: object, object 
[ 2023-08-25 11:01:00,242 ] 86 root - INFO - Hypothesis aa_000: float64, float64 
[ 2023-08-25 11:01:00,264 ] 86 root - INFO - Hypothesis ac_000: float64, float64 
[ 2023-08-25 11:01:00,329 ] 86 root - INFO - Hypothesis ae_000: float64, float64 
[ 2023-08-25 11:01:00,383 ] 86 root - INFO - Hypothesis af_000: float64, float64 
[ 2023-08-25 11:01:00,448 ] 86 root - INFO - Hypothesis ag_000: float64, float64 
[ 2023-08-25 11:01:00,514 ] 86 root - INFO - Hypothesis ag_001: float64, float64 
[ 2023-08-25 11:01:00,578 ] 86 root - INFO - Hypothesis ag_002: float64, float64 
[ 2023-08-25 11:01:00,639 ] 86 root - INFO - Hypothesis ag_003: float64, float64 
[ 2023-08-25 11:01:00,648 ] 86 root - INFO - Hypothesis ag_004: float64, float64 
[ 2023-08-25 11:01:00,666 ] 86 root - INFO - Hypothesis ag_005: float64, float64 
[ 2023-08-25 11:01:00,680 ] 86 root - INFO - Hypothesis ag_006: float64, float64 
[ 2023-08-25 11:01:00,697 ] 86 root - INFO - Hypothesis ag_007: float64, float64 
[ 2023-08-25 11:01:00,714 ] 86 root - INFO - Hypothesis ag_008: float64, float64 
[ 2023-08-25 11:01:00,733 ] 86 root - INFO - Hypothesis ag_009: float64, float64 
[ 2023-08-25 11:01:00,745 ] 86 root - INFO - Hypothesis ah_000: float64, float64 
[ 2023-08-25 11:01:00,759 ] 86 root - INFO - Hypothesis ai_000: float64, float64 
[ 2023-08-25 11:01:00,817 ] 86 root - INFO - Hypothesis aj_000: float64, float64 
[ 2023-08-25 11:01:00,830 ] 86 root - INFO - Hypothesis ak_000: float64, float64 
[ 2023-08-25 11:01:00,888 ] 86 root - INFO - Hypothesis al_000: float64, float64 
[ 2023-08-25 11:01:00,903 ] 86 root - INFO - Hypothesis am_0: float64, float64 
[ 2023-08-25 11:01:00,917 ] 86 root - INFO - Hypothesis an_000: float64, float64 
[ 2023-08-25 11:01:00,931 ] 86 root - INFO - Hypothesis ao_000: float64, float64 
[ 2023-08-25 11:01:00,945 ] 86 root - INFO - Hypothesis ap_000: float64, float64 
[ 2023-08-25 11:01:00,963 ] 86 root - INFO - Hypothesis aq_000: float64, float64 
[ 2023-08-25 11:01:00,977 ] 86 root - INFO - Hypothesis ar_000: float64, float64 
[ 2023-08-25 11:01:01,043 ] 86 root - INFO - Hypothesis as_000: float64, float64 
[ 2023-08-25 11:01:01,095 ] 86 root - INFO - Hypothesis at_000: float64, float64 
[ 2023-08-25 11:01:01,160 ] 86 root - INFO - Hypothesis au_000: float64, float64 
[ 2023-08-25 11:01:01,217 ] 86 root - INFO - Hypothesis av_000: float64, float64 
[ 2023-08-25 11:01:01,233 ] 86 root - INFO - Hypothesis ax_000: float64, float64 
[ 2023-08-25 11:01:01,249 ] 86 root - INFO - Hypothesis ay_000: float64, float64 
[ 2023-08-25 11:01:01,311 ] 86 root - INFO - Hypothesis ay_001: float64, float64 
[ 2023-08-25 11:01:01,371 ] 86 root - INFO - Hypothesis ay_002: float64, float64 
[ 2023-08-25 11:01:01,423 ] 86 root - INFO - Hypothesis ay_003: float64, float64 
[ 2023-08-25 11:01:01,489 ] 86 root - INFO - Hypothesis ay_004: float64, float64 
[ 2023-08-25 11:01:01,553 ] 86 root - INFO - Hypothesis ay_005: float64, float64 
[ 2023-08-25 11:01:01,619 ] 86 root - INFO - Hypothesis ay_006: float64, float64 
[ 2023-08-25 11:01:01,636 ] 86 root - INFO - Hypothesis ay_007: float64, float64 
[ 2023-08-25 11:01:01,658 ] 86 root - INFO - Hypothesis ay_008: float64, float64 
[ 2023-08-25 11:01:01,671 ] 86 root - INFO - Hypothesis ay_009: float64, float64 
[ 2023-08-25 11:01:01,728 ] 86 root - INFO - Hypothesis az_000: float64, float64 
[ 2023-08-25 11:01:01,745 ] 86 root - INFO - Hypothesis az_001: float64, float64 
[ 2023-08-25 11:01:01,761 ] 86 root - INFO - Hypothesis az_002: float64, float64 
[ 2023-08-25 11:01:01,774 ] 86 root - INFO - Hypothesis az_003: float64, float64 
[ 2023-08-25 11:01:01,800 ] 86 root - INFO - Hypothesis az_004: float64, float64 
[ 2023-08-25 11:01:01,813 ] 86 root - INFO - Hypothesis az_005: float64, float64 
[ 2023-08-25 11:01:01,827 ] 86 root - INFO - Hypothesis az_006: float64, float64 
[ 2023-08-25 11:01:01,891 ] 86 root - INFO - Hypothesis az_007: float64, float64 
[ 2023-08-25 11:01:01,954 ] 86 root - INFO - Hypothesis az_008: float64, float64 
[ 2023-08-25 11:01:02,012 ] 86 root - INFO - Hypothesis az_009: float64, float64 
[ 2023-08-25 11:01:02,076 ] 86 root - INFO - Hypothesis ba_000: float64, float64 
[ 2023-08-25 11:01:02,095 ] 86 root - INFO - Hypothesis ba_001: float64, float64 
[ 2023-08-25 11:01:02,110 ] 86 root - INFO - Hypothesis ba_002: float64, float64 
[ 2023-08-25 11:01:02,124 ] 86 root - INFO - Hypothesis ba_003: float64, float64 
[ 2023-08-25 11:01:02,149 ] 86 root - INFO - Hypothesis ba_004: float64, float64 
[ 2023-08-25 11:01:02,162 ] 86 root - INFO - Hypothesis ba_005: float64, float64 
[ 2023-08-25 11:01:02,181 ] 86 root - INFO - Hypothesis ba_006: float64, float64 
[ 2023-08-25 11:01:02,194 ] 86 root - INFO - Hypothesis ba_007: float64, float64 
[ 2023-08-25 11:01:02,207 ] 86 root - INFO - Hypothesis ba_008: float64, float64 
[ 2023-08-25 11:01:02,276 ] 86 root - INFO - Hypothesis ba_009: float64, float64 
[ 2023-08-25 11:01:02,327 ] 86 root - INFO - Hypothesis bb_000: float64, float64 
[ 2023-08-25 11:01:02,343 ] 86 root - INFO - Hypothesis bc_000: float64, float64 
[ 2023-08-25 11:01:02,415 ] 86 root - INFO - Hypothesis bd_000: float64, float64 
[ 2023-08-25 11:01:02,427 ] 86 root - INFO - Hypothesis be_000: float64, float64 
[ 2023-08-25 11:01:02,439 ] 86 root - INFO - Hypothesis bf_000: float64, float64 
[ 2023-08-25 11:01:02,448 ] 86 root - INFO - Hypothesis bg_000: float64, float64 
[ 2023-08-25 11:01:02,462 ] 86 root - INFO - Hypothesis bh_000: float64, float64 
[ 2023-08-25 11:01:02,475 ] 86 root - INFO - Hypothesis bi_000: float64, float64 
[ 2023-08-25 11:01:02,493 ] 86 root - INFO - Hypothesis bj_000: float64, float64 
[ 2023-08-25 11:01:02,507 ] 86 root - INFO - Hypothesis bs_000: float64, float64 
[ 2023-08-25 11:01:02,534 ] 86 root - INFO - Hypothesis bt_000: float64, float64 
[ 2023-08-25 11:01:02,547 ] 86 root - INFO - Hypothesis bu_000: float64, float64 
[ 2023-08-25 11:01:02,565 ] 86 root - INFO - Hypothesis bv_000: float64, float64 
[ 2023-08-25 11:01:02,579 ] 86 root - INFO - Hypothesis bx_000: float64, float64 
[ 2023-08-25 11:01:02,592 ] 86 root - INFO - Hypothesis by_000: float64, float64 
[ 2023-08-25 11:01:02,605 ] 86 root - INFO - Hypothesis bz_000: float64, float64 
[ 2023-08-25 11:01:02,622 ] 86 root - INFO - Hypothesis ca_000: float64, float64 
[ 2023-08-25 11:01:02,635 ] 86 root - INFO - Hypothesis cb_000: float64, float64 
[ 2023-08-25 11:01:02,657 ] 86 root - INFO - Hypothesis cc_000: float64, float64 
[ 2023-08-25 11:01:02,679 ] 86 root - INFO - Hypothesis cd_000: float64, float64 
[ 2023-08-25 11:01:02,728 ] 86 root - INFO - Hypothesis ce_000: float64, float64 
[ 2023-08-25 11:01:02,741 ] 86 root - INFO - Hypothesis ci_000: float64, float64 
[ 2023-08-25 11:01:02,759 ] 86 root - INFO - Hypothesis cj_000: float64, float64 
[ 2023-08-25 11:01:02,821 ] 86 root - INFO - Hypothesis ck_000: float64, float64 
[ 2023-08-25 11:01:02,839 ] 86 root - INFO - Hypothesis cl_000: float64, float64 
[ 2023-08-25 11:01:02,848 ] 86 root - INFO - Hypothesis cm_000: float64, float64 
[ 2023-08-25 11:01:02,858 ] 86 root - INFO - Hypothesis cn_000: float64, float64 
[ 2023-08-25 11:01:02,910 ] 86 root - INFO - Hypothesis cn_001: float64, float64 
[ 2023-08-25 11:01:02,983 ] 86 root - INFO - Hypothesis cn_002: float64, float64 
[ 2023-08-25 11:01:02,998 ] 86 root - INFO - Hypothesis cn_003: float64, float64 
[ 2023-08-25 11:01:03,016 ] 86 root - INFO - Hypothesis cn_004: float64, float64 
[ 2023-08-25 11:01:03,034 ] 86 root - INFO - Hypothesis cn_005: float64, float64 
[ 2023-08-25 11:01:03,047 ] 86 root - INFO - Hypothesis cn_006: float64, float64 
[ 2023-08-25 11:01:03,065 ] 86 root - INFO - Hypothesis cn_007: float64, float64 
[ 2023-08-25 11:01:03,082 ] 86 root - INFO - Hypothesis cn_008: float64, float64 
[ 2023-08-25 11:01:03,094 ] 86 root - INFO - Hypothesis cn_009: float64, float64 
[ 2023-08-25 11:01:03,159 ] 86 root - INFO - Hypothesis cp_000: float64, float64 
[ 2023-08-25 11:01:03,224 ] 86 root - INFO - Hypothesis cq_000: float64, float64 
[ 2023-08-25 11:01:03,237 ] 86 root - INFO - Hypothesis cs_000: float64, float64 
[ 2023-08-25 11:01:03,250 ] 86 root - INFO - Hypothesis cs_001: float64, float64 
[ 2023-08-25 11:01:03,262 ] 86 root - INFO - Hypothesis cs_002: float64, float64 
[ 2023-08-25 11:01:03,280 ] 86 root - INFO - Hypothesis cs_003: float64, float64 
[ 2023-08-25 11:01:03,293 ] 86 root - INFO - Hypothesis cs_004: float64, float64 
[ 2023-08-25 11:01:03,307 ] 86 root - INFO - Hypothesis cs_005: float64, float64 
[ 2023-08-25 11:01:03,325 ] 86 root - INFO - Hypothesis cs_006: float64, float64 
[ 2023-08-25 11:01:03,343 ] 86 root - INFO - Hypothesis cs_007: float64, float64 
[ 2023-08-25 11:01:03,356 ] 86 root - INFO - Hypothesis cs_008: float64, float64 
[ 2023-08-25 11:01:03,418 ] 86 root - INFO - Hypothesis cs_009: float64, float64 
[ 2023-08-25 11:01:03,469 ] 86 root - INFO - Hypothesis dd_000: float64, float64 
[ 2023-08-25 11:01:03,482 ] 86 root - INFO - Hypothesis de_000: float64, float64 
[ 2023-08-25 11:01:03,494 ] 86 root - INFO - Hypothesis df_000: float64, float64 
[ 2023-08-25 11:01:03,543 ] 86 root - INFO - Hypothesis dg_000: float64, float64 
[ 2023-08-25 11:01:03,599 ] 86 root - INFO - Hypothesis dh_000: float64, float64 
[ 2023-08-25 11:01:03,616 ] 86 root - INFO - Hypothesis di_000: float64, float64 
[ 2023-08-25 11:01:03,675 ] 86 root - INFO - Hypothesis dj_000: float64, float64 
[ 2023-08-25 11:01:03,724 ] 86 root - INFO - Hypothesis dk_000: float64, float64 
[ 2023-08-25 11:01:03,774 ] 86 root - INFO - Hypothesis dl_000: float64, float64 
[ 2023-08-25 11:01:03,827 ] 86 root - INFO - Hypothesis dm_000: float64, float64 
[ 2023-08-25 11:01:03,879 ] 86 root - INFO - Hypothesis dn_000: float64, float64 
[ 2023-08-25 11:01:03,893 ] 86 root - INFO - Hypothesis do_000: float64, float64 
[ 2023-08-25 11:01:03,905 ] 86 root - INFO - Hypothesis dp_000: float64, float64 
[ 2023-08-25 11:01:03,918 ] 86 root - INFO - Hypothesis dq_000: float64, float64 
[ 2023-08-25 11:01:03,977 ] 86 root - INFO - Hypothesis dr_000: float64, float64 
[ 2023-08-25 11:01:04,036 ] 86 root - INFO - Hypothesis ds_000: float64, float64 
[ 2023-08-25 11:01:04,056 ] 86 root - INFO - Hypothesis dt_000: float64, float64 
[ 2023-08-25 11:01:04,069 ] 86 root - INFO - Hypothesis du_000: float64, float64 
[ 2023-08-25 11:01:04,082 ] 86 root - INFO - Hypothesis dv_000: float64, float64 
[ 2023-08-25 11:01:04,095 ] 86 root - INFO - Hypothesis dx_000: float64, float64 
[ 2023-08-25 11:01:04,151 ] 86 root - INFO - Hypothesis dy_000: float64, float64 
[ 2023-08-25 11:01:04,208 ] 86 root - INFO - Hypothesis dz_000: float64, float64 
[ 2023-08-25 11:01:04,266 ] 86 root - INFO - Hypothesis ea_000: float64, float64 
[ 2023-08-25 11:01:04,321 ] 86 root - INFO - Hypothesis eb_000: float64, float64 
[ 2023-08-25 11:01:04,333 ] 86 root - INFO - Hypothesis ec_00: float64, float64 
[ 2023-08-25 11:01:04,346 ] 86 root - INFO - Hypothesis ed_000: float64, float64 
[ 2023-08-25 11:01:04,358 ] 86 root - INFO - Hypothesis ee_000: float64, float64 
[ 2023-08-25 11:01:04,372 ] 86 root - INFO - Hypothesis ee_001: float64, float64 
[ 2023-08-25 11:01:04,385 ] 86 root - INFO - Hypothesis ee_002: float64, float64 
[ 2023-08-25 11:01:04,399 ] 86 root - INFO - Hypothesis ee_003: float64, float64 
[ 2023-08-25 11:01:04,413 ] 86 root - INFO - Hypothesis ee_004: float64, float64 
[ 2023-08-25 11:01:04,426 ] 86 root - INFO - Hypothesis ee_005: float64, float64 
[ 2023-08-25 11:01:04,439 ] 86 root - INFO - Hypothesis ee_006: float64, float64 
[ 2023-08-25 11:01:04,453 ] 86 root - INFO - Hypothesis ee_007: float64, float64 
[ 2023-08-25 11:01:04,470 ] 86 root - INFO - Hypothesis ee_008: float64, float64 
[ 2023-08-25 11:01:04,482 ] 86 root - INFO - Hypothesis ee_009: float64, float64 
[ 2023-08-25 11:01:04,501 ] 86 root - INFO - Hypothesis ef_000: float64, float64 
[ 2023-08-25 11:01:04,556 ] 86 root - INFO - Hypothesis eg_000: float64, float64 
[ 2023-08-25 11:01:04,606 ] 140 root - INFO - As all column are available in test df hence detecting data drift
[ 2023-08-25 11:01:04,606 ] 86 root - INFO - Hypothesis class: object, object 
[ 2023-08-25 11:01:04,723 ] 86 root - INFO - Hypothesis aa_000: float64, float64 
[ 2023-08-25 11:01:04,732 ] 86 root - INFO - Hypothesis ac_000: float64, float64 
[ 2023-08-25 11:01:04,740 ] 86 root - INFO - Hypothesis ae_000: float64, float64 
[ 2023-08-25 11:01:04,772 ] 86 root - INFO - Hypothesis af_000: float64, float64 
[ 2023-08-25 11:01:04,797 ] 86 root - INFO - Hypothesis ag_000: float64, float64 
[ 2023-08-25 11:01:04,824 ] 86 root - INFO - Hypothesis ag_001: float64, float64 
[ 2023-08-25 11:01:04,845 ] 86 root - INFO - Hypothesis ag_002: float64, float64 
[ 2023-08-25 11:01:04,851 ] 86 root - INFO - Hypothesis ag_003: float64, float64 
[ 2023-08-25 11:01:04,858 ] 86 root - INFO - Hypothesis ag_004: float64, float64 
[ 2023-08-25 11:01:04,867 ] 86 root - INFO - Hypothesis ag_005: float64, float64 
[ 2023-08-25 11:01:04,877 ] 86 root - INFO - Hypothesis ag_006: float64, float64 
[ 2023-08-25 11:01:04,887 ] 86 root - INFO - Hypothesis ag_007: float64, float64 
[ 2023-08-25 11:01:04,896 ] 86 root - INFO - Hypothesis ag_008: float64, float64 
[ 2023-08-25 11:01:04,904 ] 86 root - INFO - Hypothesis ag_009: float64, float64 
[ 2023-08-25 11:01:04,911 ] 86 root - INFO - Hypothesis ah_000: float64, float64 
[ 2023-08-25 11:01:04,921 ] 86 root - INFO - Hypothesis ai_000: float64, float64 
[ 2023-08-25 11:01:04,927 ] 86 root - INFO - Hypothesis aj_000: float64, float64 
[ 2023-08-25 11:01:04,933 ] 86 root - INFO - Hypothesis ak_000: float64, float64 
[ 2023-08-25 11:01:04,939 ] 86 root - INFO - Hypothesis al_000: float64, float64 
[ 2023-08-25 11:01:04,950 ] 86 root - INFO - Hypothesis am_0: float64, float64 
[ 2023-08-25 11:01:04,958 ] 86 root - INFO - Hypothesis an_000: float64, float64 
[ 2023-08-25 11:01:04,968 ] 86 root - INFO - Hypothesis ao_000: float64, float64 
[ 2023-08-25 11:01:04,978 ] 86 root - INFO - Hypothesis ap_000: float64, float64 
[ 2023-08-25 11:01:04,987 ] 86 root - INFO - Hypothesis aq_000: float64, float64 
[ 2023-08-25 11:01:05,005 ] 86 root - INFO - Hypothesis ar_000: float64, float64 
[ 2023-08-25 11:01:05,027 ] 86 root - INFO - Hypothesis as_000: float64, float64 
[ 2023-08-25 11:01:05,048 ] 86 root - INFO - Hypothesis at_000: float64, float64 
[ 2023-08-25 11:01:05,070 ] 86 root - INFO - Hypothesis au_000: float64, float64 
[ 2023-08-25 11:01:05,091 ] 86 root - INFO - Hypothesis av_000: float64, float64 
[ 2023-08-25 11:01:05,100 ] 86 root - INFO - Hypothesis ax_000: float64, float64 
[ 2023-08-25 11:01:05,107 ] 86 root - INFO - Hypothesis ay_000: float64, float64 
[ 2023-08-25 11:01:05,129 ] 86 root - INFO - Hypothesis ay_001: float64, float64 
[ 2023-08-25 11:01:05,150 ] 86 root - INFO - Hypothesis ay_002: float64, float64 
[ 2023-08-25 11:01:05,171 ] 86 root - INFO - Hypothesis ay_003: float64, float64 
[ 2023-08-25 11:01:05,201 ] 86 root - INFO - Hypothesis ay_004: float64, float64 
[ 2023-08-25 11:01:05,226 ] 86 root - INFO - Hypothesis ay_005: float64, float64 
[ 2023-08-25 11:01:05,234 ] 86 root - INFO - Hypothesis ay_006: float64, float64 
[ 2023-08-25 11:01:05,243 ] 86 root - INFO - Hypothesis ay_007: float64, float64 
[ 2023-08-25 11:01:05,252 ] 86 root - INFO - Hypothesis ay_008: float64, float64 
[ 2023-08-25 11:01:05,266 ] 86 root - INFO - Hypothesis ay_009: float64, float64 
[ 2023-08-25 11:01:05,291 ] 86 root - INFO - Hypothesis az_000: float64, float64 
[ 2023-08-25 11:01:05,300 ] 86 root - INFO - Hypothesis az_001: float64, float64 
[ 2023-08-25 11:01:05,309 ] 86 root - INFO - Hypothesis az_002: float64, float64 
[ 2023-08-25 11:01:05,318 ] 86 root - INFO - Hypothesis az_003: float64, float64 
[ 2023-08-25 11:01:05,328 ] 86 root - INFO - Hypothesis az_004: float64, float64 
[ 2023-08-25 11:01:05,337 ] 86 root - INFO - Hypothesis az_005: float64, float64 
[ 2023-08-25 11:01:05,347 ] 86 root - INFO - Hypothesis az_006: float64, float64 
[ 2023-08-25 11:01:05,356 ] 86 root - INFO - Hypothesis az_007: float64, float64 
[ 2023-08-25 11:01:05,362 ] 86 root - INFO - Hypothesis az_008: float64, float64 
[ 2023-08-25 11:01:05,384 ] 86 root - INFO - Hypothesis az_009: float64, float64 
[ 2023-08-25 11:01:05,405 ] 86 root - INFO - Hypothesis ba_000: float64, float64 
[ 2023-08-25 11:01:05,415 ] 86 root - INFO - Hypothesis ba_001: float64, float64 
[ 2023-08-25 11:01:05,425 ] 86 root - INFO - Hypothesis ba_002: float64, float64 
[ 2023-08-25 11:01:05,434 ] 86 root - INFO - Hypothesis ba_003: float64, float64 
[ 2023-08-25 11:01:05,444 ] 86 root - INFO - Hypothesis ba_004: float64, float64 
[ 2023-08-25 11:01:05,457 ] 86 root - INFO - Hypothesis ba_005: float64, float64 
[ 2023-08-25 11:01:05,467 ] 86 root - INFO - Hypothesis ba_006: float64, float64 
[ 2023-08-25 11:01:05,476 ] 86 root - INFO - Hypothesis ba_007: float64, float64 
[ 2023-08-25 11:01:05,489 ] 86 root - INFO - Hypothesis ba_008: float64, float64 
[ 2023-08-25 11:01:05,498 ] 86 root - INFO - Hypothesis ba_009: float64, float64 
[ 2023-08-25 11:01:05,505 ] 86 root - INFO - Hypothesis bb_000: float64, float64 
[ 2023-08-25 11:01:05,514 ] 86 root - INFO - Hypothesis bc_000: float64, float64 
[ 2023-08-25 11:01:05,526 ] 86 root - INFO - Hypothesis bd_000: float64, float64 
[ 2023-08-25 11:01:05,534 ] 86 root - INFO - Hypothesis be_000: float64, float64 
[ 2023-08-25 11:01:05,543 ] 86 root - INFO - Hypothesis bf_000: float64, float64 
[ 2023-08-25 11:01:05,549 ] 86 root - INFO - Hypothesis bg_000: float64, float64 
[ 2023-08-25 11:01:05,559 ] 86 root - INFO - Hypothesis bh_000: float64, float64 
[ 2023-08-25 11:01:05,576 ] 86 root - INFO - Hypothesis bi_000: float64, float64 
[ 2023-08-25 11:01:05,586 ] 86 root - INFO - Hypothesis bj_000: float64, float64 
[ 2023-08-25 11:01:05,596 ] 86 root - INFO - Hypothesis bs_000: float64, float64 
[ 2023-08-25 11:01:05,605 ] 86 root - INFO - Hypothesis bt_000: float64, float64 
[ 2023-08-25 11:01:05,615 ] 86 root - INFO - Hypothesis bu_000: float64, float64 
[ 2023-08-25 11:01:05,624 ] 86 root - INFO - Hypothesis bv_000: float64, float64 
[ 2023-08-25 11:01:05,634 ] 86 root - INFO - Hypothesis bx_000: float64, float64 
[ 2023-08-25 11:01:05,643 ] 86 root - INFO - Hypothesis by_000: float64, float64 
[ 2023-08-25 11:01:05,652 ] 86 root - INFO - Hypothesis bz_000: float64, float64 
[ 2023-08-25 11:01:05,665 ] 86 root - INFO - Hypothesis ca_000: float64, float64 
[ 2023-08-25 11:01:05,674 ] 86 root - INFO - Hypothesis cb_000: float64, float64 
[ 2023-08-25 11:01:05,688 ] 86 root - INFO - Hypothesis cc_000: float64, float64 
[ 2023-08-25 11:01:05,697 ] 86 root - INFO - Hypothesis cd_000: float64, float64 
[ 2023-08-25 11:01:05,723 ] 86 root - INFO - Hypothesis ce_000: float64, float64 
[ 2023-08-25 11:01:05,731 ] 86 root - INFO - Hypothesis ci_000: float64, float64 
[ 2023-08-25 11:01:05,741 ] 86 root - INFO - Hypothesis cj_000: float64, float64 
[ 2023-08-25 11:01:05,747 ] 86 root - INFO - Hypothesis ck_000: float64, float64 
[ 2023-08-25 11:01:05,757 ] 86 root - INFO - Hypothesis cl_000: float64, float64 
[ 2023-08-25 11:01:05,763 ] 86 root - INFO - Hypothesis cm_000: float64, float64 
[ 2023-08-25 11:01:05,770 ] 86 root - INFO - Hypothesis cn_000: float64, float64 
[ 2023-08-25 11:01:05,792 ] 86 root - INFO - Hypothesis cn_001: float64, float64 
[ 2023-08-25 11:01:05,798 ] 86 root - INFO - Hypothesis cn_002: float64, float64 
[ 2023-08-25 11:01:05,806 ] 86 root - INFO - Hypothesis cn_003: float64, float64 
[ 2023-08-25 11:01:05,815 ] 86 root - INFO - Hypothesis cn_004: float64, float64 
[ 2023-08-25 11:01:05,825 ] 86 root - INFO - Hypothesis cn_005: float64, float64 
[ 2023-08-25 11:01:05,834 ] 86 root - INFO - Hypothesis cn_006: float64, float64 
[ 2023-08-25 11:01:05,847 ] 86 root - INFO - Hypothesis cn_007: float64, float64 
[ 2023-08-25 11:01:05,856 ] 86 root - INFO - Hypothesis cn_008: float64, float64 
[ 2023-08-25 11:01:05,869 ] 86 root - INFO - Hypothesis cn_009: float64, float64 
[ 2023-08-25 11:01:05,876 ] 86 root - INFO - Hypothesis cp_000: float64, float64 
[ 2023-08-25 11:01:05,884 ] 86 root - INFO - Hypothesis cq_000: float64, float64 
[ 2023-08-25 11:01:05,893 ] 86 root - INFO - Hypothesis cs_000: float64, float64 
[ 2023-08-25 11:01:05,903 ] 86 root - INFO - Hypothesis cs_001: float64, float64 
[ 2023-08-25 11:01:05,911 ] 86 root - INFO - Hypothesis cs_002: float64, float64 
[ 2023-08-25 11:01:05,924 ] 86 root - INFO - Hypothesis cs_003: float64, float64 
[ 2023-08-25 11:01:05,934 ] 86 root - INFO - Hypothesis cs_004: float64, float64 
[ 2023-08-25 11:01:05,944 ] 86 root - INFO - Hypothesis cs_005: float64, float64 
[ 2023-08-25 11:01:05,954 ] 86 root - INFO - Hypothesis cs_006: float64, float64 
[ 2023-08-25 11:01:05,963 ] 86 root - INFO - Hypothesis cs_007: float64, float64 
[ 2023-08-25 11:01:05,977 ] 86 root - INFO - Hypothesis cs_008: float64, float64 
[ 2023-08-25 11:01:05,985 ] 86 root - INFO - Hypothesis cs_009: float64, float64 
[ 2023-08-25 11:01:06,010 ] 86 root - INFO - Hypothesis dd_000: float64, float64 
[ 2023-08-25 11:01:06,019 ] 86 root - INFO - Hypothesis de_000: float64, float64 
[ 2023-08-25 11:01:06,029 ] 86 root - INFO - Hypothesis df_000: float64, float64 
[ 2023-08-25 11:01:06,035 ] 86 root - INFO - Hypothesis dg_000: float64, float64 
[ 2023-08-25 11:01:06,040 ] 86 root - INFO - Hypothesis dh_000: float64, float64 
[ 2023-08-25 11:01:06,046 ] 86 root - INFO - Hypothesis di_000: float64, float64 
[ 2023-08-25 11:01:06,053 ] 86 root - INFO - Hypothesis dj_000: float64, float64 
[ 2023-08-25 11:01:06,075 ] 86 root - INFO - Hypothesis dk_000: float64, float64 
[ 2023-08-25 11:01:06,081 ] 86 root - INFO - Hypothesis dl_000: float64, float64 
[ 2023-08-25 11:01:06,107 ] 86 root - INFO - Hypothesis dm_000: float64, float64 
[ 2023-08-25 11:01:06,130 ] 86 root - INFO - Hypothesis dn_000: float64, float64 
[ 2023-08-25 11:01:06,139 ] 86 root - INFO - Hypothesis do_000: float64, float64 
[ 2023-08-25 11:01:06,152 ] 86 root - INFO - Hypothesis dp_000: float64, float64 
[ 2023-08-25 11:01:06,161 ] 86 root - INFO - Hypothesis dq_000: float64, float64 
[ 2023-08-25 11:01:06,167 ] 86 root - INFO - Hypothesis dr_000: float64, float64 
[ 2023-08-25 11:01:06,174 ] 86 root - INFO - Hypothesis ds_000: float64, float64 
[ 2023-08-25 11:01:06,187 ] 86 root - INFO - Hypothesis dt_000: float64, float64 
[ 2023-08-25 11:01:06,197 ] 86 root - INFO - Hypothesis du_000: float64, float64 
[ 2023-08-25 11:01:06,206 ] 86 root - INFO - Hypothesis dv_000: float64, float64 
[ 2023-08-25 11:01:06,215 ] 86 root - INFO - Hypothesis dx_000: float64, float64 
[ 2023-08-25 11:01:06,227 ] 86 root - INFO - Hypothesis dy_000: float64, float64 
[ 2023-08-25 11:01:06,234 ] 86 root - INFO - Hypothesis dz_000: float64, float64 
[ 2023-08-25 11:01:06,259 ] 86 root - INFO - Hypothesis ea_000: float64, float64 
[ 2023-08-25 11:01:06,281 ] 86 root - INFO - Hypothesis eb_000: float64, float64 
[ 2023-08-25 11:01:06,289 ] 86 root - INFO - Hypothesis ec_00: float64, float64 
[ 2023-08-25 11:01:06,298 ] 86 root - INFO - Hypothesis ed_000: float64, float64 
[ 2023-08-25 11:01:06,307 ] 86 root - INFO - Hypothesis ee_000: float64, float64 
[ 2023-08-25 11:01:06,316 ] 86 root - INFO - Hypothesis ee_001: float64, float64 
[ 2023-08-25 11:01:06,325 ] 86 root - INFO - Hypothesis ee_002: float64, float64 
[ 2023-08-25 11:01:06,335 ] 86 root - INFO - Hypothesis ee_003: float64, float64 
[ 2023-08-25 11:01:06,344 ] 86 root - INFO - Hypothesis ee_004: float64, float64 
[ 2023-08-25 11:01:06,358 ] 86 root - INFO - Hypothesis ee_005: float64, float64 
[ 2023-08-25 11:01:06,367 ] 86 root - INFO - Hypothesis ee_006: float64, float64 
[ 2023-08-25 11:01:06,376 ] 86 root - INFO - Hypothesis ee_007: float64, float64 
[ 2023-08-25 11:01:06,385 ] 86 root - INFO - Hypothesis ee_008: float64, float64 
[ 2023-08-25 11:01:06,393 ] 86 root - INFO - Hypothesis ee_009: float64, float64 
[ 2023-08-25 11:01:06,401 ] 86 root - INFO - Hypothesis ef_000: float64, float64 
[ 2023-08-25 11:01:06,427 ] 86 root - INFO - Hypothesis eg_000: float64, float64 
[ 2023-08-25 11:01:06,447 ] 143 root - INFO - Write reprt in yaml file
