[ 2023-08-25 11:22:23,758 ] 20 root - INFO - exporting data as pandas dataframe
[ 2023-08-25 11:22:23,758 ] 21 root - INFO - Reading data from database: aps and collection: sensor
[ 2023-08-25 11:22:27,489 ] 23 root - INFO - Found Columns: Index(['_id', 'class', 'aa_000', 'ab_000', 'ac_000', 'ad_000', 'ae_000',
       'af_000', 'ag_000', 'ag_001',
       ...
       'ee_002', 'ee_003', 'ee_004', 'ee_005', 'ee_006', 'ee_007', 'ee_008',
       'ee_009', 'ef_000', 'eg_000'],
      dtype='object', length=172)
[ 2023-08-25 11:22:27,489 ] 25 root - INFO - Dropping column: _id
[ 2023-08-25 11:22:27,754 ] 27 root - INFO - row and columnns in df: (36188, 171)
[ 2023-08-25 11:22:27,754 ] 25 root - INFO - save data in feature store
[ 2023-08-25 11:22:31,410 ] 35 root - INFO - split dataset into train and test set
[ 2023-08-25 11:22:31,791 ] 39 root - INFO - create dataset directory folder if not available
[ 2023-08-25 11:22:31,792 ] 46 root - INFO - Save df to feature store folder
[ 2023-08-25 11:22:33,820 ] 59 root - INFO - Data ingestion artifact: DataIngestionArtifact(feature_store_file_path='/config/workspace/artifact/08252023__11_22_23/data_ingestion/feature_store/sensor.csv', train_file_path='/config/workspace/artifact/08252023__11_22_23/data_ingestion/dataset/train.csv', test_file_path='/config/workspace/artifact/08252023__11_22_23/data_ingestion/dataset/test.csv')
[ 2023-08-25 11:22:34,353 ] 20 root - INFO - >>>>>>>>>>>>>>>>>>>>>>>>>>>>>>>>>>>>>>>> Data Validation <<<<<<<<<<<<<<<<<<<<<<<<<<<<<<<<<<<<<<<<
[ 2023-08-25 11:22:34,353 ] 107 root - INFO - Reading base dataframe
[ 2023-08-25 11:22:36,689 ] 110 root - INFO - Replace na value in base df
[ 2023-08-25 11:22:36,931 ] 61 root - INFO - selecting column name which contains null above to 0.2
[ 2023-08-25 11:22:36,931 ] 64 root - INFO - Columns to drop: ['ab_000', 'ad_000', 'bk_000', 'bl_000', 'bm_000', 'bn_000', 'bo_000', 'bp_000', 'bq_000', 'br_000', 'cf_000', 'cg_000', 'ch_000', 'co_000', 'cr_000', 'ct_000', 'cu_000', 'cv_000', 'cx_000', 'cy_000', 'cz_000', 'da_000', 'db_000', 'dc_000']
[ 2023-08-25 11:22:37,012 ] 115 root - INFO - Reading train dataframe
[ 2023-08-25 11:22:37,432 ] 117 root - INFO - Reading test dataframe
[ 2023-08-25 11:22:37,556 ] 120 root - INFO - Drop null values colums from train df
[ 2023-08-25 11:22:37,570 ] 61 root - INFO - selecting column name which contains null above to 0.2
[ 2023-08-25 11:22:37,570 ] 64 root - INFO - Columns to drop: ['ab_000', 'ad_000', 'bk_000', 'bl_000', 'bm_000', 'bn_000', 'bo_000', 'bp_000', 'bq_000', 'br_000', 'cf_000', 'cg_000', 'ch_000', 'co_000', 'cr_000', 'ct_000', 'cu_000', 'cv_000', 'cx_000', 'cy_000', 'cz_000', 'da_000', 'db_000', 'dc_000']
[ 2023-08-25 11:22:37,580 ] 122 root - INFO - Drop null values colums from test df
[ 2023-08-25 11:22:37,583 ] 61 root - INFO - selecting column name which contains null above to 0.2
[ 2023-08-25 11:22:37,584 ] 64 root - INFO - Columns to drop: ['ab_000', 'ad_000', 'bk_000', 'bl_000', 'bm_000', 'bn_000', 'bo_000', 'bp_000', 'bq_000', 'br_000', 'cf_000', 'cg_000', 'ch_000', 'co_000', 'cr_000', 'ct_000', 'cu_000', 'cv_000', 'cx_000', 'cy_000', 'cz_000', 'da_000', 'db_000', 'dc_000']
[ 2023-08-25 11:22:38,452 ] 130 root - INFO - Is all required columns present in train df
[ 2023-08-25 11:22:38,452 ] 132 root - INFO - Is all required columns present in test df
[ 2023-08-25 11:22:38,452 ] 136 root - INFO - As all column are available in train df hence detecting data drift
[ 2023-08-25 11:22:38,453 ] 86 root - INFO - Hypothesis class: object, object 
[ 2023-08-25 11:22:38,598 ] 86 root - INFO - Hypothesis aa_000: float64, float64 
[ 2023-08-25 11:22:38,610 ] 86 root - INFO - Hypothesis ac_000: float64, float64 
[ 2023-08-25 11:22:38,652 ] 86 root - INFO - Hypothesis ae_000: float64, float64 
[ 2023-08-25 11:22:38,691 ] 86 root - INFO - Hypothesis af_000: float64, float64 
[ 2023-08-25 11:22:38,731 ] 86 root - INFO - Hypothesis ag_000: float64, float64 
[ 2023-08-25 11:22:38,769 ] 86 root - INFO - Hypothesis ag_001: float64, float64 
[ 2023-08-25 11:22:38,808 ] 86 root - INFO - Hypothesis ag_002: float64, float64 
[ 2023-08-25 11:22:38,847 ] 86 root - INFO - Hypothesis ag_003: float64, float64 
[ 2023-08-25 11:22:38,854 ] 86 root - INFO - Hypothesis ag_004: float64, float64 
[ 2023-08-25 11:22:38,864 ] 86 root - INFO - Hypothesis ag_005: float64, float64 
[ 2023-08-25 11:22:38,874 ] 86 root - INFO - Hypothesis ag_006: float64, float64 
[ 2023-08-25 11:22:38,885 ] 86 root - INFO - Hypothesis ag_007: float64, float64 
[ 2023-08-25 11:22:38,894 ] 86 root - INFO - Hypothesis ag_008: float64, float64 
[ 2023-08-25 11:22:38,902 ] 86 root - INFO - Hypothesis ag_009: float64, float64 
[ 2023-08-25 11:22:38,909 ] 86 root - INFO - Hypothesis ah_000: float64, float64 
[ 2023-08-25 11:22:38,920 ] 86 root - INFO - Hypothesis ai_000: float64, float64 
[ 2023-08-25 11:22:38,959 ] 86 root - INFO - Hypothesis aj_000: float64, float64 
[ 2023-08-25 11:22:38,966 ] 86 root - INFO - Hypothesis ak_000: float64, float64 
[ 2023-08-25 11:22:39,006 ] 86 root - INFO - Hypothesis al_000: float64, float64 
[ 2023-08-25 11:22:39,013 ] 86 root - INFO - Hypothesis am_0: float64, float64 
[ 2023-08-25 11:22:39,021 ] 86 root - INFO - Hypothesis an_000: float64, float64 
[ 2023-08-25 11:22:39,031 ] 86 root - INFO - Hypothesis ao_000: float64, float64 
[ 2023-08-25 11:22:39,041 ] 86 root - INFO - Hypothesis ap_000: float64, float64 
[ 2023-08-25 11:22:39,052 ] 86 root - INFO - Hypothesis aq_000: float64, float64 
[ 2023-08-25 11:22:39,062 ] 86 root - INFO - Hypothesis ar_000: float64, float64 
[ 2023-08-25 11:22:39,102 ] 86 root - INFO - Hypothesis as_000: float64, float64 
[ 2023-08-25 11:22:39,141 ] 86 root - INFO - Hypothesis at_000: float64, float64 
[ 2023-08-25 11:22:39,183 ] 86 root - INFO - Hypothesis au_000: float64, float64 
[ 2023-08-25 11:22:39,221 ] 86 root - INFO - Hypothesis av_000: float64, float64 
[ 2023-08-25 11:22:39,229 ] 86 root - INFO - Hypothesis ax_000: float64, float64 
[ 2023-08-25 11:22:39,238 ] 86 root - INFO - Hypothesis ay_000: float64, float64 
[ 2023-08-25 11:22:39,277 ] 86 root - INFO - Hypothesis ay_001: float64, float64 
[ 2023-08-25 11:22:39,316 ] 86 root - INFO - Hypothesis ay_002: float64, float64 
[ 2023-08-25 11:22:39,354 ] 86 root - INFO - Hypothesis ay_003: float64, float64 
[ 2023-08-25 11:22:39,393 ] 86 root - INFO - Hypothesis ay_004: float64, float64 
[ 2023-08-25 11:22:39,432 ] 86 root - INFO - Hypothesis ay_005: float64, float64 
[ 2023-08-25 11:22:39,476 ] 86 root - INFO - Hypothesis ay_006: float64, float64 
[ 2023-08-25 11:22:39,485 ] 86 root - INFO - Hypothesis ay_007: float64, float64 
[ 2023-08-25 11:22:39,495 ] 86 root - INFO - Hypothesis ay_008: float64, float64 
[ 2023-08-25 11:22:39,505 ] 86 root - INFO - Hypothesis ay_009: float64, float64 
[ 2023-08-25 11:22:39,545 ] 86 root - INFO - Hypothesis az_000: float64, float64 
[ 2023-08-25 11:22:39,555 ] 86 root - INFO - Hypothesis az_001: float64, float64 
[ 2023-08-25 11:22:39,565 ] 86 root - INFO - Hypothesis az_002: float64, float64 
[ 2023-08-25 11:22:39,576 ] 86 root - INFO - Hypothesis az_003: float64, float64 
[ 2023-08-25 11:22:39,587 ] 86 root - INFO - Hypothesis az_004: float64, float64 
[ 2023-08-25 11:22:39,598 ] 86 root - INFO - Hypothesis az_005: float64, float64 
[ 2023-08-25 11:22:39,609 ] 86 root - INFO - Hypothesis az_006: float64, float64 
[ 2023-08-25 11:22:39,652 ] 86 root - INFO - Hypothesis az_007: float64, float64 
[ 2023-08-25 11:22:39,696 ] 86 root - INFO - Hypothesis az_008: float64, float64 
[ 2023-08-25 11:22:39,735 ] 86 root - INFO - Hypothesis az_009: float64, float64 
[ 2023-08-25 11:22:39,774 ] 86 root - INFO - Hypothesis ba_000: float64, float64 
[ 2023-08-25 11:22:39,785 ] 86 root - INFO - Hypothesis ba_001: float64, float64 
[ 2023-08-25 11:22:39,795 ] 86 root - INFO - Hypothesis ba_002: float64, float64 
[ 2023-08-25 11:22:39,805 ] 86 root - INFO - Hypothesis ba_003: float64, float64 
[ 2023-08-25 11:22:39,815 ] 86 root - INFO - Hypothesis ba_004: float64, float64 
[ 2023-08-25 11:22:39,825 ] 86 root - INFO - Hypothesis ba_005: float64, float64 
[ 2023-08-25 11:22:39,835 ] 86 root - INFO - Hypothesis ba_006: float64, float64 
[ 2023-08-25 11:22:39,846 ] 86 root - INFO - Hypothesis ba_007: float64, float64 
[ 2023-08-25 11:22:39,855 ] 86 root - INFO - Hypothesis ba_008: float64, float64 
[ 2023-08-25 11:22:39,897 ] 86 root - INFO - Hypothesis ba_009: float64, float64 
[ 2023-08-25 11:22:39,939 ] 86 root - INFO - Hypothesis bb_000: float64, float64 
[ 2023-08-25 11:22:39,949 ] 86 root - INFO - Hypothesis bc_000: float64, float64 
[ 2023-08-25 11:22:39,991 ] 86 root - INFO - Hypothesis bd_000: float64, float64 
[ 2023-08-25 11:22:40,000 ] 86 root - INFO - Hypothesis be_000: float64, float64 
[ 2023-08-25 11:22:40,009 ] 86 root - INFO - Hypothesis bf_000: float64, float64 
[ 2023-08-25 11:22:40,017 ] 86 root - INFO - Hypothesis bg_000: float64, float64 
[ 2023-08-25 11:22:40,027 ] 86 root - INFO - Hypothesis bh_000: float64, float64 
[ 2023-08-25 11:22:40,038 ] 86 root - INFO - Hypothesis bi_000: float64, float64 
[ 2023-08-25 11:22:40,048 ] 86 root - INFO - Hypothesis bj_000: float64, float64 
[ 2023-08-25 11:22:40,059 ] 86 root - INFO - Hypothesis bs_000: float64, float64 
[ 2023-08-25 11:22:40,070 ] 86 root - INFO - Hypothesis bt_000: float64, float64 
[ 2023-08-25 11:22:40,080 ] 86 root - INFO - Hypothesis bu_000: float64, float64 
[ 2023-08-25 11:22:40,090 ] 86 root - INFO - Hypothesis bv_000: float64, float64 
[ 2023-08-25 11:22:40,101 ] 86 root - INFO - Hypothesis bx_000: float64, float64 
[ 2023-08-25 11:22:40,111 ] 86 root - INFO - Hypothesis by_000: float64, float64 
[ 2023-08-25 11:22:40,121 ] 86 root - INFO - Hypothesis bz_000: float64, float64 
[ 2023-08-25 11:22:40,130 ] 86 root - INFO - Hypothesis ca_000: float64, float64 
[ 2023-08-25 11:22:40,141 ] 86 root - INFO - Hypothesis cb_000: float64, float64 
[ 2023-08-25 11:22:40,151 ] 86 root - INFO - Hypothesis cc_000: float64, float64 
[ 2023-08-25 11:22:40,162 ] 86 root - INFO - Hypothesis cd_000: float64, float64 
[ 2023-08-25 11:22:40,201 ] 86 root - INFO - Hypothesis ce_000: float64, float64 
[ 2023-08-25 11:22:40,211 ] 86 root - INFO - Hypothesis ci_000: float64, float64 
[ 2023-08-25 11:22:40,222 ] 86 root - INFO - Hypothesis cj_000: float64, float64 
[ 2023-08-25 11:22:40,262 ] 86 root - INFO - Hypothesis ck_000: float64, float64 
[ 2023-08-25 11:22:40,273 ] 86 root - INFO - Hypothesis cl_000: float64, float64 
[ 2023-08-25 11:22:40,279 ] 86 root - INFO - Hypothesis cm_000: float64, float64 
[ 2023-08-25 11:22:40,287 ] 86 root - INFO - Hypothesis cn_000: float64, float64 
[ 2023-08-25 11:22:40,325 ] 86 root - INFO - Hypothesis cn_001: float64, float64 
[ 2023-08-25 11:22:40,366 ] 86 root - INFO - Hypothesis cn_002: float64, float64 
[ 2023-08-25 11:22:40,374 ] 86 root - INFO - Hypothesis cn_003: float64, float64 
[ 2023-08-25 11:22:40,385 ] 86 root - INFO - Hypothesis cn_004: float64, float64 
[ 2023-08-25 11:22:40,395 ] 86 root - INFO - Hypothesis cn_005: float64, float64 
[ 2023-08-25 11:22:40,406 ] 86 root - INFO - Hypothesis cn_006: float64, float64 
[ 2023-08-25 11:22:40,416 ] 86 root - INFO - Hypothesis cn_007: float64, float64 
[ 2023-08-25 11:22:40,425 ] 86 root - INFO - Hypothesis cn_008: float64, float64 
[ 2023-08-25 11:22:40,434 ] 86 root - INFO - Hypothesis cn_009: float64, float64 
[ 2023-08-25 11:22:40,477 ] 86 root - INFO - Hypothesis cp_000: float64, float64 
[ 2023-08-25 11:22:40,521 ] 86 root - INFO - Hypothesis cq_000: float64, float64 
[ 2023-08-25 11:22:40,531 ] 86 root - INFO - Hypothesis cs_000: float64, float64 
[ 2023-08-25 11:22:40,541 ] 86 root - INFO - Hypothesis cs_001: float64, float64 
[ 2023-08-25 11:22:40,550 ] 86 root - INFO - Hypothesis cs_002: float64, float64 
[ 2023-08-25 11:22:40,560 ] 86 root - INFO - Hypothesis cs_003: float64, float64 
[ 2023-08-25 11:22:40,570 ] 86 root - INFO - Hypothesis cs_004: float64, float64 
[ 2023-08-25 11:22:40,581 ] 86 root - INFO - Hypothesis cs_005: float64, float64 
[ 2023-08-25 11:22:40,591 ] 86 root - INFO - Hypothesis cs_006: float64, float64 
[ 2023-08-25 11:22:40,601 ] 86 root - INFO - Hypothesis cs_007: float64, float64 
[ 2023-08-25 11:22:40,612 ] 86 root - INFO - Hypothesis cs_008: float64, float64 
[ 2023-08-25 11:22:40,659 ] 86 root - INFO - Hypothesis cs_009: float64, float64 
[ 2023-08-25 11:22:40,699 ] 86 root - INFO - Hypothesis dd_000: float64, float64 
[ 2023-08-25 11:22:40,709 ] 86 root - INFO - Hypothesis de_000: float64, float64 
[ 2023-08-25 11:22:40,717 ] 86 root - INFO - Hypothesis df_000: float64, float64 
[ 2023-08-25 11:22:40,757 ] 86 root - INFO - Hypothesis dg_000: float64, float64 
[ 2023-08-25 11:22:40,797 ] 86 root - INFO - Hypothesis dh_000: float64, float64 
[ 2023-08-25 11:22:40,803 ] 86 root - INFO - Hypothesis di_000: float64, float64 
[ 2023-08-25 11:22:40,844 ] 86 root - INFO - Hypothesis dj_000: float64, float64 
[ 2023-08-25 11:22:40,883 ] 86 root - INFO - Hypothesis dk_000: float64, float64 
[ 2023-08-25 11:22:40,922 ] 86 root - INFO - Hypothesis dl_000: float64, float64 
[ 2023-08-25 11:22:40,961 ] 86 root - INFO - Hypothesis dm_000: float64, float64 
[ 2023-08-25 11:22:41,000 ] 86 root - INFO - Hypothesis dn_000: float64, float64 
[ 2023-08-25 11:22:41,011 ] 86 root - INFO - Hypothesis do_000: float64, float64 
[ 2023-08-25 11:22:41,020 ] 86 root - INFO - Hypothesis dp_000: float64, float64 
[ 2023-08-25 11:22:41,029 ] 86 root - INFO - Hypothesis dq_000: float64, float64 
[ 2023-08-25 11:22:41,073 ] 86 root - INFO - Hypothesis dr_000: float64, float64 
[ 2023-08-25 11:22:41,115 ] 86 root - INFO - Hypothesis ds_000: float64, float64 
[ 2023-08-25 11:22:41,126 ] 86 root - INFO - Hypothesis dt_000: float64, float64 
[ 2023-08-25 11:22:41,136 ] 86 root - INFO - Hypothesis du_000: float64, float64 
[ 2023-08-25 11:22:41,146 ] 86 root - INFO - Hypothesis dv_000: float64, float64 
[ 2023-08-25 11:22:41,156 ] 86 root - INFO - Hypothesis dx_000: float64, float64 
[ 2023-08-25 11:22:41,198 ] 86 root - INFO - Hypothesis dy_000: float64, float64 
[ 2023-08-25 11:22:41,240 ] 86 root - INFO - Hypothesis dz_000: float64, float64 
[ 2023-08-25 11:22:41,279 ] 86 root - INFO - Hypothesis ea_000: float64, float64 
[ 2023-08-25 11:22:41,318 ] 86 root - INFO - Hypothesis eb_000: float64, float64 
[ 2023-08-25 11:22:41,327 ] 86 root - INFO - Hypothesis ec_00: float64, float64 
[ 2023-08-25 11:22:41,337 ] 86 root - INFO - Hypothesis ed_000: float64, float64 
[ 2023-08-25 11:22:41,346 ] 86 root - INFO - Hypothesis ee_000: float64, float64 
[ 2023-08-25 11:22:41,357 ] 86 root - INFO - Hypothesis ee_001: float64, float64 
[ 2023-08-25 11:22:41,367 ] 86 root - INFO - Hypothesis ee_002: float64, float64 
[ 2023-08-25 11:22:41,378 ] 86 root - INFO - Hypothesis ee_003: float64, float64 
[ 2023-08-25 11:22:41,388 ] 86 root - INFO - Hypothesis ee_004: float64, float64 
[ 2023-08-25 11:22:41,398 ] 86 root - INFO - Hypothesis ee_005: float64, float64 
[ 2023-08-25 11:22:41,408 ] 86 root - INFO - Hypothesis ee_006: float64, float64 
[ 2023-08-25 11:22:41,418 ] 86 root - INFO - Hypothesis ee_007: float64, float64 
[ 2023-08-25 11:22:41,428 ] 86 root - INFO - Hypothesis ee_008: float64, float64 
[ 2023-08-25 11:22:41,437 ] 86 root - INFO - Hypothesis ee_009: float64, float64 
[ 2023-08-25 11:22:41,445 ] 86 root - INFO - Hypothesis ef_000: float64, float64 
[ 2023-08-25 11:22:41,485 ] 86 root - INFO - Hypothesis eg_000: float64, float64 
[ 2023-08-25 11:22:41,523 ] 140 root - INFO - As all column are available in test df hence detecting data drift
[ 2023-08-25 11:22:41,523 ] 86 root - INFO - Hypothesis class: object, object 
[ 2023-08-25 11:22:41,607 ] 86 root - INFO - Hypothesis aa_000: float64, float64 
[ 2023-08-25 11:22:41,614 ] 86 root - INFO - Hypothesis ac_000: float64, float64 
[ 2023-08-25 11:22:41,621 ] 86 root - INFO - Hypothesis ae_000: float64, float64 
[ 2023-08-25 11:22:41,637 ] 86 root - INFO - Hypothesis af_000: float64, float64 
[ 2023-08-25 11:22:41,654 ] 86 root - INFO - Hypothesis ag_000: float64, float64 
[ 2023-08-25 11:22:41,670 ] 86 root - INFO - Hypothesis ag_001: float64, float64 
[ 2023-08-25 11:22:41,686 ] 86 root - INFO - Hypothesis ag_002: float64, float64 
[ 2023-08-25 11:22:41,690 ] 86 root - INFO - Hypothesis ag_003: float64, float64 
[ 2023-08-25 11:22:41,694 ] 86 root - INFO - Hypothesis ag_004: float64, float64 
[ 2023-08-25 11:22:41,701 ] 86 root - INFO - Hypothesis ag_005: float64, float64 
[ 2023-08-25 11:22:41,708 ] 86 root - INFO - Hypothesis ag_006: float64, float64 
[ 2023-08-25 11:22:41,716 ] 86 root - INFO - Hypothesis ag_007: float64, float64 
[ 2023-08-25 11:22:41,722 ] 86 root - INFO - Hypothesis ag_008: float64, float64 
[ 2023-08-25 11:22:41,728 ] 86 root - INFO - Hypothesis ag_009: float64, float64 
[ 2023-08-25 11:22:41,733 ] 86 root - INFO - Hypothesis ah_000: float64, float64 
[ 2023-08-25 11:22:41,740 ] 86 root - INFO - Hypothesis ai_000: float64, float64 
[ 2023-08-25 11:22:41,744 ] 86 root - INFO - Hypothesis aj_000: float64, float64 
[ 2023-08-25 11:22:41,748 ] 86 root - INFO - Hypothesis ak_000: float64, float64 
[ 2023-08-25 11:22:41,752 ] 86 root - INFO - Hypothesis al_000: float64, float64 
[ 2023-08-25 11:22:41,757 ] 86 root - INFO - Hypothesis am_0: float64, float64 
[ 2023-08-25 11:22:41,762 ] 86 root - INFO - Hypothesis an_000: float64, float64 
[ 2023-08-25 11:22:41,769 ] 86 root - INFO - Hypothesis ao_000: float64, float64 
[ 2023-08-25 11:22:41,776 ] 86 root - INFO - Hypothesis ap_000: float64, float64 
[ 2023-08-25 11:22:41,783 ] 86 root - INFO - Hypothesis aq_000: float64, float64 
[ 2023-08-25 11:22:41,790 ] 86 root - INFO - Hypothesis ar_000: float64, float64 
[ 2023-08-25 11:22:41,807 ] 86 root - INFO - Hypothesis as_000: float64, float64 
[ 2023-08-25 11:22:41,824 ] 86 root - INFO - Hypothesis at_000: float64, float64 
[ 2023-08-25 11:22:41,841 ] 86 root - INFO - Hypothesis au_000: float64, float64 
[ 2023-08-25 11:22:41,857 ] 86 root - INFO - Hypothesis av_000: float64, float64 
[ 2023-08-25 11:22:41,863 ] 86 root - INFO - Hypothesis ax_000: float64, float64 
[ 2023-08-25 11:22:41,869 ] 86 root - INFO - Hypothesis ay_000: float64, float64 
[ 2023-08-25 11:22:41,885 ] 86 root - INFO - Hypothesis ay_001: float64, float64 
[ 2023-08-25 11:22:41,901 ] 86 root - INFO - Hypothesis ay_002: float64, float64 
[ 2023-08-25 11:22:41,917 ] 86 root - INFO - Hypothesis ay_003: float64, float64 
[ 2023-08-25 11:22:41,933 ] 86 root - INFO - Hypothesis ay_004: float64, float64 
[ 2023-08-25 11:22:41,950 ] 86 root - INFO - Hypothesis ay_005: float64, float64 
[ 2023-08-25 11:22:41,955 ] 86 root - INFO - Hypothesis ay_006: float64, float64 
[ 2023-08-25 11:22:41,962 ] 86 root - INFO - Hypothesis ay_007: float64, float64 
[ 2023-08-25 11:22:41,969 ] 86 root - INFO - Hypothesis ay_008: float64, float64 
[ 2023-08-25 11:22:41,976 ] 86 root - INFO - Hypothesis ay_009: float64, float64 
[ 2023-08-25 11:22:41,992 ] 86 root - INFO - Hypothesis az_000: float64, float64 
[ 2023-08-25 11:22:41,999 ] 86 root - INFO - Hypothesis az_001: float64, float64 
[ 2023-08-25 11:22:42,005 ] 86 root - INFO - Hypothesis az_002: float64, float64 
[ 2023-08-25 11:22:42,012 ] 86 root - INFO - Hypothesis az_003: float64, float64 
[ 2023-08-25 11:22:42,019 ] 86 root - INFO - Hypothesis az_004: float64, float64 
[ 2023-08-25 11:22:42,026 ] 86 root - INFO - Hypothesis az_005: float64, float64 
[ 2023-08-25 11:22:42,033 ] 86 root - INFO - Hypothesis az_006: float64, float64 
[ 2023-08-25 11:22:42,039 ] 86 root - INFO - Hypothesis az_007: float64, float64 
[ 2023-08-25 11:22:42,044 ] 86 root - INFO - Hypothesis az_008: float64, float64 
[ 2023-08-25 11:22:42,060 ] 86 root - INFO - Hypothesis az_009: float64, float64 
[ 2023-08-25 11:22:42,077 ] 86 root - INFO - Hypothesis ba_000: float64, float64 
[ 2023-08-25 11:22:42,085 ] 86 root - INFO - Hypothesis ba_001: float64, float64 
[ 2023-08-25 11:22:42,092 ] 86 root - INFO - Hypothesis ba_002: float64, float64 
[ 2023-08-25 11:22:42,099 ] 86 root - INFO - Hypothesis ba_003: float64, float64 
[ 2023-08-25 11:22:42,106 ] 86 root - INFO - Hypothesis ba_004: float64, float64 
[ 2023-08-25 11:22:42,114 ] 86 root - INFO - Hypothesis ba_005: float64, float64 
[ 2023-08-25 11:22:42,120 ] 86 root - INFO - Hypothesis ba_006: float64, float64 
[ 2023-08-25 11:22:42,127 ] 86 root - INFO - Hypothesis ba_007: float64, float64 
[ 2023-08-25 11:22:42,134 ] 86 root - INFO - Hypothesis ba_008: float64, float64 
[ 2023-08-25 11:22:42,140 ] 86 root - INFO - Hypothesis ba_009: float64, float64 
[ 2023-08-25 11:22:42,144 ] 86 root - INFO - Hypothesis bb_000: float64, float64 
[ 2023-08-25 11:22:42,151 ] 86 root - INFO - Hypothesis bc_000: float64, float64 
[ 2023-08-25 11:22:42,157 ] 86 root - INFO - Hypothesis bd_000: float64, float64 
[ 2023-08-25 11:22:42,163 ] 86 root - INFO - Hypothesis be_000: float64, float64 
[ 2023-08-25 11:22:42,169 ] 86 root - INFO - Hypothesis bf_000: float64, float64 
[ 2023-08-25 11:22:42,174 ] 86 root - INFO - Hypothesis bg_000: float64, float64 
[ 2023-08-25 11:22:42,181 ] 86 root - INFO - Hypothesis bh_000: float64, float64 
[ 2023-08-25 11:22:42,188 ] 86 root - INFO - Hypothesis bi_000: float64, float64 
[ 2023-08-25 11:22:42,195 ] 86 root - INFO - Hypothesis bj_000: float64, float64 
[ 2023-08-25 11:22:42,202 ] 86 root - INFO - Hypothesis bs_000: float64, float64 
[ 2023-08-25 11:22:42,210 ] 86 root - INFO - Hypothesis bt_000: float64, float64 
[ 2023-08-25 11:22:42,217 ] 86 root - INFO - Hypothesis bu_000: float64, float64 
[ 2023-08-25 11:22:42,224 ] 86 root - INFO - Hypothesis bv_000: float64, float64 
[ 2023-08-25 11:22:42,231 ] 86 root - INFO - Hypothesis bx_000: float64, float64 
[ 2023-08-25 11:22:42,238 ] 86 root - INFO - Hypothesis by_000: float64, float64 
[ 2023-08-25 11:22:42,245 ] 86 root - INFO - Hypothesis bz_000: float64, float64 
[ 2023-08-25 11:22:42,251 ] 86 root - INFO - Hypothesis ca_000: float64, float64 
[ 2023-08-25 11:22:42,258 ] 86 root - INFO - Hypothesis cb_000: float64, float64 
[ 2023-08-25 11:22:42,265 ] 86 root - INFO - Hypothesis cc_000: float64, float64 
[ 2023-08-25 11:22:42,272 ] 86 root - INFO - Hypothesis cd_000: float64, float64 
[ 2023-08-25 11:22:42,288 ] 86 root - INFO - Hypothesis ce_000: float64, float64 
[ 2023-08-25 11:22:42,295 ] 86 root - INFO - Hypothesis ci_000: float64, float64 
[ 2023-08-25 11:22:42,302 ] 86 root - INFO - Hypothesis cj_000: float64, float64 
[ 2023-08-25 11:22:42,306 ] 86 root - INFO - Hypothesis ck_000: float64, float64 
[ 2023-08-25 11:22:42,313 ] 86 root - INFO - Hypothesis cl_000: float64, float64 
[ 2023-08-25 11:22:42,318 ] 86 root - INFO - Hypothesis cm_000: float64, float64 
[ 2023-08-25 11:22:42,323 ] 86 root - INFO - Hypothesis cn_000: float64, float64 
[ 2023-08-25 11:22:42,339 ] 86 root - INFO - Hypothesis cn_001: float64, float64 
[ 2023-08-25 11:22:42,343 ] 86 root - INFO - Hypothesis cn_002: float64, float64 
[ 2023-08-25 11:22:42,349 ] 86 root - INFO - Hypothesis cn_003: float64, float64 
[ 2023-08-25 11:22:42,356 ] 86 root - INFO - Hypothesis cn_004: float64, float64 
[ 2023-08-25 11:22:42,363 ] 86 root - INFO - Hypothesis cn_005: float64, float64 
[ 2023-08-25 11:22:42,370 ] 86 root - INFO - Hypothesis cn_006: float64, float64 
[ 2023-08-25 11:22:42,377 ] 86 root - INFO - Hypothesis cn_007: float64, float64 
[ 2023-08-25 11:22:42,384 ] 86 root - INFO - Hypothesis cn_008: float64, float64 
[ 2023-08-25 11:22:42,390 ] 86 root - INFO - Hypothesis cn_009: float64, float64 
[ 2023-08-25 11:22:42,395 ] 86 root - INFO - Hypothesis cp_000: float64, float64 
[ 2023-08-25 11:22:42,401 ] 86 root - INFO - Hypothesis cq_000: float64, float64 
[ 2023-08-25 11:22:42,408 ] 86 root - INFO - Hypothesis cs_000: float64, float64 
[ 2023-08-25 11:22:42,415 ] 86 root - INFO - Hypothesis cs_001: float64, float64 
[ 2023-08-25 11:22:42,422 ] 86 root - INFO - Hypothesis cs_002: float64, float64 
[ 2023-08-25 11:22:42,429 ] 86 root - INFO - Hypothesis cs_003: float64, float64 
[ 2023-08-25 11:22:42,436 ] 86 root - INFO - Hypothesis cs_004: float64, float64 
[ 2023-08-25 11:22:42,443 ] 86 root - INFO - Hypothesis cs_005: float64, float64 
[ 2023-08-25 11:22:42,450 ] 86 root - INFO - Hypothesis cs_006: float64, float64 
[ 2023-08-25 11:22:42,457 ] 86 root - INFO - Hypothesis cs_007: float64, float64 
[ 2023-08-25 11:22:42,464 ] 86 root - INFO - Hypothesis cs_008: float64, float64 
[ 2023-08-25 11:22:42,470 ] 86 root - INFO - Hypothesis cs_009: float64, float64 
[ 2023-08-25 11:22:42,486 ] 86 root - INFO - Hypothesis dd_000: float64, float64 
[ 2023-08-25 11:22:42,493 ] 86 root - INFO - Hypothesis de_000: float64, float64 
[ 2023-08-25 11:22:42,498 ] 86 root - INFO - Hypothesis df_000: float64, float64 
[ 2023-08-25 11:22:42,502 ] 86 root - INFO - Hypothesis dg_000: float64, float64 
[ 2023-08-25 11:22:42,506 ] 86 root - INFO - Hypothesis dh_000: float64, float64 
[ 2023-08-25 11:22:42,510 ] 86 root - INFO - Hypothesis di_000: float64, float64 
[ 2023-08-25 11:22:42,514 ] 86 root - INFO - Hypothesis dj_000: float64, float64 
[ 2023-08-25 11:22:42,531 ] 86 root - INFO - Hypothesis dk_000: float64, float64 
[ 2023-08-25 11:22:42,534 ] 86 root - INFO - Hypothesis dl_000: float64, float64 
[ 2023-08-25 11:22:42,551 ] 86 root - INFO - Hypothesis dm_000: float64, float64 
[ 2023-08-25 11:22:42,568 ] 86 root - INFO - Hypothesis dn_000: float64, float64 
[ 2023-08-25 11:22:42,575 ] 86 root - INFO - Hypothesis do_000: float64, float64 
[ 2023-08-25 11:22:42,582 ] 86 root - INFO - Hypothesis dp_000: float64, float64 
[ 2023-08-25 11:22:42,589 ] 86 root - INFO - Hypothesis dq_000: float64, float64 
[ 2023-08-25 11:22:42,594 ] 86 root - INFO - Hypothesis dr_000: float64, float64 
[ 2023-08-25 11:22:42,598 ] 86 root - INFO - Hypothesis ds_000: float64, float64 
[ 2023-08-25 11:22:42,605 ] 86 root - INFO - Hypothesis dt_000: float64, float64 
[ 2023-08-25 11:22:42,612 ] 86 root - INFO - Hypothesis du_000: float64, float64 
[ 2023-08-25 11:22:42,619 ] 86 root - INFO - Hypothesis dv_000: float64, float64 
[ 2023-08-25 11:22:42,626 ] 86 root - INFO - Hypothesis dx_000: float64, float64 
[ 2023-08-25 11:22:42,631 ] 86 root - INFO - Hypothesis dy_000: float64, float64 
[ 2023-08-25 11:22:42,635 ] 86 root - INFO - Hypothesis dz_000: float64, float64 
[ 2023-08-25 11:22:42,652 ] 86 root - INFO - Hypothesis ea_000: float64, float64 
[ 2023-08-25 11:22:42,669 ] 86 root - INFO - Hypothesis eb_000: float64, float64 
[ 2023-08-25 11:22:42,675 ] 86 root - INFO - Hypothesis ec_00: float64, float64 
[ 2023-08-25 11:22:42,681 ] 86 root - INFO - Hypothesis ed_000: float64, float64 
[ 2023-08-25 11:22:42,687 ] 86 root - INFO - Hypothesis ee_000: float64, float64 
[ 2023-08-25 11:22:42,695 ] 86 root - INFO - Hypothesis ee_001: float64, float64 
[ 2023-08-25 11:22:42,702 ] 86 root - INFO - Hypothesis ee_002: float64, float64 
[ 2023-08-25 11:22:42,709 ] 86 root - INFO - Hypothesis ee_003: float64, float64 
[ 2023-08-25 11:22:42,716 ] 86 root - INFO - Hypothesis ee_004: float64, float64 
[ 2023-08-25 11:22:42,723 ] 86 root - INFO - Hypothesis ee_005: float64, float64 
[ 2023-08-25 11:22:42,730 ] 86 root - INFO - Hypothesis ee_006: float64, float64 
[ 2023-08-25 11:22:42,737 ] 86 root - INFO - Hypothesis ee_007: float64, float64 
[ 2023-08-25 11:22:42,744 ] 86 root - INFO - Hypothesis ee_008: float64, float64 
[ 2023-08-25 11:22:42,750 ] 86 root - INFO - Hypothesis ee_009: float64, float64 
[ 2023-08-25 11:22:42,756 ] 86 root - INFO - Hypothesis ef_000: float64, float64 
[ 2023-08-25 11:22:42,773 ] 86 root - INFO - Hypothesis eg_000: float64, float64 
[ 2023-08-25 11:22:42,789 ] 143 root - INFO - Write reprt in yaml file
[ 2023-08-25 11:22:43,845 ] 66 root - INFO - Before resampling in training set Input: (28950, 170) Target:(28950,)
[ 2023-08-25 11:22:48,562 ] 68 root - INFO - After resampling in training set Input: (56152, 170) Target:(56152,)
[ 2023-08-25 11:22:48,562 ] 71 root - INFO - Before resampling in testing set Input: (7238, 170) Target:(7238,)
[ 2023-08-25 11:22:49,103 ] 73 root - INFO - After resampling in testing set Input: (14072, 170) Target:(14072,)
[ 2023-08-25 11:22:49,236 ] 53 root - INFO - Entered te save object method of Main utils class
[ 2023-08-25 11:22:49,239 ] 57 root - INFO - exited the save object method of Main utils class
[ 2023-08-25 11:22:49,239 ] 53 root - INFO - Entered te save object method of Main utils class
[ 2023-08-25 11:22:49,240 ] 57 root - INFO - exited the save object method of Main utils class
[ 2023-08-25 11:22:49,240 ] 91 root - INFO - Data transformation object DataTransformationArtifact(transform_object_path='/config/workspace/artifact/08252023__11_22_23/data_transformation/transformer/transformer.pkl', transformed_train_path='/config/workspace/artifact/08252023__11_22_23/data_transformation/transformed/train.npz', transformed_test_path='/config/workspace/artifact/08252023__11_22_23/data_transformation/transformed/test.npz', target_encoder_path='/config/workspace/artifact/08252023__11_22_23/data_transformation/target_encoder/target_encoder.pkl')
