[ 2023-08-25 11:30:24,555 ] 20 root - INFO - exporting data as pandas dataframe
[ 2023-08-25 11:30:24,555 ] 21 root - INFO - Reading data from database: aps and collection: sensor
[ 2023-08-25 11:30:28,247 ] 23 root - INFO - Found Columns: Index(['_id', 'class', 'aa_000', 'ab_000', 'ac_000', 'ad_000', 'ae_000',
       'af_000', 'ag_000', 'ag_001',
       ...
       'ee_002', 'ee_003', 'ee_004', 'ee_005', 'ee_006', 'ee_007', 'ee_008',
       'ee_009', 'ef_000', 'eg_000'],
      dtype='object', length=172)
[ 2023-08-25 11:30:28,247 ] 25 root - INFO - Dropping column: _id
[ 2023-08-25 11:30:28,503 ] 27 root - INFO - row and columnns in df: (36188, 171)
[ 2023-08-25 11:30:28,503 ] 25 root - INFO - save data in feature store
[ 2023-08-25 11:30:32,260 ] 35 root - INFO - split dataset into train and test set
[ 2023-08-25 11:30:32,645 ] 39 root - INFO - create dataset directory folder if not available
[ 2023-08-25 11:30:32,645 ] 46 root - INFO - Save df to feature store folder
[ 2023-08-25 11:30:34,641 ] 59 root - INFO - Data ingestion artifact: DataIngestionArtifact(feature_store_file_path='/config/workspace/artifact/08252023__11_30_24/data_ingestion/feature_store/sensor.csv', train_file_path='/config/workspace/artifact/08252023__11_30_24/data_ingestion/dataset/train.csv', test_file_path='/config/workspace/artifact/08252023__11_30_24/data_ingestion/dataset/test.csv')
[ 2023-08-25 11:30:35,171 ] 20 root - INFO - >>>>>>>>>>>>>>>>>>>>>>>>>>>>>>>>>>>>>>>> Data Validation <<<<<<<<<<<<<<<<<<<<<<<<<<<<<<<<<<<<<<<<
[ 2023-08-25 11:30:35,171 ] 107 root - INFO - Reading base dataframe
[ 2023-08-25 11:30:37,546 ] 110 root - INFO - Replace na value in base df
[ 2023-08-25 11:30:37,783 ] 61 root - INFO - selecting column name which contains null above to 0.2
[ 2023-08-25 11:30:37,784 ] 64 root - INFO - Columns to drop: ['ab_000', 'ad_000', 'bk_000', 'bl_000', 'bm_000', 'bn_000', 'bo_000', 'bp_000', 'bq_000', 'br_000', 'cf_000', 'cg_000', 'ch_000', 'co_000', 'cr_000', 'ct_000', 'cu_000', 'cv_000', 'cx_000', 'cy_000', 'cz_000', 'da_000', 'db_000', 'dc_000']
[ 2023-08-25 11:30:37,877 ] 115 root - INFO - Reading train dataframe
[ 2023-08-25 11:30:38,302 ] 117 root - INFO - Reading test dataframe
[ 2023-08-25 11:30:38,416 ] 120 root - INFO - Drop null values colums from train df
[ 2023-08-25 11:30:38,424 ] 61 root - INFO - selecting column name which contains null above to 0.2
[ 2023-08-25 11:30:38,425 ] 64 root - INFO - Columns to drop: ['ab_000', 'ad_000', 'bk_000', 'bl_000', 'bm_000', 'bn_000', 'bo_000', 'bp_000', 'bq_000', 'br_000', 'cf_000', 'cg_000', 'ch_000', 'co_000', 'cr_000', 'ct_000', 'cu_000', 'cv_000', 'cx_000', 'cy_000', 'cz_000', 'da_000', 'db_000', 'dc_000']
[ 2023-08-25 11:30:38,434 ] 122 root - INFO - Drop null values colums from test df
[ 2023-08-25 11:30:38,438 ] 61 root - INFO - selecting column name which contains null above to 0.2
[ 2023-08-25 11:30:38,438 ] 64 root - INFO - Columns to drop: ['ab_000', 'ad_000', 'bk_000', 'bl_000', 'bm_000', 'bn_000', 'bo_000', 'bp_000', 'bq_000', 'br_000', 'cf_000', 'cg_000', 'ch_000', 'co_000', 'cr_000', 'ct_000', 'cu_000', 'cv_000', 'cx_000', 'cy_000', 'cz_000', 'da_000', 'db_000', 'dc_000']
[ 2023-08-25 11:30:39,296 ] 130 root - INFO - Is all required columns present in train df
[ 2023-08-25 11:30:39,297 ] 132 root - INFO - Is all required columns present in test df
[ 2023-08-25 11:30:39,297 ] 136 root - INFO - As all column are available in train df hence detecting data drift
[ 2023-08-25 11:30:39,297 ] 86 root - INFO - Hypothesis class: object, object 
[ 2023-08-25 11:30:39,444 ] 86 root - INFO - Hypothesis aa_000: float64, float64 
[ 2023-08-25 11:30:39,454 ] 86 root - INFO - Hypothesis ac_000: float64, float64 
[ 2023-08-25 11:30:39,497 ] 86 root - INFO - Hypothesis ae_000: float64, float64 
[ 2023-08-25 11:30:39,537 ] 86 root - INFO - Hypothesis af_000: float64, float64 
[ 2023-08-25 11:30:39,578 ] 86 root - INFO - Hypothesis ag_000: float64, float64 
[ 2023-08-25 11:30:39,619 ] 86 root - INFO - Hypothesis ag_001: float64, float64 
[ 2023-08-25 11:30:39,658 ] 86 root - INFO - Hypothesis ag_002: float64, float64 
[ 2023-08-25 11:30:39,697 ] 86 root - INFO - Hypothesis ag_003: float64, float64 
[ 2023-08-25 11:30:39,704 ] 86 root - INFO - Hypothesis ag_004: float64, float64 
[ 2023-08-25 11:30:39,714 ] 86 root - INFO - Hypothesis ag_005: float64, float64 
[ 2023-08-25 11:30:39,725 ] 86 root - INFO - Hypothesis ag_006: float64, float64 
[ 2023-08-25 11:30:39,735 ] 86 root - INFO - Hypothesis ag_007: float64, float64 
[ 2023-08-25 11:30:39,744 ] 86 root - INFO - Hypothesis ag_008: float64, float64 
[ 2023-08-25 11:30:39,753 ] 86 root - INFO - Hypothesis ag_009: float64, float64 
[ 2023-08-25 11:30:39,760 ] 86 root - INFO - Hypothesis ah_000: float64, float64 
[ 2023-08-25 11:30:39,770 ] 86 root - INFO - Hypothesis ai_000: float64, float64 
[ 2023-08-25 11:30:39,811 ] 86 root - INFO - Hypothesis aj_000: float64, float64 
[ 2023-08-25 11:30:39,817 ] 86 root - INFO - Hypothesis ak_000: float64, float64 
[ 2023-08-25 11:30:39,858 ] 86 root - INFO - Hypothesis al_000: float64, float64 
[ 2023-08-25 11:30:39,866 ] 86 root - INFO - Hypothesis am_0: float64, float64 
[ 2023-08-25 11:30:39,873 ] 86 root - INFO - Hypothesis an_000: float64, float64 
[ 2023-08-25 11:30:39,883 ] 86 root - INFO - Hypothesis ao_000: float64, float64 
[ 2023-08-25 11:30:39,894 ] 86 root - INFO - Hypothesis ap_000: float64, float64 
[ 2023-08-25 11:30:39,904 ] 86 root - INFO - Hypothesis aq_000: float64, float64 
[ 2023-08-25 11:30:39,914 ] 86 root - INFO - Hypothesis ar_000: float64, float64 
[ 2023-08-25 11:30:39,954 ] 86 root - INFO - Hypothesis as_000: float64, float64 
[ 2023-08-25 11:30:39,993 ] 86 root - INFO - Hypothesis at_000: float64, float64 
[ 2023-08-25 11:30:40,033 ] 86 root - INFO - Hypothesis au_000: float64, float64 
[ 2023-08-25 11:30:40,071 ] 86 root - INFO - Hypothesis av_000: float64, float64 
[ 2023-08-25 11:30:40,080 ] 86 root - INFO - Hypothesis ax_000: float64, float64 
[ 2023-08-25 11:30:40,088 ] 86 root - INFO - Hypothesis ay_000: float64, float64 
[ 2023-08-25 11:30:40,128 ] 86 root - INFO - Hypothesis ay_001: float64, float64 
[ 2023-08-25 11:30:40,167 ] 86 root - INFO - Hypothesis ay_002: float64, float64 
[ 2023-08-25 11:30:40,206 ] 86 root - INFO - Hypothesis ay_003: float64, float64 
[ 2023-08-25 11:30:40,245 ] 86 root - INFO - Hypothesis ay_004: float64, float64 
[ 2023-08-25 11:30:40,284 ] 86 root - INFO - Hypothesis ay_005: float64, float64 
[ 2023-08-25 11:30:40,326 ] 86 root - INFO - Hypothesis ay_006: float64, float64 
[ 2023-08-25 11:30:40,336 ] 86 root - INFO - Hypothesis ay_007: float64, float64 
[ 2023-08-25 11:30:40,346 ] 86 root - INFO - Hypothesis ay_008: float64, float64 
[ 2023-08-25 11:30:40,356 ] 86 root - INFO - Hypothesis ay_009: float64, float64 
[ 2023-08-25 11:30:40,395 ] 86 root - INFO - Hypothesis az_000: float64, float64 
[ 2023-08-25 11:30:40,405 ] 86 root - INFO - Hypothesis az_001: float64, float64 
[ 2023-08-25 11:30:40,414 ] 86 root - INFO - Hypothesis az_002: float64, float64 
[ 2023-08-25 11:30:40,424 ] 86 root - INFO - Hypothesis az_003: float64, float64 
[ 2023-08-25 11:30:40,434 ] 86 root - INFO - Hypothesis az_004: float64, float64 
[ 2023-08-25 11:30:40,444 ] 86 root - INFO - Hypothesis az_005: float64, float64 
[ 2023-08-25 11:30:40,454 ] 86 root - INFO - Hypothesis az_006: float64, float64 
[ 2023-08-25 11:30:40,500 ] 86 root - INFO - Hypothesis az_007: float64, float64 
[ 2023-08-25 11:30:40,541 ] 86 root - INFO - Hypothesis az_008: float64, float64 
[ 2023-08-25 11:30:40,583 ] 86 root - INFO - Hypothesis az_009: float64, float64 
[ 2023-08-25 11:30:40,622 ] 86 root - INFO - Hypothesis ba_000: float64, float64 
[ 2023-08-25 11:30:40,632 ] 86 root - INFO - Hypothesis ba_001: float64, float64 
[ 2023-08-25 11:30:40,643 ] 86 root - INFO - Hypothesis ba_002: float64, float64 
[ 2023-08-25 11:30:40,653 ] 86 root - INFO - Hypothesis ba_003: float64, float64 
[ 2023-08-25 11:30:40,665 ] 86 root - INFO - Hypothesis ba_004: float64, float64 
[ 2023-08-25 11:30:40,675 ] 86 root - INFO - Hypothesis ba_005: float64, float64 
[ 2023-08-25 11:30:40,685 ] 86 root - INFO - Hypothesis ba_006: float64, float64 
[ 2023-08-25 11:30:40,695 ] 86 root - INFO - Hypothesis ba_007: float64, float64 
[ 2023-08-25 11:30:40,705 ] 86 root - INFO - Hypothesis ba_008: float64, float64 
[ 2023-08-25 11:30:40,748 ] 86 root - INFO - Hypothesis ba_009: float64, float64 
[ 2023-08-25 11:30:40,789 ] 86 root - INFO - Hypothesis bb_000: float64, float64 
[ 2023-08-25 11:30:40,799 ] 86 root - INFO - Hypothesis bc_000: float64, float64 
[ 2023-08-25 11:30:40,842 ] 86 root - INFO - Hypothesis bd_000: float64, float64 
[ 2023-08-25 11:30:40,851 ] 86 root - INFO - Hypothesis be_000: float64, float64 
[ 2023-08-25 11:30:40,859 ] 86 root - INFO - Hypothesis bf_000: float64, float64 
[ 2023-08-25 11:30:40,866 ] 86 root - INFO - Hypothesis bg_000: float64, float64 
[ 2023-08-25 11:30:40,877 ] 86 root - INFO - Hypothesis bh_000: float64, float64 
[ 2023-08-25 11:30:40,887 ] 86 root - INFO - Hypothesis bi_000: float64, float64 
[ 2023-08-25 11:30:40,897 ] 86 root - INFO - Hypothesis bj_000: float64, float64 
[ 2023-08-25 11:30:40,908 ] 86 root - INFO - Hypothesis bs_000: float64, float64 
[ 2023-08-25 11:30:40,918 ] 86 root - INFO - Hypothesis bt_000: float64, float64 
[ 2023-08-25 11:30:40,929 ] 86 root - INFO - Hypothesis bu_000: float64, float64 
[ 2023-08-25 11:30:40,939 ] 86 root - INFO - Hypothesis bv_000: float64, float64 
[ 2023-08-25 11:30:40,949 ] 86 root - INFO - Hypothesis bx_000: float64, float64 
[ 2023-08-25 11:30:40,959 ] 86 root - INFO - Hypothesis by_000: float64, float64 
[ 2023-08-25 11:30:40,969 ] 86 root - INFO - Hypothesis bz_000: float64, float64 
[ 2023-08-25 11:30:40,978 ] 86 root - INFO - Hypothesis ca_000: float64, float64 
[ 2023-08-25 11:30:40,989 ] 86 root - INFO - Hypothesis cb_000: float64, float64 
[ 2023-08-25 11:30:40,999 ] 86 root - INFO - Hypothesis cc_000: float64, float64 
[ 2023-08-25 11:30:41,010 ] 86 root - INFO - Hypothesis cd_000: float64, float64 
[ 2023-08-25 11:30:41,049 ] 86 root - INFO - Hypothesis ce_000: float64, float64 
[ 2023-08-25 11:30:41,059 ] 86 root - INFO - Hypothesis ci_000: float64, float64 
[ 2023-08-25 11:30:41,069 ] 86 root - INFO - Hypothesis cj_000: float64, float64 
[ 2023-08-25 11:30:41,110 ] 86 root - INFO - Hypothesis ck_000: float64, float64 
[ 2023-08-25 11:30:41,121 ] 86 root - INFO - Hypothesis cl_000: float64, float64 
[ 2023-08-25 11:30:41,127 ] 86 root - INFO - Hypothesis cm_000: float64, float64 
[ 2023-08-25 11:30:41,134 ] 86 root - INFO - Hypothesis cn_000: float64, float64 
[ 2023-08-25 11:30:41,173 ] 86 root - INFO - Hypothesis cn_001: float64, float64 
[ 2023-08-25 11:30:41,214 ] 86 root - INFO - Hypothesis cn_002: float64, float64 
[ 2023-08-25 11:30:41,222 ] 86 root - INFO - Hypothesis cn_003: float64, float64 
[ 2023-08-25 11:30:41,233 ] 86 root - INFO - Hypothesis cn_004: float64, float64 
[ 2023-08-25 11:30:41,243 ] 86 root - INFO - Hypothesis cn_005: float64, float64 
[ 2023-08-25 11:30:41,253 ] 86 root - INFO - Hypothesis cn_006: float64, float64 
[ 2023-08-25 11:30:41,263 ] 86 root - INFO - Hypothesis cn_007: float64, float64 
[ 2023-08-25 11:30:41,273 ] 86 root - INFO - Hypothesis cn_008: float64, float64 
[ 2023-08-25 11:30:41,282 ] 86 root - INFO - Hypothesis cn_009: float64, float64 
[ 2023-08-25 11:30:41,324 ] 86 root - INFO - Hypothesis cp_000: float64, float64 
[ 2023-08-25 11:30:41,367 ] 86 root - INFO - Hypothesis cq_000: float64, float64 
[ 2023-08-25 11:30:41,378 ] 86 root - INFO - Hypothesis cs_000: float64, float64 
[ 2023-08-25 11:30:41,388 ] 86 root - INFO - Hypothesis cs_001: float64, float64 
[ 2023-08-25 11:30:41,397 ] 86 root - INFO - Hypothesis cs_002: float64, float64 
[ 2023-08-25 11:30:41,408 ] 86 root - INFO - Hypothesis cs_003: float64, float64 
[ 2023-08-25 11:30:41,418 ] 86 root - INFO - Hypothesis cs_004: float64, float64 
[ 2023-08-25 11:30:41,428 ] 86 root - INFO - Hypothesis cs_005: float64, float64 
[ 2023-08-25 11:30:41,439 ] 86 root - INFO - Hypothesis cs_006: float64, float64 
[ 2023-08-25 11:30:41,449 ] 86 root - INFO - Hypothesis cs_007: float64, float64 
[ 2023-08-25 11:30:41,459 ] 86 root - INFO - Hypothesis cs_008: float64, float64 
[ 2023-08-25 11:30:41,501 ] 86 root - INFO - Hypothesis cs_009: float64, float64 
[ 2023-08-25 11:30:41,540 ] 86 root - INFO - Hypothesis dd_000: float64, float64 
[ 2023-08-25 11:30:41,550 ] 86 root - INFO - Hypothesis de_000: float64, float64 
[ 2023-08-25 11:30:41,558 ] 86 root - INFO - Hypothesis df_000: float64, float64 
[ 2023-08-25 11:30:41,598 ] 86 root - INFO - Hypothesis dg_000: float64, float64 
[ 2023-08-25 11:30:41,641 ] 86 root - INFO - Hypothesis dh_000: float64, float64 
[ 2023-08-25 11:30:41,647 ] 86 root - INFO - Hypothesis di_000: float64, float64 
[ 2023-08-25 11:30:41,689 ] 86 root - INFO - Hypothesis dj_000: float64, float64 
[ 2023-08-25 11:30:41,728 ] 86 root - INFO - Hypothesis dk_000: float64, float64 
[ 2023-08-25 11:30:41,768 ] 86 root - INFO - Hypothesis dl_000: float64, float64 
[ 2023-08-25 11:30:41,807 ] 86 root - INFO - Hypothesis dm_000: float64, float64 
[ 2023-08-25 11:30:41,847 ] 86 root - INFO - Hypothesis dn_000: float64, float64 
[ 2023-08-25 11:30:41,858 ] 86 root - INFO - Hypothesis do_000: float64, float64 
[ 2023-08-25 11:30:41,867 ] 86 root - INFO - Hypothesis dp_000: float64, float64 
[ 2023-08-25 11:30:41,876 ] 86 root - INFO - Hypothesis dq_000: float64, float64 
[ 2023-08-25 11:30:41,917 ] 86 root - INFO - Hypothesis dr_000: float64, float64 
[ 2023-08-25 11:30:41,958 ] 86 root - INFO - Hypothesis ds_000: float64, float64 
[ 2023-08-25 11:30:41,969 ] 86 root - INFO - Hypothesis dt_000: float64, float64 
[ 2023-08-25 11:30:41,978 ] 86 root - INFO - Hypothesis du_000: float64, float64 
[ 2023-08-25 11:30:41,988 ] 86 root - INFO - Hypothesis dv_000: float64, float64 
[ 2023-08-25 11:30:41,998 ] 86 root - INFO - Hypothesis dx_000: float64, float64 
[ 2023-08-25 11:30:42,042 ] 86 root - INFO - Hypothesis dy_000: float64, float64 
[ 2023-08-25 11:30:42,083 ] 86 root - INFO - Hypothesis dz_000: float64, float64 
[ 2023-08-25 11:30:42,122 ] 86 root - INFO - Hypothesis ea_000: float64, float64 
[ 2023-08-25 11:30:42,162 ] 86 root - INFO - Hypothesis eb_000: float64, float64 
[ 2023-08-25 11:30:42,170 ] 86 root - INFO - Hypothesis ec_00: float64, float64 
[ 2023-08-25 11:30:42,180 ] 86 root - INFO - Hypothesis ed_000: float64, float64 
[ 2023-08-25 11:30:42,189 ] 86 root - INFO - Hypothesis ee_000: float64, float64 
[ 2023-08-25 11:30:42,199 ] 86 root - INFO - Hypothesis ee_001: float64, float64 
[ 2023-08-25 11:30:42,210 ] 86 root - INFO - Hypothesis ee_002: float64, float64 
[ 2023-08-25 11:30:42,220 ] 86 root - INFO - Hypothesis ee_003: float64, float64 
[ 2023-08-25 11:30:42,230 ] 86 root - INFO - Hypothesis ee_004: float64, float64 
[ 2023-08-25 11:30:42,240 ] 86 root - INFO - Hypothesis ee_005: float64, float64 
[ 2023-08-25 11:30:42,250 ] 86 root - INFO - Hypothesis ee_006: float64, float64 
[ 2023-08-25 11:30:42,260 ] 86 root - INFO - Hypothesis ee_007: float64, float64 
[ 2023-08-25 11:30:42,270 ] 86 root - INFO - Hypothesis ee_008: float64, float64 
[ 2023-08-25 11:30:42,279 ] 86 root - INFO - Hypothesis ee_009: float64, float64 
[ 2023-08-25 11:30:42,287 ] 86 root - INFO - Hypothesis ef_000: float64, float64 
[ 2023-08-25 11:30:42,325 ] 86 root - INFO - Hypothesis eg_000: float64, float64 
[ 2023-08-25 11:30:42,364 ] 140 root - INFO - As all column are available in test df hence detecting data drift
[ 2023-08-25 11:30:42,365 ] 86 root - INFO - Hypothesis class: object, object 
[ 2023-08-25 11:30:42,446 ] 86 root - INFO - Hypothesis aa_000: float64, float64 
[ 2023-08-25 11:30:42,453 ] 86 root - INFO - Hypothesis ac_000: float64, float64 
[ 2023-08-25 11:30:42,459 ] 86 root - INFO - Hypothesis ae_000: float64, float64 
[ 2023-08-25 11:30:42,476 ] 86 root - INFO - Hypothesis af_000: float64, float64 
[ 2023-08-25 11:30:42,493 ] 86 root - INFO - Hypothesis ag_000: float64, float64 
[ 2023-08-25 11:30:42,509 ] 86 root - INFO - Hypothesis ag_001: float64, float64 
[ 2023-08-25 11:30:42,525 ] 86 root - INFO - Hypothesis ag_002: float64, float64 
[ 2023-08-25 11:30:42,529 ] 86 root - INFO - Hypothesis ag_003: float64, float64 
[ 2023-08-25 11:30:42,533 ] 86 root - INFO - Hypothesis ag_004: float64, float64 
[ 2023-08-25 11:30:42,540 ] 86 root - INFO - Hypothesis ag_005: float64, float64 
[ 2023-08-25 11:30:42,547 ] 86 root - INFO - Hypothesis ag_006: float64, float64 
[ 2023-08-25 11:30:42,555 ] 86 root - INFO - Hypothesis ag_007: float64, float64 
[ 2023-08-25 11:30:42,561 ] 86 root - INFO - Hypothesis ag_008: float64, float64 
[ 2023-08-25 11:30:42,567 ] 86 root - INFO - Hypothesis ag_009: float64, float64 
[ 2023-08-25 11:30:42,572 ] 86 root - INFO - Hypothesis ah_000: float64, float64 
[ 2023-08-25 11:30:42,579 ] 86 root - INFO - Hypothesis ai_000: float64, float64 
[ 2023-08-25 11:30:42,583 ] 86 root - INFO - Hypothesis aj_000: float64, float64 
[ 2023-08-25 11:30:42,587 ] 86 root - INFO - Hypothesis ak_000: float64, float64 
[ 2023-08-25 11:30:42,590 ] 86 root - INFO - Hypothesis al_000: float64, float64 
[ 2023-08-25 11:30:42,596 ] 86 root - INFO - Hypothesis am_0: float64, float64 
[ 2023-08-25 11:30:42,601 ] 86 root - INFO - Hypothesis an_000: float64, float64 
[ 2023-08-25 11:30:42,611 ] 86 root - INFO - Hypothesis ao_000: float64, float64 
[ 2023-08-25 11:30:42,619 ] 86 root - INFO - Hypothesis ap_000: float64, float64 
[ 2023-08-25 11:30:42,628 ] 86 root - INFO - Hypothesis aq_000: float64, float64 
[ 2023-08-25 11:30:42,636 ] 86 root - INFO - Hypothesis ar_000: float64, float64 
[ 2023-08-25 11:30:42,655 ] 86 root - INFO - Hypothesis as_000: float64, float64 
[ 2023-08-25 11:30:42,672 ] 86 root - INFO - Hypothesis at_000: float64, float64 
[ 2023-08-25 11:30:42,693 ] 86 root - INFO - Hypothesis au_000: float64, float64 
[ 2023-08-25 11:30:42,710 ] 86 root - INFO - Hypothesis av_000: float64, float64 
[ 2023-08-25 11:30:42,716 ] 86 root - INFO - Hypothesis ax_000: float64, float64 
[ 2023-08-25 11:30:42,722 ] 86 root - INFO - Hypothesis ay_000: float64, float64 
[ 2023-08-25 11:30:42,738 ] 86 root - INFO - Hypothesis ay_001: float64, float64 
[ 2023-08-25 11:30:42,754 ] 86 root - INFO - Hypothesis ay_002: float64, float64 
[ 2023-08-25 11:30:42,771 ] 86 root - INFO - Hypothesis ay_003: float64, float64 
[ 2023-08-25 11:30:42,787 ] 86 root - INFO - Hypothesis ay_004: float64, float64 
[ 2023-08-25 11:30:42,803 ] 86 root - INFO - Hypothesis ay_005: float64, float64 
[ 2023-08-25 11:30:42,809 ] 86 root - INFO - Hypothesis ay_006: float64, float64 
[ 2023-08-25 11:30:42,815 ] 86 root - INFO - Hypothesis ay_007: float64, float64 
[ 2023-08-25 11:30:42,822 ] 86 root - INFO - Hypothesis ay_008: float64, float64 
[ 2023-08-25 11:30:42,829 ] 86 root - INFO - Hypothesis ay_009: float64, float64 
[ 2023-08-25 11:30:42,845 ] 86 root - INFO - Hypothesis az_000: float64, float64 
[ 2023-08-25 11:30:42,852 ] 86 root - INFO - Hypothesis az_001: float64, float64 
[ 2023-08-25 11:30:42,858 ] 86 root - INFO - Hypothesis az_002: float64, float64 
[ 2023-08-25 11:30:42,865 ] 86 root - INFO - Hypothesis az_003: float64, float64 
[ 2023-08-25 11:30:42,872 ] 86 root - INFO - Hypothesis az_004: float64, float64 
[ 2023-08-25 11:30:42,879 ] 86 root - INFO - Hypothesis az_005: float64, float64 
[ 2023-08-25 11:30:42,886 ] 86 root - INFO - Hypothesis az_006: float64, float64 
[ 2023-08-25 11:30:42,892 ] 86 root - INFO - Hypothesis az_007: float64, float64 
[ 2023-08-25 11:30:42,896 ] 86 root - INFO - Hypothesis az_008: float64, float64 
[ 2023-08-25 11:30:42,913 ] 86 root - INFO - Hypothesis az_009: float64, float64 
[ 2023-08-25 11:30:42,930 ] 86 root - INFO - Hypothesis ba_000: float64, float64 
[ 2023-08-25 11:30:42,937 ] 86 root - INFO - Hypothesis ba_001: float64, float64 
[ 2023-08-25 11:30:42,944 ] 86 root - INFO - Hypothesis ba_002: float64, float64 
[ 2023-08-25 11:30:42,951 ] 86 root - INFO - Hypothesis ba_003: float64, float64 
[ 2023-08-25 11:30:42,958 ] 86 root - INFO - Hypothesis ba_004: float64, float64 
[ 2023-08-25 11:30:42,965 ] 86 root - INFO - Hypothesis ba_005: float64, float64 
[ 2023-08-25 11:30:42,972 ] 86 root - INFO - Hypothesis ba_006: float64, float64 
[ 2023-08-25 11:30:42,979 ] 86 root - INFO - Hypothesis ba_007: float64, float64 
[ 2023-08-25 11:30:42,986 ] 86 root - INFO - Hypothesis ba_008: float64, float64 
[ 2023-08-25 11:30:42,991 ] 86 root - INFO - Hypothesis ba_009: float64, float64 
[ 2023-08-25 11:30:42,996 ] 86 root - INFO - Hypothesis bb_000: float64, float64 
[ 2023-08-25 11:30:43,003 ] 86 root - INFO - Hypothesis bc_000: float64, float64 
[ 2023-08-25 11:30:43,008 ] 86 root - INFO - Hypothesis bd_000: float64, float64 
[ 2023-08-25 11:30:43,014 ] 86 root - INFO - Hypothesis be_000: float64, float64 
[ 2023-08-25 11:30:43,020 ] 86 root - INFO - Hypothesis bf_000: float64, float64 
[ 2023-08-25 11:30:43,025 ] 86 root - INFO - Hypothesis bg_000: float64, float64 
[ 2023-08-25 11:30:43,032 ] 86 root - INFO - Hypothesis bh_000: float64, float64 
[ 2023-08-25 11:30:43,039 ] 86 root - INFO - Hypothesis bi_000: float64, float64 
[ 2023-08-25 11:30:43,046 ] 86 root - INFO - Hypothesis bj_000: float64, float64 
[ 2023-08-25 11:30:43,054 ] 86 root - INFO - Hypothesis bs_000: float64, float64 
[ 2023-08-25 11:30:43,061 ] 86 root - INFO - Hypothesis bt_000: float64, float64 
[ 2023-08-25 11:30:43,068 ] 86 root - INFO - Hypothesis bu_000: float64, float64 
[ 2023-08-25 11:30:43,075 ] 86 root - INFO - Hypothesis bv_000: float64, float64 
[ 2023-08-25 11:30:43,082 ] 86 root - INFO - Hypothesis bx_000: float64, float64 
[ 2023-08-25 11:30:43,089 ] 86 root - INFO - Hypothesis by_000: float64, float64 
[ 2023-08-25 11:30:43,096 ] 86 root - INFO - Hypothesis bz_000: float64, float64 
[ 2023-08-25 11:30:43,102 ] 86 root - INFO - Hypothesis ca_000: float64, float64 
[ 2023-08-25 11:30:43,110 ] 86 root - INFO - Hypothesis cb_000: float64, float64 
[ 2023-08-25 11:30:43,117 ] 86 root - INFO - Hypothesis cc_000: float64, float64 
[ 2023-08-25 11:30:43,124 ] 86 root - INFO - Hypothesis cd_000: float64, float64 
[ 2023-08-25 11:30:43,141 ] 86 root - INFO - Hypothesis ce_000: float64, float64 
[ 2023-08-25 11:30:43,148 ] 86 root - INFO - Hypothesis ci_000: float64, float64 
[ 2023-08-25 11:30:43,155 ] 86 root - INFO - Hypothesis cj_000: float64, float64 
[ 2023-08-25 11:30:43,159 ] 86 root - INFO - Hypothesis ck_000: float64, float64 
[ 2023-08-25 11:30:43,166 ] 86 root - INFO - Hypothesis cl_000: float64, float64 
[ 2023-08-25 11:30:43,171 ] 86 root - INFO - Hypothesis cm_000: float64, float64 
[ 2023-08-25 11:30:43,176 ] 86 root - INFO - Hypothesis cn_000: float64, float64 
[ 2023-08-25 11:30:43,193 ] 86 root - INFO - Hypothesis cn_001: float64, float64 
[ 2023-08-25 11:30:43,197 ] 86 root - INFO - Hypothesis cn_002: float64, float64 
[ 2023-08-25 11:30:43,202 ] 86 root - INFO - Hypothesis cn_003: float64, float64 
[ 2023-08-25 11:30:43,210 ] 86 root - INFO - Hypothesis cn_004: float64, float64 
[ 2023-08-25 11:30:43,217 ] 86 root - INFO - Hypothesis cn_005: float64, float64 
[ 2023-08-25 11:30:43,224 ] 86 root - INFO - Hypothesis cn_006: float64, float64 
[ 2023-08-25 11:30:43,231 ] 86 root - INFO - Hypothesis cn_007: float64, float64 
[ 2023-08-25 11:30:43,237 ] 86 root - INFO - Hypothesis cn_008: float64, float64 
[ 2023-08-25 11:30:43,243 ] 86 root - INFO - Hypothesis cn_009: float64, float64 
[ 2023-08-25 11:30:43,249 ] 86 root - INFO - Hypothesis cp_000: float64, float64 
[ 2023-08-25 11:30:43,254 ] 86 root - INFO - Hypothesis cq_000: float64, float64 
[ 2023-08-25 11:30:43,261 ] 86 root - INFO - Hypothesis cs_000: float64, float64 
[ 2023-08-25 11:30:43,268 ] 86 root - INFO - Hypothesis cs_001: float64, float64 
[ 2023-08-25 11:30:43,274 ] 86 root - INFO - Hypothesis cs_002: float64, float64 
[ 2023-08-25 11:30:43,281 ] 86 root - INFO - Hypothesis cs_003: float64, float64 
[ 2023-08-25 11:30:43,288 ] 86 root - INFO - Hypothesis cs_004: float64, float64 
[ 2023-08-25 11:30:43,295 ] 86 root - INFO - Hypothesis cs_005: float64, float64 
[ 2023-08-25 11:30:43,302 ] 86 root - INFO - Hypothesis cs_006: float64, float64 
[ 2023-08-25 11:30:43,309 ] 86 root - INFO - Hypothesis cs_007: float64, float64 
[ 2023-08-25 11:30:43,317 ] 86 root - INFO - Hypothesis cs_008: float64, float64 
[ 2023-08-25 11:30:43,322 ] 86 root - INFO - Hypothesis cs_009: float64, float64 
[ 2023-08-25 11:30:43,339 ] 86 root - INFO - Hypothesis dd_000: float64, float64 
[ 2023-08-25 11:30:43,345 ] 86 root - INFO - Hypothesis de_000: float64, float64 
[ 2023-08-25 11:30:43,351 ] 86 root - INFO - Hypothesis df_000: float64, float64 
[ 2023-08-25 11:30:43,355 ] 86 root - INFO - Hypothesis dg_000: float64, float64 
[ 2023-08-25 11:30:43,358 ] 86 root - INFO - Hypothesis dh_000: float64, float64 
[ 2023-08-25 11:30:43,362 ] 86 root - INFO - Hypothesis di_000: float64, float64 
[ 2023-08-25 11:30:43,367 ] 86 root - INFO - Hypothesis dj_000: float64, float64 
[ 2023-08-25 11:30:43,383 ] 86 root - INFO - Hypothesis dk_000: float64, float64 
[ 2023-08-25 11:30:43,387 ] 86 root - INFO - Hypothesis dl_000: float64, float64 
[ 2023-08-25 11:30:43,404 ] 86 root - INFO - Hypothesis dm_000: float64, float64 
[ 2023-08-25 11:30:43,421 ] 86 root - INFO - Hypothesis dn_000: float64, float64 
[ 2023-08-25 11:30:43,428 ] 86 root - INFO - Hypothesis do_000: float64, float64 
[ 2023-08-25 11:30:43,434 ] 86 root - INFO - Hypothesis dp_000: float64, float64 
[ 2023-08-25 11:30:43,441 ] 86 root - INFO - Hypothesis dq_000: float64, float64 
[ 2023-08-25 11:30:43,445 ] 86 root - INFO - Hypothesis dr_000: float64, float64 
[ 2023-08-25 11:30:43,450 ] 86 root - INFO - Hypothesis ds_000: float64, float64 
[ 2023-08-25 11:30:43,457 ] 86 root - INFO - Hypothesis dt_000: float64, float64 
[ 2023-08-25 11:30:43,464 ] 86 root - INFO - Hypothesis du_000: float64, float64 
[ 2023-08-25 11:30:43,471 ] 86 root - INFO - Hypothesis dv_000: float64, float64 
[ 2023-08-25 11:30:43,478 ] 86 root - INFO - Hypothesis dx_000: float64, float64 
[ 2023-08-25 11:30:43,483 ] 86 root - INFO - Hypothesis dy_000: float64, float64 
[ 2023-08-25 11:30:43,489 ] 86 root - INFO - Hypothesis dz_000: float64, float64 
[ 2023-08-25 11:30:43,506 ] 86 root - INFO - Hypothesis ea_000: float64, float64 
[ 2023-08-25 11:30:43,523 ] 86 root - INFO - Hypothesis eb_000: float64, float64 
[ 2023-08-25 11:30:43,529 ] 86 root - INFO - Hypothesis ec_00: float64, float64 
[ 2023-08-25 11:30:43,536 ] 86 root - INFO - Hypothesis ed_000: float64, float64 
[ 2023-08-25 11:30:43,542 ] 86 root - INFO - Hypothesis ee_000: float64, float64 
[ 2023-08-25 11:30:43,550 ] 86 root - INFO - Hypothesis ee_001: float64, float64 
[ 2023-08-25 11:30:43,557 ] 86 root - INFO - Hypothesis ee_002: float64, float64 
[ 2023-08-25 11:30:43,564 ] 86 root - INFO - Hypothesis ee_003: float64, float64 
[ 2023-08-25 11:30:43,571 ] 86 root - INFO - Hypothesis ee_004: float64, float64 
[ 2023-08-25 11:30:43,578 ] 86 root - INFO - Hypothesis ee_005: float64, float64 
[ 2023-08-25 11:30:43,586 ] 86 root - INFO - Hypothesis ee_006: float64, float64 
[ 2023-08-25 11:30:43,593 ] 86 root - INFO - Hypothesis ee_007: float64, float64 
[ 2023-08-25 11:30:43,600 ] 86 root - INFO - Hypothesis ee_008: float64, float64 
[ 2023-08-25 11:30:43,607 ] 86 root - INFO - Hypothesis ee_009: float64, float64 
[ 2023-08-25 11:30:43,612 ] 86 root - INFO - Hypothesis ef_000: float64, float64 
[ 2023-08-25 11:30:43,629 ] 86 root - INFO - Hypothesis eg_000: float64, float64 
[ 2023-08-25 11:30:43,646 ] 143 root - INFO - Write reprt in yaml file
[ 2023-08-25 11:30:44,706 ] 66 root - INFO - Before resampling in training set Input: (28950, 170) Target:(28950,)
[ 2023-08-25 11:30:49,269 ] 68 root - INFO - After resampling in training set Input: (56152, 170) Target:(56152,)
[ 2023-08-25 11:30:49,269 ] 71 root - INFO - Before resampling in testing set Input: (7238, 170) Target:(7238,)
[ 2023-08-25 11:30:49,813 ] 73 root - INFO - After resampling in testing set Input: (14072, 170) Target:(14072,)
[ 2023-08-25 11:30:49,943 ] 53 root - INFO - Entered te save object method of Main utils class
[ 2023-08-25 11:30:49,946 ] 57 root - INFO - exited the save object method of Main utils class
[ 2023-08-25 11:30:49,946 ] 53 root - INFO - Entered te save object method of Main utils class
[ 2023-08-25 11:30:49,946 ] 57 root - INFO - exited the save object method of Main utils class
[ 2023-08-25 11:30:49,947 ] 91 root - INFO - Data transformation object DataTransformationArtifact(transform_object_path='/config/workspace/artifact/08252023__11_30_24/data_transformation/transformer/transformer.pkl', transformed_train_path='/config/workspace/artifact/08252023__11_30_24/data_transformation/transformed/train.npz', transformed_test_path='/config/workspace/artifact/08252023__11_30_24/data_transformation/transformed/test.npz', target_encoder_path='/config/workspace/artifact/08252023__11_30_24/data_transformation/target_encoder/target_encoder.pkl')
[ 2023-08-25 11:30:49,948 ] 14 root - INFO - >>>>>>>>>>>>>>>>>>>>>>>>>>>>>>>>>>>>>>>> Model Trainer <<<<<<<<<<<<<<<<<<<<<<<<<<<<<<<<<<<<<<<<
[ 2023-08-25 11:30:49,948 ] 39 root - INFO - Loading train and test array.
[ 2023-08-25 11:30:49,982 ] 43 root - INFO - Splitting input and target feature from both train and test arr.
[ 2023-08-25 11:30:49,983 ] 47 root - INFO - Train the model
