[ 2023-08-25 11:20:19,487 ] 20 root - INFO - exporting data as pandas dataframe
[ 2023-08-25 11:20:19,487 ] 21 root - INFO - Reading data from database: aps and collection: sensor
[ 2023-08-25 11:20:23,524 ] 23 root - INFO - Found Columns: Index(['_id', 'class', 'aa_000', 'ab_000', 'ac_000', 'ad_000', 'ae_000',
       'af_000', 'ag_000', 'ag_001',
       ...
       'ee_002', 'ee_003', 'ee_004', 'ee_005', 'ee_006', 'ee_007', 'ee_008',
       'ee_009', 'ef_000', 'eg_000'],
      dtype='object', length=172)
[ 2023-08-25 11:20:23,525 ] 25 root - INFO - Dropping column: _id
[ 2023-08-25 11:20:23,866 ] 27 root - INFO - row and columnns in df: (36188, 171)
[ 2023-08-25 11:20:23,866 ] 25 root - INFO - save data in feature store
[ 2023-08-25 11:20:28,059 ] 35 root - INFO - split dataset into train and test set
[ 2023-08-25 11:20:28,461 ] 39 root - INFO - create dataset directory folder if not available
[ 2023-08-25 11:20:28,462 ] 46 root - INFO - Save df to feature store folder
[ 2023-08-25 11:20:30,469 ] 59 root - INFO - Data ingestion artifact: DataIngestionArtifact(feature_store_file_path='/config/workspace/artifact/08252023__11_20_19/data_ingestion/feature_store/sensor.csv', train_file_path='/config/workspace/artifact/08252023__11_20_19/data_ingestion/dataset/train.csv', test_file_path='/config/workspace/artifact/08252023__11_20_19/data_ingestion/dataset/test.csv')
[ 2023-08-25 11:20:31,064 ] 20 root - INFO - >>>>>>>>>>>>>>>>>>>>>>>>>>>>>>>>>>>>>>>> Data Validation <<<<<<<<<<<<<<<<<<<<<<<<<<<<<<<<<<<<<<<<
[ 2023-08-25 11:20:31,065 ] 107 root - INFO - Reading base dataframe
[ 2023-08-25 11:20:33,455 ] 110 root - INFO - Replace na value in base df
[ 2023-08-25 11:20:33,697 ] 61 root - INFO - selecting column name which contains null above to 0.2
[ 2023-08-25 11:20:33,698 ] 64 root - INFO - Columns to drop: ['ab_000', 'ad_000', 'bk_000', 'bl_000', 'bm_000', 'bn_000', 'bo_000', 'bp_000', 'bq_000', 'br_000', 'cf_000', 'cg_000', 'ch_000', 'co_000', 'cr_000', 'ct_000', 'cu_000', 'cv_000', 'cx_000', 'cy_000', 'cz_000', 'da_000', 'db_000', 'dc_000']
[ 2023-08-25 11:20:33,786 ] 115 root - INFO - Reading train dataframe
[ 2023-08-25 11:20:34,213 ] 117 root - INFO - Reading test dataframe
[ 2023-08-25 11:20:34,329 ] 120 root - INFO - Drop null values colums from train df
[ 2023-08-25 11:20:34,338 ] 61 root - INFO - selecting column name which contains null above to 0.2
[ 2023-08-25 11:20:34,338 ] 64 root - INFO - Columns to drop: ['ab_000', 'ad_000', 'bk_000', 'bl_000', 'bm_000', 'bn_000', 'bo_000', 'bp_000', 'bq_000', 'br_000', 'cf_000', 'cg_000', 'ch_000', 'co_000', 'cr_000', 'ct_000', 'cu_000', 'cv_000', 'cx_000', 'cy_000', 'cz_000', 'da_000', 'db_000', 'dc_000']
[ 2023-08-25 11:20:34,345 ] 122 root - INFO - Drop null values colums from test df
[ 2023-08-25 11:20:34,348 ] 61 root - INFO - selecting column name which contains null above to 0.2
[ 2023-08-25 11:20:34,348 ] 64 root - INFO - Columns to drop: ['ab_000', 'ad_000', 'bk_000', 'bl_000', 'bm_000', 'bn_000', 'bo_000', 'bp_000', 'bq_000', 'br_000', 'cf_000', 'cg_000', 'ch_000', 'co_000', 'cr_000', 'ct_000', 'cu_000', 'cv_000', 'cx_000', 'cy_000', 'cz_000', 'da_000', 'db_000', 'dc_000']
[ 2023-08-25 11:20:35,211 ] 130 root - INFO - Is all required columns present in train df
[ 2023-08-25 11:20:35,212 ] 132 root - INFO - Is all required columns present in test df
[ 2023-08-25 11:20:35,212 ] 136 root - INFO - As all column are available in train df hence detecting data drift
[ 2023-08-25 11:20:35,212 ] 86 root - INFO - Hypothesis class: object, object 
[ 2023-08-25 11:20:35,359 ] 86 root - INFO - Hypothesis aa_000: float64, float64 
[ 2023-08-25 11:20:35,369 ] 86 root - INFO - Hypothesis ac_000: float64, float64 
[ 2023-08-25 11:20:35,412 ] 86 root - INFO - Hypothesis ae_000: float64, float64 
[ 2023-08-25 11:20:35,451 ] 86 root - INFO - Hypothesis af_000: float64, float64 
[ 2023-08-25 11:20:35,490 ] 86 root - INFO - Hypothesis ag_000: float64, float64 
[ 2023-08-25 11:20:35,528 ] 86 root - INFO - Hypothesis ag_001: float64, float64 
[ 2023-08-25 11:20:35,568 ] 86 root - INFO - Hypothesis ag_002: float64, float64 
[ 2023-08-25 11:20:35,611 ] 86 root - INFO - Hypothesis ag_003: float64, float64 
[ 2023-08-25 11:20:35,618 ] 86 root - INFO - Hypothesis ag_004: float64, float64 
[ 2023-08-25 11:20:35,628 ] 86 root - INFO - Hypothesis ag_005: float64, float64 
[ 2023-08-25 11:20:35,641 ] 86 root - INFO - Hypothesis ag_006: float64, float64 
[ 2023-08-25 11:20:35,653 ] 86 root - INFO - Hypothesis ag_007: float64, float64 
[ 2023-08-25 11:20:35,662 ] 86 root - INFO - Hypothesis ag_008: float64, float64 
[ 2023-08-25 11:20:35,671 ] 86 root - INFO - Hypothesis ag_009: float64, float64 
[ 2023-08-25 11:20:35,678 ] 86 root - INFO - Hypothesis ah_000: float64, float64 
[ 2023-08-25 11:20:35,688 ] 86 root - INFO - Hypothesis ai_000: float64, float64 
[ 2023-08-25 11:20:35,727 ] 86 root - INFO - Hypothesis aj_000: float64, float64 
[ 2023-08-25 11:20:35,733 ] 86 root - INFO - Hypothesis ak_000: float64, float64 
[ 2023-08-25 11:20:35,773 ] 86 root - INFO - Hypothesis al_000: float64, float64 
[ 2023-08-25 11:20:35,781 ] 86 root - INFO - Hypothesis am_0: float64, float64 
[ 2023-08-25 11:20:35,788 ] 86 root - INFO - Hypothesis an_000: float64, float64 
[ 2023-08-25 11:20:35,799 ] 86 root - INFO - Hypothesis ao_000: float64, float64 
[ 2023-08-25 11:20:35,809 ] 86 root - INFO - Hypothesis ap_000: float64, float64 
[ 2023-08-25 11:20:35,820 ] 86 root - INFO - Hypothesis aq_000: float64, float64 
[ 2023-08-25 11:20:35,830 ] 86 root - INFO - Hypothesis ar_000: float64, float64 
[ 2023-08-25 11:20:35,870 ] 86 root - INFO - Hypothesis as_000: float64, float64 
[ 2023-08-25 11:20:35,908 ] 86 root - INFO - Hypothesis at_000: float64, float64 
[ 2023-08-25 11:20:35,953 ] 86 root - INFO - Hypothesis au_000: float64, float64 
[ 2023-08-25 11:20:35,990 ] 86 root - INFO - Hypothesis av_000: float64, float64 
[ 2023-08-25 11:20:35,999 ] 86 root - INFO - Hypothesis ax_000: float64, float64 
[ 2023-08-25 11:20:36,008 ] 86 root - INFO - Hypothesis ay_000: float64, float64 
[ 2023-08-25 11:20:36,046 ] 86 root - INFO - Hypothesis ay_001: float64, float64 
[ 2023-08-25 11:20:36,083 ] 86 root - INFO - Hypothesis ay_002: float64, float64 
[ 2023-08-25 11:20:36,121 ] 86 root - INFO - Hypothesis ay_003: float64, float64 
[ 2023-08-25 11:20:36,159 ] 86 root - INFO - Hypothesis ay_004: float64, float64 
[ 2023-08-25 11:20:36,196 ] 86 root - INFO - Hypothesis ay_005: float64, float64 
[ 2023-08-25 11:20:36,238 ] 86 root - INFO - Hypothesis ay_006: float64, float64 
[ 2023-08-25 11:20:36,247 ] 86 root - INFO - Hypothesis ay_007: float64, float64 
[ 2023-08-25 11:20:36,257 ] 86 root - INFO - Hypothesis ay_008: float64, float64 
[ 2023-08-25 11:20:36,267 ] 86 root - INFO - Hypothesis ay_009: float64, float64 
[ 2023-08-25 11:20:36,305 ] 86 root - INFO - Hypothesis az_000: float64, float64 
[ 2023-08-25 11:20:36,316 ] 86 root - INFO - Hypothesis az_001: float64, float64 
[ 2023-08-25 11:20:36,325 ] 86 root - INFO - Hypothesis az_002: float64, float64 
[ 2023-08-25 11:20:36,335 ] 86 root - INFO - Hypothesis az_003: float64, float64 
[ 2023-08-25 11:20:36,345 ] 86 root - INFO - Hypothesis az_004: float64, float64 
[ 2023-08-25 11:20:36,355 ] 86 root - INFO - Hypothesis az_005: float64, float64 
[ 2023-08-25 11:20:36,365 ] 86 root - INFO - Hypothesis az_006: float64, float64 
[ 2023-08-25 11:20:36,409 ] 86 root - INFO - Hypothesis az_007: float64, float64 
[ 2023-08-25 11:20:36,449 ] 86 root - INFO - Hypothesis az_008: float64, float64 
[ 2023-08-25 11:20:36,488 ] 86 root - INFO - Hypothesis az_009: float64, float64 
[ 2023-08-25 11:20:36,527 ] 86 root - INFO - Hypothesis ba_000: float64, float64 
[ 2023-08-25 11:20:36,538 ] 86 root - INFO - Hypothesis ba_001: float64, float64 
[ 2023-08-25 11:20:36,549 ] 86 root - INFO - Hypothesis ba_002: float64, float64 
[ 2023-08-25 11:20:36,559 ] 86 root - INFO - Hypothesis ba_003: float64, float64 
[ 2023-08-25 11:20:36,570 ] 86 root - INFO - Hypothesis ba_004: float64, float64 
[ 2023-08-25 11:20:36,581 ] 86 root - INFO - Hypothesis ba_005: float64, float64 
[ 2023-08-25 11:20:36,592 ] 86 root - INFO - Hypothesis ba_006: float64, float64 
[ 2023-08-25 11:20:36,602 ] 86 root - INFO - Hypothesis ba_007: float64, float64 
[ 2023-08-25 11:20:36,612 ] 86 root - INFO - Hypothesis ba_008: float64, float64 
[ 2023-08-25 11:20:36,654 ] 86 root - INFO - Hypothesis ba_009: float64, float64 
[ 2023-08-25 11:20:36,697 ] 86 root - INFO - Hypothesis bb_000: float64, float64 
[ 2023-08-25 11:20:36,708 ] 86 root - INFO - Hypothesis bc_000: float64, float64 
[ 2023-08-25 11:20:36,750 ] 86 root - INFO - Hypothesis bd_000: float64, float64 
[ 2023-08-25 11:20:36,759 ] 86 root - INFO - Hypothesis be_000: float64, float64 
[ 2023-08-25 11:20:36,768 ] 86 root - INFO - Hypothesis bf_000: float64, float64 
[ 2023-08-25 11:20:36,775 ] 86 root - INFO - Hypothesis bg_000: float64, float64 
[ 2023-08-25 11:20:36,785 ] 86 root - INFO - Hypothesis bh_000: float64, float64 
[ 2023-08-25 11:20:36,796 ] 86 root - INFO - Hypothesis bi_000: float64, float64 
[ 2023-08-25 11:20:36,806 ] 86 root - INFO - Hypothesis bj_000: float64, float64 
[ 2023-08-25 11:20:36,817 ] 86 root - INFO - Hypothesis bs_000: float64, float64 
[ 2023-08-25 11:20:36,827 ] 86 root - INFO - Hypothesis bt_000: float64, float64 
[ 2023-08-25 11:20:36,838 ] 86 root - INFO - Hypothesis bu_000: float64, float64 
[ 2023-08-25 11:20:36,849 ] 86 root - INFO - Hypothesis bv_000: float64, float64 
[ 2023-08-25 11:20:36,859 ] 86 root - INFO - Hypothesis bx_000: float64, float64 
[ 2023-08-25 11:20:36,869 ] 86 root - INFO - Hypothesis by_000: float64, float64 
[ 2023-08-25 11:20:36,879 ] 86 root - INFO - Hypothesis bz_000: float64, float64 
[ 2023-08-25 11:20:36,889 ] 86 root - INFO - Hypothesis ca_000: float64, float64 
[ 2023-08-25 11:20:36,899 ] 86 root - INFO - Hypothesis cb_000: float64, float64 
[ 2023-08-25 11:20:36,910 ] 86 root - INFO - Hypothesis cc_000: float64, float64 
[ 2023-08-25 11:20:36,920 ] 86 root - INFO - Hypothesis cd_000: float64, float64 
[ 2023-08-25 11:20:36,959 ] 86 root - INFO - Hypothesis ce_000: float64, float64 
[ 2023-08-25 11:20:36,968 ] 86 root - INFO - Hypothesis ci_000: float64, float64 
[ 2023-08-25 11:20:36,979 ] 86 root - INFO - Hypothesis cj_000: float64, float64 
[ 2023-08-25 11:20:37,019 ] 86 root - INFO - Hypothesis ck_000: float64, float64 
[ 2023-08-25 11:20:37,029 ] 86 root - INFO - Hypothesis cl_000: float64, float64 
[ 2023-08-25 11:20:37,036 ] 86 root - INFO - Hypothesis cm_000: float64, float64 
[ 2023-08-25 11:20:37,045 ] 86 root - INFO - Hypothesis cn_000: float64, float64 
[ 2023-08-25 11:20:37,084 ] 86 root - INFO - Hypothesis cn_001: float64, float64 
[ 2023-08-25 11:20:37,125 ] 86 root - INFO - Hypothesis cn_002: float64, float64 
[ 2023-08-25 11:20:37,133 ] 86 root - INFO - Hypothesis cn_003: float64, float64 
[ 2023-08-25 11:20:37,143 ] 86 root - INFO - Hypothesis cn_004: float64, float64 
[ 2023-08-25 11:20:37,154 ] 86 root - INFO - Hypothesis cn_005: float64, float64 
[ 2023-08-25 11:20:37,164 ] 86 root - INFO - Hypothesis cn_006: float64, float64 
[ 2023-08-25 11:20:37,174 ] 86 root - INFO - Hypothesis cn_007: float64, float64 
[ 2023-08-25 11:20:37,184 ] 86 root - INFO - Hypothesis cn_008: float64, float64 
[ 2023-08-25 11:20:37,193 ] 86 root - INFO - Hypothesis cn_009: float64, float64 
[ 2023-08-25 11:20:37,235 ] 86 root - INFO - Hypothesis cp_000: float64, float64 
[ 2023-08-25 11:20:37,277 ] 86 root - INFO - Hypothesis cq_000: float64, float64 
[ 2023-08-25 11:20:37,287 ] 86 root - INFO - Hypothesis cs_000: float64, float64 
[ 2023-08-25 11:20:37,297 ] 86 root - INFO - Hypothesis cs_001: float64, float64 
[ 2023-08-25 11:20:37,306 ] 86 root - INFO - Hypothesis cs_002: float64, float64 
[ 2023-08-25 11:20:37,316 ] 86 root - INFO - Hypothesis cs_003: float64, float64 
[ 2023-08-25 11:20:37,326 ] 86 root - INFO - Hypothesis cs_004: float64, float64 
[ 2023-08-25 11:20:37,337 ] 86 root - INFO - Hypothesis cs_005: float64, float64 
[ 2023-08-25 11:20:37,347 ] 86 root - INFO - Hypothesis cs_006: float64, float64 
[ 2023-08-25 11:20:37,357 ] 86 root - INFO - Hypothesis cs_007: float64, float64 
[ 2023-08-25 11:20:37,368 ] 86 root - INFO - Hypothesis cs_008: float64, float64 
[ 2023-08-25 11:20:37,409 ] 86 root - INFO - Hypothesis cs_009: float64, float64 
[ 2023-08-25 11:20:37,447 ] 86 root - INFO - Hypothesis dd_000: float64, float64 
[ 2023-08-25 11:20:37,456 ] 86 root - INFO - Hypothesis de_000: float64, float64 
[ 2023-08-25 11:20:37,465 ] 86 root - INFO - Hypothesis df_000: float64, float64 
[ 2023-08-25 11:20:37,503 ] 86 root - INFO - Hypothesis dg_000: float64, float64 
[ 2023-08-25 11:20:37,543 ] 86 root - INFO - Hypothesis dh_000: float64, float64 
[ 2023-08-25 11:20:37,549 ] 86 root - INFO - Hypothesis di_000: float64, float64 
[ 2023-08-25 11:20:37,589 ] 86 root - INFO - Hypothesis dj_000: float64, float64 
[ 2023-08-25 11:20:37,628 ] 86 root - INFO - Hypothesis dk_000: float64, float64 
[ 2023-08-25 11:20:37,667 ] 86 root - INFO - Hypothesis dl_000: float64, float64 
[ 2023-08-25 11:20:37,706 ] 86 root - INFO - Hypothesis dm_000: float64, float64 
[ 2023-08-25 11:20:37,744 ] 86 root - INFO - Hypothesis dn_000: float64, float64 
[ 2023-08-25 11:20:37,754 ] 86 root - INFO - Hypothesis do_000: float64, float64 
[ 2023-08-25 11:20:37,764 ] 86 root - INFO - Hypothesis dp_000: float64, float64 
[ 2023-08-25 11:20:37,773 ] 86 root - INFO - Hypothesis dq_000: float64, float64 
[ 2023-08-25 11:20:37,814 ] 86 root - INFO - Hypothesis dr_000: float64, float64 
[ 2023-08-25 11:20:37,854 ] 86 root - INFO - Hypothesis ds_000: float64, float64 
[ 2023-08-25 11:20:37,864 ] 86 root - INFO - Hypothesis dt_000: float64, float64 
[ 2023-08-25 11:20:37,874 ] 86 root - INFO - Hypothesis du_000: float64, float64 
[ 2023-08-25 11:20:37,884 ] 86 root - INFO - Hypothesis dv_000: float64, float64 
[ 2023-08-25 11:20:37,894 ] 86 root - INFO - Hypothesis dx_000: float64, float64 
[ 2023-08-25 11:20:37,935 ] 86 root - INFO - Hypothesis dy_000: float64, float64 
[ 2023-08-25 11:20:37,976 ] 86 root - INFO - Hypothesis dz_000: float64, float64 
[ 2023-08-25 11:20:38,014 ] 86 root - INFO - Hypothesis ea_000: float64, float64 
[ 2023-08-25 11:20:38,052 ] 86 root - INFO - Hypothesis eb_000: float64, float64 
[ 2023-08-25 11:20:38,061 ] 86 root - INFO - Hypothesis ec_00: float64, float64 
[ 2023-08-25 11:20:38,071 ] 86 root - INFO - Hypothesis ed_000: float64, float64 
[ 2023-08-25 11:20:38,080 ] 86 root - INFO - Hypothesis ee_000: float64, float64 
[ 2023-08-25 11:20:38,090 ] 86 root - INFO - Hypothesis ee_001: float64, float64 
[ 2023-08-25 11:20:38,101 ] 86 root - INFO - Hypothesis ee_002: float64, float64 
[ 2023-08-25 11:20:38,111 ] 86 root - INFO - Hypothesis ee_003: float64, float64 
[ 2023-08-25 11:20:38,121 ] 86 root - INFO - Hypothesis ee_004: float64, float64 
[ 2023-08-25 11:20:38,131 ] 86 root - INFO - Hypothesis ee_005: float64, float64 
[ 2023-08-25 11:20:38,141 ] 86 root - INFO - Hypothesis ee_006: float64, float64 
[ 2023-08-25 11:20:38,151 ] 86 root - INFO - Hypothesis ee_007: float64, float64 
[ 2023-08-25 11:20:38,161 ] 86 root - INFO - Hypothesis ee_008: float64, float64 
[ 2023-08-25 11:20:38,170 ] 86 root - INFO - Hypothesis ee_009: float64, float64 
[ 2023-08-25 11:20:38,178 ] 86 root - INFO - Hypothesis ef_000: float64, float64 
[ 2023-08-25 11:20:38,216 ] 86 root - INFO - Hypothesis eg_000: float64, float64 
[ 2023-08-25 11:20:38,257 ] 140 root - INFO - As all column are available in test df hence detecting data drift
[ 2023-08-25 11:20:38,257 ] 86 root - INFO - Hypothesis class: object, object 
[ 2023-08-25 11:20:38,339 ] 86 root - INFO - Hypothesis aa_000: float64, float64 
[ 2023-08-25 11:20:38,346 ] 86 root - INFO - Hypothesis ac_000: float64, float64 
[ 2023-08-25 11:20:38,352 ] 86 root - INFO - Hypothesis ae_000: float64, float64 
[ 2023-08-25 11:20:38,369 ] 86 root - INFO - Hypothesis af_000: float64, float64 
[ 2023-08-25 11:20:38,385 ] 86 root - INFO - Hypothesis ag_000: float64, float64 
[ 2023-08-25 11:20:38,401 ] 86 root - INFO - Hypothesis ag_001: float64, float64 
[ 2023-08-25 11:20:38,417 ] 86 root - INFO - Hypothesis ag_002: float64, float64 
[ 2023-08-25 11:20:38,420 ] 86 root - INFO - Hypothesis ag_003: float64, float64 
[ 2023-08-25 11:20:38,425 ] 86 root - INFO - Hypothesis ag_004: float64, float64 
[ 2023-08-25 11:20:38,432 ] 86 root - INFO - Hypothesis ag_005: float64, float64 
[ 2023-08-25 11:20:38,439 ] 86 root - INFO - Hypothesis ag_006: float64, float64 
[ 2023-08-25 11:20:38,446 ] 86 root - INFO - Hypothesis ag_007: float64, float64 
[ 2023-08-25 11:20:38,453 ] 86 root - INFO - Hypothesis ag_008: float64, float64 
[ 2023-08-25 11:20:38,459 ] 86 root - INFO - Hypothesis ag_009: float64, float64 
[ 2023-08-25 11:20:38,464 ] 86 root - INFO - Hypothesis ah_000: float64, float64 
[ 2023-08-25 11:20:38,471 ] 86 root - INFO - Hypothesis ai_000: float64, float64 
[ 2023-08-25 11:20:38,475 ] 86 root - INFO - Hypothesis aj_000: float64, float64 
[ 2023-08-25 11:20:38,479 ] 86 root - INFO - Hypothesis ak_000: float64, float64 
[ 2023-08-25 11:20:38,483 ] 86 root - INFO - Hypothesis al_000: float64, float64 
[ 2023-08-25 11:20:38,488 ] 86 root - INFO - Hypothesis am_0: float64, float64 
[ 2023-08-25 11:20:38,493 ] 86 root - INFO - Hypothesis an_000: float64, float64 
[ 2023-08-25 11:20:38,500 ] 86 root - INFO - Hypothesis ao_000: float64, float64 
[ 2023-08-25 11:20:38,507 ] 86 root - INFO - Hypothesis ap_000: float64, float64 
[ 2023-08-25 11:20:38,515 ] 86 root - INFO - Hypothesis aq_000: float64, float64 
[ 2023-08-25 11:20:38,522 ] 86 root - INFO - Hypothesis ar_000: float64, float64 
[ 2023-08-25 11:20:38,539 ] 86 root - INFO - Hypothesis as_000: float64, float64 
[ 2023-08-25 11:20:38,555 ] 86 root - INFO - Hypothesis at_000: float64, float64 
[ 2023-08-25 11:20:38,572 ] 86 root - INFO - Hypothesis au_000: float64, float64 
[ 2023-08-25 11:20:38,587 ] 86 root - INFO - Hypothesis av_000: float64, float64 
[ 2023-08-25 11:20:38,593 ] 86 root - INFO - Hypothesis ax_000: float64, float64 
[ 2023-08-25 11:20:38,599 ] 86 root - INFO - Hypothesis ay_000: float64, float64 
[ 2023-08-25 11:20:38,615 ] 86 root - INFO - Hypothesis ay_001: float64, float64 
[ 2023-08-25 11:20:38,631 ] 86 root - INFO - Hypothesis ay_002: float64, float64 
[ 2023-08-25 11:20:38,647 ] 86 root - INFO - Hypothesis ay_003: float64, float64 
[ 2023-08-25 11:20:38,663 ] 86 root - INFO - Hypothesis ay_004: float64, float64 
[ 2023-08-25 11:20:38,679 ] 86 root - INFO - Hypothesis ay_005: float64, float64 
[ 2023-08-25 11:20:38,684 ] 86 root - INFO - Hypothesis ay_006: float64, float64 
[ 2023-08-25 11:20:38,691 ] 86 root - INFO - Hypothesis ay_007: float64, float64 
[ 2023-08-25 11:20:38,697 ] 86 root - INFO - Hypothesis ay_008: float64, float64 
[ 2023-08-25 11:20:38,704 ] 86 root - INFO - Hypothesis ay_009: float64, float64 
[ 2023-08-25 11:20:38,720 ] 86 root - INFO - Hypothesis az_000: float64, float64 
[ 2023-08-25 11:20:38,727 ] 86 root - INFO - Hypothesis az_001: float64, float64 
[ 2023-08-25 11:20:38,733 ] 86 root - INFO - Hypothesis az_002: float64, float64 
[ 2023-08-25 11:20:38,740 ] 86 root - INFO - Hypothesis az_003: float64, float64 
[ 2023-08-25 11:20:38,747 ] 86 root - INFO - Hypothesis az_004: float64, float64 
[ 2023-08-25 11:20:38,754 ] 86 root - INFO - Hypothesis az_005: float64, float64 
[ 2023-08-25 11:20:38,761 ] 86 root - INFO - Hypothesis az_006: float64, float64 
[ 2023-08-25 11:20:38,767 ] 86 root - INFO - Hypothesis az_007: float64, float64 
[ 2023-08-25 11:20:38,771 ] 86 root - INFO - Hypothesis az_008: float64, float64 
[ 2023-08-25 11:20:38,788 ] 86 root - INFO - Hypothesis az_009: float64, float64 
[ 2023-08-25 11:20:38,804 ] 86 root - INFO - Hypothesis ba_000: float64, float64 
[ 2023-08-25 11:20:38,811 ] 86 root - INFO - Hypothesis ba_001: float64, float64 
[ 2023-08-25 11:20:38,818 ] 86 root - INFO - Hypothesis ba_002: float64, float64 
[ 2023-08-25 11:20:38,826 ] 86 root - INFO - Hypothesis ba_003: float64, float64 
[ 2023-08-25 11:20:38,832 ] 86 root - INFO - Hypothesis ba_004: float64, float64 
[ 2023-08-25 11:20:38,839 ] 86 root - INFO - Hypothesis ba_005: float64, float64 
[ 2023-08-25 11:20:38,846 ] 86 root - INFO - Hypothesis ba_006: float64, float64 
[ 2023-08-25 11:20:38,853 ] 86 root - INFO - Hypothesis ba_007: float64, float64 
[ 2023-08-25 11:20:38,860 ] 86 root - INFO - Hypothesis ba_008: float64, float64 
[ 2023-08-25 11:20:38,865 ] 86 root - INFO - Hypothesis ba_009: float64, float64 
[ 2023-08-25 11:20:38,870 ] 86 root - INFO - Hypothesis bb_000: float64, float64 
[ 2023-08-25 11:20:38,877 ] 86 root - INFO - Hypothesis bc_000: float64, float64 
[ 2023-08-25 11:20:38,883 ] 86 root - INFO - Hypothesis bd_000: float64, float64 
[ 2023-08-25 11:20:38,888 ] 86 root - INFO - Hypothesis be_000: float64, float64 
[ 2023-08-25 11:20:38,895 ] 86 root - INFO - Hypothesis bf_000: float64, float64 
[ 2023-08-25 11:20:38,899 ] 86 root - INFO - Hypothesis bg_000: float64, float64 
[ 2023-08-25 11:20:38,906 ] 86 root - INFO - Hypothesis bh_000: float64, float64 
[ 2023-08-25 11:20:38,914 ] 86 root - INFO - Hypothesis bi_000: float64, float64 
[ 2023-08-25 11:20:38,921 ] 86 root - INFO - Hypothesis bj_000: float64, float64 
[ 2023-08-25 11:20:38,928 ] 86 root - INFO - Hypothesis bs_000: float64, float64 
[ 2023-08-25 11:20:38,935 ] 86 root - INFO - Hypothesis bt_000: float64, float64 
[ 2023-08-25 11:20:38,942 ] 86 root - INFO - Hypothesis bu_000: float64, float64 
[ 2023-08-25 11:20:38,949 ] 86 root - INFO - Hypothesis bv_000: float64, float64 
[ 2023-08-25 11:20:38,956 ] 86 root - INFO - Hypothesis bx_000: float64, float64 
[ 2023-08-25 11:20:38,963 ] 86 root - INFO - Hypothesis by_000: float64, float64 
[ 2023-08-25 11:20:38,970 ] 86 root - INFO - Hypothesis bz_000: float64, float64 
[ 2023-08-25 11:20:38,976 ] 86 root - INFO - Hypothesis ca_000: float64, float64 
[ 2023-08-25 11:20:38,983 ] 86 root - INFO - Hypothesis cb_000: float64, float64 
[ 2023-08-25 11:20:38,990 ] 86 root - INFO - Hypothesis cc_000: float64, float64 
[ 2023-08-25 11:20:38,997 ] 86 root - INFO - Hypothesis cd_000: float64, float64 
[ 2023-08-25 11:20:39,013 ] 86 root - INFO - Hypothesis ce_000: float64, float64 
[ 2023-08-25 11:20:39,020 ] 86 root - INFO - Hypothesis ci_000: float64, float64 
[ 2023-08-25 11:20:39,027 ] 86 root - INFO - Hypothesis cj_000: float64, float64 
[ 2023-08-25 11:20:39,031 ] 86 root - INFO - Hypothesis ck_000: float64, float64 
[ 2023-08-25 11:20:39,038 ] 86 root - INFO - Hypothesis cl_000: float64, float64 
[ 2023-08-25 11:20:39,042 ] 86 root - INFO - Hypothesis cm_000: float64, float64 
[ 2023-08-25 11:20:39,047 ] 86 root - INFO - Hypothesis cn_000: float64, float64 
[ 2023-08-25 11:20:39,063 ] 86 root - INFO - Hypothesis cn_001: float64, float64 
[ 2023-08-25 11:20:39,067 ] 86 root - INFO - Hypothesis cn_002: float64, float64 
[ 2023-08-25 11:20:39,073 ] 86 root - INFO - Hypothesis cn_003: float64, float64 
[ 2023-08-25 11:20:39,080 ] 86 root - INFO - Hypothesis cn_004: float64, float64 
[ 2023-08-25 11:20:39,087 ] 86 root - INFO - Hypothesis cn_005: float64, float64 
[ 2023-08-25 11:20:39,094 ] 86 root - INFO - Hypothesis cn_006: float64, float64 
[ 2023-08-25 11:20:39,101 ] 86 root - INFO - Hypothesis cn_007: float64, float64 
[ 2023-08-25 11:20:39,108 ] 86 root - INFO - Hypothesis cn_008: float64, float64 
[ 2023-08-25 11:20:39,114 ] 86 root - INFO - Hypothesis cn_009: float64, float64 
[ 2023-08-25 11:20:39,120 ] 86 root - INFO - Hypothesis cp_000: float64, float64 
[ 2023-08-25 11:20:39,125 ] 86 root - INFO - Hypothesis cq_000: float64, float64 
[ 2023-08-25 11:20:39,132 ] 86 root - INFO - Hypothesis cs_000: float64, float64 
[ 2023-08-25 11:20:39,139 ] 86 root - INFO - Hypothesis cs_001: float64, float64 
[ 2023-08-25 11:20:39,145 ] 86 root - INFO - Hypothesis cs_002: float64, float64 
[ 2023-08-25 11:20:39,152 ] 86 root - INFO - Hypothesis cs_003: float64, float64 
[ 2023-08-25 11:20:39,159 ] 86 root - INFO - Hypothesis cs_004: float64, float64 
[ 2023-08-25 11:20:39,166 ] 86 root - INFO - Hypothesis cs_005: float64, float64 
[ 2023-08-25 11:20:39,173 ] 86 root - INFO - Hypothesis cs_006: float64, float64 
[ 2023-08-25 11:20:39,180 ] 86 root - INFO - Hypothesis cs_007: float64, float64 
[ 2023-08-25 11:20:39,187 ] 86 root - INFO - Hypothesis cs_008: float64, float64 
[ 2023-08-25 11:20:39,193 ] 86 root - INFO - Hypothesis cs_009: float64, float64 
[ 2023-08-25 11:20:39,209 ] 86 root - INFO - Hypothesis dd_000: float64, float64 
[ 2023-08-25 11:20:39,215 ] 86 root - INFO - Hypothesis de_000: float64, float64 
[ 2023-08-25 11:20:39,222 ] 86 root - INFO - Hypothesis df_000: float64, float64 
[ 2023-08-25 11:20:39,225 ] 86 root - INFO - Hypothesis dg_000: float64, float64 
[ 2023-08-25 11:20:39,229 ] 86 root - INFO - Hypothesis dh_000: float64, float64 
[ 2023-08-25 11:20:39,234 ] 86 root - INFO - Hypothesis di_000: float64, float64 
[ 2023-08-25 11:20:39,238 ] 86 root - INFO - Hypothesis dj_000: float64, float64 
[ 2023-08-25 11:20:39,254 ] 86 root - INFO - Hypothesis dk_000: float64, float64 
[ 2023-08-25 11:20:39,258 ] 86 root - INFO - Hypothesis dl_000: float64, float64 
[ 2023-08-25 11:20:39,275 ] 86 root - INFO - Hypothesis dm_000: float64, float64 
[ 2023-08-25 11:20:39,291 ] 86 root - INFO - Hypothesis dn_000: float64, float64 
[ 2023-08-25 11:20:39,298 ] 86 root - INFO - Hypothesis do_000: float64, float64 
[ 2023-08-25 11:20:39,305 ] 86 root - INFO - Hypothesis dp_000: float64, float64 
[ 2023-08-25 11:20:39,311 ] 86 root - INFO - Hypothesis dq_000: float64, float64 
[ 2023-08-25 11:20:39,316 ] 86 root - INFO - Hypothesis dr_000: float64, float64 
[ 2023-08-25 11:20:39,320 ] 86 root - INFO - Hypothesis ds_000: float64, float64 
[ 2023-08-25 11:20:39,327 ] 86 root - INFO - Hypothesis dt_000: float64, float64 
[ 2023-08-25 11:20:39,334 ] 86 root - INFO - Hypothesis du_000: float64, float64 
[ 2023-08-25 11:20:39,341 ] 86 root - INFO - Hypothesis dv_000: float64, float64 
[ 2023-08-25 11:20:39,348 ] 86 root - INFO - Hypothesis dx_000: float64, float64 
[ 2023-08-25 11:20:39,353 ] 86 root - INFO - Hypothesis dy_000: float64, float64 
[ 2023-08-25 11:20:39,358 ] 86 root - INFO - Hypothesis dz_000: float64, float64 
[ 2023-08-25 11:20:39,374 ] 86 root - INFO - Hypothesis ea_000: float64, float64 
[ 2023-08-25 11:20:39,390 ] 86 root - INFO - Hypothesis eb_000: float64, float64 
[ 2023-08-25 11:20:39,396 ] 86 root - INFO - Hypothesis ec_00: float64, float64 
[ 2023-08-25 11:20:39,403 ] 86 root - INFO - Hypothesis ed_000: float64, float64 
[ 2023-08-25 11:20:39,409 ] 86 root - INFO - Hypothesis ee_000: float64, float64 
[ 2023-08-25 11:20:39,416 ] 86 root - INFO - Hypothesis ee_001: float64, float64 
[ 2023-08-25 11:20:39,426 ] 86 root - INFO - Hypothesis ee_002: float64, float64 
[ 2023-08-25 11:20:39,433 ] 86 root - INFO - Hypothesis ee_003: float64, float64 
[ 2023-08-25 11:20:39,440 ] 86 root - INFO - Hypothesis ee_004: float64, float64 
[ 2023-08-25 11:20:39,447 ] 86 root - INFO - Hypothesis ee_005: float64, float64 
[ 2023-08-25 11:20:39,454 ] 86 root - INFO - Hypothesis ee_006: float64, float64 
[ 2023-08-25 11:20:39,461 ] 86 root - INFO - Hypothesis ee_007: float64, float64 
[ 2023-08-25 11:20:39,467 ] 86 root - INFO - Hypothesis ee_008: float64, float64 
[ 2023-08-25 11:20:39,473 ] 86 root - INFO - Hypothesis ee_009: float64, float64 
[ 2023-08-25 11:20:39,479 ] 86 root - INFO - Hypothesis ef_000: float64, float64 
[ 2023-08-25 11:20:39,495 ] 86 root - INFO - Hypothesis eg_000: float64, float64 
[ 2023-08-25 11:20:39,512 ] 143 root - INFO - Write reprt in yaml file
[ 2023-08-25 11:20:40,595 ] 66 root - INFO - Before resampling in training set Input: (28950, 170) Target:(28950,)
[ 2023-08-25 11:20:45,020 ] 68 root - INFO - After resampling in training set Input: (56152, 170) Target:(56152,)
[ 2023-08-25 11:20:45,020 ] 71 root - INFO - Before resampling in testing set Input: (7238, 170) Target:(7238,)
[ 2023-08-25 11:20:45,556 ] 73 root - INFO - After resampling in testing set Input: (14072, 170) Target:(14072,)
[ 2023-08-25 11:20:45,687 ] 53 root - INFO - Entered te save object method of Main utils class
[ 2023-08-25 11:20:45,691 ] 57 root - INFO - exited the save object method of Main utils class
[ 2023-08-25 11:20:45,691 ] 53 root - INFO - Entered te save object method of Main utils class
[ 2023-08-25 11:20:45,691 ] 57 root - INFO - exited the save object method of Main utils class
[ 2023-08-25 11:20:45,691 ] 91 root - INFO - Data transformation object DataTransformationArtifact(transform_object_path='/config/workspace/artifact/08252023__11_20_19/data_transformation/transformer/transformer.pkl', transformed_train_path='/config/workspace/artifact/08252023__11_20_19/data_transformation/transformed/train.npz', transformed_test_path='/config/workspace/artifact/08252023__11_20_19/data_transformation/transformed/test.npz', target_encoder_path='/config/workspace/artifact/08252023__11_20_19/data_transformation/target_encoder/target_encoder.pkl')
