[ 2023-08-25 11:33:39,288 ] 20 root - INFO - exporting data as pandas dataframe
[ 2023-08-25 11:33:39,288 ] 21 root - INFO - Reading data from database: aps and collection: sensor
[ 2023-08-25 11:33:43,032 ] 23 root - INFO - Found Columns: Index(['_id', 'class', 'aa_000', 'ab_000', 'ac_000', 'ad_000', 'ae_000',
       'af_000', 'ag_000', 'ag_001',
       ...
       'ee_002', 'ee_003', 'ee_004', 'ee_005', 'ee_006', 'ee_007', 'ee_008',
       'ee_009', 'ef_000', 'eg_000'],
      dtype='object', length=172)
[ 2023-08-25 11:33:43,032 ] 25 root - INFO - Dropping column: _id
[ 2023-08-25 11:33:43,288 ] 27 root - INFO - row and columnns in df: (36188, 171)
[ 2023-08-25 11:33:43,288 ] 25 root - INFO - save data in feature store
[ 2023-08-25 11:33:47,087 ] 35 root - INFO - split dataset into train and test set
[ 2023-08-25 11:33:47,467 ] 39 root - INFO - create dataset directory folder if not available
[ 2023-08-25 11:33:47,468 ] 46 root - INFO - Save df to feature store folder
[ 2023-08-25 11:33:49,484 ] 59 root - INFO - Data ingestion artifact: DataIngestionArtifact(feature_store_file_path='/config/workspace/artifact/08252023__11_33_39/data_ingestion/feature_store/sensor.csv', train_file_path='/config/workspace/artifact/08252023__11_33_39/data_ingestion/dataset/train.csv', test_file_path='/config/workspace/artifact/08252023__11_33_39/data_ingestion/dataset/test.csv')
[ 2023-08-25 11:33:50,019 ] 20 root - INFO - >>>>>>>>>>>>>>>>>>>>>>>>>>>>>>>>>>>>>>>> Data Validation <<<<<<<<<<<<<<<<<<<<<<<<<<<<<<<<<<<<<<<<
[ 2023-08-25 11:33:50,019 ] 107 root - INFO - Reading base dataframe
[ 2023-08-25 11:33:52,373 ] 110 root - INFO - Replace na value in base df
[ 2023-08-25 11:33:52,610 ] 61 root - INFO - selecting column name which contains null above to 0.2
[ 2023-08-25 11:33:52,610 ] 64 root - INFO - Columns to drop: ['ab_000', 'ad_000', 'bk_000', 'bl_000', 'bm_000', 'bn_000', 'bo_000', 'bp_000', 'bq_000', 'br_000', 'cf_000', 'cg_000', 'ch_000', 'co_000', 'cr_000', 'ct_000', 'cu_000', 'cv_000', 'cx_000', 'cy_000', 'cz_000', 'da_000', 'db_000', 'dc_000']
[ 2023-08-25 11:33:52,703 ] 115 root - INFO - Reading train dataframe
[ 2023-08-25 11:33:53,129 ] 117 root - INFO - Reading test dataframe
[ 2023-08-25 11:33:53,248 ] 120 root - INFO - Drop null values colums from train df
[ 2023-08-25 11:33:53,258 ] 61 root - INFO - selecting column name which contains null above to 0.2
[ 2023-08-25 11:33:53,258 ] 64 root - INFO - Columns to drop: ['ab_000', 'ad_000', 'bk_000', 'bl_000', 'bm_000', 'bn_000', 'bo_000', 'bp_000', 'bq_000', 'br_000', 'cf_000', 'cg_000', 'ch_000', 'co_000', 'cr_000', 'ct_000', 'cu_000', 'cv_000', 'cx_000', 'cy_000', 'cz_000', 'da_000', 'db_000', 'dc_000']
[ 2023-08-25 11:33:53,268 ] 122 root - INFO - Drop null values colums from test df
[ 2023-08-25 11:33:53,272 ] 61 root - INFO - selecting column name which contains null above to 0.2
[ 2023-08-25 11:33:53,273 ] 64 root - INFO - Columns to drop: ['ab_000', 'ad_000', 'bk_000', 'bl_000', 'bm_000', 'bn_000', 'bo_000', 'bp_000', 'bq_000', 'br_000', 'cf_000', 'cg_000', 'ch_000', 'co_000', 'cr_000', 'ct_000', 'cu_000', 'cv_000', 'cx_000', 'cy_000', 'cz_000', 'da_000', 'db_000', 'dc_000']
[ 2023-08-25 11:33:54,099 ] 130 root - INFO - Is all required columns present in train df
[ 2023-08-25 11:33:54,099 ] 132 root - INFO - Is all required columns present in test df
[ 2023-08-25 11:33:54,099 ] 136 root - INFO - As all column are available in train df hence detecting data drift
[ 2023-08-25 11:33:54,100 ] 86 root - INFO - Hypothesis class: object, object 
[ 2023-08-25 11:33:54,247 ] 86 root - INFO - Hypothesis aa_000: float64, float64 
[ 2023-08-25 11:33:54,257 ] 86 root - INFO - Hypothesis ac_000: float64, float64 
[ 2023-08-25 11:33:54,299 ] 86 root - INFO - Hypothesis ae_000: float64, float64 
[ 2023-08-25 11:33:54,337 ] 86 root - INFO - Hypothesis af_000: float64, float64 
[ 2023-08-25 11:33:54,376 ] 86 root - INFO - Hypothesis ag_000: float64, float64 
[ 2023-08-25 11:33:54,414 ] 86 root - INFO - Hypothesis ag_001: float64, float64 
[ 2023-08-25 11:33:54,452 ] 86 root - INFO - Hypothesis ag_002: float64, float64 
[ 2023-08-25 11:33:54,491 ] 86 root - INFO - Hypothesis ag_003: float64, float64 
[ 2023-08-25 11:33:54,497 ] 86 root - INFO - Hypothesis ag_004: float64, float64 
[ 2023-08-25 11:33:54,507 ] 86 root - INFO - Hypothesis ag_005: float64, float64 
[ 2023-08-25 11:33:54,518 ] 86 root - INFO - Hypothesis ag_006: float64, float64 
[ 2023-08-25 11:33:54,528 ] 86 root - INFO - Hypothesis ag_007: float64, float64 
[ 2023-08-25 11:33:54,537 ] 86 root - INFO - Hypothesis ag_008: float64, float64 
[ 2023-08-25 11:33:54,546 ] 86 root - INFO - Hypothesis ag_009: float64, float64 
[ 2023-08-25 11:33:54,553 ] 86 root - INFO - Hypothesis ah_000: float64, float64 
[ 2023-08-25 11:33:54,564 ] 86 root - INFO - Hypothesis ai_000: float64, float64 
[ 2023-08-25 11:33:54,603 ] 86 root - INFO - Hypothesis aj_000: float64, float64 
[ 2023-08-25 11:33:54,609 ] 86 root - INFO - Hypothesis ak_000: float64, float64 
[ 2023-08-25 11:33:54,649 ] 86 root - INFO - Hypothesis al_000: float64, float64 
[ 2023-08-25 11:33:54,656 ] 86 root - INFO - Hypothesis am_0: float64, float64 
[ 2023-08-25 11:33:54,664 ] 86 root - INFO - Hypothesis an_000: float64, float64 
[ 2023-08-25 11:33:54,674 ] 86 root - INFO - Hypothesis ao_000: float64, float64 
[ 2023-08-25 11:33:54,684 ] 86 root - INFO - Hypothesis ap_000: float64, float64 
[ 2023-08-25 11:33:54,695 ] 86 root - INFO - Hypothesis aq_000: float64, float64 
[ 2023-08-25 11:33:54,705 ] 86 root - INFO - Hypothesis ar_000: float64, float64 
[ 2023-08-25 11:33:54,745 ] 86 root - INFO - Hypothesis as_000: float64, float64 
[ 2023-08-25 11:33:54,783 ] 86 root - INFO - Hypothesis at_000: float64, float64 
[ 2023-08-25 11:33:54,828 ] 86 root - INFO - Hypothesis au_000: float64, float64 
[ 2023-08-25 11:33:54,867 ] 86 root - INFO - Hypothesis av_000: float64, float64 
[ 2023-08-25 11:33:54,875 ] 86 root - INFO - Hypothesis ax_000: float64, float64 
[ 2023-08-25 11:33:54,884 ] 86 root - INFO - Hypothesis ay_000: float64, float64 
[ 2023-08-25 11:33:54,922 ] 86 root - INFO - Hypothesis ay_001: float64, float64 
[ 2023-08-25 11:33:54,959 ] 86 root - INFO - Hypothesis ay_002: float64, float64 
[ 2023-08-25 11:33:54,997 ] 86 root - INFO - Hypothesis ay_003: float64, float64 
[ 2023-08-25 11:33:55,035 ] 86 root - INFO - Hypothesis ay_004: float64, float64 
[ 2023-08-25 11:33:55,074 ] 86 root - INFO - Hypothesis ay_005: float64, float64 
[ 2023-08-25 11:33:55,116 ] 86 root - INFO - Hypothesis ay_006: float64, float64 
[ 2023-08-25 11:33:55,126 ] 86 root - INFO - Hypothesis ay_007: float64, float64 
[ 2023-08-25 11:33:55,136 ] 86 root - INFO - Hypothesis ay_008: float64, float64 
[ 2023-08-25 11:33:55,146 ] 86 root - INFO - Hypothesis ay_009: float64, float64 
[ 2023-08-25 11:33:55,184 ] 86 root - INFO - Hypothesis az_000: float64, float64 
[ 2023-08-25 11:33:55,194 ] 86 root - INFO - Hypothesis az_001: float64, float64 
[ 2023-08-25 11:33:55,203 ] 86 root - INFO - Hypothesis az_002: float64, float64 
[ 2023-08-25 11:33:55,213 ] 86 root - INFO - Hypothesis az_003: float64, float64 
[ 2023-08-25 11:33:55,223 ] 86 root - INFO - Hypothesis az_004: float64, float64 
[ 2023-08-25 11:33:55,233 ] 86 root - INFO - Hypothesis az_005: float64, float64 
[ 2023-08-25 11:33:55,244 ] 86 root - INFO - Hypothesis az_006: float64, float64 
[ 2023-08-25 11:33:55,287 ] 86 root - INFO - Hypothesis az_007: float64, float64 
[ 2023-08-25 11:33:55,327 ] 86 root - INFO - Hypothesis az_008: float64, float64 
[ 2023-08-25 11:33:55,366 ] 86 root - INFO - Hypothesis az_009: float64, float64 
[ 2023-08-25 11:33:55,404 ] 86 root - INFO - Hypothesis ba_000: float64, float64 
[ 2023-08-25 11:33:55,414 ] 86 root - INFO - Hypothesis ba_001: float64, float64 
[ 2023-08-25 11:33:55,425 ] 86 root - INFO - Hypothesis ba_002: float64, float64 
[ 2023-08-25 11:33:55,435 ] 86 root - INFO - Hypothesis ba_003: float64, float64 
[ 2023-08-25 11:33:55,445 ] 86 root - INFO - Hypothesis ba_004: float64, float64 
[ 2023-08-25 11:33:55,455 ] 86 root - INFO - Hypothesis ba_005: float64, float64 
[ 2023-08-25 11:33:55,465 ] 86 root - INFO - Hypothesis ba_006: float64, float64 
[ 2023-08-25 11:33:55,475 ] 86 root - INFO - Hypothesis ba_007: float64, float64 
[ 2023-08-25 11:33:55,485 ] 86 root - INFO - Hypothesis ba_008: float64, float64 
[ 2023-08-25 11:33:55,527 ] 86 root - INFO - Hypothesis ba_009: float64, float64 
[ 2023-08-25 11:33:55,568 ] 86 root - INFO - Hypothesis bb_000: float64, float64 
[ 2023-08-25 11:33:55,578 ] 86 root - INFO - Hypothesis bc_000: float64, float64 
[ 2023-08-25 11:33:55,621 ] 86 root - INFO - Hypothesis bd_000: float64, float64 
[ 2023-08-25 11:33:55,629 ] 86 root - INFO - Hypothesis be_000: float64, float64 
[ 2023-08-25 11:33:55,638 ] 86 root - INFO - Hypothesis bf_000: float64, float64 
[ 2023-08-25 11:33:55,645 ] 86 root - INFO - Hypothesis bg_000: float64, float64 
[ 2023-08-25 11:33:55,656 ] 86 root - INFO - Hypothesis bh_000: float64, float64 
[ 2023-08-25 11:33:55,666 ] 86 root - INFO - Hypothesis bi_000: float64, float64 
[ 2023-08-25 11:33:55,677 ] 86 root - INFO - Hypothesis bj_000: float64, float64 
[ 2023-08-25 11:33:55,687 ] 86 root - INFO - Hypothesis bs_000: float64, float64 
[ 2023-08-25 11:33:55,698 ] 86 root - INFO - Hypothesis bt_000: float64, float64 
[ 2023-08-25 11:33:55,708 ] 86 root - INFO - Hypothesis bu_000: float64, float64 
[ 2023-08-25 11:33:55,719 ] 86 root - INFO - Hypothesis bv_000: float64, float64 
[ 2023-08-25 11:33:55,729 ] 86 root - INFO - Hypothesis bx_000: float64, float64 
[ 2023-08-25 11:33:55,739 ] 86 root - INFO - Hypothesis by_000: float64, float64 
[ 2023-08-25 11:33:55,749 ] 86 root - INFO - Hypothesis bz_000: float64, float64 
[ 2023-08-25 11:33:55,758 ] 86 root - INFO - Hypothesis ca_000: float64, float64 
[ 2023-08-25 11:33:55,769 ] 86 root - INFO - Hypothesis cb_000: float64, float64 
[ 2023-08-25 11:33:55,779 ] 86 root - INFO - Hypothesis cc_000: float64, float64 
[ 2023-08-25 11:33:55,790 ] 86 root - INFO - Hypothesis cd_000: float64, float64 
[ 2023-08-25 11:33:55,828 ] 86 root - INFO - Hypothesis ce_000: float64, float64 
[ 2023-08-25 11:33:55,838 ] 86 root - INFO - Hypothesis ci_000: float64, float64 
[ 2023-08-25 11:33:55,848 ] 86 root - INFO - Hypothesis cj_000: float64, float64 
[ 2023-08-25 11:33:55,888 ] 86 root - INFO - Hypothesis ck_000: float64, float64 
[ 2023-08-25 11:33:55,899 ] 86 root - INFO - Hypothesis cl_000: float64, float64 
[ 2023-08-25 11:33:55,905 ] 86 root - INFO - Hypothesis cm_000: float64, float64 
[ 2023-08-25 11:33:55,912 ] 86 root - INFO - Hypothesis cn_000: float64, float64 
[ 2023-08-25 11:33:55,950 ] 86 root - INFO - Hypothesis cn_001: float64, float64 
[ 2023-08-25 11:33:55,991 ] 86 root - INFO - Hypothesis cn_002: float64, float64 
[ 2023-08-25 11:33:55,999 ] 86 root - INFO - Hypothesis cn_003: float64, float64 
[ 2023-08-25 11:33:56,010 ] 86 root - INFO - Hypothesis cn_004: float64, float64 
[ 2023-08-25 11:33:56,020 ] 86 root - INFO - Hypothesis cn_005: float64, float64 
[ 2023-08-25 11:33:56,030 ] 86 root - INFO - Hypothesis cn_006: float64, float64 
[ 2023-08-25 11:33:56,041 ] 86 root - INFO - Hypothesis cn_007: float64, float64 
[ 2023-08-25 11:33:56,050 ] 86 root - INFO - Hypothesis cn_008: float64, float64 
[ 2023-08-25 11:33:56,059 ] 86 root - INFO - Hypothesis cn_009: float64, float64 
[ 2023-08-25 11:33:56,102 ] 86 root - INFO - Hypothesis cp_000: float64, float64 
[ 2023-08-25 11:33:56,144 ] 86 root - INFO - Hypothesis cq_000: float64, float64 
[ 2023-08-25 11:33:56,154 ] 86 root - INFO - Hypothesis cs_000: float64, float64 
[ 2023-08-25 11:33:56,164 ] 86 root - INFO - Hypothesis cs_001: float64, float64 
[ 2023-08-25 11:33:56,173 ] 86 root - INFO - Hypothesis cs_002: float64, float64 
[ 2023-08-25 11:33:56,183 ] 86 root - INFO - Hypothesis cs_003: float64, float64 
[ 2023-08-25 11:33:56,194 ] 86 root - INFO - Hypothesis cs_004: float64, float64 
[ 2023-08-25 11:33:56,204 ] 86 root - INFO - Hypothesis cs_005: float64, float64 
[ 2023-08-25 11:33:56,215 ] 86 root - INFO - Hypothesis cs_006: float64, float64 
[ 2023-08-25 11:33:56,225 ] 86 root - INFO - Hypothesis cs_007: float64, float64 
[ 2023-08-25 11:33:56,236 ] 86 root - INFO - Hypothesis cs_008: float64, float64 
[ 2023-08-25 11:33:56,278 ] 86 root - INFO - Hypothesis cs_009: float64, float64 
[ 2023-08-25 11:33:56,316 ] 86 root - INFO - Hypothesis dd_000: float64, float64 
[ 2023-08-25 11:33:56,325 ] 86 root - INFO - Hypothesis de_000: float64, float64 
[ 2023-08-25 11:33:56,334 ] 86 root - INFO - Hypothesis df_000: float64, float64 
[ 2023-08-25 11:33:56,373 ] 86 root - INFO - Hypothesis dg_000: float64, float64 
[ 2023-08-25 11:33:56,413 ] 86 root - INFO - Hypothesis dh_000: float64, float64 
[ 2023-08-25 11:33:56,419 ] 86 root - INFO - Hypothesis di_000: float64, float64 
[ 2023-08-25 11:33:56,459 ] 86 root - INFO - Hypothesis dj_000: float64, float64 
[ 2023-08-25 11:33:56,498 ] 86 root - INFO - Hypothesis dk_000: float64, float64 
[ 2023-08-25 11:33:56,538 ] 86 root - INFO - Hypothesis dl_000: float64, float64 
[ 2023-08-25 11:33:56,576 ] 86 root - INFO - Hypothesis dm_000: float64, float64 
[ 2023-08-25 11:33:56,615 ] 86 root - INFO - Hypothesis dn_000: float64, float64 
[ 2023-08-25 11:33:56,627 ] 86 root - INFO - Hypothesis do_000: float64, float64 
[ 2023-08-25 11:33:56,637 ] 86 root - INFO - Hypothesis dp_000: float64, float64 
[ 2023-08-25 11:33:56,646 ] 86 root - INFO - Hypothesis dq_000: float64, float64 
[ 2023-08-25 11:33:56,686 ] 86 root - INFO - Hypothesis dr_000: float64, float64 
[ 2023-08-25 11:33:56,727 ] 86 root - INFO - Hypothesis ds_000: float64, float64 
[ 2023-08-25 11:33:56,737 ] 86 root - INFO - Hypothesis dt_000: float64, float64 
[ 2023-08-25 11:33:56,747 ] 86 root - INFO - Hypothesis du_000: float64, float64 
[ 2023-08-25 11:33:56,757 ] 86 root - INFO - Hypothesis dv_000: float64, float64 
[ 2023-08-25 11:33:56,767 ] 86 root - INFO - Hypothesis dx_000: float64, float64 
[ 2023-08-25 11:33:56,809 ] 86 root - INFO - Hypothesis dy_000: float64, float64 
[ 2023-08-25 11:33:56,849 ] 86 root - INFO - Hypothesis dz_000: float64, float64 
[ 2023-08-25 11:33:56,888 ] 86 root - INFO - Hypothesis ea_000: float64, float64 
[ 2023-08-25 11:33:56,927 ] 86 root - INFO - Hypothesis eb_000: float64, float64 
[ 2023-08-25 11:33:56,936 ] 86 root - INFO - Hypothesis ec_00: float64, float64 
[ 2023-08-25 11:33:56,945 ] 86 root - INFO - Hypothesis ed_000: float64, float64 
[ 2023-08-25 11:33:56,954 ] 86 root - INFO - Hypothesis ee_000: float64, float64 
[ 2023-08-25 11:33:56,965 ] 86 root - INFO - Hypothesis ee_001: float64, float64 
[ 2023-08-25 11:33:56,975 ] 86 root - INFO - Hypothesis ee_002: float64, float64 
[ 2023-08-25 11:33:56,986 ] 86 root - INFO - Hypothesis ee_003: float64, float64 
[ 2023-08-25 11:33:56,996 ] 86 root - INFO - Hypothesis ee_004: float64, float64 
[ 2023-08-25 11:33:57,006 ] 86 root - INFO - Hypothesis ee_005: float64, float64 
[ 2023-08-25 11:33:57,016 ] 86 root - INFO - Hypothesis ee_006: float64, float64 
[ 2023-08-25 11:33:57,026 ] 86 root - INFO - Hypothesis ee_007: float64, float64 
[ 2023-08-25 11:33:57,036 ] 86 root - INFO - Hypothesis ee_008: float64, float64 
[ 2023-08-25 11:33:57,045 ] 86 root - INFO - Hypothesis ee_009: float64, float64 
[ 2023-08-25 11:33:57,053 ] 86 root - INFO - Hypothesis ef_000: float64, float64 
[ 2023-08-25 11:33:57,091 ] 86 root - INFO - Hypothesis eg_000: float64, float64 
[ 2023-08-25 11:33:57,129 ] 140 root - INFO - As all column are available in test df hence detecting data drift
[ 2023-08-25 11:33:57,129 ] 86 root - INFO - Hypothesis class: object, object 
[ 2023-08-25 11:33:57,211 ] 86 root - INFO - Hypothesis aa_000: float64, float64 
[ 2023-08-25 11:33:57,218 ] 86 root - INFO - Hypothesis ac_000: float64, float64 
[ 2023-08-25 11:33:57,223 ] 86 root - INFO - Hypothesis ae_000: float64, float64 
[ 2023-08-25 11:33:57,240 ] 86 root - INFO - Hypothesis af_000: float64, float64 
[ 2023-08-25 11:33:57,256 ] 86 root - INFO - Hypothesis ag_000: float64, float64 
[ 2023-08-25 11:33:57,272 ] 86 root - INFO - Hypothesis ag_001: float64, float64 
[ 2023-08-25 11:33:57,288 ] 86 root - INFO - Hypothesis ag_002: float64, float64 
[ 2023-08-25 11:33:57,292 ] 86 root - INFO - Hypothesis ag_003: float64, float64 
[ 2023-08-25 11:33:57,296 ] 86 root - INFO - Hypothesis ag_004: float64, float64 
[ 2023-08-25 11:33:57,303 ] 86 root - INFO - Hypothesis ag_005: float64, float64 
[ 2023-08-25 11:33:57,310 ] 86 root - INFO - Hypothesis ag_006: float64, float64 
[ 2023-08-25 11:33:57,317 ] 86 root - INFO - Hypothesis ag_007: float64, float64 
[ 2023-08-25 11:33:57,324 ] 86 root - INFO - Hypothesis ag_008: float64, float64 
[ 2023-08-25 11:33:57,329 ] 86 root - INFO - Hypothesis ag_009: float64, float64 
[ 2023-08-25 11:33:57,334 ] 86 root - INFO - Hypothesis ah_000: float64, float64 
[ 2023-08-25 11:33:57,341 ] 86 root - INFO - Hypothesis ai_000: float64, float64 
[ 2023-08-25 11:33:57,345 ] 86 root - INFO - Hypothesis aj_000: float64, float64 
[ 2023-08-25 11:33:57,349 ] 86 root - INFO - Hypothesis ak_000: float64, float64 
[ 2023-08-25 11:33:57,353 ] 86 root - INFO - Hypothesis al_000: float64, float64 
[ 2023-08-25 11:33:57,358 ] 86 root - INFO - Hypothesis am_0: float64, float64 
[ 2023-08-25 11:33:57,363 ] 86 root - INFO - Hypothesis an_000: float64, float64 
[ 2023-08-25 11:33:57,370 ] 86 root - INFO - Hypothesis ao_000: float64, float64 
[ 2023-08-25 11:33:57,377 ] 86 root - INFO - Hypothesis ap_000: float64, float64 
[ 2023-08-25 11:33:57,384 ] 86 root - INFO - Hypothesis aq_000: float64, float64 
[ 2023-08-25 11:33:57,391 ] 86 root - INFO - Hypothesis ar_000: float64, float64 
[ 2023-08-25 11:33:57,408 ] 86 root - INFO - Hypothesis as_000: float64, float64 
[ 2023-08-25 11:33:57,424 ] 86 root - INFO - Hypothesis at_000: float64, float64 
[ 2023-08-25 11:33:57,440 ] 86 root - INFO - Hypothesis au_000: float64, float64 
[ 2023-08-25 11:33:57,456 ] 86 root - INFO - Hypothesis av_000: float64, float64 
[ 2023-08-25 11:33:57,462 ] 86 root - INFO - Hypothesis ax_000: float64, float64 
[ 2023-08-25 11:33:57,467 ] 86 root - INFO - Hypothesis ay_000: float64, float64 
[ 2023-08-25 11:33:57,483 ] 86 root - INFO - Hypothesis ay_001: float64, float64 
[ 2023-08-25 11:33:57,499 ] 86 root - INFO - Hypothesis ay_002: float64, float64 
[ 2023-08-25 11:33:57,515 ] 86 root - INFO - Hypothesis ay_003: float64, float64 
[ 2023-08-25 11:33:57,532 ] 86 root - INFO - Hypothesis ay_004: float64, float64 
[ 2023-08-25 11:33:57,548 ] 86 root - INFO - Hypothesis ay_005: float64, float64 
[ 2023-08-25 11:33:57,553 ] 86 root - INFO - Hypothesis ay_006: float64, float64 
[ 2023-08-25 11:33:57,559 ] 86 root - INFO - Hypothesis ay_007: float64, float64 
[ 2023-08-25 11:33:57,566 ] 86 root - INFO - Hypothesis ay_008: float64, float64 
[ 2023-08-25 11:33:57,573 ] 86 root - INFO - Hypothesis ay_009: float64, float64 
[ 2023-08-25 11:33:57,589 ] 86 root - INFO - Hypothesis az_000: float64, float64 
[ 2023-08-25 11:33:57,596 ] 86 root - INFO - Hypothesis az_001: float64, float64 
[ 2023-08-25 11:33:57,603 ] 86 root - INFO - Hypothesis az_002: float64, float64 
[ 2023-08-25 11:33:57,609 ] 86 root - INFO - Hypothesis az_003: float64, float64 
[ 2023-08-25 11:33:57,616 ] 86 root - INFO - Hypothesis az_004: float64, float64 
[ 2023-08-25 11:33:57,623 ] 86 root - INFO - Hypothesis az_005: float64, float64 
[ 2023-08-25 11:33:57,630 ] 86 root - INFO - Hypothesis az_006: float64, float64 
[ 2023-08-25 11:33:57,636 ] 86 root - INFO - Hypothesis az_007: float64, float64 
[ 2023-08-25 11:33:57,640 ] 86 root - INFO - Hypothesis az_008: float64, float64 
[ 2023-08-25 11:33:57,657 ] 86 root - INFO - Hypothesis az_009: float64, float64 
[ 2023-08-25 11:33:57,674 ] 86 root - INFO - Hypothesis ba_000: float64, float64 
[ 2023-08-25 11:33:57,681 ] 86 root - INFO - Hypothesis ba_001: float64, float64 
[ 2023-08-25 11:33:57,688 ] 86 root - INFO - Hypothesis ba_002: float64, float64 
[ 2023-08-25 11:33:57,695 ] 86 root - INFO - Hypothesis ba_003: float64, float64 
[ 2023-08-25 11:33:57,702 ] 86 root - INFO - Hypothesis ba_004: float64, float64 
[ 2023-08-25 11:33:57,708 ] 86 root - INFO - Hypothesis ba_005: float64, float64 
[ 2023-08-25 11:33:57,715 ] 86 root - INFO - Hypothesis ba_006: float64, float64 
[ 2023-08-25 11:33:57,722 ] 86 root - INFO - Hypothesis ba_007: float64, float64 
[ 2023-08-25 11:33:57,729 ] 86 root - INFO - Hypothesis ba_008: float64, float64 
[ 2023-08-25 11:33:57,734 ] 86 root - INFO - Hypothesis ba_009: float64, float64 
[ 2023-08-25 11:33:57,739 ] 86 root - INFO - Hypothesis bb_000: float64, float64 
[ 2023-08-25 11:33:57,746 ] 86 root - INFO - Hypothesis bc_000: float64, float64 
[ 2023-08-25 11:33:57,751 ] 86 root - INFO - Hypothesis bd_000: float64, float64 
[ 2023-08-25 11:33:57,757 ] 86 root - INFO - Hypothesis be_000: float64, float64 
[ 2023-08-25 11:33:57,763 ] 86 root - INFO - Hypothesis bf_000: float64, float64 
[ 2023-08-25 11:33:57,768 ] 86 root - INFO - Hypothesis bg_000: float64, float64 
[ 2023-08-25 11:33:57,775 ] 86 root - INFO - Hypothesis bh_000: float64, float64 
[ 2023-08-25 11:33:57,782 ] 86 root - INFO - Hypothesis bi_000: float64, float64 
[ 2023-08-25 11:33:57,789 ] 86 root - INFO - Hypothesis bj_000: float64, float64 
[ 2023-08-25 11:33:57,796 ] 86 root - INFO - Hypothesis bs_000: float64, float64 
[ 2023-08-25 11:33:57,803 ] 86 root - INFO - Hypothesis bt_000: float64, float64 
[ 2023-08-25 11:33:57,810 ] 86 root - INFO - Hypothesis bu_000: float64, float64 
[ 2023-08-25 11:33:57,817 ] 86 root - INFO - Hypothesis bv_000: float64, float64 
[ 2023-08-25 11:33:57,824 ] 86 root - INFO - Hypothesis bx_000: float64, float64 
[ 2023-08-25 11:33:57,831 ] 86 root - INFO - Hypothesis by_000: float64, float64 
[ 2023-08-25 11:33:57,838 ] 86 root - INFO - Hypothesis bz_000: float64, float64 
[ 2023-08-25 11:33:57,844 ] 86 root - INFO - Hypothesis ca_000: float64, float64 
[ 2023-08-25 11:33:57,851 ] 86 root - INFO - Hypothesis cb_000: float64, float64 
[ 2023-08-25 11:33:57,858 ] 86 root - INFO - Hypothesis cc_000: float64, float64 
[ 2023-08-25 11:33:57,865 ] 86 root - INFO - Hypothesis cd_000: float64, float64 
[ 2023-08-25 11:33:57,882 ] 86 root - INFO - Hypothesis ce_000: float64, float64 
[ 2023-08-25 11:33:57,888 ] 86 root - INFO - Hypothesis ci_000: float64, float64 
[ 2023-08-25 11:33:57,895 ] 86 root - INFO - Hypothesis cj_000: float64, float64 
[ 2023-08-25 11:33:57,899 ] 86 root - INFO - Hypothesis ck_000: float64, float64 
[ 2023-08-25 11:33:57,906 ] 86 root - INFO - Hypothesis cl_000: float64, float64 
[ 2023-08-25 11:33:57,911 ] 86 root - INFO - Hypothesis cm_000: float64, float64 
[ 2023-08-25 11:33:57,916 ] 86 root - INFO - Hypothesis cn_000: float64, float64 
[ 2023-08-25 11:33:57,932 ] 86 root - INFO - Hypothesis cn_001: float64, float64 
[ 2023-08-25 11:33:57,936 ] 86 root - INFO - Hypothesis cn_002: float64, float64 
[ 2023-08-25 11:33:57,942 ] 86 root - INFO - Hypothesis cn_003: float64, float64 
[ 2023-08-25 11:33:57,949 ] 86 root - INFO - Hypothesis cn_004: float64, float64 
[ 2023-08-25 11:33:57,956 ] 86 root - INFO - Hypothesis cn_005: float64, float64 
[ 2023-08-25 11:33:57,963 ] 86 root - INFO - Hypothesis cn_006: float64, float64 
[ 2023-08-25 11:33:57,970 ] 86 root - INFO - Hypothesis cn_007: float64, float64 
[ 2023-08-25 11:33:57,976 ] 86 root - INFO - Hypothesis cn_008: float64, float64 
[ 2023-08-25 11:33:57,982 ] 86 root - INFO - Hypothesis cn_009: float64, float64 
[ 2023-08-25 11:33:57,988 ] 86 root - INFO - Hypothesis cp_000: float64, float64 
[ 2023-08-25 11:33:57,993 ] 86 root - INFO - Hypothesis cq_000: float64, float64 
[ 2023-08-25 11:33:58,000 ] 86 root - INFO - Hypothesis cs_000: float64, float64 
[ 2023-08-25 11:33:58,007 ] 86 root - INFO - Hypothesis cs_001: float64, float64 
[ 2023-08-25 11:33:58,013 ] 86 root - INFO - Hypothesis cs_002: float64, float64 
[ 2023-08-25 11:33:58,020 ] 86 root - INFO - Hypothesis cs_003: float64, float64 
[ 2023-08-25 11:33:58,027 ] 86 root - INFO - Hypothesis cs_004: float64, float64 
[ 2023-08-25 11:33:58,034 ] 86 root - INFO - Hypothesis cs_005: float64, float64 
[ 2023-08-25 11:33:58,041 ] 86 root - INFO - Hypothesis cs_006: float64, float64 
[ 2023-08-25 11:33:58,048 ] 86 root - INFO - Hypothesis cs_007: float64, float64 
[ 2023-08-25 11:33:58,055 ] 86 root - INFO - Hypothesis cs_008: float64, float64 
[ 2023-08-25 11:33:58,060 ] 86 root - INFO - Hypothesis cs_009: float64, float64 
[ 2023-08-25 11:33:58,076 ] 86 root - INFO - Hypothesis dd_000: float64, float64 
[ 2023-08-25 11:33:58,083 ] 86 root - INFO - Hypothesis de_000: float64, float64 
[ 2023-08-25 11:33:58,089 ] 86 root - INFO - Hypothesis df_000: float64, float64 
[ 2023-08-25 11:33:58,092 ] 86 root - INFO - Hypothesis dg_000: float64, float64 
[ 2023-08-25 11:33:58,096 ] 86 root - INFO - Hypothesis dh_000: float64, float64 
[ 2023-08-25 11:33:58,100 ] 86 root - INFO - Hypothesis di_000: float64, float64 
[ 2023-08-25 11:33:58,104 ] 86 root - INFO - Hypothesis dj_000: float64, float64 
[ 2023-08-25 11:33:58,121 ] 86 root - INFO - Hypothesis dk_000: float64, float64 
[ 2023-08-25 11:33:58,124 ] 86 root - INFO - Hypothesis dl_000: float64, float64 
[ 2023-08-25 11:33:58,141 ] 86 root - INFO - Hypothesis dm_000: float64, float64 
[ 2023-08-25 11:33:58,158 ] 86 root - INFO - Hypothesis dn_000: float64, float64 
[ 2023-08-25 11:33:58,165 ] 86 root - INFO - Hypothesis do_000: float64, float64 
[ 2023-08-25 11:33:58,171 ] 86 root - INFO - Hypothesis dp_000: float64, float64 
[ 2023-08-25 11:33:58,177 ] 86 root - INFO - Hypothesis dq_000: float64, float64 
[ 2023-08-25 11:33:58,182 ] 86 root - INFO - Hypothesis dr_000: float64, float64 
[ 2023-08-25 11:33:58,186 ] 86 root - INFO - Hypothesis ds_000: float64, float64 
[ 2023-08-25 11:33:58,193 ] 86 root - INFO - Hypothesis dt_000: float64, float64 
[ 2023-08-25 11:33:58,200 ] 86 root - INFO - Hypothesis du_000: float64, float64 
[ 2023-08-25 11:33:58,207 ] 86 root - INFO - Hypothesis dv_000: float64, float64 
[ 2023-08-25 11:33:58,214 ] 86 root - INFO - Hypothesis dx_000: float64, float64 
[ 2023-08-25 11:33:58,219 ] 86 root - INFO - Hypothesis dy_000: float64, float64 
[ 2023-08-25 11:33:58,223 ] 86 root - INFO - Hypothesis dz_000: float64, float64 
[ 2023-08-25 11:33:58,240 ] 86 root - INFO - Hypothesis ea_000: float64, float64 
[ 2023-08-25 11:33:58,256 ] 86 root - INFO - Hypothesis eb_000: float64, float64 
[ 2023-08-25 11:33:58,262 ] 86 root - INFO - Hypothesis ec_00: float64, float64 
[ 2023-08-25 11:33:58,269 ] 86 root - INFO - Hypothesis ed_000: float64, float64 
[ 2023-08-25 11:33:58,276 ] 86 root - INFO - Hypothesis ee_000: float64, float64 
[ 2023-08-25 11:33:58,283 ] 86 root - INFO - Hypothesis ee_001: float64, float64 
[ 2023-08-25 11:33:58,290 ] 86 root - INFO - Hypothesis ee_002: float64, float64 
[ 2023-08-25 11:33:58,297 ] 86 root - INFO - Hypothesis ee_003: float64, float64 
[ 2023-08-25 11:33:58,304 ] 86 root - INFO - Hypothesis ee_004: float64, float64 
[ 2023-08-25 11:33:58,311 ] 86 root - INFO - Hypothesis ee_005: float64, float64 
[ 2023-08-25 11:33:58,318 ] 86 root - INFO - Hypothesis ee_006: float64, float64 
[ 2023-08-25 11:33:58,325 ] 86 root - INFO - Hypothesis ee_007: float64, float64 
[ 2023-08-25 11:33:58,331 ] 86 root - INFO - Hypothesis ee_008: float64, float64 
[ 2023-08-25 11:33:58,337 ] 86 root - INFO - Hypothesis ee_009: float64, float64 
[ 2023-08-25 11:33:58,343 ] 86 root - INFO - Hypothesis ef_000: float64, float64 
[ 2023-08-25 11:33:58,359 ] 86 root - INFO - Hypothesis eg_000: float64, float64 
[ 2023-08-25 11:33:58,375 ] 143 root - INFO - Write reprt in yaml file
[ 2023-08-25 11:33:59,451 ] 66 root - INFO - Before resampling in training set Input: (28950, 170) Target:(28950,)
[ 2023-08-25 11:34:04,168 ] 68 root - INFO - After resampling in training set Input: (56152, 170) Target:(56152,)
[ 2023-08-25 11:34:04,169 ] 71 root - INFO - Before resampling in testing set Input: (7238, 170) Target:(7238,)
[ 2023-08-25 11:34:04,810 ] 73 root - INFO - After resampling in testing set Input: (14072, 170) Target:(14072,)
[ 2023-08-25 11:34:04,944 ] 53 root - INFO - Entered te save object method of Main utils class
[ 2023-08-25 11:34:04,948 ] 57 root - INFO - exited the save object method of Main utils class
[ 2023-08-25 11:34:04,948 ] 53 root - INFO - Entered te save object method of Main utils class
[ 2023-08-25 11:34:04,949 ] 57 root - INFO - exited the save object method of Main utils class
[ 2023-08-25 11:34:04,949 ] 91 root - INFO - Data transformation object DataTransformationArtifact(transform_object_path='/config/workspace/artifact/08252023__11_33_39/data_transformation/transformer/transformer.pkl', transformed_train_path='/config/workspace/artifact/08252023__11_33_39/data_transformation/transformed/train.npz', transformed_test_path='/config/workspace/artifact/08252023__11_33_39/data_transformation/transformed/test.npz', target_encoder_path='/config/workspace/artifact/08252023__11_33_39/data_transformation/target_encoder/target_encoder.pkl')
[ 2023-08-25 11:34:04,953 ] 14 root - INFO - >>>>>>>>>>>>>>>>>>>>>>>>>>>>>>>>>>>>>>>> Model Trainer <<<<<<<<<<<<<<<<<<<<<<<<<<<<<<<<<<<<<<<<
[ 2023-08-25 11:34:04,953 ] 39 root - INFO - Loading train and test array.
[ 2023-08-25 11:34:04,990 ] 43 root - INFO - Splitting input and target feature from both train and test arr.
[ 2023-08-25 11:34:04,990 ] 47 root - INFO - Train the model
