[ 2023-08-26 20:39:52,664 ] 20 root - INFO - exporting data as pandas dataframe
[ 2023-08-26 20:39:52,664 ] 21 root - INFO - Reading data from database: aps and collection: sensor
[ 2023-08-26 20:39:59,948 ] 23 root - INFO - Found Columns: Index(['_id', 'class', 'aa_000', 'ab_000', 'ac_000', 'ad_000', 'ae_000',
       'af_000', 'ag_000', 'ag_001',
       ...
       'ee_002', 'ee_003', 'ee_004', 'ee_005', 'ee_006', 'ee_007', 'ee_008',
       'ee_009', 'ef_000', 'eg_000'],
      dtype='object', length=172)
[ 2023-08-26 20:39:59,949 ] 25 root - INFO - Dropping column: _id
[ 2023-08-26 20:40:00,440 ] 27 root - INFO - row and columnns in df: (36188, 171)
[ 2023-08-26 20:40:00,440 ] 25 root - INFO - save data in feature store
[ 2023-08-26 20:40:07,264 ] 35 root - INFO - split dataset into train and test set
[ 2023-08-26 20:40:07,999 ] 39 root - INFO - create dataset directory folder if not available
[ 2023-08-26 20:40:08,000 ] 46 root - INFO - Save df to feature store folder
[ 2023-08-26 20:40:11,755 ] 59 root - INFO - Data ingestion artifact: DataIngestionArtifact(feature_store_file_path='/config/workspace/artifact/08262023__20_39_52/data_ingestion/feature_store/sensor.csv', train_file_path='/config/workspace/artifact/08262023__20_39_52/data_ingestion/dataset/train.csv', test_file_path='/config/workspace/artifact/08262023__20_39_52/data_ingestion/dataset/test.csv')
[ 2023-08-26 20:40:12,695 ] 20 root - INFO - >>>>>>>>>>>>>>>>>>>>>>>>>>>>>>>>>>>>>>>> Data Validation <<<<<<<<<<<<<<<<<<<<<<<<<<<<<<<<<<<<<<<<
[ 2023-08-26 20:40:12,695 ] 107 root - INFO - Reading base dataframe
[ 2023-08-26 20:40:16,723 ] 110 root - INFO - Replace na value in base df
[ 2023-08-26 20:40:17,150 ] 61 root - INFO - selecting column name which contains null above to 0.2
[ 2023-08-26 20:40:17,151 ] 64 root - INFO - Columns to drop: ['ab_000', 'ad_000', 'bk_000', 'bl_000', 'bm_000', 'bn_000', 'bo_000', 'bp_000', 'bq_000', 'br_000', 'cf_000', 'cg_000', 'ch_000', 'co_000', 'cr_000', 'ct_000', 'cu_000', 'cv_000', 'cx_000', 'cy_000', 'cz_000', 'da_000', 'db_000', 'dc_000']
[ 2023-08-26 20:40:17,277 ] 115 root - INFO - Reading train dataframe
[ 2023-08-26 20:40:17,984 ] 117 root - INFO - Reading test dataframe
[ 2023-08-26 20:40:18,153 ] 120 root - INFO - Drop null values colums from train df
[ 2023-08-26 20:40:18,165 ] 61 root - INFO - selecting column name which contains null above to 0.2
[ 2023-08-26 20:40:18,166 ] 64 root - INFO - Columns to drop: ['ab_000', 'ad_000', 'bk_000', 'bl_000', 'bm_000', 'bn_000', 'bo_000', 'bp_000', 'bq_000', 'br_000', 'cf_000', 'cg_000', 'ch_000', 'co_000', 'cr_000', 'ct_000', 'cu_000', 'cv_000', 'cx_000', 'cy_000', 'cz_000', 'da_000', 'db_000', 'dc_000']
[ 2023-08-26 20:40:18,190 ] 122 root - INFO - Drop null values colums from test df
[ 2023-08-26 20:40:18,194 ] 61 root - INFO - selecting column name which contains null above to 0.2
[ 2023-08-26 20:40:18,194 ] 64 root - INFO - Columns to drop: ['ab_000', 'ad_000', 'bk_000', 'bl_000', 'bm_000', 'bn_000', 'bo_000', 'bp_000', 'bq_000', 'br_000', 'cf_000', 'cg_000', 'ch_000', 'co_000', 'cr_000', 'ct_000', 'cu_000', 'cv_000', 'cx_000', 'cy_000', 'cz_000', 'da_000', 'db_000', 'dc_000']
[ 2023-08-26 20:40:19,512 ] 130 root - INFO - Is all required columns present in train df
[ 2023-08-26 20:40:19,513 ] 132 root - INFO - Is all required columns present in test df
[ 2023-08-26 20:40:19,513 ] 136 root - INFO - As all column are available in train df hence detecting data drift
[ 2023-08-26 20:40:19,513 ] 86 root - INFO - Hypothesis class: object, object 
[ 2023-08-26 20:40:19,719 ] 86 root - INFO - Hypothesis aa_000: float64, float64 
[ 2023-08-26 20:40:19,736 ] 86 root - INFO - Hypothesis ac_000: float64, float64 
[ 2023-08-26 20:40:19,791 ] 86 root - INFO - Hypothesis ae_000: float64, float64 
[ 2023-08-26 20:40:19,846 ] 86 root - INFO - Hypothesis af_000: float64, float64 
[ 2023-08-26 20:40:19,905 ] 86 root - INFO - Hypothesis ag_000: float64, float64 
[ 2023-08-26 20:40:19,962 ] 86 root - INFO - Hypothesis ag_001: float64, float64 
[ 2023-08-26 20:40:20,009 ] 86 root - INFO - Hypothesis ag_002: float64, float64 
[ 2023-08-26 20:40:20,056 ] 86 root - INFO - Hypothesis ag_003: float64, float64 
[ 2023-08-26 20:40:20,066 ] 86 root - INFO - Hypothesis ag_004: float64, float64 
[ 2023-08-26 20:40:20,079 ] 86 root - INFO - Hypothesis ag_005: float64, float64 
[ 2023-08-26 20:40:20,093 ] 86 root - INFO - Hypothesis ag_006: float64, float64 
[ 2023-08-26 20:40:20,111 ] 86 root - INFO - Hypothesis ag_007: float64, float64 
[ 2023-08-26 20:40:20,124 ] 86 root - INFO - Hypothesis ag_008: float64, float64 
[ 2023-08-26 20:40:20,136 ] 86 root - INFO - Hypothesis ag_009: float64, float64 
[ 2023-08-26 20:40:20,146 ] 86 root - INFO - Hypothesis ah_000: float64, float64 
[ 2023-08-26 20:40:20,168 ] 86 root - INFO - Hypothesis ai_000: float64, float64 
[ 2023-08-26 20:40:20,229 ] 86 root - INFO - Hypothesis aj_000: float64, float64 
[ 2023-08-26 20:40:20,239 ] 86 root - INFO - Hypothesis ak_000: float64, float64 
[ 2023-08-26 20:40:20,305 ] 86 root - INFO - Hypothesis al_000: float64, float64 
[ 2023-08-26 20:40:20,315 ] 86 root - INFO - Hypothesis am_0: float64, float64 
[ 2023-08-26 20:40:20,333 ] 86 root - INFO - Hypothesis an_000: float64, float64 
[ 2023-08-26 20:40:20,348 ] 86 root - INFO - Hypothesis ao_000: float64, float64 
[ 2023-08-26 20:40:20,362 ] 86 root - INFO - Hypothesis ap_000: float64, float64 
[ 2023-08-26 20:40:20,376 ] 86 root - INFO - Hypothesis aq_000: float64, float64 
[ 2023-08-26 20:40:20,403 ] 86 root - INFO - Hypothesis ar_000: float64, float64 
[ 2023-08-26 20:40:20,459 ] 86 root - INFO - Hypothesis as_000: float64, float64 
[ 2023-08-26 20:40:20,518 ] 86 root - INFO - Hypothesis at_000: float64, float64 
[ 2023-08-26 20:40:20,567 ] 86 root - INFO - Hypothesis au_000: float64, float64 
[ 2023-08-26 20:40:20,625 ] 86 root - INFO - Hypothesis av_000: float64, float64 
[ 2023-08-26 20:40:20,637 ] 86 root - INFO - Hypothesis ax_000: float64, float64 
[ 2023-08-26 20:40:20,650 ] 86 root - INFO - Hypothesis ay_000: float64, float64 
[ 2023-08-26 20:40:20,713 ] 86 root - INFO - Hypothesis ay_001: float64, float64 
[ 2023-08-26 20:40:20,760 ] 86 root - INFO - Hypothesis ay_002: float64, float64 
[ 2023-08-26 20:40:20,831 ] 86 root - INFO - Hypothesis ay_003: float64, float64 
[ 2023-08-26 20:40:20,882 ] 86 root - INFO - Hypothesis ay_004: float64, float64 
[ 2023-08-26 20:40:20,933 ] 86 root - INFO - Hypothesis ay_005: float64, float64 
[ 2023-08-26 20:40:21,005 ] 86 root - INFO - Hypothesis ay_006: float64, float64 
[ 2023-08-26 20:40:21,017 ] 86 root - INFO - Hypothesis ay_007: float64, float64 
[ 2023-08-26 20:40:21,029 ] 86 root - INFO - Hypothesis ay_008: float64, float64 
[ 2023-08-26 20:40:21,042 ] 86 root - INFO - Hypothesis ay_009: float64, float64 
[ 2023-08-26 20:40:21,088 ] 86 root - INFO - Hypothesis az_000: float64, float64 
[ 2023-08-26 20:40:21,100 ] 86 root - INFO - Hypothesis az_001: float64, float64 
[ 2023-08-26 20:40:21,112 ] 86 root - INFO - Hypothesis az_002: float64, float64 
[ 2023-08-26 20:40:21,124 ] 86 root - INFO - Hypothesis az_003: float64, float64 
[ 2023-08-26 20:40:21,136 ] 86 root - INFO - Hypothesis az_004: float64, float64 
[ 2023-08-26 20:40:21,157 ] 86 root - INFO - Hypothesis az_005: float64, float64 
[ 2023-08-26 20:40:21,171 ] 86 root - INFO - Hypothesis az_006: float64, float64 
[ 2023-08-26 20:40:21,230 ] 86 root - INFO - Hypothesis az_007: float64, float64 
[ 2023-08-26 20:40:21,287 ] 86 root - INFO - Hypothesis az_008: float64, float64 
[ 2023-08-26 20:40:21,342 ] 86 root - INFO - Hypothesis az_009: float64, float64 
[ 2023-08-26 20:40:21,400 ] 86 root - INFO - Hypothesis ba_000: float64, float64 
[ 2023-08-26 20:40:21,413 ] 86 root - INFO - Hypothesis ba_001: float64, float64 
[ 2023-08-26 20:40:21,430 ] 86 root - INFO - Hypothesis ba_002: float64, float64 
[ 2023-08-26 20:40:21,443 ] 86 root - INFO - Hypothesis ba_003: float64, float64 
[ 2023-08-26 20:40:21,455 ] 86 root - INFO - Hypothesis ba_004: float64, float64 
[ 2023-08-26 20:40:21,468 ] 86 root - INFO - Hypothesis ba_005: float64, float64 
[ 2023-08-26 20:40:21,493 ] 86 root - INFO - Hypothesis ba_006: float64, float64 
[ 2023-08-26 20:40:21,505 ] 86 root - INFO - Hypothesis ba_007: float64, float64 
[ 2023-08-26 20:40:21,517 ] 86 root - INFO - Hypothesis ba_008: float64, float64 
[ 2023-08-26 20:40:21,580 ] 86 root - INFO - Hypothesis ba_009: float64, float64 
[ 2023-08-26 20:40:21,641 ] 86 root - INFO - Hypothesis bb_000: float64, float64 
[ 2023-08-26 20:40:21,658 ] 86 root - INFO - Hypothesis bc_000: float64, float64 
[ 2023-08-26 20:40:21,720 ] 86 root - INFO - Hypothesis bd_000: float64, float64 
[ 2023-08-26 20:40:21,731 ] 86 root - INFO - Hypothesis be_000: float64, float64 
[ 2023-08-26 20:40:21,750 ] 86 root - INFO - Hypothesis bf_000: float64, float64 
[ 2023-08-26 20:40:21,760 ] 86 root - INFO - Hypothesis bg_000: float64, float64 
[ 2023-08-26 20:40:21,781 ] 86 root - INFO - Hypothesis bh_000: float64, float64 
[ 2023-08-26 20:40:21,793 ] 86 root - INFO - Hypothesis bi_000: float64, float64 
[ 2023-08-26 20:40:21,807 ] 86 root - INFO - Hypothesis bj_000: float64, float64 
[ 2023-08-26 20:40:21,824 ] 86 root - INFO - Hypothesis bs_000: float64, float64 
[ 2023-08-26 20:40:21,837 ] 86 root - INFO - Hypothesis bt_000: float64, float64 
[ 2023-08-26 20:40:21,850 ] 86 root - INFO - Hypothesis bu_000: float64, float64 
[ 2023-08-26 20:40:21,862 ] 86 root - INFO - Hypothesis bv_000: float64, float64 
[ 2023-08-26 20:40:21,879 ] 86 root - INFO - Hypothesis bx_000: float64, float64 
[ 2023-08-26 20:40:21,892 ] 86 root - INFO - Hypothesis by_000: float64, float64 
[ 2023-08-26 20:40:21,904 ] 86 root - INFO - Hypothesis bz_000: float64, float64 
[ 2023-08-26 20:40:21,916 ] 86 root - INFO - Hypothesis ca_000: float64, float64 
[ 2023-08-26 20:40:21,933 ] 86 root - INFO - Hypothesis cb_000: float64, float64 
[ 2023-08-26 20:40:21,948 ] 86 root - INFO - Hypothesis cc_000: float64, float64 
[ 2023-08-26 20:40:21,962 ] 86 root - INFO - Hypothesis cd_000: float64, float64 
[ 2023-08-26 20:40:22,035 ] 86 root - INFO - Hypothesis ce_000: float64, float64 
[ 2023-08-26 20:40:22,048 ] 86 root - INFO - Hypothesis ci_000: float64, float64 
[ 2023-08-26 20:40:22,063 ] 86 root - INFO - Hypothesis cj_000: float64, float64 
[ 2023-08-26 20:40:22,136 ] 86 root - INFO - Hypothesis ck_000: float64, float64 
[ 2023-08-26 20:40:22,149 ] 86 root - INFO - Hypothesis cl_000: float64, float64 
[ 2023-08-26 20:40:22,158 ] 86 root - INFO - Hypothesis cm_000: float64, float64 
[ 2023-08-26 20:40:22,169 ] 86 root - INFO - Hypothesis cn_000: float64, float64 
[ 2023-08-26 20:40:22,225 ] 86 root - INFO - Hypothesis cn_001: float64, float64 
[ 2023-08-26 20:40:22,282 ] 86 root - INFO - Hypothesis cn_002: float64, float64 
[ 2023-08-26 20:40:22,294 ] 86 root - INFO - Hypothesis cn_003: float64, float64 
[ 2023-08-26 20:40:22,307 ] 86 root - INFO - Hypothesis cn_004: float64, float64 
[ 2023-08-26 20:40:22,324 ] 86 root - INFO - Hypothesis cn_005: float64, float64 
[ 2023-08-26 20:40:22,337 ] 86 root - INFO - Hypothesis cn_006: float64, float64 
[ 2023-08-26 20:40:22,350 ] 86 root - INFO - Hypothesis cn_007: float64, float64 
[ 2023-08-26 20:40:22,366 ] 86 root - INFO - Hypothesis cn_008: float64, float64 
[ 2023-08-26 20:40:22,378 ] 86 root - INFO - Hypothesis cn_009: float64, float64 
[ 2023-08-26 20:40:22,432 ] 86 root - INFO - Hypothesis cp_000: float64, float64 
[ 2023-08-26 20:40:22,488 ] 86 root - INFO - Hypothesis cq_000: float64, float64 
[ 2023-08-26 20:40:22,506 ] 86 root - INFO - Hypothesis cs_000: float64, float64 
[ 2023-08-26 20:40:22,518 ] 86 root - INFO - Hypothesis cs_001: float64, float64 
[ 2023-08-26 20:40:22,530 ] 86 root - INFO - Hypothesis cs_002: float64, float64 
[ 2023-08-26 20:40:22,542 ] 86 root - INFO - Hypothesis cs_003: float64, float64 
[ 2023-08-26 20:40:22,555 ] 86 root - INFO - Hypothesis cs_004: float64, float64 
[ 2023-08-26 20:40:22,580 ] 86 root - INFO - Hypothesis cs_005: float64, float64 
[ 2023-08-26 20:40:22,593 ] 86 root - INFO - Hypothesis cs_006: float64, float64 
[ 2023-08-26 20:40:22,606 ] 86 root - INFO - Hypothesis cs_007: float64, float64 
[ 2023-08-26 20:40:22,619 ] 86 root - INFO - Hypothesis cs_008: float64, float64 
[ 2023-08-26 20:40:22,682 ] 86 root - INFO - Hypothesis cs_009: float64, float64 
[ 2023-08-26 20:40:22,732 ] 86 root - INFO - Hypothesis dd_000: float64, float64 
[ 2023-08-26 20:40:22,744 ] 86 root - INFO - Hypothesis de_000: float64, float64 
[ 2023-08-26 20:40:22,755 ] 86 root - INFO - Hypothesis df_000: float64, float64 
[ 2023-08-26 20:40:22,811 ] 86 root - INFO - Hypothesis dg_000: float64, float64 
[ 2023-08-26 20:40:22,891 ] 86 root - INFO - Hypothesis dh_000: float64, float64 
[ 2023-08-26 20:40:22,898 ] 86 root - INFO - Hypothesis di_000: float64, float64 
[ 2023-08-26 20:40:22,967 ] 86 root - INFO - Hypothesis dj_000: float64, float64 
[ 2023-08-26 20:40:23,043 ] 86 root - INFO - Hypothesis dk_000: float64, float64 
[ 2023-08-26 20:40:23,105 ] 86 root - INFO - Hypothesis dl_000: float64, float64 
[ 2023-08-26 20:40:23,168 ] 86 root - INFO - Hypothesis dm_000: float64, float64 
[ 2023-08-26 20:40:23,238 ] 86 root - INFO - Hypothesis dn_000: float64, float64 
[ 2023-08-26 20:40:23,255 ] 86 root - INFO - Hypothesis do_000: float64, float64 
[ 2023-08-26 20:40:23,267 ] 86 root - INFO - Hypothesis dp_000: float64, float64 
[ 2023-08-26 20:40:23,279 ] 86 root - INFO - Hypothesis dq_000: float64, float64 
[ 2023-08-26 20:40:23,347 ] 86 root - INFO - Hypothesis dr_000: float64, float64 
[ 2023-08-26 20:40:23,432 ] 86 root - INFO - Hypothesis ds_000: float64, float64 
[ 2023-08-26 20:40:23,457 ] 86 root - INFO - Hypothesis dt_000: float64, float64 
[ 2023-08-26 20:40:23,469 ] 86 root - INFO - Hypothesis du_000: float64, float64 
[ 2023-08-26 20:40:23,486 ] 86 root - INFO - Hypothesis dv_000: float64, float64 
[ 2023-08-26 20:40:23,499 ] 86 root - INFO - Hypothesis dx_000: float64, float64 
[ 2023-08-26 20:40:23,552 ] 86 root - INFO - Hypothesis dy_000: float64, float64 
[ 2023-08-26 20:40:23,618 ] 86 root - INFO - Hypothesis dz_000: float64, float64 
[ 2023-08-26 20:40:23,692 ] 86 root - INFO - Hypothesis ea_000: float64, float64 
[ 2023-08-26 20:40:23,755 ] 86 root - INFO - Hypothesis eb_000: float64, float64 
[ 2023-08-26 20:40:23,782 ] 86 root - INFO - Hypothesis ec_00: float64, float64 
[ 2023-08-26 20:40:23,794 ] 86 root - INFO - Hypothesis ed_000: float64, float64 
[ 2023-08-26 20:40:23,806 ] 86 root - INFO - Hypothesis ee_000: float64, float64 
[ 2023-08-26 20:40:23,819 ] 86 root - INFO - Hypothesis ee_001: float64, float64 
[ 2023-08-26 20:40:23,832 ] 86 root - INFO - Hypothesis ee_002: float64, float64 
[ 2023-08-26 20:40:23,857 ] 86 root - INFO - Hypothesis ee_003: float64, float64 
[ 2023-08-26 20:40:23,878 ] 86 root - INFO - Hypothesis ee_004: float64, float64 
[ 2023-08-26 20:40:23,891 ] 86 root - INFO - Hypothesis ee_005: float64, float64 
[ 2023-08-26 20:40:23,903 ] 86 root - INFO - Hypothesis ee_006: float64, float64 
[ 2023-08-26 20:40:23,920 ] 86 root - INFO - Hypothesis ee_007: float64, float64 
[ 2023-08-26 20:40:23,932 ] 86 root - INFO - Hypothesis ee_008: float64, float64 
[ 2023-08-26 20:40:23,943 ] 86 root - INFO - Hypothesis ee_009: float64, float64 
[ 2023-08-26 20:40:23,961 ] 86 root - INFO - Hypothesis ef_000: float64, float64 
[ 2023-08-26 20:40:24,011 ] 86 root - INFO - Hypothesis eg_000: float64, float64 
[ 2023-08-26 20:40:24,077 ] 140 root - INFO - As all column are available in test df hence detecting data drift
[ 2023-08-26 20:40:24,078 ] 86 root - INFO - Hypothesis class: object, object 
[ 2023-08-26 20:40:24,216 ] 86 root - INFO - Hypothesis aa_000: float64, float64 
[ 2023-08-26 20:40:24,225 ] 86 root - INFO - Hypothesis ac_000: float64, float64 
[ 2023-08-26 20:40:24,232 ] 86 root - INFO - Hypothesis ae_000: float64, float64 
[ 2023-08-26 20:40:24,265 ] 86 root - INFO - Hypothesis af_000: float64, float64 
[ 2023-08-26 20:40:24,286 ] 86 root - INFO - Hypothesis ag_000: float64, float64 
[ 2023-08-26 20:40:24,326 ] 86 root - INFO - Hypothesis ag_001: float64, float64 
[ 2023-08-26 20:40:24,347 ] 86 root - INFO - Hypothesis ag_002: float64, float64 
[ 2023-08-26 20:40:24,352 ] 86 root - INFO - Hypothesis ag_003: float64, float64 
[ 2023-08-26 20:40:24,358 ] 86 root - INFO - Hypothesis ag_004: float64, float64 
[ 2023-08-26 20:40:24,367 ] 86 root - INFO - Hypothesis ag_005: float64, float64 
[ 2023-08-26 20:40:24,396 ] 86 root - INFO - Hypothesis ag_006: float64, float64 
[ 2023-08-26 20:40:24,405 ] 86 root - INFO - Hypothesis ag_007: float64, float64 
[ 2023-08-26 20:40:24,441 ] 86 root - INFO - Hypothesis ag_008: float64, float64 
[ 2023-08-26 20:40:24,449 ] 86 root - INFO - Hypothesis ag_009: float64, float64 
[ 2023-08-26 20:40:24,463 ] 86 root - INFO - Hypothesis ah_000: float64, float64 
[ 2023-08-26 20:40:24,472 ] 86 root - INFO - Hypothesis ai_000: float64, float64 
[ 2023-08-26 20:40:24,478 ] 86 root - INFO - Hypothesis aj_000: float64, float64 
[ 2023-08-26 20:40:24,484 ] 86 root - INFO - Hypothesis ak_000: float64, float64 
[ 2023-08-26 20:40:24,489 ] 86 root - INFO - Hypothesis al_000: float64, float64 
[ 2023-08-26 20:40:24,496 ] 86 root - INFO - Hypothesis am_0: float64, float64 
[ 2023-08-26 20:40:24,519 ] 86 root - INFO - Hypothesis an_000: float64, float64 
[ 2023-08-26 20:40:24,528 ] 86 root - INFO - Hypothesis ao_000: float64, float64 
[ 2023-08-26 20:40:24,537 ] 86 root - INFO - Hypothesis ap_000: float64, float64 
[ 2023-08-26 20:40:24,546 ] 86 root - INFO - Hypothesis aq_000: float64, float64 
[ 2023-08-26 20:40:24,555 ] 86 root - INFO - Hypothesis ar_000: float64, float64 
[ 2023-08-26 20:40:24,579 ] 86 root - INFO - Hypothesis as_000: float64, float64 
[ 2023-08-26 20:40:24,627 ] 86 root - INFO - Hypothesis at_000: float64, float64 
[ 2023-08-26 20:40:24,648 ] 86 root - INFO - Hypothesis au_000: float64, float64 
[ 2023-08-26 20:40:24,676 ] 86 root - INFO - Hypothesis av_000: float64, float64 
[ 2023-08-26 20:40:24,684 ] 86 root - INFO - Hypothesis ax_000: float64, float64 
[ 2023-08-26 20:40:24,691 ] 86 root - INFO - Hypothesis ay_000: float64, float64 
[ 2023-08-26 20:40:24,724 ] 86 root - INFO - Hypothesis ay_001: float64, float64 
[ 2023-08-26 20:40:24,751 ] 86 root - INFO - Hypothesis ay_002: float64, float64 
[ 2023-08-26 20:40:24,771 ] 86 root - INFO - Hypothesis ay_003: float64, float64 
[ 2023-08-26 20:40:24,819 ] 86 root - INFO - Hypothesis ay_004: float64, float64 
[ 2023-08-26 20:40:24,850 ] 86 root - INFO - Hypothesis ay_005: float64, float64 
[ 2023-08-26 20:40:24,862 ] 86 root - INFO - Hypothesis ay_006: float64, float64 
[ 2023-08-26 20:40:24,870 ] 86 root - INFO - Hypothesis ay_007: float64, float64 
[ 2023-08-26 20:40:24,879 ] 86 root - INFO - Hypothesis ay_008: float64, float64 
[ 2023-08-26 20:40:24,887 ] 86 root - INFO - Hypothesis ay_009: float64, float64 
[ 2023-08-26 20:40:24,907 ] 86 root - INFO - Hypothesis az_000: float64, float64 
[ 2023-08-26 20:40:24,916 ] 86 root - INFO - Hypothesis az_001: float64, float64 
[ 2023-08-26 20:40:24,924 ] 86 root - INFO - Hypothesis az_002: float64, float64 
[ 2023-08-26 20:40:24,945 ] 86 root - INFO - Hypothesis az_003: float64, float64 
[ 2023-08-26 20:40:24,954 ] 86 root - INFO - Hypothesis az_004: float64, float64 
[ 2023-08-26 20:40:24,981 ] 86 root - INFO - Hypothesis az_005: float64, float64 
[ 2023-08-26 20:40:24,991 ] 86 root - INFO - Hypothesis az_006: float64, float64 
[ 2023-08-26 20:40:25,003 ] 86 root - INFO - Hypothesis az_007: float64, float64 
[ 2023-08-26 20:40:25,009 ] 86 root - INFO - Hypothesis az_008: float64, float64 
[ 2023-08-26 20:40:25,039 ] 86 root - INFO - Hypothesis az_009: float64, float64 
[ 2023-08-26 20:40:25,059 ] 86 root - INFO - Hypothesis ba_000: float64, float64 
[ 2023-08-26 20:40:25,069 ] 86 root - INFO - Hypothesis ba_001: float64, float64 
[ 2023-08-26 20:40:25,079 ] 86 root - INFO - Hypothesis ba_002: float64, float64 
[ 2023-08-26 20:40:25,092 ] 86 root - INFO - Hypothesis ba_003: float64, float64 
[ 2023-08-26 20:40:25,101 ] 86 root - INFO - Hypothesis ba_004: float64, float64 
[ 2023-08-26 20:40:25,114 ] 86 root - INFO - Hypothesis ba_005: float64, float64 
[ 2023-08-26 20:40:25,123 ] 86 root - INFO - Hypothesis ba_006: float64, float64 
[ 2023-08-26 20:40:25,132 ] 86 root - INFO - Hypothesis ba_007: float64, float64 
[ 2023-08-26 20:40:25,147 ] 86 root - INFO - Hypothesis ba_008: float64, float64 
[ 2023-08-26 20:40:25,161 ] 86 root - INFO - Hypothesis ba_009: float64, float64 
[ 2023-08-26 20:40:25,167 ] 86 root - INFO - Hypothesis bb_000: float64, float64 
[ 2023-08-26 20:40:25,176 ] 86 root - INFO - Hypothesis bc_000: float64, float64 
[ 2023-08-26 20:40:25,183 ] 86 root - INFO - Hypothesis bd_000: float64, float64 
[ 2023-08-26 20:40:25,199 ] 86 root - INFO - Hypothesis be_000: float64, float64 
[ 2023-08-26 20:40:25,207 ] 86 root - INFO - Hypothesis bf_000: float64, float64 
[ 2023-08-26 20:40:25,230 ] 86 root - INFO - Hypothesis bg_000: float64, float64 
[ 2023-08-26 20:40:25,239 ] 86 root - INFO - Hypothesis bh_000: float64, float64 
[ 2023-08-26 20:40:25,247 ] 86 root - INFO - Hypothesis bi_000: float64, float64 
[ 2023-08-26 20:40:25,265 ] 86 root - INFO - Hypothesis bj_000: float64, float64 
[ 2023-08-26 20:40:25,275 ] 86 root - INFO - Hypothesis bs_000: float64, float64 
[ 2023-08-26 20:40:25,284 ] 86 root - INFO - Hypothesis bt_000: float64, float64 
[ 2023-08-26 20:40:25,305 ] 86 root - INFO - Hypothesis bu_000: float64, float64 
[ 2023-08-26 20:40:25,314 ] 86 root - INFO - Hypothesis bv_000: float64, float64 
[ 2023-08-26 20:40:25,327 ] 86 root - INFO - Hypothesis bx_000: float64, float64 
[ 2023-08-26 20:40:25,336 ] 86 root - INFO - Hypothesis by_000: float64, float64 
[ 2023-08-26 20:40:25,346 ] 86 root - INFO - Hypothesis bz_000: float64, float64 
[ 2023-08-26 20:40:25,354 ] 86 root - INFO - Hypothesis ca_000: float64, float64 
[ 2023-08-26 20:40:25,363 ] 86 root - INFO - Hypothesis cb_000: float64, float64 
[ 2023-08-26 20:40:25,382 ] 86 root - INFO - Hypothesis cc_000: float64, float64 
[ 2023-08-26 20:40:25,391 ] 86 root - INFO - Hypothesis cd_000: float64, float64 
[ 2023-08-26 20:40:25,415 ] 86 root - INFO - Hypothesis ce_000: float64, float64 
[ 2023-08-26 20:40:25,439 ] 86 root - INFO - Hypothesis ci_000: float64, float64 
[ 2023-08-26 20:40:25,448 ] 86 root - INFO - Hypothesis cj_000: float64, float64 
[ 2023-08-26 20:40:25,454 ] 86 root - INFO - Hypothesis ck_000: float64, float64 
[ 2023-08-26 20:40:25,471 ] 86 root - INFO - Hypothesis cl_000: float64, float64 
[ 2023-08-26 20:40:25,477 ] 86 root - INFO - Hypothesis cm_000: float64, float64 
[ 2023-08-26 20:40:25,484 ] 86 root - INFO - Hypothesis cn_000: float64, float64 
[ 2023-08-26 20:40:25,512 ] 86 root - INFO - Hypothesis cn_001: float64, float64 
[ 2023-08-26 20:40:25,518 ] 86 root - INFO - Hypothesis cn_002: float64, float64 
[ 2023-08-26 20:40:25,534 ] 86 root - INFO - Hypothesis cn_003: float64, float64 
[ 2023-08-26 20:40:25,543 ] 86 root - INFO - Hypothesis cn_004: float64, float64 
[ 2023-08-26 20:40:25,560 ] 86 root - INFO - Hypothesis cn_005: float64, float64 
[ 2023-08-26 20:40:25,569 ] 86 root - INFO - Hypothesis cn_006: float64, float64 
[ 2023-08-26 20:40:25,578 ] 86 root - INFO - Hypothesis cn_007: float64, float64 
[ 2023-08-26 20:40:25,587 ] 86 root - INFO - Hypothesis cn_008: float64, float64 
[ 2023-08-26 20:40:25,611 ] 86 root - INFO - Hypothesis cn_009: float64, float64 
[ 2023-08-26 20:40:25,618 ] 86 root - INFO - Hypothesis cp_000: float64, float64 
[ 2023-08-26 20:40:25,625 ] 86 root - INFO - Hypothesis cq_000: float64, float64 
[ 2023-08-26 20:40:25,650 ] 86 root - INFO - Hypothesis cs_000: float64, float64 
[ 2023-08-26 20:40:25,659 ] 86 root - INFO - Hypothesis cs_001: float64, float64 
[ 2023-08-26 20:40:25,667 ] 86 root - INFO - Hypothesis cs_002: float64, float64 
[ 2023-08-26 20:40:25,680 ] 86 root - INFO - Hypothesis cs_003: float64, float64 
[ 2023-08-26 20:40:25,689 ] 86 root - INFO - Hypothesis cs_004: float64, float64 
[ 2023-08-26 20:40:25,702 ] 86 root - INFO - Hypothesis cs_005: float64, float64 
[ 2023-08-26 20:40:25,711 ] 86 root - INFO - Hypothesis cs_006: float64, float64 
[ 2023-08-26 20:40:25,720 ] 86 root - INFO - Hypothesis cs_007: float64, float64 
[ 2023-08-26 20:40:25,734 ] 86 root - INFO - Hypothesis cs_008: float64, float64 
[ 2023-08-26 20:40:25,741 ] 86 root - INFO - Hypothesis cs_009: float64, float64 
[ 2023-08-26 20:40:25,787 ] 86 root - INFO - Hypothesis dd_000: float64, float64 
[ 2023-08-26 20:40:25,795 ] 86 root - INFO - Hypothesis de_000: float64, float64 
[ 2023-08-26 20:40:25,803 ] 86 root - INFO - Hypothesis df_000: float64, float64 
[ 2023-08-26 20:40:25,809 ] 86 root - INFO - Hypothesis dg_000: float64, float64 
[ 2023-08-26 20:40:25,814 ] 86 root - INFO - Hypothesis dh_000: float64, float64 
[ 2023-08-26 20:40:25,819 ] 86 root - INFO - Hypothesis di_000: float64, float64 
[ 2023-08-26 20:40:25,833 ] 86 root - INFO - Hypothesis dj_000: float64, float64 
[ 2023-08-26 20:40:25,854 ] 86 root - INFO - Hypothesis dk_000: float64, float64 
[ 2023-08-26 20:40:25,863 ] 86 root - INFO - Hypothesis dl_000: float64, float64 
[ 2023-08-26 20:40:25,884 ] 86 root - INFO - Hypothesis dm_000: float64, float64 
[ 2023-08-26 20:40:25,918 ] 86 root - INFO - Hypothesis dn_000: float64, float64 
[ 2023-08-26 20:40:25,935 ] 86 root - INFO - Hypothesis do_000: float64, float64 
[ 2023-08-26 20:40:25,943 ] 86 root - INFO - Hypothesis dp_000: float64, float64 
[ 2023-08-26 20:40:25,951 ] 86 root - INFO - Hypothesis dq_000: float64, float64 
[ 2023-08-26 20:40:25,957 ] 86 root - INFO - Hypothesis dr_000: float64, float64 
[ 2023-08-26 20:40:25,971 ] 86 root - INFO - Hypothesis ds_000: float64, float64 
[ 2023-08-26 20:40:25,980 ] 86 root - INFO - Hypothesis dt_000: float64, float64 
[ 2023-08-26 20:40:25,989 ] 86 root - INFO - Hypothesis du_000: float64, float64 
[ 2023-08-26 20:40:25,997 ] 86 root - INFO - Hypothesis dv_000: float64, float64 
[ 2023-08-26 20:40:26,006 ] 86 root - INFO - Hypothesis dx_000: float64, float64 
[ 2023-08-26 20:40:26,025 ] 86 root - INFO - Hypothesis dy_000: float64, float64 
[ 2023-08-26 20:40:26,031 ] 86 root - INFO - Hypothesis dz_000: float64, float64 
[ 2023-08-26 20:40:26,052 ] 86 root - INFO - Hypothesis ea_000: float64, float64 
[ 2023-08-26 20:40:26,072 ] 86 root - INFO - Hypothesis eb_000: float64, float64 
[ 2023-08-26 20:40:26,092 ] 86 root - INFO - Hypothesis ec_00: float64, float64 
[ 2023-08-26 20:40:26,101 ] 86 root - INFO - Hypothesis ed_000: float64, float64 
[ 2023-08-26 20:40:26,109 ] 86 root - INFO - Hypothesis ee_000: float64, float64 
[ 2023-08-26 20:40:26,122 ] 86 root - INFO - Hypothesis ee_001: float64, float64 
[ 2023-08-26 20:40:26,131 ] 86 root - INFO - Hypothesis ee_002: float64, float64 
[ 2023-08-26 20:40:26,140 ] 86 root - INFO - Hypothesis ee_003: float64, float64 
[ 2023-08-26 20:40:26,157 ] 86 root - INFO - Hypothesis ee_004: float64, float64 
[ 2023-08-26 20:40:26,166 ] 86 root - INFO - Hypothesis ee_005: float64, float64 
[ 2023-08-26 20:40:26,187 ] 86 root - INFO - Hypothesis ee_006: float64, float64 
[ 2023-08-26 20:40:26,195 ] 86 root - INFO - Hypothesis ee_007: float64, float64 
[ 2023-08-26 20:40:26,204 ] 86 root - INFO - Hypothesis ee_008: float64, float64 
[ 2023-08-26 20:40:26,224 ] 86 root - INFO - Hypothesis ee_009: float64, float64 
[ 2023-08-26 20:40:26,231 ] 86 root - INFO - Hypothesis ef_000: float64, float64 
[ 2023-08-26 20:40:26,259 ] 86 root - INFO - Hypothesis eg_000: float64, float64 
[ 2023-08-26 20:40:26,287 ] 143 root - INFO - Write reprt in yaml file
[ 2023-08-26 20:40:28,189 ] 66 root - INFO - Before resampling in training set Input: (28950, 170) Target:(28950,)
[ 2023-08-26 20:41:19,713 ] 68 root - INFO - After resampling in training set Input: (56152, 170) Target:(56152,)
[ 2023-08-26 20:41:19,714 ] 71 root - INFO - Before resampling in testing set Input: (7238, 170) Target:(7238,)
[ 2023-08-26 20:41:29,673 ] 73 root - INFO - After resampling in testing set Input: (14072, 170) Target:(14072,)
[ 2023-08-26 20:41:29,949 ] 53 root - INFO - Entered te save object method of Main utils class
[ 2023-08-26 20:41:29,953 ] 57 root - INFO - exited the save object method of Main utils class
[ 2023-08-26 20:41:29,953 ] 53 root - INFO - Entered te save object method of Main utils class
[ 2023-08-26 20:41:29,954 ] 57 root - INFO - exited the save object method of Main utils class
[ 2023-08-26 20:41:29,954 ] 91 root - INFO - Data transformation object DataTransformationArtifact(transform_object_path='/config/workspace/artifact/08262023__20_39_52/data_transformation/transformer/transformer.pkl', transformed_train_path='/config/workspace/artifact/08262023__20_39_52/data_transformation/transformed/train.npz', transformed_test_path='/config/workspace/artifact/08262023__20_39_52/data_transformation/transformed/test.npz', target_encoder_path='/config/workspace/artifact/08262023__20_39_52/data_transformation/target_encoder/target_encoder.pkl')
[ 2023-08-26 20:41:29,956 ] 14 root - INFO - >>>>>>>>>>>>>>>>>>>>>>>>>>>>>>>>>>>>>>>> Model Trainer <<<<<<<<<<<<<<<<<<<<<<<<<<<<<<<<<<<<<<<<
[ 2023-08-26 20:41:29,973 ] 39 root - INFO - Loading train and test array.
[ 2023-08-26 20:41:30,037 ] 43 root - INFO - Splitting input and target feature from both train and test arr.
[ 2023-08-26 20:41:30,038 ] 47 root - INFO - Train the model
[ 2023-08-26 20:47:48,716 ] 50 root - INFO - Calculating f1 train score
[ 2023-08-26 20:47:49,073 ] 54 root - INFO - Calculating f1 test score
[ 2023-08-26 20:47:49,199 ] 58 root - INFO - train score:0.9999821908781678 and tests score 0.9694011365292147
[ 2023-08-26 20:47:49,200 ] 59 root - INFO - Checking if our model is underfitting or not
[ 2023-08-26 20:47:49,200 ] 64 root - INFO - Checking if our model is overfiiting or not
[ 2023-08-26 20:47:49,200 ] 70 root - INFO - Saving mode object
[ 2023-08-26 20:47:49,200 ] 53 root - INFO - Entered te save object method of Main utils class
[ 2023-08-26 20:47:49,217 ] 57 root - INFO - exited the save object method of Main utils class
[ 2023-08-26 20:47:49,217 ] 73 root - INFO - Prepare the artifact
[ 2023-08-26 20:47:49,218 ] 77 root - INFO - Model trainer artifact: ModelTrainerArtifact(model_path='/config/workspace/artifact/08262023__20_39_52/model_trainer/model/model.pkl', f1_train_score=0.9999821908781678, f1_test_score=0.9694011365292147)
