[ 2023-08-27 12:58:57,166 ] 20 root - INFO - exporting data as pandas dataframe
[ 2023-08-27 12:58:57,166 ] 21 root - INFO - Reading data from database: aps and collection: sensor
[ 2023-08-27 12:59:05,791 ] 23 root - INFO - Found Columns: Index(['_id', 'class', 'aa_000', 'ab_000', 'ac_000', 'ad_000', 'ae_000',
       'af_000', 'ag_000', 'ag_001',
       ...
       'ee_002', 'ee_003', 'ee_004', 'ee_005', 'ee_006', 'ee_007', 'ee_008',
       'ee_009', 'ef_000', 'eg_000'],
      dtype='object', length=172)
[ 2023-08-27 12:59:05,792 ] 25 root - INFO - Dropping column: _id
[ 2023-08-27 12:59:06,438 ] 27 root - INFO - row and columnns in df: (36188, 171)
[ 2023-08-27 12:59:06,438 ] 25 root - INFO - save data in feature store
[ 2023-08-27 12:59:12,926 ] 35 root - INFO - split dataset into train and test set
[ 2023-08-27 12:59:13,501 ] 39 root - INFO - create dataset directory folder if not available
[ 2023-08-27 12:59:13,501 ] 46 root - INFO - Save df to feature store folder
[ 2023-08-27 12:59:17,106 ] 59 root - INFO - Data ingestion artifact: DataIngestionArtifact(feature_store_file_path='/config/workspace/artifact/08272023__12_58_57/data_ingestion/feature_store/sensor.csv', train_file_path='/config/workspace/artifact/08272023__12_58_57/data_ingestion/dataset/train.csv', test_file_path='/config/workspace/artifact/08272023__12_58_57/data_ingestion/dataset/test.csv')
[ 2023-08-27 12:59:18,027 ] 20 root - INFO - >>>>>>>>>>>>>>>>>>>>>>>>>>>>>>>>>>>>>>>> Data Validation <<<<<<<<<<<<<<<<<<<<<<<<<<<<<<<<<<<<<<<<
[ 2023-08-27 12:59:18,028 ] 107 root - INFO - Reading base dataframe
[ 2023-08-27 12:59:21,905 ] 110 root - INFO - Replace na value in base df
[ 2023-08-27 12:59:22,267 ] 61 root - INFO - selecting column name which contains null above to 0.2
[ 2023-08-27 12:59:22,267 ] 64 root - INFO - Columns to drop: ['ab_000', 'ad_000', 'bk_000', 'bl_000', 'bm_000', 'bn_000', 'bo_000', 'bp_000', 'bq_000', 'br_000', 'cf_000', 'cg_000', 'ch_000', 'co_000', 'cr_000', 'ct_000', 'cu_000', 'cv_000', 'cx_000', 'cy_000', 'cz_000', 'da_000', 'db_000', 'dc_000']
[ 2023-08-27 12:59:22,400 ] 115 root - INFO - Reading train dataframe
[ 2023-08-27 12:59:23,049 ] 117 root - INFO - Reading test dataframe
[ 2023-08-27 12:59:23,222 ] 120 root - INFO - Drop null values colums from train df
[ 2023-08-27 12:59:23,238 ] 61 root - INFO - selecting column name which contains null above to 0.2
[ 2023-08-27 12:59:23,239 ] 64 root - INFO - Columns to drop: ['ab_000', 'ad_000', 'bk_000', 'bl_000', 'bm_000', 'bn_000', 'bo_000', 'bp_000', 'bq_000', 'br_000', 'cf_000', 'cg_000', 'ch_000', 'co_000', 'cr_000', 'ct_000', 'cu_000', 'cv_000', 'cx_000', 'cy_000', 'cz_000', 'da_000', 'db_000', 'dc_000']
[ 2023-08-27 12:59:23,255 ] 122 root - INFO - Drop null values colums from test df
[ 2023-08-27 12:59:23,260 ] 61 root - INFO - selecting column name which contains null above to 0.2
[ 2023-08-27 12:59:23,260 ] 64 root - INFO - Columns to drop: ['ab_000', 'ad_000', 'bk_000', 'bl_000', 'bm_000', 'bn_000', 'bo_000', 'bp_000', 'bq_000', 'br_000', 'cf_000', 'cg_000', 'ch_000', 'co_000', 'cr_000', 'ct_000', 'cu_000', 'cv_000', 'cx_000', 'cy_000', 'cz_000', 'da_000', 'db_000', 'dc_000']
[ 2023-08-27 12:59:24,665 ] 130 root - INFO - Is all required columns present in train df
[ 2023-08-27 12:59:24,665 ] 132 root - INFO - Is all required columns present in test df
[ 2023-08-27 12:59:24,665 ] 136 root - INFO - As all column are available in train df hence detecting data drift
[ 2023-08-27 12:59:24,666 ] 86 root - INFO - Hypothesis class: object, object 
[ 2023-08-27 12:59:24,916 ] 86 root - INFO - Hypothesis aa_000: float64, float64 
[ 2023-08-27 12:59:24,929 ] 86 root - INFO - Hypothesis ac_000: float64, float64 
[ 2023-08-27 12:59:24,985 ] 86 root - INFO - Hypothesis ae_000: float64, float64 
[ 2023-08-27 12:59:25,037 ] 86 root - INFO - Hypothesis af_000: float64, float64 
[ 2023-08-27 12:59:25,108 ] 86 root - INFO - Hypothesis ag_000: float64, float64 
[ 2023-08-27 12:59:25,156 ] 86 root - INFO - Hypothesis ag_001: float64, float64 
[ 2023-08-27 12:59:25,227 ] 86 root - INFO - Hypothesis ag_002: float64, float64 
[ 2023-08-27 12:59:25,279 ] 86 root - INFO - Hypothesis ag_003: float64, float64 
[ 2023-08-27 12:59:25,288 ] 86 root - INFO - Hypothesis ag_004: float64, float64 
[ 2023-08-27 12:59:25,317 ] 86 root - INFO - Hypothesis ag_005: float64, float64 
[ 2023-08-27 12:59:25,338 ] 86 root - INFO - Hypothesis ag_006: float64, float64 
[ 2023-08-27 12:59:25,356 ] 86 root - INFO - Hypothesis ag_007: float64, float64 
[ 2023-08-27 12:59:25,368 ] 86 root - INFO - Hypothesis ag_008: float64, float64 
[ 2023-08-27 12:59:25,379 ] 86 root - INFO - Hypothesis ag_009: float64, float64 
[ 2023-08-27 12:59:25,389 ] 86 root - INFO - Hypothesis ah_000: float64, float64 
[ 2023-08-27 12:59:25,402 ] 86 root - INFO - Hypothesis ai_000: float64, float64 
[ 2023-08-27 12:59:25,467 ] 86 root - INFO - Hypothesis aj_000: float64, float64 
[ 2023-08-27 12:59:25,484 ] 86 root - INFO - Hypothesis ak_000: float64, float64 
[ 2023-08-27 12:59:25,537 ] 86 root - INFO - Hypothesis al_000: float64, float64 
[ 2023-08-27 12:59:25,548 ] 86 root - INFO - Hypothesis am_0: float64, float64 
[ 2023-08-27 12:59:25,557 ] 86 root - INFO - Hypothesis an_000: float64, float64 
[ 2023-08-27 12:59:25,575 ] 86 root - INFO - Hypothesis ao_000: float64, float64 
[ 2023-08-27 12:59:25,588 ] 86 root - INFO - Hypothesis ap_000: float64, float64 
[ 2023-08-27 12:59:25,623 ] 86 root - INFO - Hypothesis aq_000: float64, float64 
[ 2023-08-27 12:59:25,640 ] 86 root - INFO - Hypothesis ar_000: float64, float64 
[ 2023-08-27 12:59:25,692 ] 86 root - INFO - Hypothesis as_000: float64, float64 
[ 2023-08-27 12:59:25,749 ] 86 root - INFO - Hypothesis at_000: float64, float64 
[ 2023-08-27 12:59:25,828 ] 86 root - INFO - Hypothesis au_000: float64, float64 
[ 2023-08-27 12:59:25,879 ] 86 root - INFO - Hypothesis av_000: float64, float64 
[ 2023-08-27 12:59:25,902 ] 86 root - INFO - Hypothesis ax_000: float64, float64 
[ 2023-08-27 12:59:25,913 ] 86 root - INFO - Hypothesis ay_000: float64, float64 
[ 2023-08-27 12:59:25,963 ] 86 root - INFO - Hypothesis ay_001: float64, float64 
[ 2023-08-27 12:59:26,026 ] 86 root - INFO - Hypothesis ay_002: float64, float64 
[ 2023-08-27 12:59:26,085 ] 86 root - INFO - Hypothesis ay_003: float64, float64 
[ 2023-08-27 12:59:26,144 ] 86 root - INFO - Hypothesis ay_004: float64, float64 
[ 2023-08-27 12:59:26,200 ] 86 root - INFO - Hypothesis ay_005: float64, float64 
[ 2023-08-27 12:59:26,267 ] 86 root - INFO - Hypothesis ay_006: float64, float64 
[ 2023-08-27 12:59:26,279 ] 86 root - INFO - Hypothesis ay_007: float64, float64 
[ 2023-08-27 12:59:26,296 ] 86 root - INFO - Hypothesis ay_008: float64, float64 
[ 2023-08-27 12:59:26,309 ] 86 root - INFO - Hypothesis ay_009: float64, float64 
[ 2023-08-27 12:59:26,378 ] 86 root - INFO - Hypothesis az_000: float64, float64 
[ 2023-08-27 12:59:26,396 ] 86 root - INFO - Hypothesis az_001: float64, float64 
[ 2023-08-27 12:59:26,408 ] 86 root - INFO - Hypothesis az_002: float64, float64 
[ 2023-08-27 12:59:26,420 ] 86 root - INFO - Hypothesis az_003: float64, float64 
[ 2023-08-27 12:59:26,433 ] 86 root - INFO - Hypothesis az_004: float64, float64 
[ 2023-08-27 12:59:26,446 ] 86 root - INFO - Hypothesis az_005: float64, float64 
[ 2023-08-27 12:59:26,464 ] 86 root - INFO - Hypothesis az_006: float64, float64 
[ 2023-08-27 12:59:26,524 ] 86 root - INFO - Hypothesis az_007: float64, float64 
[ 2023-08-27 12:59:26,586 ] 86 root - INFO - Hypothesis az_008: float64, float64 
[ 2023-08-27 12:59:26,646 ] 86 root - INFO - Hypothesis az_009: float64, float64 
[ 2023-08-27 12:59:26,697 ] 86 root - INFO - Hypothesis ba_000: float64, float64 
[ 2023-08-27 12:59:26,711 ] 86 root - INFO - Hypothesis ba_001: float64, float64 
[ 2023-08-27 12:59:26,734 ] 86 root - INFO - Hypothesis ba_002: float64, float64 
[ 2023-08-27 12:59:26,756 ] 86 root - INFO - Hypothesis ba_003: float64, float64 
[ 2023-08-27 12:59:26,769 ] 86 root - INFO - Hypothesis ba_004: float64, float64 
[ 2023-08-27 12:59:26,782 ] 86 root - INFO - Hypothesis ba_005: float64, float64 
[ 2023-08-27 12:59:26,804 ] 86 root - INFO - Hypothesis ba_006: float64, float64 
[ 2023-08-27 12:59:26,817 ] 86 root - INFO - Hypothesis ba_007: float64, float64 
[ 2023-08-27 12:59:26,833 ] 86 root - INFO - Hypothesis ba_008: float64, float64 
[ 2023-08-27 12:59:26,898 ] 86 root - INFO - Hypothesis ba_009: float64, float64 
[ 2023-08-27 12:59:26,962 ] 86 root - INFO - Hypothesis bb_000: float64, float64 
[ 2023-08-27 12:59:26,976 ] 86 root - INFO - Hypothesis bc_000: float64, float64 
[ 2023-08-27 12:59:27,044 ] 86 root - INFO - Hypothesis bd_000: float64, float64 
[ 2023-08-27 12:59:27,056 ] 86 root - INFO - Hypothesis be_000: float64, float64 
[ 2023-08-27 12:59:27,068 ] 86 root - INFO - Hypothesis bf_000: float64, float64 
[ 2023-08-27 12:59:27,083 ] 86 root - INFO - Hypothesis bg_000: float64, float64 
[ 2023-08-27 12:59:27,096 ] 86 root - INFO - Hypothesis bh_000: float64, float64 
[ 2023-08-27 12:59:27,111 ] 86 root - INFO - Hypothesis bi_000: float64, float64 
[ 2023-08-27 12:59:27,135 ] 86 root - INFO - Hypothesis bj_000: float64, float64 
[ 2023-08-27 12:59:27,159 ] 86 root - INFO - Hypothesis bs_000: float64, float64 
[ 2023-08-27 12:59:27,173 ] 86 root - INFO - Hypothesis bt_000: float64, float64 
[ 2023-08-27 12:59:27,186 ] 86 root - INFO - Hypothesis bu_000: float64, float64 
[ 2023-08-27 12:59:27,199 ] 86 root - INFO - Hypothesis bv_000: float64, float64 
[ 2023-08-27 12:59:27,216 ] 86 root - INFO - Hypothesis bx_000: float64, float64 
[ 2023-08-27 12:59:27,234 ] 86 root - INFO - Hypothesis by_000: float64, float64 
[ 2023-08-27 12:59:27,247 ] 86 root - INFO - Hypothesis bz_000: float64, float64 
[ 2023-08-27 12:59:27,259 ] 86 root - INFO - Hypothesis ca_000: float64, float64 
[ 2023-08-27 12:59:27,284 ] 86 root - INFO - Hypothesis cb_000: float64, float64 
[ 2023-08-27 12:59:27,301 ] 86 root - INFO - Hypothesis cc_000: float64, float64 
[ 2023-08-27 12:59:27,318 ] 86 root - INFO - Hypothesis cd_000: float64, float64 
[ 2023-08-27 12:59:27,370 ] 86 root - INFO - Hypothesis ce_000: float64, float64 
[ 2023-08-27 12:59:27,387 ] 86 root - INFO - Hypothesis ci_000: float64, float64 
[ 2023-08-27 12:59:27,416 ] 86 root - INFO - Hypothesis cj_000: float64, float64 
[ 2023-08-27 12:59:27,465 ] 86 root - INFO - Hypothesis ck_000: float64, float64 
[ 2023-08-27 12:59:27,490 ] 86 root - INFO - Hypothesis cl_000: float64, float64 
[ 2023-08-27 12:59:27,499 ] 86 root - INFO - Hypothesis cm_000: float64, float64 
[ 2023-08-27 12:59:27,509 ] 86 root - INFO - Hypothesis cn_000: float64, float64 
[ 2023-08-27 12:59:27,565 ] 86 root - INFO - Hypothesis cn_001: float64, float64 
[ 2023-08-27 12:59:27,632 ] 86 root - INFO - Hypothesis cn_002: float64, float64 
[ 2023-08-27 12:59:27,651 ] 86 root - INFO - Hypothesis cn_003: float64, float64 
[ 2023-08-27 12:59:27,664 ] 86 root - INFO - Hypothesis cn_004: float64, float64 
[ 2023-08-27 12:59:27,682 ] 86 root - INFO - Hypothesis cn_005: float64, float64 
[ 2023-08-27 12:59:27,699 ] 86 root - INFO - Hypothesis cn_006: float64, float64 
[ 2023-08-27 12:59:27,712 ] 86 root - INFO - Hypothesis cn_007: float64, float64 
[ 2023-08-27 12:59:27,733 ] 86 root - INFO - Hypothesis cn_008: float64, float64 
[ 2023-08-27 12:59:27,745 ] 86 root - INFO - Hypothesis cn_009: float64, float64 
[ 2023-08-27 12:59:27,810 ] 86 root - INFO - Hypothesis cp_000: float64, float64 
[ 2023-08-27 12:59:27,882 ] 86 root - INFO - Hypothesis cq_000: float64, float64 
[ 2023-08-27 12:59:27,896 ] 86 root - INFO - Hypothesis cs_000: float64, float64 
[ 2023-08-27 12:59:27,912 ] 86 root - INFO - Hypothesis cs_001: float64, float64 
[ 2023-08-27 12:59:27,928 ] 86 root - INFO - Hypothesis cs_002: float64, float64 
[ 2023-08-27 12:59:27,941 ] 86 root - INFO - Hypothesis cs_003: float64, float64 
[ 2023-08-27 12:59:27,954 ] 86 root - INFO - Hypothesis cs_004: float64, float64 
[ 2023-08-27 12:59:27,974 ] 86 root - INFO - Hypothesis cs_005: float64, float64 
[ 2023-08-27 12:59:27,987 ] 86 root - INFO - Hypothesis cs_006: float64, float64 
[ 2023-08-27 12:59:28,001 ] 86 root - INFO - Hypothesis cs_007: float64, float64 
[ 2023-08-27 12:59:28,022 ] 86 root - INFO - Hypothesis cs_008: float64, float64 
[ 2023-08-27 12:59:28,089 ] 86 root - INFO - Hypothesis cs_009: float64, float64 
[ 2023-08-27 12:59:28,141 ] 86 root - INFO - Hypothesis dd_000: float64, float64 
[ 2023-08-27 12:59:28,158 ] 86 root - INFO - Hypothesis de_000: float64, float64 
[ 2023-08-27 12:59:28,169 ] 86 root - INFO - Hypothesis df_000: float64, float64 
[ 2023-08-27 12:59:28,234 ] 86 root - INFO - Hypothesis dg_000: float64, float64 
[ 2023-08-27 12:59:28,288 ] 86 root - INFO - Hypothesis dh_000: float64, float64 
[ 2023-08-27 12:59:28,296 ] 86 root - INFO - Hypothesis di_000: float64, float64 
[ 2023-08-27 12:59:28,355 ] 86 root - INFO - Hypothesis dj_000: float64, float64 
[ 2023-08-27 12:59:28,415 ] 86 root - INFO - Hypothesis dk_000: float64, float64 
[ 2023-08-27 12:59:28,476 ] 86 root - INFO - Hypothesis dl_000: float64, float64 
[ 2023-08-27 12:59:28,541 ] 86 root - INFO - Hypothesis dm_000: float64, float64 
[ 2023-08-27 12:59:28,606 ] 86 root - INFO - Hypothesis dn_000: float64, float64 
[ 2023-08-27 12:59:28,624 ] 86 root - INFO - Hypothesis do_000: float64, float64 
[ 2023-08-27 12:59:28,636 ] 86 root - INFO - Hypothesis dp_000: float64, float64 
[ 2023-08-27 12:59:28,648 ] 86 root - INFO - Hypothesis dq_000: float64, float64 
[ 2023-08-27 12:59:28,709 ] 86 root - INFO - Hypothesis dr_000: float64, float64 
[ 2023-08-27 12:59:28,764 ] 86 root - INFO - Hypothesis ds_000: float64, float64 
[ 2023-08-27 12:59:28,781 ] 86 root - INFO - Hypothesis dt_000: float64, float64 
[ 2023-08-27 12:59:28,794 ] 86 root - INFO - Hypothesis du_000: float64, float64 
[ 2023-08-27 12:59:28,811 ] 86 root - INFO - Hypothesis dv_000: float64, float64 
[ 2023-08-27 12:59:28,832 ] 86 root - INFO - Hypothesis dx_000: float64, float64 
[ 2023-08-27 12:59:28,891 ] 86 root - INFO - Hypothesis dy_000: float64, float64 
[ 2023-08-27 12:59:28,946 ] 86 root - INFO - Hypothesis dz_000: float64, float64 
[ 2023-08-27 12:59:29,007 ] 86 root - INFO - Hypothesis ea_000: float64, float64 
[ 2023-08-27 12:59:29,067 ] 86 root - INFO - Hypothesis eb_000: float64, float64 
[ 2023-08-27 12:59:29,079 ] 86 root - INFO - Hypothesis ec_00: float64, float64 
[ 2023-08-27 12:59:29,096 ] 86 root - INFO - Hypothesis ed_000: float64, float64 
[ 2023-08-27 12:59:29,108 ] 86 root - INFO - Hypothesis ee_000: float64, float64 
[ 2023-08-27 12:59:29,125 ] 86 root - INFO - Hypothesis ee_001: float64, float64 
[ 2023-08-27 12:59:29,139 ] 86 root - INFO - Hypothesis ee_002: float64, float64 
[ 2023-08-27 12:59:29,156 ] 86 root - INFO - Hypothesis ee_003: float64, float64 
[ 2023-08-27 12:59:29,169 ] 86 root - INFO - Hypothesis ee_004: float64, float64 
[ 2023-08-27 12:59:29,187 ] 86 root - INFO - Hypothesis ee_005: float64, float64 
[ 2023-08-27 12:59:29,204 ] 86 root - INFO - Hypothesis ee_006: float64, float64 
[ 2023-08-27 12:59:29,217 ] 86 root - INFO - Hypothesis ee_007: float64, float64 
[ 2023-08-27 12:59:29,229 ] 86 root - INFO - Hypothesis ee_008: float64, float64 
[ 2023-08-27 12:59:29,241 ] 86 root - INFO - Hypothesis ee_009: float64, float64 
[ 2023-08-27 12:59:29,260 ] 86 root - INFO - Hypothesis ef_000: float64, float64 
[ 2023-08-27 12:59:29,313 ] 86 root - INFO - Hypothesis eg_000: float64, float64 
[ 2023-08-27 12:59:29,373 ] 140 root - INFO - As all column are available in test df hence detecting data drift
[ 2023-08-27 12:59:29,374 ] 86 root - INFO - Hypothesis class: object, object 
[ 2023-08-27 12:59:29,505 ] 86 root - INFO - Hypothesis aa_000: float64, float64 
[ 2023-08-27 12:59:29,518 ] 86 root - INFO - Hypothesis ac_000: float64, float64 
[ 2023-08-27 12:59:29,526 ] 86 root - INFO - Hypothesis ae_000: float64, float64 
[ 2023-08-27 12:59:29,553 ] 86 root - INFO - Hypothesis af_000: float64, float64 
[ 2023-08-27 12:59:29,574 ] 86 root - INFO - Hypothesis ag_000: float64, float64 
[ 2023-08-27 12:59:29,605 ] 86 root - INFO - Hypothesis ag_001: float64, float64 
[ 2023-08-27 12:59:29,626 ] 86 root - INFO - Hypothesis ag_002: float64, float64 
[ 2023-08-27 12:59:29,632 ] 86 root - INFO - Hypothesis ag_003: float64, float64 
[ 2023-08-27 12:59:29,638 ] 86 root - INFO - Hypothesis ag_004: float64, float64 
[ 2023-08-27 12:59:29,659 ] 86 root - INFO - Hypothesis ag_005: float64, float64 
[ 2023-08-27 12:59:29,669 ] 86 root - INFO - Hypothesis ag_006: float64, float64 
[ 2023-08-27 12:59:29,682 ] 86 root - INFO - Hypothesis ag_007: float64, float64 
[ 2023-08-27 12:59:29,695 ] 86 root - INFO - Hypothesis ag_008: float64, float64 
[ 2023-08-27 12:59:29,703 ] 86 root - INFO - Hypothesis ag_009: float64, float64 
[ 2023-08-27 12:59:29,709 ] 86 root - INFO - Hypothesis ah_000: float64, float64 
[ 2023-08-27 12:59:29,719 ] 86 root - INFO - Hypothesis ai_000: float64, float64 
[ 2023-08-27 12:59:29,724 ] 86 root - INFO - Hypothesis aj_000: float64, float64 
[ 2023-08-27 12:59:29,730 ] 86 root - INFO - Hypothesis ak_000: float64, float64 
[ 2023-08-27 12:59:29,736 ] 86 root - INFO - Hypothesis al_000: float64, float64 
[ 2023-08-27 12:59:29,747 ] 86 root - INFO - Hypothesis am_0: float64, float64 
[ 2023-08-27 12:59:29,754 ] 86 root - INFO - Hypothesis an_000: float64, float64 
[ 2023-08-27 12:59:29,768 ] 86 root - INFO - Hypothesis ao_000: float64, float64 
[ 2023-08-27 12:59:29,777 ] 86 root - INFO - Hypothesis ap_000: float64, float64 
[ 2023-08-27 12:59:29,786 ] 86 root - INFO - Hypothesis aq_000: float64, float64 
[ 2023-08-27 12:59:29,796 ] 86 root - INFO - Hypothesis ar_000: float64, float64 
[ 2023-08-27 12:59:29,831 ] 86 root - INFO - Hypothesis as_000: float64, float64 
[ 2023-08-27 12:59:29,852 ] 86 root - INFO - Hypothesis at_000: float64, float64 
[ 2023-08-27 12:59:29,873 ] 86 root - INFO - Hypothesis au_000: float64, float64 
[ 2023-08-27 12:59:29,902 ] 86 root - INFO - Hypothesis av_000: float64, float64 
[ 2023-08-27 12:59:29,909 ] 86 root - INFO - Hypothesis ax_000: float64, float64 
[ 2023-08-27 12:59:29,917 ] 86 root - INFO - Hypothesis ay_000: float64, float64 
[ 2023-08-27 12:59:29,946 ] 86 root - INFO - Hypothesis ay_001: float64, float64 
[ 2023-08-27 12:59:29,967 ] 86 root - INFO - Hypothesis ay_002: float64, float64 
[ 2023-08-27 12:59:29,988 ] 86 root - INFO - Hypothesis ay_003: float64, float64 
[ 2023-08-27 12:59:30,011 ] 86 root - INFO - Hypothesis ay_004: float64, float64 
[ 2023-08-27 12:59:30,037 ] 86 root - INFO - Hypothesis ay_005: float64, float64 
[ 2023-08-27 12:59:30,045 ] 86 root - INFO - Hypothesis ay_006: float64, float64 
[ 2023-08-27 12:59:30,063 ] 86 root - INFO - Hypothesis ay_007: float64, float64 
[ 2023-08-27 12:59:30,072 ] 86 root - INFO - Hypothesis ay_008: float64, float64 
[ 2023-08-27 12:59:30,085 ] 86 root - INFO - Hypothesis ay_009: float64, float64 
[ 2023-08-27 12:59:30,110 ] 86 root - INFO - Hypothesis az_000: float64, float64 
[ 2023-08-27 12:59:30,119 ] 86 root - INFO - Hypothesis az_001: float64, float64 
[ 2023-08-27 12:59:30,136 ] 86 root - INFO - Hypothesis az_002: float64, float64 
[ 2023-08-27 12:59:30,144 ] 86 root - INFO - Hypothesis az_003: float64, float64 
[ 2023-08-27 12:59:30,157 ] 86 root - INFO - Hypothesis az_004: float64, float64 
[ 2023-08-27 12:59:30,166 ] 86 root - INFO - Hypothesis az_005: float64, float64 
[ 2023-08-27 12:59:30,176 ] 86 root - INFO - Hypothesis az_006: float64, float64 
[ 2023-08-27 12:59:30,184 ] 86 root - INFO - Hypothesis az_007: float64, float64 
[ 2023-08-27 12:59:30,194 ] 86 root - INFO - Hypothesis az_008: float64, float64 
[ 2023-08-27 12:59:30,216 ] 86 root - INFO - Hypothesis az_009: float64, float64 
[ 2023-08-27 12:59:30,245 ] 86 root - INFO - Hypothesis ba_000: float64, float64 
[ 2023-08-27 12:59:30,258 ] 86 root - INFO - Hypothesis ba_001: float64, float64 
[ 2023-08-27 12:59:30,268 ] 86 root - INFO - Hypothesis ba_002: float64, float64 
[ 2023-08-27 12:59:30,277 ] 86 root - INFO - Hypothesis ba_003: float64, float64 
[ 2023-08-27 12:59:30,298 ] 86 root - INFO - Hypothesis ba_004: float64, float64 
[ 2023-08-27 12:59:30,308 ] 86 root - INFO - Hypothesis ba_005: float64, float64 
[ 2023-08-27 12:59:30,317 ] 86 root - INFO - Hypothesis ba_006: float64, float64 
[ 2023-08-27 12:59:30,326 ] 86 root - INFO - Hypothesis ba_007: float64, float64 
[ 2023-08-27 12:59:30,334 ] 86 root - INFO - Hypothesis ba_008: float64, float64 
[ 2023-08-27 12:59:30,342 ] 86 root - INFO - Hypothesis ba_009: float64, float64 
[ 2023-08-27 12:59:30,349 ] 86 root - INFO - Hypothesis bb_000: float64, float64 
[ 2023-08-27 12:59:30,362 ] 86 root - INFO - Hypothesis bc_000: float64, float64 
[ 2023-08-27 12:59:30,370 ] 86 root - INFO - Hypothesis bd_000: float64, float64 
[ 2023-08-27 12:59:30,378 ] 86 root - INFO - Hypothesis be_000: float64, float64 
[ 2023-08-27 12:59:30,390 ] 86 root - INFO - Hypothesis bf_000: float64, float64 
[ 2023-08-27 12:59:30,397 ] 86 root - INFO - Hypothesis bg_000: float64, float64 
[ 2023-08-27 12:59:30,410 ] 86 root - INFO - Hypothesis bh_000: float64, float64 
[ 2023-08-27 12:59:30,420 ] 86 root - INFO - Hypothesis bi_000: float64, float64 
[ 2023-08-27 12:59:30,429 ] 86 root - INFO - Hypothesis bj_000: float64, float64 
[ 2023-08-27 12:59:30,438 ] 86 root - INFO - Hypothesis bs_000: float64, float64 
[ 2023-08-27 12:59:30,448 ] 86 root - INFO - Hypothesis bt_000: float64, float64 
[ 2023-08-27 12:59:30,461 ] 86 root - INFO - Hypothesis bu_000: float64, float64 
[ 2023-08-27 12:59:30,470 ] 86 root - INFO - Hypothesis bv_000: float64, float64 
[ 2023-08-27 12:59:30,492 ] 86 root - INFO - Hypothesis bx_000: float64, float64 
[ 2023-08-27 12:59:30,501 ] 86 root - INFO - Hypothesis by_000: float64, float64 
[ 2023-08-27 12:59:30,510 ] 86 root - INFO - Hypothesis bz_000: float64, float64 
[ 2023-08-27 12:59:30,523 ] 86 root - INFO - Hypothesis ca_000: float64, float64 
[ 2023-08-27 12:59:30,532 ] 86 root - INFO - Hypothesis cb_000: float64, float64 
[ 2023-08-27 12:59:30,541 ] 86 root - INFO - Hypothesis cc_000: float64, float64 
[ 2023-08-27 12:59:30,558 ] 86 root - INFO - Hypothesis cd_000: float64, float64 
[ 2023-08-27 12:59:30,579 ] 86 root - INFO - Hypothesis ce_000: float64, float64 
[ 2023-08-27 12:59:30,588 ] 86 root - INFO - Hypothesis ci_000: float64, float64 
[ 2023-08-27 12:59:30,597 ] 86 root - INFO - Hypothesis cj_000: float64, float64 
[ 2023-08-27 12:59:30,603 ] 86 root - INFO - Hypothesis ck_000: float64, float64 
[ 2023-08-27 12:59:30,616 ] 86 root - INFO - Hypothesis cl_000: float64, float64 
[ 2023-08-27 12:59:30,623 ] 86 root - INFO - Hypothesis cm_000: float64, float64 
[ 2023-08-27 12:59:30,634 ] 86 root - INFO - Hypothesis cn_000: float64, float64 
[ 2023-08-27 12:59:30,663 ] 86 root - INFO - Hypothesis cn_001: float64, float64 
[ 2023-08-27 12:59:30,669 ] 86 root - INFO - Hypothesis cn_002: float64, float64 
[ 2023-08-27 12:59:30,677 ] 86 root - INFO - Hypothesis cn_003: float64, float64 
[ 2023-08-27 12:59:30,686 ] 86 root - INFO - Hypothesis cn_004: float64, float64 
[ 2023-08-27 12:59:30,695 ] 86 root - INFO - Hypothesis cn_005: float64, float64 
[ 2023-08-27 12:59:30,705 ] 86 root - INFO - Hypothesis cn_006: float64, float64 
[ 2023-08-27 12:59:30,714 ] 86 root - INFO - Hypothesis cn_007: float64, float64 
[ 2023-08-27 12:59:30,722 ] 86 root - INFO - Hypothesis cn_008: float64, float64 
[ 2023-08-27 12:59:30,731 ] 86 root - INFO - Hypothesis cn_009: float64, float64 
[ 2023-08-27 12:59:30,742 ] 86 root - INFO - Hypothesis cp_000: float64, float64 
[ 2023-08-27 12:59:30,754 ] 86 root - INFO - Hypothesis cq_000: float64, float64 
[ 2023-08-27 12:59:30,767 ] 86 root - INFO - Hypothesis cs_000: float64, float64 
[ 2023-08-27 12:59:30,776 ] 86 root - INFO - Hypothesis cs_001: float64, float64 
[ 2023-08-27 12:59:30,784 ] 86 root - INFO - Hypothesis cs_002: float64, float64 
[ 2023-08-27 12:59:30,797 ] 86 root - INFO - Hypothesis cs_003: float64, float64 
[ 2023-08-27 12:59:30,806 ] 86 root - INFO - Hypothesis cs_004: float64, float64 
[ 2023-08-27 12:59:30,816 ] 86 root - INFO - Hypothesis cs_005: float64, float64 
[ 2023-08-27 12:59:30,829 ] 86 root - INFO - Hypothesis cs_006: float64, float64 
[ 2023-08-27 12:59:30,847 ] 86 root - INFO - Hypothesis cs_007: float64, float64 
[ 2023-08-27 12:59:30,856 ] 86 root - INFO - Hypothesis cs_008: float64, float64 
[ 2023-08-27 12:59:30,863 ] 86 root - INFO - Hypothesis cs_009: float64, float64 
[ 2023-08-27 12:59:30,884 ] 86 root - INFO - Hypothesis dd_000: float64, float64 
[ 2023-08-27 12:59:30,897 ] 86 root - INFO - Hypothesis de_000: float64, float64 
[ 2023-08-27 12:59:30,905 ] 86 root - INFO - Hypothesis df_000: float64, float64 
[ 2023-08-27 12:59:30,914 ] 86 root - INFO - Hypothesis dg_000: float64, float64 
[ 2023-08-27 12:59:30,920 ] 86 root - INFO - Hypothesis dh_000: float64, float64 
[ 2023-08-27 12:59:30,929 ] 86 root - INFO - Hypothesis di_000: float64, float64 
[ 2023-08-27 12:59:30,935 ] 86 root - INFO - Hypothesis dj_000: float64, float64 
[ 2023-08-27 12:59:30,961 ] 86 root - INFO - Hypothesis dk_000: float64, float64 
[ 2023-08-27 12:59:30,967 ] 86 root - INFO - Hypothesis dl_000: float64, float64 
[ 2023-08-27 12:59:30,995 ] 86 root - INFO - Hypothesis dm_000: float64, float64 
[ 2023-08-27 12:59:31,021 ] 86 root - INFO - Hypothesis dn_000: float64, float64 
[ 2023-08-27 12:59:31,030 ] 86 root - INFO - Hypothesis do_000: float64, float64 
[ 2023-08-27 12:59:31,043 ] 86 root - INFO - Hypothesis dp_000: float64, float64 
[ 2023-08-27 12:59:31,051 ] 86 root - INFO - Hypothesis dq_000: float64, float64 
[ 2023-08-27 12:59:31,058 ] 86 root - INFO - Hypothesis dr_000: float64, float64 
[ 2023-08-27 12:59:31,064 ] 86 root - INFO - Hypothesis ds_000: float64, float64 
[ 2023-08-27 12:59:31,075 ] 86 root - INFO - Hypothesis dt_000: float64, float64 
[ 2023-08-27 12:59:31,092 ] 86 root - INFO - Hypothesis du_000: float64, float64 
[ 2023-08-27 12:59:31,101 ] 86 root - INFO - Hypothesis dv_000: float64, float64 
[ 2023-08-27 12:59:31,118 ] 86 root - INFO - Hypothesis dx_000: float64, float64 
[ 2023-08-27 12:59:31,125 ] 86 root - INFO - Hypothesis dy_000: float64, float64 
[ 2023-08-27 12:59:31,131 ] 86 root - INFO - Hypothesis dz_000: float64, float64 
[ 2023-08-27 12:59:31,161 ] 86 root - INFO - Hypothesis ea_000: float64, float64 
[ 2023-08-27 12:59:31,182 ] 86 root - INFO - Hypothesis eb_000: float64, float64 
[ 2023-08-27 12:59:31,190 ] 86 root - INFO - Hypothesis ec_00: float64, float64 
[ 2023-08-27 12:59:31,199 ] 86 root - INFO - Hypothesis ed_000: float64, float64 
[ 2023-08-27 12:59:31,207 ] 86 root - INFO - Hypothesis ee_000: float64, float64 
[ 2023-08-27 12:59:31,216 ] 86 root - INFO - Hypothesis ee_001: float64, float64 
[ 2023-08-27 12:59:31,230 ] 86 root - INFO - Hypothesis ee_002: float64, float64 
[ 2023-08-27 12:59:31,239 ] 86 root - INFO - Hypothesis ee_003: float64, float64 
[ 2023-08-27 12:59:31,260 ] 86 root - INFO - Hypothesis ee_004: float64, float64 
[ 2023-08-27 12:59:31,269 ] 86 root - INFO - Hypothesis ee_005: float64, float64 
[ 2023-08-27 12:59:31,283 ] 86 root - INFO - Hypothesis ee_006: float64, float64 
[ 2023-08-27 12:59:31,292 ] 86 root - INFO - Hypothesis ee_007: float64, float64 
[ 2023-08-27 12:59:31,308 ] 86 root - INFO - Hypothesis ee_008: float64, float64 
[ 2023-08-27 12:59:31,316 ] 86 root - INFO - Hypothesis ee_009: float64, float64 
[ 2023-08-27 12:59:31,324 ] 86 root - INFO - Hypothesis ef_000: float64, float64 
[ 2023-08-27 12:59:31,345 ] 86 root - INFO - Hypothesis eg_000: float64, float64 
[ 2023-08-27 12:59:31,365 ] 143 root - INFO - Write reprt in yaml file
[ 2023-08-27 12:59:33,060 ] 66 root - INFO - Before resampling in training set Input: (28950, 170) Target:(28950,)
[ 2023-08-27 13:00:00,520 ] 68 root - INFO - After resampling in training set Input: (56152, 170) Target:(56152,)
[ 2023-08-27 13:00:00,521 ] 71 root - INFO - Before resampling in testing set Input: (7238, 170) Target:(7238,)
[ 2023-08-27 13:00:07,021 ] 73 root - INFO - After resampling in testing set Input: (14072, 170) Target:(14072,)
[ 2023-08-27 13:00:07,314 ] 53 root - INFO - Entered te save object method of Main utils class
[ 2023-08-27 13:00:07,320 ] 57 root - INFO - exited the save object method of Main utils class
[ 2023-08-27 13:00:07,320 ] 53 root - INFO - Entered te save object method of Main utils class
[ 2023-08-27 13:00:07,321 ] 57 root - INFO - exited the save object method of Main utils class
[ 2023-08-27 13:00:07,321 ] 91 root - INFO - Data transformation object DataTransformationArtifact(transform_object_path='/config/workspace/artifact/08272023__12_58_57/data_transformation/transformer/transformer.pkl', transformed_train_path='/config/workspace/artifact/08272023__12_58_57/data_transformation/transformed/train.npz', transformed_test_path='/config/workspace/artifact/08272023__12_58_57/data_transformation/transformed/test.npz', target_encoder_path='/config/workspace/artifact/08272023__12_58_57/data_transformation/target_encoder/target_encoder.pkl')
[ 2023-08-27 13:00:07,328 ] 14 root - INFO - >>>>>>>>>>>>>>>>>>>>>>>>>>>>>>>>>>>>>>>> Model Trainer <<<<<<<<<<<<<<<<<<<<<<<<<<<<<<<<<<<<<<<<
[ 2023-08-27 13:00:07,328 ] 39 root - INFO - Loading train and test array.
[ 2023-08-27 13:00:07,387 ] 43 root - INFO - Splitting input and target feature from both train and test arr.
[ 2023-08-27 13:00:07,387 ] 47 root - INFO - Train the model
[ 2023-08-27 13:03:19,537 ] 50 root - INFO - Calculating f1 train score
[ 2023-08-27 13:03:19,743 ] 54 root - INFO - Calculating f1 test score
[ 2023-08-27 13:03:19,827 ] 58 root - INFO - train score:0.9999821908781678 and tests score 0.9694011365292147
[ 2023-08-27 13:03:19,827 ] 59 root - INFO - Checking if our model is underfitting or not
[ 2023-08-27 13:03:19,828 ] 64 root - INFO - Checking if our model is overfiiting or not
[ 2023-08-27 13:03:19,828 ] 70 root - INFO - Saving mode object
[ 2023-08-27 13:03:19,828 ] 53 root - INFO - Entered te save object method of Main utils class
[ 2023-08-27 13:03:19,846 ] 57 root - INFO - exited the save object method of Main utils class
[ 2023-08-27 13:03:19,846 ] 73 root - INFO - Prepare the artifact
[ 2023-08-27 13:03:19,846 ] 77 root - INFO - Model trainer artifact: ModelTrainerArtifact(model_path='/config/workspace/artifact/08272023__12_58_57/model_trainer/model/model.pkl', f1_train_score=0.9999821908781678, f1_test_score=0.9694011365292147)
[ 2023-08-27 13:03:19,848 ] 36 root - INFO - if saved model folder has model the we will compare which model is best trained or the model from saved model folder
