[ 2023-08-27 13:19:25,990 ] 20 root - INFO - exporting data as pandas dataframe
[ 2023-08-27 13:19:25,991 ] 21 root - INFO - Reading data from database: aps and collection: sensor
[ 2023-08-27 13:19:33,991 ] 23 root - INFO - Found Columns: Index(['_id', 'class', 'aa_000', 'ab_000', 'ac_000', 'ad_000', 'ae_000',
       'af_000', 'ag_000', 'ag_001',
       ...
       'ee_002', 'ee_003', 'ee_004', 'ee_005', 'ee_006', 'ee_007', 'ee_008',
       'ee_009', 'ef_000', 'eg_000'],
      dtype='object', length=172)
[ 2023-08-27 13:19:33,991 ] 25 root - INFO - Dropping column: _id
[ 2023-08-27 13:19:34,750 ] 27 root - INFO - row and columnns in df: (36188, 171)
[ 2023-08-27 13:19:34,750 ] 25 root - INFO - save data in feature store
[ 2023-08-27 13:19:41,692 ] 35 root - INFO - split dataset into train and test set
[ 2023-08-27 13:19:42,322 ] 39 root - INFO - create dataset directory folder if not available
[ 2023-08-27 13:19:42,323 ] 46 root - INFO - Save df to feature store folder
[ 2023-08-27 13:19:45,931 ] 59 root - INFO - Data ingestion artifact: DataIngestionArtifact(feature_store_file_path='/config/workspace/artifact/08272023__13_19_25/data_ingestion/feature_store/sensor.csv', train_file_path='/config/workspace/artifact/08272023__13_19_25/data_ingestion/dataset/train.csv', test_file_path='/config/workspace/artifact/08272023__13_19_25/data_ingestion/dataset/test.csv')
[ 2023-08-27 13:19:47,150 ] 20 root - INFO - >>>>>>>>>>>>>>>>>>>>>>>>>>>>>>>>>>>>>>>> Data Validation <<<<<<<<<<<<<<<<<<<<<<<<<<<<<<<<<<<<<<<<
[ 2023-08-27 13:19:47,150 ] 107 root - INFO - Reading base dataframe
[ 2023-08-27 13:19:51,283 ] 110 root - INFO - Replace na value in base df
[ 2023-08-27 13:19:51,714 ] 61 root - INFO - selecting column name which contains null above to 0.2
[ 2023-08-27 13:19:51,715 ] 64 root - INFO - Columns to drop: ['ab_000', 'ad_000', 'bk_000', 'bl_000', 'bm_000', 'bn_000', 'bo_000', 'bp_000', 'bq_000', 'br_000', 'cf_000', 'cg_000', 'ch_000', 'co_000', 'cr_000', 'ct_000', 'cu_000', 'cv_000', 'cx_000', 'cy_000', 'cz_000', 'da_000', 'db_000', 'dc_000']
[ 2023-08-27 13:19:51,849 ] 115 root - INFO - Reading train dataframe
[ 2023-08-27 13:19:52,539 ] 117 root - INFO - Reading test dataframe
[ 2023-08-27 13:19:52,722 ] 120 root - INFO - Drop null values colums from train df
[ 2023-08-27 13:19:52,743 ] 61 root - INFO - selecting column name which contains null above to 0.2
[ 2023-08-27 13:19:52,744 ] 64 root - INFO - Columns to drop: ['ab_000', 'ad_000', 'bk_000', 'bl_000', 'bm_000', 'bn_000', 'bo_000', 'bp_000', 'bq_000', 'br_000', 'cf_000', 'cg_000', 'ch_000', 'co_000', 'cr_000', 'ct_000', 'cu_000', 'cv_000', 'cx_000', 'cy_000', 'cz_000', 'da_000', 'db_000', 'dc_000']
[ 2023-08-27 13:19:52,752 ] 122 root - INFO - Drop null values colums from test df
[ 2023-08-27 13:19:52,765 ] 61 root - INFO - selecting column name which contains null above to 0.2
[ 2023-08-27 13:19:52,765 ] 64 root - INFO - Columns to drop: ['ab_000', 'ad_000', 'bk_000', 'bl_000', 'bm_000', 'bn_000', 'bo_000', 'bp_000', 'bq_000', 'br_000', 'cf_000', 'cg_000', 'ch_000', 'co_000', 'cr_000', 'ct_000', 'cu_000', 'cv_000', 'cx_000', 'cy_000', 'cz_000', 'da_000', 'db_000', 'dc_000']
[ 2023-08-27 13:19:54,205 ] 130 root - INFO - Is all required columns present in train df
[ 2023-08-27 13:19:54,205 ] 132 root - INFO - Is all required columns present in test df
[ 2023-08-27 13:19:54,205 ] 136 root - INFO - As all column are available in train df hence detecting data drift
[ 2023-08-27 13:19:54,206 ] 86 root - INFO - Hypothesis class: object, object 
[ 2023-08-27 13:19:54,445 ] 86 root - INFO - Hypothesis aa_000: float64, float64 
[ 2023-08-27 13:19:54,458 ] 86 root - INFO - Hypothesis ac_000: float64, float64 
[ 2023-08-27 13:19:54,521 ] 86 root - INFO - Hypothesis ae_000: float64, float64 
[ 2023-08-27 13:19:54,577 ] 86 root - INFO - Hypothesis af_000: float64, float64 
[ 2023-08-27 13:19:54,640 ] 86 root - INFO - Hypothesis ag_000: float64, float64 
[ 2023-08-27 13:19:54,699 ] 86 root - INFO - Hypothesis ag_001: float64, float64 
[ 2023-08-27 13:19:54,757 ] 86 root - INFO - Hypothesis ag_002: float64, float64 
[ 2023-08-27 13:19:54,820 ] 86 root - INFO - Hypothesis ag_003: float64, float64 
[ 2023-08-27 13:19:54,837 ] 86 root - INFO - Hypothesis ag_004: float64, float64 
[ 2023-08-27 13:19:54,850 ] 86 root - INFO - Hypothesis ag_005: float64, float64 
[ 2023-08-27 13:19:54,867 ] 86 root - INFO - Hypothesis ag_006: float64, float64 
[ 2023-08-27 13:19:54,881 ] 86 root - INFO - Hypothesis ag_007: float64, float64 
[ 2023-08-27 13:19:54,893 ] 86 root - INFO - Hypothesis ag_008: float64, float64 
[ 2023-08-27 13:19:54,908 ] 86 root - INFO - Hypothesis ag_009: float64, float64 
[ 2023-08-27 13:19:54,927 ] 86 root - INFO - Hypothesis ah_000: float64, float64 
[ 2023-08-27 13:19:54,940 ] 86 root - INFO - Hypothesis ai_000: float64, float64 
[ 2023-08-27 13:19:55,003 ] 86 root - INFO - Hypothesis aj_000: float64, float64 
[ 2023-08-27 13:19:55,024 ] 86 root - INFO - Hypothesis ak_000: float64, float64 
[ 2023-08-27 13:19:55,076 ] 86 root - INFO - Hypothesis al_000: float64, float64 
[ 2023-08-27 13:19:55,095 ] 86 root - INFO - Hypothesis am_0: float64, float64 
[ 2023-08-27 13:19:55,105 ] 86 root - INFO - Hypothesis an_000: float64, float64 
[ 2023-08-27 13:19:55,121 ] 86 root - INFO - Hypothesis ao_000: float64, float64 
[ 2023-08-27 13:19:55,134 ] 86 root - INFO - Hypothesis ap_000: float64, float64 
[ 2023-08-27 13:19:55,152 ] 86 root - INFO - Hypothesis aq_000: float64, float64 
[ 2023-08-27 13:19:55,177 ] 86 root - INFO - Hypothesis ar_000: float64, float64 
[ 2023-08-27 13:19:55,236 ] 86 root - INFO - Hypothesis as_000: float64, float64 
[ 2023-08-27 13:19:55,303 ] 86 root - INFO - Hypothesis at_000: float64, float64 
[ 2023-08-27 13:19:55,363 ] 86 root - INFO - Hypothesis au_000: float64, float64 
[ 2023-08-27 13:19:55,422 ] 86 root - INFO - Hypothesis av_000: float64, float64 
[ 2023-08-27 13:19:55,433 ] 86 root - INFO - Hypothesis ax_000: float64, float64 
[ 2023-08-27 13:19:55,445 ] 86 root - INFO - Hypothesis ay_000: float64, float64 
[ 2023-08-27 13:19:55,507 ] 86 root - INFO - Hypothesis ay_001: float64, float64 
[ 2023-08-27 13:19:55,561 ] 86 root - INFO - Hypothesis ay_002: float64, float64 
[ 2023-08-27 13:19:55,624 ] 86 root - INFO - Hypothesis ay_003: float64, float64 
[ 2023-08-27 13:19:55,674 ] 86 root - INFO - Hypothesis ay_004: float64, float64 
[ 2023-08-27 13:19:55,732 ] 86 root - INFO - Hypothesis ay_005: float64, float64 
[ 2023-08-27 13:19:55,807 ] 86 root - INFO - Hypothesis ay_006: float64, float64 
[ 2023-08-27 13:19:55,831 ] 86 root - INFO - Hypothesis ay_007: float64, float64 
[ 2023-08-27 13:19:55,848 ] 86 root - INFO - Hypothesis ay_008: float64, float64 
[ 2023-08-27 13:19:55,865 ] 86 root - INFO - Hypothesis ay_009: float64, float64 
[ 2023-08-27 13:19:55,926 ] 86 root - INFO - Hypothesis az_000: float64, float64 
[ 2023-08-27 13:19:55,940 ] 86 root - INFO - Hypothesis az_001: float64, float64 
[ 2023-08-27 13:19:55,960 ] 86 root - INFO - Hypothesis az_002: float64, float64 
[ 2023-08-27 13:19:55,973 ] 86 root - INFO - Hypothesis az_003: float64, float64 
[ 2023-08-27 13:19:55,998 ] 86 root - INFO - Hypothesis az_004: float64, float64 
[ 2023-08-27 13:19:56,011 ] 86 root - INFO - Hypothesis az_005: float64, float64 
[ 2023-08-27 13:19:56,025 ] 86 root - INFO - Hypothesis az_006: float64, float64 
[ 2023-08-27 13:19:56,093 ] 86 root - INFO - Hypothesis az_007: float64, float64 
[ 2023-08-27 13:19:56,160 ] 86 root - INFO - Hypothesis az_008: float64, float64 
[ 2023-08-27 13:19:56,211 ] 86 root - INFO - Hypothesis az_009: float64, float64 
[ 2023-08-27 13:19:56,266 ] 86 root - INFO - Hypothesis ba_000: float64, float64 
[ 2023-08-27 13:19:56,288 ] 86 root - INFO - Hypothesis ba_001: float64, float64 
[ 2023-08-27 13:19:56,305 ] 86 root - INFO - Hypothesis ba_002: float64, float64 
[ 2023-08-27 13:19:56,327 ] 86 root - INFO - Hypothesis ba_003: float64, float64 
[ 2023-08-27 13:19:56,340 ] 86 root - INFO - Hypothesis ba_004: float64, float64 
[ 2023-08-27 13:19:56,353 ] 86 root - INFO - Hypothesis ba_005: float64, float64 
[ 2023-08-27 13:19:56,366 ] 86 root - INFO - Hypothesis ba_006: float64, float64 
[ 2023-08-27 13:19:56,384 ] 86 root - INFO - Hypothesis ba_007: float64, float64 
[ 2023-08-27 13:19:56,396 ] 86 root - INFO - Hypothesis ba_008: float64, float64 
[ 2023-08-27 13:19:56,472 ] 86 root - INFO - Hypothesis ba_009: float64, float64 
[ 2023-08-27 13:19:56,521 ] 86 root - INFO - Hypothesis bb_000: float64, float64 
[ 2023-08-27 13:19:56,551 ] 86 root - INFO - Hypothesis bc_000: float64, float64 
[ 2023-08-27 13:19:56,614 ] 86 root - INFO - Hypothesis bd_000: float64, float64 
[ 2023-08-27 13:19:56,626 ] 86 root - INFO - Hypothesis be_000: float64, float64 
[ 2023-08-27 13:19:56,637 ] 86 root - INFO - Hypothesis bf_000: float64, float64 
[ 2023-08-27 13:19:56,647 ] 86 root - INFO - Hypothesis bg_000: float64, float64 
[ 2023-08-27 13:19:56,669 ] 86 root - INFO - Hypothesis bh_000: float64, float64 
[ 2023-08-27 13:19:56,690 ] 86 root - INFO - Hypothesis bi_000: float64, float64 
[ 2023-08-27 13:19:56,708 ] 86 root - INFO - Hypothesis bj_000: float64, float64 
[ 2023-08-27 13:19:56,721 ] 86 root - INFO - Hypothesis bs_000: float64, float64 
[ 2023-08-27 13:19:56,743 ] 86 root - INFO - Hypothesis bt_000: float64, float64 
[ 2023-08-27 13:19:56,756 ] 86 root - INFO - Hypothesis bu_000: float64, float64 
[ 2023-08-27 13:19:56,770 ] 86 root - INFO - Hypothesis bv_000: float64, float64 
[ 2023-08-27 13:19:56,783 ] 86 root - INFO - Hypothesis bx_000: float64, float64 
[ 2023-08-27 13:19:56,800 ] 86 root - INFO - Hypothesis by_000: float64, float64 
[ 2023-08-27 13:19:56,822 ] 86 root - INFO - Hypothesis bz_000: float64, float64 
[ 2023-08-27 13:19:56,834 ] 86 root - INFO - Hypothesis ca_000: float64, float64 
[ 2023-08-27 13:19:56,851 ] 86 root - INFO - Hypothesis cb_000: float64, float64 
[ 2023-08-27 13:19:56,869 ] 86 root - INFO - Hypothesis cc_000: float64, float64 
[ 2023-08-27 13:19:56,887 ] 86 root - INFO - Hypothesis cd_000: float64, float64 
[ 2023-08-27 13:19:56,945 ] 86 root - INFO - Hypothesis ce_000: float64, float64 
[ 2023-08-27 13:19:56,957 ] 86 root - INFO - Hypothesis ci_000: float64, float64 
[ 2023-08-27 13:19:56,975 ] 86 root - INFO - Hypothesis cj_000: float64, float64 
[ 2023-08-27 13:19:57,040 ] 86 root - INFO - Hypothesis ck_000: float64, float64 
[ 2023-08-27 13:19:57,053 ] 86 root - INFO - Hypothesis cl_000: float64, float64 
[ 2023-08-27 13:19:57,065 ] 86 root - INFO - Hypothesis cm_000: float64, float64 
[ 2023-08-27 13:19:57,079 ] 86 root - INFO - Hypothesis cn_000: float64, float64 
[ 2023-08-27 13:19:57,141 ] 86 root - INFO - Hypothesis cn_001: float64, float64 
[ 2023-08-27 13:19:57,203 ] 86 root - INFO - Hypothesis cn_002: float64, float64 
[ 2023-08-27 13:19:57,218 ] 86 root - INFO - Hypothesis cn_003: float64, float64 
[ 2023-08-27 13:19:57,231 ] 86 root - INFO - Hypothesis cn_004: float64, float64 
[ 2023-08-27 13:19:57,250 ] 86 root - INFO - Hypothesis cn_005: float64, float64 
[ 2023-08-27 13:19:57,268 ] 86 root - INFO - Hypothesis cn_006: float64, float64 
[ 2023-08-27 13:19:57,290 ] 86 root - INFO - Hypothesis cn_007: float64, float64 
[ 2023-08-27 13:19:57,314 ] 86 root - INFO - Hypothesis cn_008: float64, float64 
[ 2023-08-27 13:19:57,327 ] 86 root - INFO - Hypothesis cn_009: float64, float64 
[ 2023-08-27 13:19:57,386 ] 86 root - INFO - Hypothesis cp_000: float64, float64 
[ 2023-08-27 13:19:57,455 ] 86 root - INFO - Hypothesis cq_000: float64, float64 
[ 2023-08-27 13:19:57,470 ] 86 root - INFO - Hypothesis cs_000: float64, float64 
[ 2023-08-27 13:19:57,483 ] 86 root - INFO - Hypothesis cs_001: float64, float64 
[ 2023-08-27 13:19:57,499 ] 86 root - INFO - Hypothesis cs_002: float64, float64 
[ 2023-08-27 13:19:57,519 ] 86 root - INFO - Hypothesis cs_003: float64, float64 
[ 2023-08-27 13:19:57,536 ] 86 root - INFO - Hypothesis cs_004: float64, float64 
[ 2023-08-27 13:19:57,554 ] 86 root - INFO - Hypothesis cs_005: float64, float64 
[ 2023-08-27 13:19:57,567 ] 86 root - INFO - Hypothesis cs_006: float64, float64 
[ 2023-08-27 13:19:57,596 ] 86 root - INFO - Hypothesis cs_007: float64, float64 
[ 2023-08-27 13:19:57,609 ] 86 root - INFO - Hypothesis cs_008: float64, float64 
[ 2023-08-27 13:19:57,671 ] 86 root - INFO - Hypothesis cs_009: float64, float64 
[ 2023-08-27 13:19:57,721 ] 86 root - INFO - Hypothesis dd_000: float64, float64 
[ 2023-08-27 13:19:57,742 ] 86 root - INFO - Hypothesis de_000: float64, float64 
[ 2023-08-27 13:19:57,757 ] 86 root - INFO - Hypothesis df_000: float64, float64 
[ 2023-08-27 13:19:57,820 ] 86 root - INFO - Hypothesis dg_000: float64, float64 
[ 2023-08-27 13:19:57,884 ] 86 root - INFO - Hypothesis dh_000: float64, float64 
[ 2023-08-27 13:19:57,892 ] 86 root - INFO - Hypothesis di_000: float64, float64 
[ 2023-08-27 13:19:57,959 ] 86 root - INFO - Hypothesis dj_000: float64, float64 
[ 2023-08-27 13:19:58,023 ] 86 root - INFO - Hypothesis dk_000: float64, float64 
[ 2023-08-27 13:19:58,073 ] 86 root - INFO - Hypothesis dl_000: float64, float64 
[ 2023-08-27 13:19:58,133 ] 86 root - INFO - Hypothesis dm_000: float64, float64 
[ 2023-08-27 13:19:58,196 ] 86 root - INFO - Hypothesis dn_000: float64, float64 
[ 2023-08-27 13:19:58,209 ] 86 root - INFO - Hypothesis do_000: float64, float64 
[ 2023-08-27 13:19:58,234 ] 86 root - INFO - Hypothesis dp_000: float64, float64 
[ 2023-08-27 13:19:58,246 ] 86 root - INFO - Hypothesis dq_000: float64, float64 
[ 2023-08-27 13:19:58,307 ] 86 root - INFO - Hypothesis dr_000: float64, float64 
[ 2023-08-27 13:19:58,379 ] 86 root - INFO - Hypothesis ds_000: float64, float64 
[ 2023-08-27 13:19:58,400 ] 86 root - INFO - Hypothesis dt_000: float64, float64 
[ 2023-08-27 13:19:58,421 ] 86 root - INFO - Hypothesis du_000: float64, float64 
[ 2023-08-27 13:19:58,434 ] 86 root - INFO - Hypothesis dv_000: float64, float64 
[ 2023-08-27 13:19:58,447 ] 86 root - INFO - Hypothesis dx_000: float64, float64 
[ 2023-08-27 13:19:58,509 ] 86 root - INFO - Hypothesis dy_000: float64, float64 
[ 2023-08-27 13:19:58,579 ] 86 root - INFO - Hypothesis dz_000: float64, float64 
[ 2023-08-27 13:19:58,637 ] 86 root - INFO - Hypothesis ea_000: float64, float64 
[ 2023-08-27 13:19:58,696 ] 86 root - INFO - Hypothesis eb_000: float64, float64 
[ 2023-08-27 13:19:58,708 ] 86 root - INFO - Hypothesis ec_00: float64, float64 
[ 2023-08-27 13:19:58,720 ] 86 root - INFO - Hypothesis ed_000: float64, float64 
[ 2023-08-27 13:19:58,732 ] 86 root - INFO - Hypothesis ee_000: float64, float64 
[ 2023-08-27 13:19:58,753 ] 86 root - INFO - Hypothesis ee_001: float64, float64 
[ 2023-08-27 13:19:58,767 ] 86 root - INFO - Hypothesis ee_002: float64, float64 
[ 2023-08-27 13:19:58,786 ] 86 root - INFO - Hypothesis ee_003: float64, float64 
[ 2023-08-27 13:19:58,807 ] 86 root - INFO - Hypothesis ee_004: float64, float64 
[ 2023-08-27 13:19:58,824 ] 86 root - INFO - Hypothesis ee_005: float64, float64 
[ 2023-08-27 13:19:58,837 ] 86 root - INFO - Hypothesis ee_006: float64, float64 
[ 2023-08-27 13:19:58,850 ] 86 root - INFO - Hypothesis ee_007: float64, float64 
[ 2023-08-27 13:19:58,865 ] 86 root - INFO - Hypothesis ee_008: float64, float64 
[ 2023-08-27 13:19:58,885 ] 86 root - INFO - Hypothesis ee_009: float64, float64 
[ 2023-08-27 13:19:58,896 ] 86 root - INFO - Hypothesis ef_000: float64, float64 
[ 2023-08-27 13:19:58,955 ] 86 root - INFO - Hypothesis eg_000: float64, float64 
[ 2023-08-27 13:19:59,022 ] 140 root - INFO - As all column are available in test df hence detecting data drift
[ 2023-08-27 13:19:59,023 ] 86 root - INFO - Hypothesis class: object, object 
[ 2023-08-27 13:19:59,136 ] 86 root - INFO - Hypothesis aa_000: float64, float64 
[ 2023-08-27 13:19:59,150 ] 86 root - INFO - Hypothesis ac_000: float64, float64 
[ 2023-08-27 13:19:59,159 ] 86 root - INFO - Hypothesis ae_000: float64, float64 
[ 2023-08-27 13:19:59,181 ] 86 root - INFO - Hypothesis af_000: float64, float64 
[ 2023-08-27 13:19:59,219 ] 86 root - INFO - Hypothesis ag_000: float64, float64 
[ 2023-08-27 13:19:59,240 ] 86 root - INFO - Hypothesis ag_001: float64, float64 
[ 2023-08-27 13:19:59,264 ] 86 root - INFO - Hypothesis ag_002: float64, float64 
[ 2023-08-27 13:19:59,271 ] 86 root - INFO - Hypothesis ag_003: float64, float64 
[ 2023-08-27 13:19:59,277 ] 86 root - INFO - Hypothesis ag_004: float64, float64 
[ 2023-08-27 13:19:59,287 ] 86 root - INFO - Hypothesis ag_005: float64, float64 
[ 2023-08-27 13:19:59,297 ] 86 root - INFO - Hypothesis ag_006: float64, float64 
[ 2023-08-27 13:19:59,308 ] 86 root - INFO - Hypothesis ag_007: float64, float64 
[ 2023-08-27 13:19:59,321 ] 86 root - INFO - Hypothesis ag_008: float64, float64 
[ 2023-08-27 13:19:59,333 ] 86 root - INFO - Hypothesis ag_009: float64, float64 
[ 2023-08-27 13:19:59,341 ] 86 root - INFO - Hypothesis ah_000: float64, float64 
[ 2023-08-27 13:19:59,355 ] 86 root - INFO - Hypothesis ai_000: float64, float64 
[ 2023-08-27 13:19:59,361 ] 86 root - INFO - Hypothesis aj_000: float64, float64 
[ 2023-08-27 13:19:59,372 ] 86 root - INFO - Hypothesis ak_000: float64, float64 
[ 2023-08-27 13:19:59,378 ] 86 root - INFO - Hypothesis al_000: float64, float64 
[ 2023-08-27 13:19:59,386 ] 86 root - INFO - Hypothesis am_0: float64, float64 
[ 2023-08-27 13:19:59,394 ] 86 root - INFO - Hypothesis an_000: float64, float64 
[ 2023-08-27 13:19:59,404 ] 86 root - INFO - Hypothesis ao_000: float64, float64 
[ 2023-08-27 13:19:59,424 ] 86 root - INFO - Hypothesis ap_000: float64, float64 
[ 2023-08-27 13:19:59,440 ] 86 root - INFO - Hypothesis aq_000: float64, float64 
[ 2023-08-27 13:19:59,450 ] 86 root - INFO - Hypothesis ar_000: float64, float64 
[ 2023-08-27 13:19:59,480 ] 86 root - INFO - Hypothesis as_000: float64, float64 
[ 2023-08-27 13:19:59,501 ] 86 root - INFO - Hypothesis at_000: float64, float64 
[ 2023-08-27 13:19:59,527 ] 86 root - INFO - Hypothesis au_000: float64, float64 
[ 2023-08-27 13:19:59,548 ] 86 root - INFO - Hypothesis av_000: float64, float64 
[ 2023-08-27 13:19:59,556 ] 86 root - INFO - Hypothesis ax_000: float64, float64 
[ 2023-08-27 13:19:59,569 ] 86 root - INFO - Hypothesis ay_000: float64, float64 
[ 2023-08-27 13:19:59,598 ] 86 root - INFO - Hypothesis ay_001: float64, float64 
[ 2023-08-27 13:19:59,620 ] 86 root - INFO - Hypothesis ay_002: float64, float64 
[ 2023-08-27 13:19:59,645 ] 86 root - INFO - Hypothesis ay_003: float64, float64 
[ 2023-08-27 13:19:59,669 ] 86 root - INFO - Hypothesis ay_004: float64, float64 
[ 2023-08-27 13:19:59,695 ] 86 root - INFO - Hypothesis ay_005: float64, float64 
[ 2023-08-27 13:19:59,704 ] 86 root - INFO - Hypothesis ay_006: float64, float64 
[ 2023-08-27 13:19:59,713 ] 86 root - INFO - Hypothesis ay_007: float64, float64 
[ 2023-08-27 13:19:59,723 ] 86 root - INFO - Hypothesis ay_008: float64, float64 
[ 2023-08-27 13:19:59,733 ] 86 root - INFO - Hypothesis ay_009: float64, float64 
[ 2023-08-27 13:19:59,768 ] 86 root - INFO - Hypothesis az_000: float64, float64 
[ 2023-08-27 13:19:59,778 ] 86 root - INFO - Hypothesis az_001: float64, float64 
[ 2023-08-27 13:19:59,791 ] 86 root - INFO - Hypothesis az_002: float64, float64 
[ 2023-08-27 13:19:59,807 ] 86 root - INFO - Hypothesis az_003: float64, float64 
[ 2023-08-27 13:19:59,816 ] 86 root - INFO - Hypothesis az_004: float64, float64 
[ 2023-08-27 13:19:59,825 ] 86 root - INFO - Hypothesis az_005: float64, float64 
[ 2023-08-27 13:19:59,835 ] 86 root - INFO - Hypothesis az_006: float64, float64 
[ 2023-08-27 13:19:59,847 ] 86 root - INFO - Hypothesis az_007: float64, float64 
[ 2023-08-27 13:19:59,853 ] 86 root - INFO - Hypothesis az_008: float64, float64 
[ 2023-08-27 13:19:59,876 ] 86 root - INFO - Hypothesis az_009: float64, float64 
[ 2023-08-27 13:19:59,909 ] 86 root - INFO - Hypothesis ba_000: float64, float64 
[ 2023-08-27 13:19:59,919 ] 86 root - INFO - Hypothesis ba_001: float64, float64 
[ 2023-08-27 13:19:59,933 ] 86 root - INFO - Hypothesis ba_002: float64, float64 
[ 2023-08-27 13:19:59,945 ] 86 root - INFO - Hypothesis ba_003: float64, float64 
[ 2023-08-27 13:19:59,954 ] 86 root - INFO - Hypothesis ba_004: float64, float64 
[ 2023-08-27 13:19:59,964 ] 86 root - INFO - Hypothesis ba_005: float64, float64 
[ 2023-08-27 13:19:59,980 ] 86 root - INFO - Hypothesis ba_006: float64, float64 
[ 2023-08-27 13:19:59,989 ] 86 root - INFO - Hypothesis ba_007: float64, float64 
[ 2023-08-27 13:20:00,002 ] 86 root - INFO - Hypothesis ba_008: float64, float64 
[ 2023-08-27 13:20:00,011 ] 86 root - INFO - Hypothesis ba_009: float64, float64 
[ 2023-08-27 13:20:00,025 ] 86 root - INFO - Hypothesis bb_000: float64, float64 
[ 2023-08-27 13:20:00,035 ] 86 root - INFO - Hypothesis bc_000: float64, float64 
[ 2023-08-27 13:20:00,053 ] 86 root - INFO - Hypothesis bd_000: float64, float64 
[ 2023-08-27 13:20:00,062 ] 86 root - INFO - Hypothesis be_000: float64, float64 
[ 2023-08-27 13:20:00,075 ] 86 root - INFO - Hypothesis bf_000: float64, float64 
[ 2023-08-27 13:20:00,082 ] 86 root - INFO - Hypothesis bg_000: float64, float64 
[ 2023-08-27 13:20:00,092 ] 86 root - INFO - Hypothesis bh_000: float64, float64 
[ 2023-08-27 13:20:00,101 ] 86 root - INFO - Hypothesis bi_000: float64, float64 
[ 2023-08-27 13:20:00,115 ] 86 root - INFO - Hypothesis bj_000: float64, float64 
[ 2023-08-27 13:20:00,125 ] 86 root - INFO - Hypothesis bs_000: float64, float64 
[ 2023-08-27 13:20:00,139 ] 86 root - INFO - Hypothesis bt_000: float64, float64 
[ 2023-08-27 13:20:00,148 ] 86 root - INFO - Hypothesis bu_000: float64, float64 
[ 2023-08-27 13:20:00,161 ] 86 root - INFO - Hypothesis bv_000: float64, float64 
[ 2023-08-27 13:20:00,175 ] 86 root - INFO - Hypothesis bx_000: float64, float64 
[ 2023-08-27 13:20:00,184 ] 86 root - INFO - Hypothesis by_000: float64, float64 
[ 2023-08-27 13:20:00,194 ] 86 root - INFO - Hypothesis bz_000: float64, float64 
[ 2023-08-27 13:20:00,203 ] 86 root - INFO - Hypothesis ca_000: float64, float64 
[ 2023-08-27 13:20:00,212 ] 86 root - INFO - Hypothesis cb_000: float64, float64 
[ 2023-08-27 13:20:00,222 ] 86 root - INFO - Hypothesis cc_000: float64, float64 
[ 2023-08-27 13:20:00,240 ] 86 root - INFO - Hypothesis cd_000: float64, float64 
[ 2023-08-27 13:20:00,261 ] 86 root - INFO - Hypothesis ce_000: float64, float64 
[ 2023-08-27 13:20:00,281 ] 86 root - INFO - Hypothesis ci_000: float64, float64 
[ 2023-08-27 13:20:00,291 ] 86 root - INFO - Hypothesis cj_000: float64, float64 
[ 2023-08-27 13:20:00,297 ] 86 root - INFO - Hypothesis ck_000: float64, float64 
[ 2023-08-27 13:20:00,311 ] 86 root - INFO - Hypothesis cl_000: float64, float64 
[ 2023-08-27 13:20:00,318 ] 86 root - INFO - Hypothesis cm_000: float64, float64 
[ 2023-08-27 13:20:00,329 ] 86 root - INFO - Hypothesis cn_000: float64, float64 
[ 2023-08-27 13:20:00,350 ] 86 root - INFO - Hypothesis cn_001: float64, float64 
[ 2023-08-27 13:20:00,357 ] 86 root - INFO - Hypothesis cn_002: float64, float64 
[ 2023-08-27 13:20:00,365 ] 86 root - INFO - Hypothesis cn_003: float64, float64 
[ 2023-08-27 13:20:00,374 ] 86 root - INFO - Hypothesis cn_004: float64, float64 
[ 2023-08-27 13:20:00,384 ] 86 root - INFO - Hypothesis cn_005: float64, float64 
[ 2023-08-27 13:20:00,401 ] 86 root - INFO - Hypothesis cn_006: float64, float64 
[ 2023-08-27 13:20:00,410 ] 86 root - INFO - Hypothesis cn_007: float64, float64 
[ 2023-08-27 13:20:00,428 ] 86 root - INFO - Hypothesis cn_008: float64, float64 
[ 2023-08-27 13:20:00,436 ] 86 root - INFO - Hypothesis cn_009: float64, float64 
[ 2023-08-27 13:20:00,452 ] 86 root - INFO - Hypothesis cp_000: float64, float64 
[ 2023-08-27 13:20:00,460 ] 86 root - INFO - Hypothesis cq_000: float64, float64 
[ 2023-08-27 13:20:00,469 ] 86 root - INFO - Hypothesis cs_000: float64, float64 
[ 2023-08-27 13:20:00,483 ] 86 root - INFO - Hypothesis cs_001: float64, float64 
[ 2023-08-27 13:20:00,492 ] 86 root - INFO - Hypothesis cs_002: float64, float64 
[ 2023-08-27 13:20:00,501 ] 86 root - INFO - Hypothesis cs_003: float64, float64 
[ 2023-08-27 13:20:00,510 ] 86 root - INFO - Hypothesis cs_004: float64, float64 
[ 2023-08-27 13:20:00,520 ] 86 root - INFO - Hypothesis cs_005: float64, float64 
[ 2023-08-27 13:20:00,530 ] 86 root - INFO - Hypothesis cs_006: float64, float64 
[ 2023-08-27 13:20:00,544 ] 86 root - INFO - Hypothesis cs_007: float64, float64 
[ 2023-08-27 13:20:00,553 ] 86 root - INFO - Hypothesis cs_008: float64, float64 
[ 2023-08-27 13:20:00,565 ] 86 root - INFO - Hypothesis cs_009: float64, float64 
[ 2023-08-27 13:20:00,598 ] 86 root - INFO - Hypothesis dd_000: float64, float64 
[ 2023-08-27 13:20:00,607 ] 86 root - INFO - Hypothesis de_000: float64, float64 
[ 2023-08-27 13:20:00,616 ] 86 root - INFO - Hypothesis df_000: float64, float64 
[ 2023-08-27 13:20:00,621 ] 86 root - INFO - Hypothesis dg_000: float64, float64 
[ 2023-08-27 13:20:00,627 ] 86 root - INFO - Hypothesis dh_000: float64, float64 
[ 2023-08-27 13:20:00,633 ] 86 root - INFO - Hypothesis di_000: float64, float64 
[ 2023-08-27 13:20:00,644 ] 86 root - INFO - Hypothesis dj_000: float64, float64 
[ 2023-08-27 13:20:00,665 ] 86 root - INFO - Hypothesis dk_000: float64, float64 
[ 2023-08-27 13:20:00,671 ] 86 root - INFO - Hypothesis dl_000: float64, float64 
[ 2023-08-27 13:20:00,697 ] 86 root - INFO - Hypothesis dm_000: float64, float64 
[ 2023-08-27 13:20:00,723 ] 86 root - INFO - Hypothesis dn_000: float64, float64 
[ 2023-08-27 13:20:00,736 ] 86 root - INFO - Hypothesis do_000: float64, float64 
[ 2023-08-27 13:20:00,753 ] 86 root - INFO - Hypothesis dp_000: float64, float64 
[ 2023-08-27 13:20:00,762 ] 86 root - INFO - Hypothesis dq_000: float64, float64 
[ 2023-08-27 13:20:00,769 ] 86 root - INFO - Hypothesis dr_000: float64, float64 
[ 2023-08-27 13:20:00,779 ] 86 root - INFO - Hypothesis ds_000: float64, float64 
[ 2023-08-27 13:20:00,789 ] 86 root - INFO - Hypothesis dt_000: float64, float64 
[ 2023-08-27 13:20:00,802 ] 86 root - INFO - Hypothesis du_000: float64, float64 
[ 2023-08-27 13:20:00,812 ] 86 root - INFO - Hypothesis dv_000: float64, float64 
[ 2023-08-27 13:20:00,821 ] 86 root - INFO - Hypothesis dx_000: float64, float64 
[ 2023-08-27 13:20:00,828 ] 86 root - INFO - Hypothesis dy_000: float64, float64 
[ 2023-08-27 13:20:00,835 ] 86 root - INFO - Hypothesis dz_000: float64, float64 
[ 2023-08-27 13:20:00,865 ] 86 root - INFO - Hypothesis ea_000: float64, float64 
[ 2023-08-27 13:20:00,898 ] 86 root - INFO - Hypothesis eb_000: float64, float64 
[ 2023-08-27 13:20:00,907 ] 86 root - INFO - Hypothesis ec_00: float64, float64 
[ 2023-08-27 13:20:00,916 ] 86 root - INFO - Hypothesis ed_000: float64, float64 
[ 2023-08-27 13:20:00,929 ] 86 root - INFO - Hypothesis ee_000: float64, float64 
[ 2023-08-27 13:20:00,938 ] 86 root - INFO - Hypothesis ee_001: float64, float64 
[ 2023-08-27 13:20:00,952 ] 86 root - INFO - Hypothesis ee_002: float64, float64 
[ 2023-08-27 13:20:00,962 ] 86 root - INFO - Hypothesis ee_003: float64, float64 
[ 2023-08-27 13:20:00,972 ] 86 root - INFO - Hypothesis ee_004: float64, float64 
[ 2023-08-27 13:20:00,981 ] 86 root - INFO - Hypothesis ee_005: float64, float64 
[ 2023-08-27 13:20:00,995 ] 86 root - INFO - Hypothesis ee_006: float64, float64 
[ 2023-08-27 13:20:01,004 ] 86 root - INFO - Hypothesis ee_007: float64, float64 
[ 2023-08-27 13:20:01,013 ] 86 root - INFO - Hypothesis ee_008: float64, float64 
[ 2023-08-27 13:20:01,026 ] 86 root - INFO - Hypothesis ee_009: float64, float64 
[ 2023-08-27 13:20:01,034 ] 86 root - INFO - Hypothesis ef_000: float64, float64 
[ 2023-08-27 13:20:01,068 ] 86 root - INFO - Hypothesis eg_000: float64, float64 
[ 2023-08-27 13:20:01,092 ] 143 root - INFO - Write reprt in yaml file
[ 2023-08-27 13:20:02,974 ] 66 root - INFO - Before resampling in training set Input: (28950, 170) Target:(28950,)
[ 2023-08-27 13:20:31,849 ] 68 root - INFO - After resampling in training set Input: (56152, 170) Target:(56152,)
[ 2023-08-27 13:20:31,849 ] 71 root - INFO - Before resampling in testing set Input: (7238, 170) Target:(7238,)
[ 2023-08-27 13:20:37,848 ] 73 root - INFO - After resampling in testing set Input: (14072, 170) Target:(14072,)
[ 2023-08-27 13:20:38,134 ] 53 root - INFO - Entered te save object method of Main utils class
[ 2023-08-27 13:20:38,139 ] 57 root - INFO - exited the save object method of Main utils class
[ 2023-08-27 13:20:38,139 ] 53 root - INFO - Entered te save object method of Main utils class
[ 2023-08-27 13:20:38,140 ] 57 root - INFO - exited the save object method of Main utils class
[ 2023-08-27 13:20:38,140 ] 91 root - INFO - Data transformation object DataTransformationArtifact(transform_object_path='/config/workspace/artifact/08272023__13_19_25/data_transformation/transformer/transformer.pkl', transformed_train_path='/config/workspace/artifact/08272023__13_19_25/data_transformation/transformed/train.npz', transformed_test_path='/config/workspace/artifact/08272023__13_19_25/data_transformation/transformed/test.npz', target_encoder_path='/config/workspace/artifact/08272023__13_19_25/data_transformation/target_encoder/target_encoder.pkl')
[ 2023-08-27 13:20:38,143 ] 14 root - INFO - >>>>>>>>>>>>>>>>>>>>>>>>>>>>>>>>>>>>>>>> Model Trainer <<<<<<<<<<<<<<<<<<<<<<<<<<<<<<<<<<<<<<<<
[ 2023-08-27 13:20:38,143 ] 39 root - INFO - Loading train and test array.
[ 2023-08-27 13:20:38,216 ] 43 root - INFO - Splitting input and target feature from both train and test arr.
[ 2023-08-27 13:20:38,217 ] 47 root - INFO - Train the model
[ 2023-08-27 13:24:37,452 ] 50 root - INFO - Calculating f1 train score
[ 2023-08-27 13:24:37,710 ] 54 root - INFO - Calculating f1 test score
[ 2023-08-27 13:24:37,832 ] 58 root - INFO - train score:0.9999821908781678 and tests score 0.9694011365292147
[ 2023-08-27 13:24:37,832 ] 59 root - INFO - Checking if our model is underfitting or not
[ 2023-08-27 13:24:37,832 ] 64 root - INFO - Checking if our model is overfiiting or not
[ 2023-08-27 13:24:37,832 ] 70 root - INFO - Saving mode object
[ 2023-08-27 13:24:37,832 ] 53 root - INFO - Entered te save object method of Main utils class
[ 2023-08-27 13:24:37,878 ] 57 root - INFO - exited the save object method of Main utils class
[ 2023-08-27 13:24:37,879 ] 73 root - INFO - Prepare the artifact
[ 2023-08-27 13:24:37,879 ] 77 root - INFO - Model trainer artifact: ModelTrainerArtifact(model_path='/config/workspace/artifact/08272023__13_19_25/model_trainer/model/model.pkl', f1_train_score=0.9999821908781678, f1_test_score=0.9694011365292147)
[ 2023-08-27 13:24:37,881 ] 36 root - INFO - if saved model folder has model the we will compare which model is best trained or the model from saved model folder
