[ 2023-08-27 13:26:57,431 ] 20 root - INFO - exporting data as pandas dataframe
[ 2023-08-27 13:26:57,432 ] 21 root - INFO - Reading data from database: aps and collection: sensor
[ 2023-08-27 13:27:04,992 ] 23 root - INFO - Found Columns: Index(['_id', 'class', 'aa_000', 'ab_000', 'ac_000', 'ad_000', 'ae_000',
       'af_000', 'ag_000', 'ag_001',
       ...
       'ee_002', 'ee_003', 'ee_004', 'ee_005', 'ee_006', 'ee_007', 'ee_008',
       'ee_009', 'ef_000', 'eg_000'],
      dtype='object', length=172)
[ 2023-08-27 13:27:04,992 ] 25 root - INFO - Dropping column: _id
[ 2023-08-27 13:27:05,788 ] 27 root - INFO - row and columnns in df: (36188, 171)
[ 2023-08-27 13:27:05,798 ] 25 root - INFO - save data in feature store
[ 2023-08-27 13:27:13,380 ] 35 root - INFO - split dataset into train and test set
[ 2023-08-27 13:27:14,089 ] 39 root - INFO - create dataset directory folder if not available
[ 2023-08-27 13:27:14,094 ] 46 root - INFO - Save df to feature store folder
[ 2023-08-27 13:27:17,701 ] 59 root - INFO - Data ingestion artifact: DataIngestionArtifact(feature_store_file_path='/config/workspace/artifact/08272023__13_26_57/data_ingestion/feature_store/sensor.csv', train_file_path='/config/workspace/artifact/08272023__13_26_57/data_ingestion/dataset/train.csv', test_file_path='/config/workspace/artifact/08272023__13_26_57/data_ingestion/dataset/test.csv')
[ 2023-08-27 13:27:18,766 ] 20 root - INFO - >>>>>>>>>>>>>>>>>>>>>>>>>>>>>>>>>>>>>>>> Data Validation <<<<<<<<<<<<<<<<<<<<<<<<<<<<<<<<<<<<<<<<
[ 2023-08-27 13:27:18,766 ] 107 root - INFO - Reading base dataframe
[ 2023-08-27 13:27:22,546 ] 110 root - INFO - Replace na value in base df
[ 2023-08-27 13:27:22,923 ] 61 root - INFO - selecting column name which contains null above to 0.2
[ 2023-08-27 13:27:22,924 ] 64 root - INFO - Columns to drop: ['ab_000', 'ad_000', 'bk_000', 'bl_000', 'bm_000', 'bn_000', 'bo_000', 'bp_000', 'bq_000', 'br_000', 'cf_000', 'cg_000', 'ch_000', 'co_000', 'cr_000', 'ct_000', 'cu_000', 'cv_000', 'cx_000', 'cy_000', 'cz_000', 'da_000', 'db_000', 'dc_000']
[ 2023-08-27 13:27:23,040 ] 115 root - INFO - Reading train dataframe
[ 2023-08-27 13:27:23,662 ] 117 root - INFO - Reading test dataframe
[ 2023-08-27 13:27:23,829 ] 120 root - INFO - Drop null values colums from train df
[ 2023-08-27 13:27:23,841 ] 61 root - INFO - selecting column name which contains null above to 0.2
[ 2023-08-27 13:27:23,842 ] 64 root - INFO - Columns to drop: ['ab_000', 'ad_000', 'bk_000', 'bl_000', 'bm_000', 'bn_000', 'bo_000', 'bp_000', 'bq_000', 'br_000', 'cf_000', 'cg_000', 'ch_000', 'co_000', 'cr_000', 'ct_000', 'cu_000', 'cv_000', 'cx_000', 'cy_000', 'cz_000', 'da_000', 'db_000', 'dc_000']
[ 2023-08-27 13:27:23,856 ] 122 root - INFO - Drop null values colums from test df
[ 2023-08-27 13:27:23,861 ] 61 root - INFO - selecting column name which contains null above to 0.2
[ 2023-08-27 13:27:23,862 ] 64 root - INFO - Columns to drop: ['ab_000', 'ad_000', 'bk_000', 'bl_000', 'bm_000', 'bn_000', 'bo_000', 'bp_000', 'bq_000', 'br_000', 'cf_000', 'cg_000', 'ch_000', 'co_000', 'cr_000', 'ct_000', 'cu_000', 'cv_000', 'cx_000', 'cy_000', 'cz_000', 'da_000', 'db_000', 'dc_000']
[ 2023-08-27 13:27:25,242 ] 130 root - INFO - Is all required columns present in train df
[ 2023-08-27 13:27:25,243 ] 132 root - INFO - Is all required columns present in test df
[ 2023-08-27 13:27:25,243 ] 136 root - INFO - As all column are available in train df hence detecting data drift
[ 2023-08-27 13:27:25,243 ] 86 root - INFO - Hypothesis class: object, object 
[ 2023-08-27 13:27:25,476 ] 86 root - INFO - Hypothesis aa_000: float64, float64 
[ 2023-08-27 13:27:25,489 ] 86 root - INFO - Hypothesis ac_000: float64, float64 
[ 2023-08-27 13:27:25,553 ] 86 root - INFO - Hypothesis ae_000: float64, float64 
[ 2023-08-27 13:27:25,609 ] 86 root - INFO - Hypothesis af_000: float64, float64 
[ 2023-08-27 13:27:25,679 ] 86 root - INFO - Hypothesis ag_000: float64, float64 
[ 2023-08-27 13:27:25,726 ] 86 root - INFO - Hypothesis ag_001: float64, float64 
[ 2023-08-27 13:27:25,788 ] 86 root - INFO - Hypothesis ag_002: float64, float64 
[ 2023-08-27 13:27:25,845 ] 86 root - INFO - Hypothesis ag_003: float64, float64 
[ 2023-08-27 13:27:25,854 ] 86 root - INFO - Hypothesis ag_004: float64, float64 
[ 2023-08-27 13:27:25,874 ] 86 root - INFO - Hypothesis ag_005: float64, float64 
[ 2023-08-27 13:27:25,900 ] 86 root - INFO - Hypothesis ag_006: float64, float64 
[ 2023-08-27 13:27:25,917 ] 86 root - INFO - Hypothesis ag_007: float64, float64 
[ 2023-08-27 13:27:25,929 ] 86 root - INFO - Hypothesis ag_008: float64, float64 
[ 2023-08-27 13:27:25,940 ] 86 root - INFO - Hypothesis ag_009: float64, float64 
[ 2023-08-27 13:27:25,954 ] 86 root - INFO - Hypothesis ah_000: float64, float64 
[ 2023-08-27 13:27:25,968 ] 86 root - INFO - Hypothesis ai_000: float64, float64 
[ 2023-08-27 13:27:26,028 ] 86 root - INFO - Hypothesis aj_000: float64, float64 
[ 2023-08-27 13:27:26,045 ] 86 root - INFO - Hypothesis ak_000: float64, float64 
[ 2023-08-27 13:27:26,103 ] 86 root - INFO - Hypothesis al_000: float64, float64 
[ 2023-08-27 13:27:26,113 ] 86 root - INFO - Hypothesis am_0: float64, float64 
[ 2023-08-27 13:27:26,128 ] 86 root - INFO - Hypothesis an_000: float64, float64 
[ 2023-08-27 13:27:26,141 ] 86 root - INFO - Hypothesis ao_000: float64, float64 
[ 2023-08-27 13:27:26,155 ] 86 root - INFO - Hypothesis ap_000: float64, float64 
[ 2023-08-27 13:27:26,177 ] 86 root - INFO - Hypothesis aq_000: float64, float64 
[ 2023-08-27 13:27:26,196 ] 86 root - INFO - Hypothesis ar_000: float64, float64 
[ 2023-08-27 13:27:26,245 ] 86 root - INFO - Hypothesis as_000: float64, float64 
[ 2023-08-27 13:27:26,305 ] 86 root - INFO - Hypothesis at_000: float64, float64 
[ 2023-08-27 13:27:26,367 ] 86 root - INFO - Hypothesis au_000: float64, float64 
[ 2023-08-27 13:27:26,424 ] 86 root - INFO - Hypothesis av_000: float64, float64 
[ 2023-08-27 13:27:26,435 ] 86 root - INFO - Hypothesis ax_000: float64, float64 
[ 2023-08-27 13:27:26,454 ] 86 root - INFO - Hypothesis ay_000: float64, float64 
[ 2023-08-27 13:27:26,513 ] 86 root - INFO - Hypothesis ay_001: float64, float64 
[ 2023-08-27 13:27:26,576 ] 86 root - INFO - Hypothesis ay_002: float64, float64 
[ 2023-08-27 13:27:26,632 ] 86 root - INFO - Hypothesis ay_003: float64, float64 
[ 2023-08-27 13:27:26,687 ] 86 root - INFO - Hypothesis ay_004: float64, float64 
[ 2023-08-27 13:27:26,752 ] 86 root - INFO - Hypothesis ay_005: float64, float64 
[ 2023-08-27 13:27:26,817 ] 86 root - INFO - Hypothesis ay_006: float64, float64 
[ 2023-08-27 13:27:26,839 ] 86 root - INFO - Hypothesis ay_007: float64, float64 
[ 2023-08-27 13:27:26,856 ] 86 root - INFO - Hypothesis ay_008: float64, float64 
[ 2023-08-27 13:27:26,869 ] 86 root - INFO - Hypothesis ay_009: float64, float64 
[ 2023-08-27 13:27:26,920 ] 86 root - INFO - Hypothesis az_000: float64, float64 
[ 2023-08-27 13:27:26,942 ] 86 root - INFO - Hypothesis az_001: float64, float64 
[ 2023-08-27 13:27:26,955 ] 86 root - INFO - Hypothesis az_002: float64, float64 
[ 2023-08-27 13:27:26,976 ] 86 root - INFO - Hypothesis az_003: float64, float64 
[ 2023-08-27 13:27:26,989 ] 86 root - INFO - Hypothesis az_004: float64, float64 
[ 2023-08-27 13:27:27,006 ] 86 root - INFO - Hypothesis az_005: float64, float64 
[ 2023-08-27 13:27:27,020 ] 86 root - INFO - Hypothesis az_006: float64, float64 
[ 2023-08-27 13:27:27,085 ] 86 root - INFO - Hypothesis az_007: float64, float64 
[ 2023-08-27 13:27:27,151 ] 86 root - INFO - Hypothesis az_008: float64, float64 
[ 2023-08-27 13:27:27,203 ] 86 root - INFO - Hypothesis az_009: float64, float64 
[ 2023-08-27 13:27:27,259 ] 86 root - INFO - Hypothesis ba_000: float64, float64 
[ 2023-08-27 13:27:27,280 ] 86 root - INFO - Hypothesis ba_001: float64, float64 
[ 2023-08-27 13:27:27,300 ] 86 root - INFO - Hypothesis ba_002: float64, float64 
[ 2023-08-27 13:27:27,317 ] 86 root - INFO - Hypothesis ba_003: float64, float64 
[ 2023-08-27 13:27:27,330 ] 86 root - INFO - Hypothesis ba_004: float64, float64 
[ 2023-08-27 13:27:27,344 ] 86 root - INFO - Hypothesis ba_005: float64, float64 
[ 2023-08-27 13:27:27,361 ] 86 root - INFO - Hypothesis ba_006: float64, float64 
[ 2023-08-27 13:27:27,377 ] 86 root - INFO - Hypothesis ba_007: float64, float64 
[ 2023-08-27 13:27:27,392 ] 86 root - INFO - Hypothesis ba_008: float64, float64 
[ 2023-08-27 13:27:27,456 ] 86 root - INFO - Hypothesis ba_009: float64, float64 
[ 2023-08-27 13:27:27,526 ] 86 root - INFO - Hypothesis bb_000: float64, float64 
[ 2023-08-27 13:27:27,540 ] 86 root - INFO - Hypothesis bc_000: float64, float64 
[ 2023-08-27 13:27:27,603 ] 86 root - INFO - Hypothesis bd_000: float64, float64 
[ 2023-08-27 13:27:27,615 ] 86 root - INFO - Hypothesis be_000: float64, float64 
[ 2023-08-27 13:27:27,631 ] 86 root - INFO - Hypothesis bf_000: float64, float64 
[ 2023-08-27 13:27:27,640 ] 86 root - INFO - Hypothesis bg_000: float64, float64 
[ 2023-08-27 13:27:27,662 ] 86 root - INFO - Hypothesis bh_000: float64, float64 
[ 2023-08-27 13:27:27,675 ] 86 root - INFO - Hypothesis bi_000: float64, float64 
[ 2023-08-27 13:27:27,703 ] 86 root - INFO - Hypothesis bj_000: float64, float64 
[ 2023-08-27 13:27:27,716 ] 86 root - INFO - Hypothesis bs_000: float64, float64 
[ 2023-08-27 13:27:27,734 ] 86 root - INFO - Hypothesis bt_000: float64, float64 
[ 2023-08-27 13:27:27,748 ] 86 root - INFO - Hypothesis bu_000: float64, float64 
[ 2023-08-27 13:27:27,761 ] 86 root - INFO - Hypothesis bv_000: float64, float64 
[ 2023-08-27 13:27:27,774 ] 86 root - INFO - Hypothesis bx_000: float64, float64 
[ 2023-08-27 13:27:27,793 ] 86 root - INFO - Hypothesis by_000: float64, float64 
[ 2023-08-27 13:27:27,814 ] 86 root - INFO - Hypothesis bz_000: float64, float64 
[ 2023-08-27 13:27:27,826 ] 86 root - INFO - Hypothesis ca_000: float64, float64 
[ 2023-08-27 13:27:27,844 ] 86 root - INFO - Hypothesis cb_000: float64, float64 
[ 2023-08-27 13:27:27,858 ] 86 root - INFO - Hypothesis cc_000: float64, float64 
[ 2023-08-27 13:27:27,871 ] 86 root - INFO - Hypothesis cd_000: float64, float64 
[ 2023-08-27 13:27:27,932 ] 86 root - INFO - Hypothesis ce_000: float64, float64 
[ 2023-08-27 13:27:27,945 ] 86 root - INFO - Hypothesis ci_000: float64, float64 
[ 2023-08-27 13:27:27,971 ] 86 root - INFO - Hypothesis cj_000: float64, float64 
[ 2023-08-27 13:27:28,025 ] 86 root - INFO - Hypothesis ck_000: float64, float64 
[ 2023-08-27 13:27:28,039 ] 86 root - INFO - Hypothesis cl_000: float64, float64 
[ 2023-08-27 13:27:28,056 ] 86 root - INFO - Hypothesis cm_000: float64, float64 
[ 2023-08-27 13:27:28,066 ] 86 root - INFO - Hypothesis cn_000: float64, float64 
[ 2023-08-27 13:27:28,129 ] 86 root - INFO - Hypothesis cn_001: float64, float64 
[ 2023-08-27 13:27:28,187 ] 86 root - INFO - Hypothesis cn_002: float64, float64 
[ 2023-08-27 13:27:28,198 ] 86 root - INFO - Hypothesis cn_003: float64, float64 
[ 2023-08-27 13:27:28,216 ] 86 root - INFO - Hypothesis cn_004: float64, float64 
[ 2023-08-27 13:27:28,229 ] 86 root - INFO - Hypothesis cn_005: float64, float64 
[ 2023-08-27 13:27:28,247 ] 86 root - INFO - Hypothesis cn_006: float64, float64 
[ 2023-08-27 13:27:28,264 ] 86 root - INFO - Hypothesis cn_007: float64, float64 
[ 2023-08-27 13:27:28,280 ] 86 root - INFO - Hypothesis cn_008: float64, float64 
[ 2023-08-27 13:27:28,292 ] 86 root - INFO - Hypothesis cn_009: float64, float64 
[ 2023-08-27 13:27:28,347 ] 86 root - INFO - Hypothesis cp_000: float64, float64 
[ 2023-08-27 13:27:28,422 ] 86 root - INFO - Hypothesis cq_000: float64, float64 
[ 2023-08-27 13:27:28,444 ] 86 root - INFO - Hypothesis cs_000: float64, float64 
[ 2023-08-27 13:27:28,457 ] 86 root - INFO - Hypothesis cs_001: float64, float64 
[ 2023-08-27 13:27:28,468 ] 86 root - INFO - Hypothesis cs_002: float64, float64 
[ 2023-08-27 13:27:28,481 ] 86 root - INFO - Hypothesis cs_003: float64, float64 
[ 2023-08-27 13:27:28,499 ] 86 root - INFO - Hypothesis cs_004: float64, float64 
[ 2023-08-27 13:27:28,523 ] 86 root - INFO - Hypothesis cs_005: float64, float64 
[ 2023-08-27 13:27:28,536 ] 86 root - INFO - Hypothesis cs_006: float64, float64 
[ 2023-08-27 13:27:28,550 ] 86 root - INFO - Hypothesis cs_007: float64, float64 
[ 2023-08-27 13:27:28,563 ] 86 root - INFO - Hypothesis cs_008: float64, float64 
[ 2023-08-27 13:27:28,627 ] 86 root - INFO - Hypothesis cs_009: float64, float64 
[ 2023-08-27 13:27:28,687 ] 86 root - INFO - Hypothesis dd_000: float64, float64 
[ 2023-08-27 13:27:28,700 ] 86 root - INFO - Hypothesis de_000: float64, float64 
[ 2023-08-27 13:27:28,720 ] 86 root - INFO - Hypothesis df_000: float64, float64 
[ 2023-08-27 13:27:28,776 ] 86 root - INFO - Hypothesis dg_000: float64, float64 
[ 2023-08-27 13:27:28,846 ] 86 root - INFO - Hypothesis dh_000: float64, float64 
[ 2023-08-27 13:27:28,854 ] 86 root - INFO - Hypothesis di_000: float64, float64 
[ 2023-08-27 13:27:28,912 ] 86 root - INFO - Hypothesis dj_000: float64, float64 
[ 2023-08-27 13:27:28,977 ] 86 root - INFO - Hypothesis dk_000: float64, float64 
[ 2023-08-27 13:27:29,035 ] 86 root - INFO - Hypothesis dl_000: float64, float64 
[ 2023-08-27 13:27:29,099 ] 86 root - INFO - Hypothesis dm_000: float64, float64 
[ 2023-08-27 13:27:29,164 ] 86 root - INFO - Hypothesis dn_000: float64, float64 
[ 2023-08-27 13:27:29,185 ] 86 root - INFO - Hypothesis do_000: float64, float64 
[ 2023-08-27 13:27:29,198 ] 86 root - INFO - Hypothesis dp_000: float64, float64 
[ 2023-08-27 13:27:29,210 ] 86 root - INFO - Hypothesis dq_000: float64, float64 
[ 2023-08-27 13:27:29,268 ] 86 root - INFO - Hypothesis dr_000: float64, float64 
[ 2023-08-27 13:27:29,331 ] 86 root - INFO - Hypothesis ds_000: float64, float64 
[ 2023-08-27 13:27:29,344 ] 86 root - INFO - Hypothesis dt_000: float64, float64 
[ 2023-08-27 13:27:29,364 ] 86 root - INFO - Hypothesis du_000: float64, float64 
[ 2023-08-27 13:27:29,376 ] 86 root - INFO - Hypothesis dv_000: float64, float64 
[ 2023-08-27 13:27:29,393 ] 86 root - INFO - Hypothesis dx_000: float64, float64 
[ 2023-08-27 13:27:29,452 ] 86 root - INFO - Hypothesis dy_000: float64, float64 
[ 2023-08-27 13:27:29,518 ] 86 root - INFO - Hypothesis dz_000: float64, float64 
[ 2023-08-27 13:27:29,583 ] 86 root - INFO - Hypothesis ea_000: float64, float64 
[ 2023-08-27 13:27:29,635 ] 86 root - INFO - Hypothesis eb_000: float64, float64 
[ 2023-08-27 13:27:29,651 ] 86 root - INFO - Hypothesis ec_00: float64, float64 
[ 2023-08-27 13:27:29,664 ] 86 root - INFO - Hypothesis ed_000: float64, float64 
[ 2023-08-27 13:27:29,688 ] 86 root - INFO - Hypothesis ee_000: float64, float64 
[ 2023-08-27 13:27:29,702 ] 86 root - INFO - Hypothesis ee_001: float64, float64 
[ 2023-08-27 13:27:29,715 ] 86 root - INFO - Hypothesis ee_002: float64, float64 
[ 2023-08-27 13:27:29,733 ] 86 root - INFO - Hypothesis ee_003: float64, float64 
[ 2023-08-27 13:27:29,746 ] 86 root - INFO - Hypothesis ee_004: float64, float64 
[ 2023-08-27 13:27:29,764 ] 86 root - INFO - Hypothesis ee_005: float64, float64 
[ 2023-08-27 13:27:29,777 ] 86 root - INFO - Hypothesis ee_006: float64, float64 
[ 2023-08-27 13:27:29,794 ] 86 root - INFO - Hypothesis ee_007: float64, float64 
[ 2023-08-27 13:27:29,807 ] 86 root - INFO - Hypothesis ee_008: float64, float64 
[ 2023-08-27 13:27:29,827 ] 86 root - INFO - Hypothesis ee_009: float64, float64 
[ 2023-08-27 13:27:29,839 ] 86 root - INFO - Hypothesis ef_000: float64, float64 
[ 2023-08-27 13:27:29,892 ] 86 root - INFO - Hypothesis eg_000: float64, float64 
[ 2023-08-27 13:27:29,947 ] 140 root - INFO - As all column are available in test df hence detecting data drift
[ 2023-08-27 13:27:29,947 ] 86 root - INFO - Hypothesis class: object, object 
[ 2023-08-27 13:27:30,091 ] 86 root - INFO - Hypothesis aa_000: float64, float64 
[ 2023-08-27 13:27:30,108 ] 86 root - INFO - Hypothesis ac_000: float64, float64 
[ 2023-08-27 13:27:30,116 ] 86 root - INFO - Hypothesis ae_000: float64, float64 
[ 2023-08-27 13:27:30,140 ] 86 root - INFO - Hypothesis af_000: float64, float64 
[ 2023-08-27 13:27:30,165 ] 86 root - INFO - Hypothesis ag_000: float64, float64 
[ 2023-08-27 13:27:30,186 ] 86 root - INFO - Hypothesis ag_001: float64, float64 
[ 2023-08-27 13:27:30,223 ] 86 root - INFO - Hypothesis ag_002: float64, float64 
[ 2023-08-27 13:27:30,234 ] 86 root - INFO - Hypothesis ag_003: float64, float64 
[ 2023-08-27 13:27:30,240 ] 86 root - INFO - Hypothesis ag_004: float64, float64 
[ 2023-08-27 13:27:30,253 ] 86 root - INFO - Hypothesis ag_005: float64, float64 
[ 2023-08-27 13:27:30,262 ] 86 root - INFO - Hypothesis ag_006: float64, float64 
[ 2023-08-27 13:27:30,272 ] 86 root - INFO - Hypothesis ag_007: float64, float64 
[ 2023-08-27 13:27:30,280 ] 86 root - INFO - Hypothesis ag_008: float64, float64 
[ 2023-08-27 13:27:30,288 ] 86 root - INFO - Hypothesis ag_009: float64, float64 
[ 2023-08-27 13:27:30,299 ] 86 root - INFO - Hypothesis ah_000: float64, float64 
[ 2023-08-27 13:27:30,308 ] 86 root - INFO - Hypothesis ai_000: float64, float64 
[ 2023-08-27 13:27:30,314 ] 86 root - INFO - Hypothesis aj_000: float64, float64 
[ 2023-08-27 13:27:30,320 ] 86 root - INFO - Hypothesis ak_000: float64, float64 
[ 2023-08-27 13:27:30,333 ] 86 root - INFO - Hypothesis al_000: float64, float64 
[ 2023-08-27 13:27:30,341 ] 86 root - INFO - Hypothesis am_0: float64, float64 
[ 2023-08-27 13:27:30,352 ] 86 root - INFO - Hypothesis an_000: float64, float64 
[ 2023-08-27 13:27:30,365 ] 86 root - INFO - Hypothesis ao_000: float64, float64 
[ 2023-08-27 13:27:30,374 ] 86 root - INFO - Hypothesis ap_000: float64, float64 
[ 2023-08-27 13:27:30,391 ] 86 root - INFO - Hypothesis aq_000: float64, float64 
[ 2023-08-27 13:27:30,400 ] 86 root - INFO - Hypothesis ar_000: float64, float64 
[ 2023-08-27 13:27:30,426 ] 86 root - INFO - Hypothesis as_000: float64, float64 
[ 2023-08-27 13:27:30,455 ] 86 root - INFO - Hypothesis at_000: float64, float64 
[ 2023-08-27 13:27:30,483 ] 86 root - INFO - Hypothesis au_000: float64, float64 
[ 2023-08-27 13:27:30,504 ] 86 root - INFO - Hypothesis av_000: float64, float64 
[ 2023-08-27 13:27:30,516 ] 86 root - INFO - Hypothesis ax_000: float64, float64 
[ 2023-08-27 13:27:30,524 ] 86 root - INFO - Hypothesis ay_000: float64, float64 
[ 2023-08-27 13:27:30,548 ] 86 root - INFO - Hypothesis ay_001: float64, float64 
[ 2023-08-27 13:27:30,577 ] 86 root - INFO - Hypothesis ay_002: float64, float64 
[ 2023-08-27 13:27:30,597 ] 86 root - INFO - Hypothesis ay_003: float64, float64 
[ 2023-08-27 13:27:30,618 ] 86 root - INFO - Hypothesis ay_004: float64, float64 
[ 2023-08-27 13:27:30,643 ] 86 root - INFO - Hypothesis ay_005: float64, float64 
[ 2023-08-27 13:27:30,654 ] 86 root - INFO - Hypothesis ay_006: float64, float64 
[ 2023-08-27 13:27:30,663 ] 86 root - INFO - Hypothesis ay_007: float64, float64 
[ 2023-08-27 13:27:30,671 ] 86 root - INFO - Hypothesis ay_008: float64, float64 
[ 2023-08-27 13:27:30,681 ] 86 root - INFO - Hypothesis ay_009: float64, float64 
[ 2023-08-27 13:27:30,705 ] 86 root - INFO - Hypothesis az_000: float64, float64 
[ 2023-08-27 13:27:30,714 ] 86 root - INFO - Hypothesis az_001: float64, float64 
[ 2023-08-27 13:27:30,727 ] 86 root - INFO - Hypothesis az_002: float64, float64 
[ 2023-08-27 13:27:30,735 ] 86 root - INFO - Hypothesis az_003: float64, float64 
[ 2023-08-27 13:27:30,744 ] 86 root - INFO - Hypothesis az_004: float64, float64 
[ 2023-08-27 13:27:30,757 ] 86 root - INFO - Hypothesis az_005: float64, float64 
[ 2023-08-27 13:27:30,767 ] 86 root - INFO - Hypothesis az_006: float64, float64 
[ 2023-08-27 13:27:30,775 ] 86 root - INFO - Hypothesis az_007: float64, float64 
[ 2023-08-27 13:27:30,781 ] 86 root - INFO - Hypothesis az_008: float64, float64 
[ 2023-08-27 13:27:30,823 ] 86 root - INFO - Hypothesis az_009: float64, float64 
[ 2023-08-27 13:27:30,844 ] 86 root - INFO - Hypothesis ba_000: float64, float64 
[ 2023-08-27 13:27:30,856 ] 86 root - INFO - Hypothesis ba_001: float64, float64 
[ 2023-08-27 13:27:30,866 ] 86 root - INFO - Hypothesis ba_002: float64, float64 
[ 2023-08-27 13:27:30,875 ] 86 root - INFO - Hypothesis ba_003: float64, float64 
[ 2023-08-27 13:27:30,884 ] 86 root - INFO - Hypothesis ba_004: float64, float64 
[ 2023-08-27 13:27:30,897 ] 86 root - INFO - Hypothesis ba_005: float64, float64 
[ 2023-08-27 13:27:30,906 ] 86 root - INFO - Hypothesis ba_006: float64, float64 
[ 2023-08-27 13:27:30,915 ] 86 root - INFO - Hypothesis ba_007: float64, float64 
[ 2023-08-27 13:27:30,924 ] 86 root - INFO - Hypothesis ba_008: float64, float64 
[ 2023-08-27 13:27:30,932 ] 86 root - INFO - Hypothesis ba_009: float64, float64 
[ 2023-08-27 13:27:30,938 ] 86 root - INFO - Hypothesis bb_000: float64, float64 
[ 2023-08-27 13:27:30,948 ] 86 root - INFO - Hypothesis bc_000: float64, float64 
[ 2023-08-27 13:27:30,955 ] 86 root - INFO - Hypothesis bd_000: float64, float64 
[ 2023-08-27 13:27:30,963 ] 86 root - INFO - Hypothesis be_000: float64, float64 
[ 2023-08-27 13:27:30,980 ] 86 root - INFO - Hypothesis bf_000: float64, float64 
[ 2023-08-27 13:27:30,986 ] 86 root - INFO - Hypothesis bg_000: float64, float64 
[ 2023-08-27 13:27:31,000 ] 86 root - INFO - Hypothesis bh_000: float64, float64 
[ 2023-08-27 13:27:31,009 ] 86 root - INFO - Hypothesis bi_000: float64, float64 
[ 2023-08-27 13:27:31,027 ] 86 root - INFO - Hypothesis bj_000: float64, float64 
[ 2023-08-27 13:27:31,036 ] 86 root - INFO - Hypothesis bs_000: float64, float64 
[ 2023-08-27 13:27:31,047 ] 86 root - INFO - Hypothesis bt_000: float64, float64 
[ 2023-08-27 13:27:31,058 ] 86 root - INFO - Hypothesis bu_000: float64, float64 
[ 2023-08-27 13:27:31,076 ] 86 root - INFO - Hypothesis bv_000: float64, float64 
[ 2023-08-27 13:27:31,085 ] 86 root - INFO - Hypothesis bx_000: float64, float64 
[ 2023-08-27 13:27:31,097 ] 86 root - INFO - Hypothesis by_000: float64, float64 
[ 2023-08-27 13:27:31,106 ] 86 root - INFO - Hypothesis bz_000: float64, float64 
[ 2023-08-27 13:27:31,114 ] 86 root - INFO - Hypothesis ca_000: float64, float64 
[ 2023-08-27 13:27:31,127 ] 86 root - INFO - Hypothesis cb_000: float64, float64 
[ 2023-08-27 13:27:31,137 ] 86 root - INFO - Hypothesis cc_000: float64, float64 
[ 2023-08-27 13:27:31,151 ] 86 root - INFO - Hypothesis cd_000: float64, float64 
[ 2023-08-27 13:27:31,176 ] 86 root - INFO - Hypothesis ce_000: float64, float64 
[ 2023-08-27 13:27:31,188 ] 86 root - INFO - Hypothesis ci_000: float64, float64 
[ 2023-08-27 13:27:31,197 ] 86 root - INFO - Hypothesis cj_000: float64, float64 
[ 2023-08-27 13:27:31,204 ] 86 root - INFO - Hypothesis ck_000: float64, float64 
[ 2023-08-27 13:27:31,221 ] 86 root - INFO - Hypothesis cl_000: float64, float64 
[ 2023-08-27 13:27:31,227 ] 86 root - INFO - Hypothesis cm_000: float64, float64 
[ 2023-08-27 13:27:31,238 ] 86 root - INFO - Hypothesis cn_000: float64, float64 
[ 2023-08-27 13:27:31,259 ] 86 root - INFO - Hypothesis cn_001: float64, float64 
[ 2023-08-27 13:27:31,269 ] 86 root - INFO - Hypothesis cn_002: float64, float64 
[ 2023-08-27 13:27:31,277 ] 86 root - INFO - Hypothesis cn_003: float64, float64 
[ 2023-08-27 13:27:31,290 ] 86 root - INFO - Hypothesis cn_004: float64, float64 
[ 2023-08-27 13:27:31,304 ] 86 root - INFO - Hypothesis cn_005: float64, float64 
[ 2023-08-27 13:27:31,314 ] 86 root - INFO - Hypothesis cn_006: float64, float64 
[ 2023-08-27 13:27:31,327 ] 86 root - INFO - Hypothesis cn_007: float64, float64 
[ 2023-08-27 13:27:31,336 ] 86 root - INFO - Hypothesis cn_008: float64, float64 
[ 2023-08-27 13:27:31,344 ] 86 root - INFO - Hypothesis cn_009: float64, float64 
[ 2023-08-27 13:27:31,351 ] 86 root - INFO - Hypothesis cp_000: float64, float64 
[ 2023-08-27 13:27:31,359 ] 86 root - INFO - Hypothesis cq_000: float64, float64 
[ 2023-08-27 13:27:31,373 ] 86 root - INFO - Hypothesis cs_000: float64, float64 
[ 2023-08-27 13:27:31,382 ] 86 root - INFO - Hypothesis cs_001: float64, float64 
[ 2023-08-27 13:27:31,394 ] 86 root - INFO - Hypothesis cs_002: float64, float64 
[ 2023-08-27 13:27:31,403 ] 86 root - INFO - Hypothesis cs_003: float64, float64 
[ 2023-08-27 13:27:31,412 ] 86 root - INFO - Hypothesis cs_004: float64, float64 
[ 2023-08-27 13:27:31,422 ] 86 root - INFO - Hypothesis cs_005: float64, float64 
[ 2023-08-27 13:27:31,435 ] 86 root - INFO - Hypothesis cs_006: float64, float64 
[ 2023-08-27 13:27:31,453 ] 86 root - INFO - Hypothesis cs_007: float64, float64 
[ 2023-08-27 13:27:31,467 ] 86 root - INFO - Hypothesis cs_008: float64, float64 
[ 2023-08-27 13:27:31,474 ] 86 root - INFO - Hypothesis cs_009: float64, float64 
[ 2023-08-27 13:27:31,503 ] 86 root - INFO - Hypothesis dd_000: float64, float64 
[ 2023-08-27 13:27:31,512 ] 86 root - INFO - Hypothesis de_000: float64, float64 
[ 2023-08-27 13:27:31,528 ] 86 root - INFO - Hypothesis df_000: float64, float64 
[ 2023-08-27 13:27:31,533 ] 86 root - INFO - Hypothesis dg_000: float64, float64 
[ 2023-08-27 13:27:31,539 ] 86 root - INFO - Hypothesis dh_000: float64, float64 
[ 2023-08-27 13:27:31,544 ] 86 root - INFO - Hypothesis di_000: float64, float64 
[ 2023-08-27 13:27:31,550 ] 86 root - INFO - Hypothesis dj_000: float64, float64 
[ 2023-08-27 13:27:31,576 ] 86 root - INFO - Hypothesis dk_000: float64, float64 
[ 2023-08-27 13:27:31,581 ] 86 root - INFO - Hypothesis dl_000: float64, float64 
[ 2023-08-27 13:27:31,615 ] 86 root - INFO - Hypothesis dm_000: float64, float64 
[ 2023-08-27 13:27:31,645 ] 86 root - INFO - Hypothesis dn_000: float64, float64 
[ 2023-08-27 13:27:31,654 ] 86 root - INFO - Hypothesis do_000: float64, float64 
[ 2023-08-27 13:27:31,667 ] 86 root - INFO - Hypothesis dp_000: float64, float64 
[ 2023-08-27 13:27:31,675 ] 86 root - INFO - Hypothesis dq_000: float64, float64 
[ 2023-08-27 13:27:31,686 ] 86 root - INFO - Hypothesis dr_000: float64, float64 
[ 2023-08-27 13:27:31,692 ] 86 root - INFO - Hypothesis ds_000: float64, float64 
[ 2023-08-27 13:27:31,701 ] 86 root - INFO - Hypothesis dt_000: float64, float64 
[ 2023-08-27 13:27:31,710 ] 86 root - INFO - Hypothesis du_000: float64, float64 
[ 2023-08-27 13:27:31,719 ] 86 root - INFO - Hypothesis dv_000: float64, float64 
[ 2023-08-27 13:27:31,733 ] 86 root - INFO - Hypothesis dx_000: float64, float64 
[ 2023-08-27 13:27:31,740 ] 86 root - INFO - Hypothesis dy_000: float64, float64 
[ 2023-08-27 13:27:31,755 ] 86 root - INFO - Hypothesis dz_000: float64, float64 
[ 2023-08-27 13:27:31,776 ] 86 root - INFO - Hypothesis ea_000: float64, float64 
[ 2023-08-27 13:27:31,801 ] 86 root - INFO - Hypothesis eb_000: float64, float64 
[ 2023-08-27 13:27:31,809 ] 86 root - INFO - Hypothesis ec_00: float64, float64 
[ 2023-08-27 13:27:31,822 ] 86 root - INFO - Hypothesis ed_000: float64, float64 
[ 2023-08-27 13:27:31,831 ] 86 root - INFO - Hypothesis ee_000: float64, float64 
[ 2023-08-27 13:27:31,840 ] 86 root - INFO - Hypothesis ee_001: float64, float64 
[ 2023-08-27 13:27:31,849 ] 86 root - INFO - Hypothesis ee_002: float64, float64 
[ 2023-08-27 13:27:31,859 ] 86 root - INFO - Hypothesis ee_003: float64, float64 
[ 2023-08-27 13:27:31,868 ] 86 root - INFO - Hypothesis ee_004: float64, float64 
[ 2023-08-27 13:27:31,885 ] 86 root - INFO - Hypothesis ee_005: float64, float64 
[ 2023-08-27 13:27:31,894 ] 86 root - INFO - Hypothesis ee_006: float64, float64 
[ 2023-08-27 13:27:31,911 ] 86 root - INFO - Hypothesis ee_007: float64, float64 
[ 2023-08-27 13:27:31,919 ] 86 root - INFO - Hypothesis ee_008: float64, float64 
[ 2023-08-27 13:27:31,932 ] 86 root - INFO - Hypothesis ee_009: float64, float64 
[ 2023-08-27 13:27:31,939 ] 86 root - INFO - Hypothesis ef_000: float64, float64 
[ 2023-08-27 13:27:31,961 ] 86 root - INFO - Hypothesis eg_000: float64, float64 
[ 2023-08-27 13:27:31,991 ] 143 root - INFO - Write reprt in yaml file
[ 2023-08-27 13:27:33,703 ] 66 root - INFO - Before resampling in training set Input: (28950, 170) Target:(28950,)
[ 2023-08-27 13:28:00,376 ] 68 root - INFO - After resampling in training set Input: (56152, 170) Target:(56152,)
[ 2023-08-27 13:28:00,377 ] 71 root - INFO - Before resampling in testing set Input: (7238, 170) Target:(7238,)
[ 2023-08-27 13:28:06,703 ] 73 root - INFO - After resampling in testing set Input: (14072, 170) Target:(14072,)
[ 2023-08-27 13:28:06,981 ] 53 root - INFO - Entered te save object method of Main utils class
[ 2023-08-27 13:28:06,987 ] 57 root - INFO - exited the save object method of Main utils class
[ 2023-08-27 13:28:06,987 ] 53 root - INFO - Entered te save object method of Main utils class
[ 2023-08-27 13:28:06,988 ] 57 root - INFO - exited the save object method of Main utils class
[ 2023-08-27 13:28:06,988 ] 91 root - INFO - Data transformation object DataTransformationArtifact(transform_object_path='/config/workspace/artifact/08272023__13_26_57/data_transformation/transformer/transformer.pkl', transformed_train_path='/config/workspace/artifact/08272023__13_26_57/data_transformation/transformed/train.npz', transformed_test_path='/config/workspace/artifact/08272023__13_26_57/data_transformation/transformed/test.npz', target_encoder_path='/config/workspace/artifact/08272023__13_26_57/data_transformation/target_encoder/target_encoder.pkl')
[ 2023-08-27 13:28:06,992 ] 14 root - INFO - >>>>>>>>>>>>>>>>>>>>>>>>>>>>>>>>>>>>>>>> Model Trainer <<<<<<<<<<<<<<<<<<<<<<<<<<<<<<<<<<<<<<<<
[ 2023-08-27 13:28:06,992 ] 39 root - INFO - Loading train and test array.
[ 2023-08-27 13:28:07,063 ] 43 root - INFO - Splitting input and target feature from both train and test arr.
[ 2023-08-27 13:28:07,063 ] 47 root - INFO - Train the model
[ 2023-08-27 13:32:01,554 ] 50 root - INFO - Calculating f1 train score
[ 2023-08-27 13:32:01,802 ] 54 root - INFO - Calculating f1 test score
[ 2023-08-27 13:32:01,907 ] 58 root - INFO - train score:0.9999821908781678 and tests score 0.9694011365292147
[ 2023-08-27 13:32:01,907 ] 59 root - INFO - Checking if our model is underfitting or not
[ 2023-08-27 13:32:01,907 ] 64 root - INFO - Checking if our model is overfiiting or not
[ 2023-08-27 13:32:01,907 ] 70 root - INFO - Saving mode object
[ 2023-08-27 13:32:01,907 ] 53 root - INFO - Entered te save object method of Main utils class
[ 2023-08-27 13:32:01,943 ] 57 root - INFO - exited the save object method of Main utils class
[ 2023-08-27 13:32:01,943 ] 73 root - INFO - Prepare the artifact
[ 2023-08-27 13:32:01,943 ] 77 root - INFO - Model trainer artifact: ModelTrainerArtifact(model_path='/config/workspace/artifact/08272023__13_26_57/model_trainer/model/model.pkl', f1_train_score=0.9999821908781678, f1_test_score=0.9694011365292147)
