[ 2023-08-27 13:49:59,575 ] 20 root - INFO - exporting data as pandas dataframe
[ 2023-08-27 13:49:59,575 ] 21 root - INFO - Reading data from database: aps and collection: sensor
[ 2023-08-27 13:50:06,757 ] 23 root - INFO - Found Columns: Index(['_id', 'class', 'aa_000', 'ab_000', 'ac_000', 'ad_000', 'ae_000',
       'af_000', 'ag_000', 'ag_001',
       ...
       'ee_002', 'ee_003', 'ee_004', 'ee_005', 'ee_006', 'ee_007', 'ee_008',
       'ee_009', 'ef_000', 'eg_000'],
      dtype='object', length=172)
[ 2023-08-27 13:50:06,758 ] 25 root - INFO - Dropping column: _id
[ 2023-08-27 13:50:07,293 ] 27 root - INFO - row and columnns in df: (36188, 171)
[ 2023-08-27 13:50:07,293 ] 25 root - INFO - save data in feature store
[ 2023-08-27 13:50:14,542 ] 35 root - INFO - split dataset into train and test set
[ 2023-08-27 13:50:15,318 ] 39 root - INFO - create dataset directory folder if not available
[ 2023-08-27 13:50:15,318 ] 46 root - INFO - Save df to feature store folder
[ 2023-08-27 13:50:19,051 ] 59 root - INFO - Data ingestion artifact: DataIngestionArtifact(feature_store_file_path='/config/workspace/artifact/08272023__13_49_59/data_ingestion/feature_store/sensor.csv', train_file_path='/config/workspace/artifact/08272023__13_49_59/data_ingestion/dataset/train.csv', test_file_path='/config/workspace/artifact/08272023__13_49_59/data_ingestion/dataset/test.csv')
[ 2023-08-27 13:50:20,190 ] 20 root - INFO - >>>>>>>>>>>>>>>>>>>>>>>>>>>>>>>>>>>>>>>> Data Validation <<<<<<<<<<<<<<<<<<<<<<<<<<<<<<<<<<<<<<<<
[ 2023-08-27 13:50:20,190 ] 107 root - INFO - Reading base dataframe
[ 2023-08-27 13:50:23,972 ] 110 root - INFO - Replace na value in base df
[ 2023-08-27 13:50:24,338 ] 61 root - INFO - selecting column name which contains null above to 0.2
[ 2023-08-27 13:50:24,339 ] 64 root - INFO - Columns to drop: ['ab_000', 'ad_000', 'bk_000', 'bl_000', 'bm_000', 'bn_000', 'bo_000', 'bp_000', 'bq_000', 'br_000', 'cf_000', 'cg_000', 'ch_000', 'co_000', 'cr_000', 'ct_000', 'cu_000', 'cv_000', 'cx_000', 'cy_000', 'cz_000', 'da_000', 'db_000', 'dc_000']
[ 2023-08-27 13:50:24,471 ] 115 root - INFO - Reading train dataframe
[ 2023-08-27 13:50:25,140 ] 117 root - INFO - Reading test dataframe
[ 2023-08-27 13:50:25,329 ] 120 root - INFO - Drop null values colums from train df
[ 2023-08-27 13:50:25,342 ] 61 root - INFO - selecting column name which contains null above to 0.2
[ 2023-08-27 13:50:25,342 ] 64 root - INFO - Columns to drop: ['ab_000', 'ad_000', 'bk_000', 'bl_000', 'bm_000', 'bn_000', 'bo_000', 'bp_000', 'bq_000', 'br_000', 'cf_000', 'cg_000', 'ch_000', 'co_000', 'cr_000', 'ct_000', 'cu_000', 'cv_000', 'cx_000', 'cy_000', 'cz_000', 'da_000', 'db_000', 'dc_000']
[ 2023-08-27 13:50:25,367 ] 122 root - INFO - Drop null values colums from test df
[ 2023-08-27 13:50:25,371 ] 61 root - INFO - selecting column name which contains null above to 0.2
[ 2023-08-27 13:50:25,372 ] 64 root - INFO - Columns to drop: ['ab_000', 'ad_000', 'bk_000', 'bl_000', 'bm_000', 'bn_000', 'bo_000', 'bp_000', 'bq_000', 'br_000', 'cf_000', 'cg_000', 'ch_000', 'co_000', 'cr_000', 'ct_000', 'cu_000', 'cv_000', 'cx_000', 'cy_000', 'cz_000', 'da_000', 'db_000', 'dc_000']
[ 2023-08-27 13:50:26,891 ] 130 root - INFO - Is all required columns present in train df
[ 2023-08-27 13:50:26,892 ] 132 root - INFO - Is all required columns present in test df
[ 2023-08-27 13:50:26,892 ] 136 root - INFO - As all column are available in train df hence detecting data drift
[ 2023-08-27 13:50:26,892 ] 86 root - INFO - Hypothesis class: object, object 
[ 2023-08-27 13:50:27,120 ] 86 root - INFO - Hypothesis aa_000: float64, float64 
[ 2023-08-27 13:50:27,137 ] 86 root - INFO - Hypothesis ac_000: float64, float64 
[ 2023-08-27 13:50:27,194 ] 86 root - INFO - Hypothesis ae_000: float64, float64 
[ 2023-08-27 13:50:27,250 ] 86 root - INFO - Hypothesis af_000: float64, float64 
[ 2023-08-27 13:50:27,305 ] 86 root - INFO - Hypothesis ag_000: float64, float64 
[ 2023-08-27 13:50:27,360 ] 86 root - INFO - Hypothesis ag_001: float64, float64 
[ 2023-08-27 13:50:27,423 ] 86 root - INFO - Hypothesis ag_002: float64, float64 
[ 2023-08-27 13:50:27,474 ] 86 root - INFO - Hypothesis ag_003: float64, float64 
[ 2023-08-27 13:50:27,487 ] 86 root - INFO - Hypothesis ag_004: float64, float64 
[ 2023-08-27 13:50:27,504 ] 86 root - INFO - Hypothesis ag_005: float64, float64 
[ 2023-08-27 13:50:27,517 ] 86 root - INFO - Hypothesis ag_006: float64, float64 
[ 2023-08-27 13:50:27,537 ] 86 root - INFO - Hypothesis ag_007: float64, float64 
[ 2023-08-27 13:50:27,549 ] 86 root - INFO - Hypothesis ag_008: float64, float64 
[ 2023-08-27 13:50:27,572 ] 86 root - INFO - Hypothesis ag_009: float64, float64 
[ 2023-08-27 13:50:27,586 ] 86 root - INFO - Hypothesis ah_000: float64, float64 
[ 2023-08-27 13:50:27,601 ] 86 root - INFO - Hypothesis ai_000: float64, float64 
[ 2023-08-27 13:50:27,665 ] 86 root - INFO - Hypothesis aj_000: float64, float64 
[ 2023-08-27 13:50:27,674 ] 86 root - INFO - Hypothesis ak_000: float64, float64 
[ 2023-08-27 13:50:27,736 ] 86 root - INFO - Hypothesis al_000: float64, float64 
[ 2023-08-27 13:50:27,752 ] 86 root - INFO - Hypothesis am_0: float64, float64 
[ 2023-08-27 13:50:27,765 ] 86 root - INFO - Hypothesis an_000: float64, float64 
[ 2023-08-27 13:50:27,779 ] 86 root - INFO - Hypothesis ao_000: float64, float64 
[ 2023-08-27 13:50:27,792 ] 86 root - INFO - Hypothesis ap_000: float64, float64 
[ 2023-08-27 13:50:27,806 ] 86 root - INFO - Hypothesis aq_000: float64, float64 
[ 2023-08-27 13:50:27,823 ] 86 root - INFO - Hypothesis ar_000: float64, float64 
[ 2023-08-27 13:50:27,883 ] 86 root - INFO - Hypothesis as_000: float64, float64 
[ 2023-08-27 13:50:27,946 ] 86 root - INFO - Hypothesis at_000: float64, float64 
[ 2023-08-27 13:50:28,002 ] 86 root - INFO - Hypothesis au_000: float64, float64 
[ 2023-08-27 13:50:28,075 ] 86 root - INFO - Hypothesis av_000: float64, float64 
[ 2023-08-27 13:50:28,086 ] 86 root - INFO - Hypothesis ax_000: float64, float64 
[ 2023-08-27 13:50:28,101 ] 86 root - INFO - Hypothesis ay_000: float64, float64 
[ 2023-08-27 13:50:28,154 ] 86 root - INFO - Hypothesis ay_001: float64, float64 
[ 2023-08-27 13:50:28,220 ] 86 root - INFO - Hypothesis ay_002: float64, float64 
[ 2023-08-27 13:50:28,272 ] 86 root - INFO - Hypothesis ay_003: float64, float64 
[ 2023-08-27 13:50:28,327 ] 86 root - INFO - Hypothesis ay_004: float64, float64 
[ 2023-08-27 13:50:28,394 ] 86 root - INFO - Hypothesis ay_005: float64, float64 
[ 2023-08-27 13:50:28,459 ] 86 root - INFO - Hypothesis ay_006: float64, float64 
[ 2023-08-27 13:50:28,472 ] 86 root - INFO - Hypothesis ay_007: float64, float64 
[ 2023-08-27 13:50:28,485 ] 86 root - INFO - Hypothesis ay_008: float64, float64 
[ 2023-08-27 13:50:28,518 ] 86 root - INFO - Hypothesis ay_009: float64, float64 
[ 2023-08-27 13:50:28,573 ] 86 root - INFO - Hypothesis az_000: float64, float64 
[ 2023-08-27 13:50:28,590 ] 86 root - INFO - Hypothesis az_001: float64, float64 
[ 2023-08-27 13:50:28,602 ] 86 root - INFO - Hypothesis az_002: float64, float64 
[ 2023-08-27 13:50:28,615 ] 86 root - INFO - Hypothesis az_003: float64, float64 
[ 2023-08-27 13:50:28,640 ] 86 root - INFO - Hypothesis az_004: float64, float64 
[ 2023-08-27 13:50:28,653 ] 86 root - INFO - Hypothesis az_005: float64, float64 
[ 2023-08-27 13:50:28,675 ] 86 root - INFO - Hypothesis az_006: float64, float64 
[ 2023-08-27 13:50:28,730 ] 86 root - INFO - Hypothesis az_007: float64, float64 
[ 2023-08-27 13:50:28,795 ] 86 root - INFO - Hypothesis az_008: float64, float64 
[ 2023-08-27 13:50:28,851 ] 86 root - INFO - Hypothesis az_009: float64, float64 
[ 2023-08-27 13:50:28,906 ] 86 root - INFO - Hypothesis ba_000: float64, float64 
[ 2023-08-27 13:50:28,920 ] 86 root - INFO - Hypothesis ba_001: float64, float64 
[ 2023-08-27 13:50:28,933 ] 86 root - INFO - Hypothesis ba_002: float64, float64 
[ 2023-08-27 13:50:28,955 ] 86 root - INFO - Hypothesis ba_003: float64, float64 
[ 2023-08-27 13:50:28,972 ] 86 root - INFO - Hypothesis ba_004: float64, float64 
[ 2023-08-27 13:50:28,989 ] 86 root - INFO - Hypothesis ba_005: float64, float64 
[ 2023-08-27 13:50:29,003 ] 86 root - INFO - Hypothesis ba_006: float64, float64 
[ 2023-08-27 13:50:29,016 ] 86 root - INFO - Hypothesis ba_007: float64, float64 
[ 2023-08-27 13:50:29,031 ] 86 root - INFO - Hypothesis ba_008: float64, float64 
[ 2023-08-27 13:50:29,107 ] 86 root - INFO - Hypothesis ba_009: float64, float64 
[ 2023-08-27 13:50:29,161 ] 86 root - INFO - Hypothesis bb_000: float64, float64 
[ 2023-08-27 13:50:29,175 ] 86 root - INFO - Hypothesis bc_000: float64, float64 
[ 2023-08-27 13:50:29,247 ] 86 root - INFO - Hypothesis bd_000: float64, float64 
[ 2023-08-27 13:50:29,258 ] 86 root - INFO - Hypothesis be_000: float64, float64 
[ 2023-08-27 13:50:29,270 ] 86 root - INFO - Hypothesis bf_000: float64, float64 
[ 2023-08-27 13:50:29,284 ] 86 root - INFO - Hypothesis bg_000: float64, float64 
[ 2023-08-27 13:50:29,305 ] 86 root - INFO - Hypothesis bh_000: float64, float64 
[ 2023-08-27 13:50:29,319 ] 86 root - INFO - Hypothesis bi_000: float64, float64 
[ 2023-08-27 13:50:29,336 ] 86 root - INFO - Hypothesis bj_000: float64, float64 
[ 2023-08-27 13:50:29,350 ] 86 root - INFO - Hypothesis bs_000: float64, float64 
[ 2023-08-27 13:50:29,372 ] 86 root - INFO - Hypothesis bt_000: float64, float64 
[ 2023-08-27 13:50:29,389 ] 86 root - INFO - Hypothesis bu_000: float64, float64 
[ 2023-08-27 13:50:29,407 ] 86 root - INFO - Hypothesis bv_000: float64, float64 
[ 2023-08-27 13:50:29,420 ] 86 root - INFO - Hypothesis bx_000: float64, float64 
[ 2023-08-27 13:50:29,433 ] 86 root - INFO - Hypothesis by_000: float64, float64 
[ 2023-08-27 13:50:29,450 ] 86 root - INFO - Hypothesis bz_000: float64, float64 
[ 2023-08-27 13:50:29,467 ] 86 root - INFO - Hypothesis ca_000: float64, float64 
[ 2023-08-27 13:50:29,480 ] 86 root - INFO - Hypothesis cb_000: float64, float64 
[ 2023-08-27 13:50:29,498 ] 86 root - INFO - Hypothesis cc_000: float64, float64 
[ 2023-08-27 13:50:29,520 ] 86 root - INFO - Hypothesis cd_000: float64, float64 
[ 2023-08-27 13:50:29,586 ] 86 root - INFO - Hypothesis ce_000: float64, float64 
[ 2023-08-27 13:50:29,602 ] 86 root - INFO - Hypothesis ci_000: float64, float64 
[ 2023-08-27 13:50:29,624 ] 86 root - INFO - Hypothesis cj_000: float64, float64 
[ 2023-08-27 13:50:29,681 ] 86 root - INFO - Hypothesis ck_000: float64, float64 
[ 2023-08-27 13:50:29,695 ] 86 root - INFO - Hypothesis cl_000: float64, float64 
[ 2023-08-27 13:50:29,703 ] 86 root - INFO - Hypothesis cm_000: float64, float64 
[ 2023-08-27 13:50:29,721 ] 86 root - INFO - Hypothesis cn_000: float64, float64 
[ 2023-08-27 13:50:29,779 ] 86 root - INFO - Hypothesis cn_001: float64, float64 
[ 2023-08-27 13:50:29,841 ] 86 root - INFO - Hypothesis cn_002: float64, float64 
[ 2023-08-27 13:50:29,852 ] 86 root - INFO - Hypothesis cn_003: float64, float64 
[ 2023-08-27 13:50:29,865 ] 86 root - INFO - Hypothesis cn_004: float64, float64 
[ 2023-08-27 13:50:29,879 ] 86 root - INFO - Hypothesis cn_005: float64, float64 
[ 2023-08-27 13:50:29,896 ] 86 root - INFO - Hypothesis cn_006: float64, float64 
[ 2023-08-27 13:50:29,909 ] 86 root - INFO - Hypothesis cn_007: float64, float64 
[ 2023-08-27 13:50:29,921 ] 86 root - INFO - Hypothesis cn_008: float64, float64 
[ 2023-08-27 13:50:29,937 ] 86 root - INFO - Hypothesis cn_009: float64, float64 
[ 2023-08-27 13:50:30,016 ] 86 root - INFO - Hypothesis cp_000: float64, float64 
[ 2023-08-27 13:50:30,086 ] 86 root - INFO - Hypothesis cq_000: float64, float64 
[ 2023-08-27 13:50:30,108 ] 86 root - INFO - Hypothesis cs_000: float64, float64 
[ 2023-08-27 13:50:30,123 ] 86 root - INFO - Hypothesis cs_001: float64, float64 
[ 2023-08-27 13:50:30,135 ] 86 root - INFO - Hypothesis cs_002: float64, float64 
[ 2023-08-27 13:50:30,148 ] 86 root - INFO - Hypothesis cs_003: float64, float64 
[ 2023-08-27 13:50:30,161 ] 86 root - INFO - Hypothesis cs_004: float64, float64 
[ 2023-08-27 13:50:30,175 ] 86 root - INFO - Hypothesis cs_005: float64, float64 
[ 2023-08-27 13:50:30,192 ] 86 root - INFO - Hypothesis cs_006: float64, float64 
[ 2023-08-27 13:50:30,209 ] 86 root - INFO - Hypothesis cs_007: float64, float64 
[ 2023-08-27 13:50:30,223 ] 86 root - INFO - Hypothesis cs_008: float64, float64 
[ 2023-08-27 13:50:30,287 ] 86 root - INFO - Hypothesis cs_009: float64, float64 
[ 2023-08-27 13:50:30,342 ] 86 root - INFO - Hypothesis dd_000: float64, float64 
[ 2023-08-27 13:50:30,359 ] 86 root - INFO - Hypothesis de_000: float64, float64 
[ 2023-08-27 13:50:30,374 ] 86 root - INFO - Hypothesis df_000: float64, float64 
[ 2023-08-27 13:50:30,435 ] 86 root - INFO - Hypothesis dg_000: float64, float64 
[ 2023-08-27 13:50:30,495 ] 86 root - INFO - Hypothesis dh_000: float64, float64 
[ 2023-08-27 13:50:30,503 ] 86 root - INFO - Hypothesis di_000: float64, float64 
[ 2023-08-27 13:50:30,591 ] 86 root - INFO - Hypothesis dj_000: float64, float64 
[ 2023-08-27 13:50:30,647 ] 86 root - INFO - Hypothesis dk_000: float64, float64 
[ 2023-08-27 13:50:30,699 ] 86 root - INFO - Hypothesis dl_000: float64, float64 
[ 2023-08-27 13:50:30,763 ] 86 root - INFO - Hypothesis dm_000: float64, float64 
[ 2023-08-27 13:50:30,818 ] 86 root - INFO - Hypothesis dn_000: float64, float64 
[ 2023-08-27 13:50:30,831 ] 86 root - INFO - Hypothesis do_000: float64, float64 
[ 2023-08-27 13:50:30,848 ] 86 root - INFO - Hypothesis dp_000: float64, float64 
[ 2023-08-27 13:50:30,864 ] 86 root - INFO - Hypothesis dq_000: float64, float64 
[ 2023-08-27 13:50:30,922 ] 86 root - INFO - Hypothesis dr_000: float64, float64 
[ 2023-08-27 13:50:30,985 ] 86 root - INFO - Hypothesis ds_000: float64, float64 
[ 2023-08-27 13:50:31,003 ] 86 root - INFO - Hypothesis dt_000: float64, float64 
[ 2023-08-27 13:50:31,020 ] 86 root - INFO - Hypothesis du_000: float64, float64 
[ 2023-08-27 13:50:31,033 ] 86 root - INFO - Hypothesis dv_000: float64, float64 
[ 2023-08-27 13:50:31,050 ] 86 root - INFO - Hypothesis dx_000: float64, float64 
[ 2023-08-27 13:50:31,117 ] 86 root - INFO - Hypothesis dy_000: float64, float64 
[ 2023-08-27 13:50:31,175 ] 86 root - INFO - Hypothesis dz_000: float64, float64 
[ 2023-08-27 13:50:31,245 ] 86 root - INFO - Hypothesis ea_000: float64, float64 
[ 2023-08-27 13:50:31,297 ] 86 root - INFO - Hypothesis eb_000: float64, float64 
[ 2023-08-27 13:50:31,309 ] 86 root - INFO - Hypothesis ec_00: float64, float64 
[ 2023-08-27 13:50:31,321 ] 86 root - INFO - Hypothesis ed_000: float64, float64 
[ 2023-08-27 13:50:31,337 ] 86 root - INFO - Hypothesis ee_000: float64, float64 
[ 2023-08-27 13:50:31,351 ] 86 root - INFO - Hypothesis ee_001: float64, float64 
[ 2023-08-27 13:50:31,376 ] 86 root - INFO - Hypothesis ee_002: float64, float64 
[ 2023-08-27 13:50:31,397 ] 86 root - INFO - Hypothesis ee_003: float64, float64 
[ 2023-08-27 13:50:31,412 ] 86 root - INFO - Hypothesis ee_004: float64, float64 
[ 2023-08-27 13:50:31,425 ] 86 root - INFO - Hypothesis ee_005: float64, float64 
[ 2023-08-27 13:50:31,439 ] 86 root - INFO - Hypothesis ee_006: float64, float64 
[ 2023-08-27 13:50:31,452 ] 86 root - INFO - Hypothesis ee_007: float64, float64 
[ 2023-08-27 13:50:31,464 ] 86 root - INFO - Hypothesis ee_008: float64, float64 
[ 2023-08-27 13:50:31,477 ] 86 root - INFO - Hypothesis ee_009: float64, float64 
[ 2023-08-27 13:50:31,495 ] 86 root - INFO - Hypothesis ef_000: float64, float64 
[ 2023-08-27 13:50:31,551 ] 86 root - INFO - Hypothesis eg_000: float64, float64 
[ 2023-08-27 13:50:31,612 ] 140 root - INFO - As all column are available in test df hence detecting data drift
[ 2023-08-27 13:50:31,613 ] 86 root - INFO - Hypothesis class: object, object 
[ 2023-08-27 13:50:31,750 ] 86 root - INFO - Hypothesis aa_000: float64, float64 
[ 2023-08-27 13:50:31,760 ] 86 root - INFO - Hypothesis ac_000: float64, float64 
[ 2023-08-27 13:50:31,767 ] 86 root - INFO - Hypothesis ae_000: float64, float64 
[ 2023-08-27 13:50:31,797 ] 86 root - INFO - Hypothesis af_000: float64, float64 
[ 2023-08-27 13:50:31,826 ] 86 root - INFO - Hypothesis ag_000: float64, float64 
[ 2023-08-27 13:50:31,847 ] 86 root - INFO - Hypothesis ag_001: float64, float64 
[ 2023-08-27 13:50:31,879 ] 86 root - INFO - Hypothesis ag_002: float64, float64 
[ 2023-08-27 13:50:31,884 ] 86 root - INFO - Hypothesis ag_003: float64, float64 
[ 2023-08-27 13:50:31,891 ] 86 root - INFO - Hypothesis ag_004: float64, float64 
[ 2023-08-27 13:50:31,904 ] 86 root - INFO - Hypothesis ag_005: float64, float64 
[ 2023-08-27 13:50:31,918 ] 86 root - INFO - Hypothesis ag_006: float64, float64 
[ 2023-08-27 13:50:31,928 ] 86 root - INFO - Hypothesis ag_007: float64, float64 
[ 2023-08-27 13:50:31,936 ] 86 root - INFO - Hypothesis ag_008: float64, float64 
[ 2023-08-27 13:50:31,950 ] 86 root - INFO - Hypothesis ag_009: float64, float64 
[ 2023-08-27 13:50:31,957 ] 86 root - INFO - Hypothesis ah_000: float64, float64 
[ 2023-08-27 13:50:31,966 ] 86 root - INFO - Hypothesis ai_000: float64, float64 
[ 2023-08-27 13:50:31,972 ] 86 root - INFO - Hypothesis aj_000: float64, float64 
[ 2023-08-27 13:50:31,986 ] 86 root - INFO - Hypothesis ak_000: float64, float64 
[ 2023-08-27 13:50:31,992 ] 86 root - INFO - Hypothesis al_000: float64, float64 
[ 2023-08-27 13:50:32,003 ] 86 root - INFO - Hypothesis am_0: float64, float64 
[ 2023-08-27 13:50:32,010 ] 86 root - INFO - Hypothesis an_000: float64, float64 
[ 2023-08-27 13:50:32,020 ] 86 root - INFO - Hypothesis ao_000: float64, float64 
[ 2023-08-27 13:50:32,029 ] 86 root - INFO - Hypothesis ap_000: float64, float64 
[ 2023-08-27 13:50:32,042 ] 86 root - INFO - Hypothesis aq_000: float64, float64 
[ 2023-08-27 13:50:32,057 ] 86 root - INFO - Hypothesis ar_000: float64, float64 
[ 2023-08-27 13:50:32,079 ] 86 root - INFO - Hypothesis as_000: float64, float64 
[ 2023-08-27 13:50:32,108 ] 86 root - INFO - Hypothesis at_000: float64, float64 
[ 2023-08-27 13:50:32,137 ] 86 root - INFO - Hypothesis au_000: float64, float64 
[ 2023-08-27 13:50:32,168 ] 86 root - INFO - Hypothesis av_000: float64, float64 
[ 2023-08-27 13:50:32,177 ] 86 root - INFO - Hypothesis ax_000: float64, float64 
[ 2023-08-27 13:50:32,184 ] 86 root - INFO - Hypothesis ay_000: float64, float64 
[ 2023-08-27 13:50:32,205 ] 86 root - INFO - Hypothesis ay_001: float64, float64 
[ 2023-08-27 13:50:32,229 ] 86 root - INFO - Hypothesis ay_002: float64, float64 
[ 2023-08-27 13:50:32,253 ] 86 root - INFO - Hypothesis ay_003: float64, float64 
[ 2023-08-27 13:50:32,282 ] 86 root - INFO - Hypothesis ay_004: float64, float64 
[ 2023-08-27 13:50:32,311 ] 86 root - INFO - Hypothesis ay_005: float64, float64 
[ 2023-08-27 13:50:32,318 ] 86 root - INFO - Hypothesis ay_006: float64, float64 
[ 2023-08-27 13:50:32,327 ] 86 root - INFO - Hypothesis ay_007: float64, float64 
[ 2023-08-27 13:50:32,336 ] 86 root - INFO - Hypothesis ay_008: float64, float64 
[ 2023-08-27 13:50:32,345 ] 86 root - INFO - Hypothesis ay_009: float64, float64 
[ 2023-08-27 13:50:32,368 ] 86 root - INFO - Hypothesis az_000: float64, float64 
[ 2023-08-27 13:50:32,377 ] 86 root - INFO - Hypothesis az_001: float64, float64 
[ 2023-08-27 13:50:32,389 ] 86 root - INFO - Hypothesis az_002: float64, float64 
[ 2023-08-27 13:50:32,397 ] 86 root - INFO - Hypothesis az_003: float64, float64 
[ 2023-08-27 13:50:32,414 ] 86 root - INFO - Hypothesis az_004: float64, float64 
[ 2023-08-27 13:50:32,423 ] 86 root - INFO - Hypothesis az_005: float64, float64 
[ 2023-08-27 13:50:32,433 ] 86 root - INFO - Hypothesis az_006: float64, float64 
[ 2023-08-27 13:50:32,441 ] 86 root - INFO - Hypothesis az_007: float64, float64 
[ 2023-08-27 13:50:32,447 ] 86 root - INFO - Hypothesis az_008: float64, float64 
[ 2023-08-27 13:50:32,473 ] 86 root - INFO - Hypothesis az_009: float64, float64 
[ 2023-08-27 13:50:32,493 ] 86 root - INFO - Hypothesis ba_000: float64, float64 
[ 2023-08-27 13:50:32,506 ] 86 root - INFO - Hypothesis ba_001: float64, float64 
[ 2023-08-27 13:50:32,515 ] 86 root - INFO - Hypothesis ba_002: float64, float64 
[ 2023-08-27 13:50:32,524 ] 86 root - INFO - Hypothesis ba_003: float64, float64 
[ 2023-08-27 13:50:32,537 ] 86 root - INFO - Hypothesis ba_004: float64, float64 
[ 2023-08-27 13:50:32,546 ] 86 root - INFO - Hypothesis ba_005: float64, float64 
[ 2023-08-27 13:50:32,567 ] 86 root - INFO - Hypothesis ba_006: float64, float64 
[ 2023-08-27 13:50:32,576 ] 86 root - INFO - Hypothesis ba_007: float64, float64 
[ 2023-08-27 13:50:32,588 ] 86 root - INFO - Hypothesis ba_008: float64, float64 
[ 2023-08-27 13:50:32,596 ] 86 root - INFO - Hypothesis ba_009: float64, float64 
[ 2023-08-27 13:50:32,603 ] 86 root - INFO - Hypothesis bb_000: float64, float64 
[ 2023-08-27 13:50:32,612 ] 86 root - INFO - Hypothesis bc_000: float64, float64 
[ 2023-08-27 13:50:32,619 ] 86 root - INFO - Hypothesis bd_000: float64, float64 
[ 2023-08-27 13:50:32,627 ] 86 root - INFO - Hypothesis be_000: float64, float64 
[ 2023-08-27 13:50:32,639 ] 86 root - INFO - Hypothesis bf_000: float64, float64 
[ 2023-08-27 13:50:32,645 ] 86 root - INFO - Hypothesis bg_000: float64, float64 
[ 2023-08-27 13:50:32,658 ] 86 root - INFO - Hypothesis bh_000: float64, float64 
[ 2023-08-27 13:50:32,668 ] 86 root - INFO - Hypothesis bi_000: float64, float64 
[ 2023-08-27 13:50:32,676 ] 86 root - INFO - Hypothesis bj_000: float64, float64 
[ 2023-08-27 13:50:32,687 ] 86 root - INFO - Hypothesis bs_000: float64, float64 
[ 2023-08-27 13:50:32,696 ] 86 root - INFO - Hypothesis bt_000: float64, float64 
[ 2023-08-27 13:50:32,706 ] 86 root - INFO - Hypothesis bu_000: float64, float64 
[ 2023-08-27 13:50:32,720 ] 86 root - INFO - Hypothesis bv_000: float64, float64 
[ 2023-08-27 13:50:32,729 ] 86 root - INFO - Hypothesis bx_000: float64, float64 
[ 2023-08-27 13:50:32,743 ] 86 root - INFO - Hypothesis by_000: float64, float64 
[ 2023-08-27 13:50:32,752 ] 86 root - INFO - Hypothesis bz_000: float64, float64 
[ 2023-08-27 13:50:32,761 ] 86 root - INFO - Hypothesis ca_000: float64, float64 
[ 2023-08-27 13:50:32,771 ] 86 root - INFO - Hypothesis cb_000: float64, float64 
[ 2023-08-27 13:50:32,780 ] 86 root - INFO - Hypothesis cc_000: float64, float64 
[ 2023-08-27 13:50:32,793 ] 86 root - INFO - Hypothesis cd_000: float64, float64 
[ 2023-08-27 13:50:32,818 ] 86 root - INFO - Hypothesis ce_000: float64, float64 
[ 2023-08-27 13:50:32,827 ] 86 root - INFO - Hypothesis ci_000: float64, float64 
[ 2023-08-27 13:50:32,840 ] 86 root - INFO - Hypothesis cj_000: float64, float64 
[ 2023-08-27 13:50:32,846 ] 86 root - INFO - Hypothesis ck_000: float64, float64 
[ 2023-08-27 13:50:32,864 ] 86 root - INFO - Hypothesis cl_000: float64, float64 
[ 2023-08-27 13:50:32,870 ] 86 root - INFO - Hypothesis cm_000: float64, float64 
[ 2023-08-27 13:50:32,877 ] 86 root - INFO - Hypothesis cn_000: float64, float64 
[ 2023-08-27 13:50:32,901 ] 86 root - INFO - Hypothesis cn_001: float64, float64 
[ 2023-08-27 13:50:32,911 ] 86 root - INFO - Hypothesis cn_002: float64, float64 
[ 2023-08-27 13:50:32,919 ] 86 root - INFO - Hypothesis cn_003: float64, float64 
[ 2023-08-27 13:50:32,928 ] 86 root - INFO - Hypothesis cn_004: float64, float64 
[ 2023-08-27 13:50:32,937 ] 86 root - INFO - Hypothesis cn_005: float64, float64 
[ 2023-08-27 13:50:32,951 ] 86 root - INFO - Hypothesis cn_006: float64, float64 
[ 2023-08-27 13:50:32,961 ] 86 root - INFO - Hypothesis cn_007: float64, float64 
[ 2023-08-27 13:50:32,970 ] 86 root - INFO - Hypothesis cn_008: float64, float64 
[ 2023-08-27 13:50:32,979 ] 86 root - INFO - Hypothesis cn_009: float64, float64 
[ 2023-08-27 13:50:32,986 ] 86 root - INFO - Hypothesis cp_000: float64, float64 
[ 2023-08-27 13:50:32,993 ] 86 root - INFO - Hypothesis cq_000: float64, float64 
[ 2023-08-27 13:50:33,010 ] 86 root - INFO - Hypothesis cs_000: float64, float64 
[ 2023-08-27 13:50:33,019 ] 86 root - INFO - Hypothesis cs_001: float64, float64 
[ 2023-08-27 13:50:33,036 ] 86 root - INFO - Hypothesis cs_002: float64, float64 
[ 2023-08-27 13:50:33,044 ] 86 root - INFO - Hypothesis cs_003: float64, float64 
[ 2023-08-27 13:50:33,053 ] 86 root - INFO - Hypothesis cs_004: float64, float64 
[ 2023-08-27 13:50:33,067 ] 86 root - INFO - Hypothesis cs_005: float64, float64 
[ 2023-08-27 13:50:33,076 ] 86 root - INFO - Hypothesis cs_006: float64, float64 
[ 2023-08-27 13:50:33,085 ] 86 root - INFO - Hypothesis cs_007: float64, float64 
[ 2023-08-27 13:50:33,097 ] 86 root - INFO - Hypothesis cs_008: float64, float64 
[ 2023-08-27 13:50:33,105 ] 86 root - INFO - Hypothesis cs_009: float64, float64 
[ 2023-08-27 13:50:33,135 ] 86 root - INFO - Hypothesis dd_000: float64, float64 
[ 2023-08-27 13:50:33,144 ] 86 root - INFO - Hypothesis de_000: float64, float64 
[ 2023-08-27 13:50:33,152 ] 86 root - INFO - Hypothesis df_000: float64, float64 
[ 2023-08-27 13:50:33,157 ] 86 root - INFO - Hypothesis dg_000: float64, float64 
[ 2023-08-27 13:50:33,162 ] 86 root - INFO - Hypothesis dh_000: float64, float64 
[ 2023-08-27 13:50:33,168 ] 86 root - INFO - Hypothesis di_000: float64, float64 
[ 2023-08-27 13:50:33,177 ] 86 root - INFO - Hypothesis dj_000: float64, float64 
[ 2023-08-27 13:50:33,207 ] 86 root - INFO - Hypothesis dk_000: float64, float64 
[ 2023-08-27 13:50:33,218 ] 86 root - INFO - Hypothesis dl_000: float64, float64 
[ 2023-08-27 13:50:33,240 ] 86 root - INFO - Hypothesis dm_000: float64, float64 
[ 2023-08-27 13:50:33,262 ] 86 root - INFO - Hypothesis dn_000: float64, float64 
[ 2023-08-27 13:50:33,272 ] 86 root - INFO - Hypothesis do_000: float64, float64 
[ 2023-08-27 13:50:33,280 ] 86 root - INFO - Hypothesis dp_000: float64, float64 
[ 2023-08-27 13:50:33,289 ] 86 root - INFO - Hypothesis dq_000: float64, float64 
[ 2023-08-27 13:50:33,303 ] 86 root - INFO - Hypothesis dr_000: float64, float64 
[ 2023-08-27 13:50:33,309 ] 86 root - INFO - Hypothesis ds_000: float64, float64 
[ 2023-08-27 13:50:33,331 ] 86 root - INFO - Hypothesis dt_000: float64, float64 
[ 2023-08-27 13:50:33,340 ] 86 root - INFO - Hypothesis du_000: float64, float64 
[ 2023-08-27 13:50:33,353 ] 86 root - INFO - Hypothesis dv_000: float64, float64 
[ 2023-08-27 13:50:33,362 ] 86 root - INFO - Hypothesis dx_000: float64, float64 
[ 2023-08-27 13:50:33,372 ] 86 root - INFO - Hypothesis dy_000: float64, float64 
[ 2023-08-27 13:50:33,379 ] 86 root - INFO - Hypothesis dz_000: float64, float64 
[ 2023-08-27 13:50:33,400 ] 86 root - INFO - Hypothesis ea_000: float64, float64 
[ 2023-08-27 13:50:33,425 ] 86 root - INFO - Hypothesis eb_000: float64, float64 
[ 2023-08-27 13:50:33,433 ] 86 root - INFO - Hypothesis ec_00: float64, float64 
[ 2023-08-27 13:50:33,442 ] 86 root - INFO - Hypothesis ed_000: float64, float64 
[ 2023-08-27 13:50:33,454 ] 86 root - INFO - Hypothesis ee_000: float64, float64 
[ 2023-08-27 13:50:33,463 ] 86 root - INFO - Hypothesis ee_001: float64, float64 
[ 2023-08-27 13:50:33,473 ] 86 root - INFO - Hypothesis ee_002: float64, float64 
[ 2023-08-27 13:50:33,486 ] 86 root - INFO - Hypothesis ee_003: float64, float64 
[ 2023-08-27 13:50:33,495 ] 86 root - INFO - Hypothesis ee_004: float64, float64 
[ 2023-08-27 13:50:33,504 ] 86 root - INFO - Hypothesis ee_005: float64, float64 
[ 2023-08-27 13:50:33,513 ] 86 root - INFO - Hypothesis ee_006: float64, float64 
[ 2023-08-27 13:50:33,522 ] 86 root - INFO - Hypothesis ee_007: float64, float64 
[ 2023-08-27 13:50:33,539 ] 86 root - INFO - Hypothesis ee_008: float64, float64 
[ 2023-08-27 13:50:33,548 ] 86 root - INFO - Hypothesis ee_009: float64, float64 
[ 2023-08-27 13:50:33,559 ] 86 root - INFO - Hypothesis ef_000: float64, float64 
[ 2023-08-27 13:50:33,581 ] 86 root - INFO - Hypothesis eg_000: float64, float64 
[ 2023-08-27 13:50:33,618 ] 143 root - INFO - Write reprt in yaml file
[ 2023-08-27 13:50:35,346 ] 66 root - INFO - Before resampling in training set Input: (28950, 170) Target:(28950,)
[ 2023-08-27 13:51:01,390 ] 68 root - INFO - After resampling in training set Input: (56152, 170) Target:(56152,)
[ 2023-08-27 13:51:01,391 ] 71 root - INFO - Before resampling in testing set Input: (7238, 170) Target:(7238,)
[ 2023-08-27 13:51:07,595 ] 73 root - INFO - After resampling in testing set Input: (14072, 170) Target:(14072,)
[ 2023-08-27 13:51:07,929 ] 53 root - INFO - Entered te save object method of Main utils class
[ 2023-08-27 13:51:07,934 ] 57 root - INFO - exited the save object method of Main utils class
[ 2023-08-27 13:51:07,934 ] 53 root - INFO - Entered te save object method of Main utils class
[ 2023-08-27 13:51:07,935 ] 57 root - INFO - exited the save object method of Main utils class
[ 2023-08-27 13:51:07,935 ] 91 root - INFO - Data transformation object DataTransformationArtifact(transform_object_path='/config/workspace/artifact/08272023__13_49_59/data_transformation/transformer/transformer.pkl', transformed_train_path='/config/workspace/artifact/08272023__13_49_59/data_transformation/transformed/train.npz', transformed_test_path='/config/workspace/artifact/08272023__13_49_59/data_transformation/transformed/test.npz', target_encoder_path='/config/workspace/artifact/08272023__13_49_59/data_transformation/target_encoder/target_encoder.pkl')
[ 2023-08-27 13:51:07,937 ] 14 root - INFO - >>>>>>>>>>>>>>>>>>>>>>>>>>>>>>>>>>>>>>>> Model Trainer <<<<<<<<<<<<<<<<<<<<<<<<<<<<<<<<<<<<<<<<
[ 2023-08-27 13:51:07,937 ] 39 root - INFO - Loading train and test array.
[ 2023-08-27 13:51:07,984 ] 43 root - INFO - Splitting input and target feature from both train and test arr.
[ 2023-08-27 13:51:07,985 ] 47 root - INFO - Train the model
[ 2023-08-27 13:55:12,473 ] 50 root - INFO - Calculating f1 train score
[ 2023-08-27 13:55:12,771 ] 54 root - INFO - Calculating f1 test score
[ 2023-08-27 13:55:12,879 ] 58 root - INFO - train score:0.9999821908781678 and tests score 0.9694011365292147
[ 2023-08-27 13:55:12,880 ] 59 root - INFO - Checking if our model is underfitting or not
[ 2023-08-27 13:55:12,880 ] 64 root - INFO - Checking if our model is overfiiting or not
[ 2023-08-27 13:55:12,880 ] 70 root - INFO - Saving mode object
[ 2023-08-27 13:55:12,880 ] 53 root - INFO - Entered te save object method of Main utils class
[ 2023-08-27 13:55:12,909 ] 57 root - INFO - exited the save object method of Main utils class
[ 2023-08-27 13:55:12,909 ] 73 root - INFO - Prepare the artifact
[ 2023-08-27 13:55:12,909 ] 77 root - INFO - Model trainer artifact: ModelTrainerArtifact(model_path='/config/workspace/artifact/08272023__13_49_59/model_trainer/model/model.pkl', f1_train_score=0.9999821908781678, f1_test_score=0.9694011365292147)
[ 2023-08-27 13:55:12,923 ] 36 root - INFO - if saved model folder has model the we will compare which model is best trained or the model from saved model folder
