[ 2023-09-02 17:54:02,541 ] 20 root - INFO - exporting data as pandas dataframe
[ 2023-09-02 17:54:02,541 ] 21 root - INFO - Reading data from database: aps and collection: sensor
[ 2023-09-02 17:54:12,763 ] 23 root - INFO - Found Columns: Index(['_id', 'class', 'aa_000', 'ab_000', 'ac_000', 'ad_000', 'ae_000',
       'af_000', 'ag_000', 'ag_001',
       ...
       'ee_002', 'ee_003', 'ee_004', 'ee_005', 'ee_006', 'ee_007', 'ee_008',
       'ee_009', 'ef_000', 'eg_000'],
      dtype='object', length=172)
[ 2023-09-02 17:54:12,764 ] 25 root - INFO - Dropping column: _id
[ 2023-09-02 17:54:13,677 ] 27 root - INFO - row and columnns in df: (36188, 171)
[ 2023-09-02 17:54:13,678 ] 25 root - INFO - save data in feature store
[ 2023-09-02 17:54:21,510 ] 35 root - INFO - split dataset into train and test set
[ 2023-09-02 17:54:22,374 ] 39 root - INFO - create dataset directory folder if not available
[ 2023-09-02 17:54:22,375 ] 46 root - INFO - Save df to feature store folder
[ 2023-09-02 17:54:26,504 ] 59 root - INFO - Data ingestion artifact: DataIngestionArtifact(feature_store_file_path='/config/workspace/artifact/09022023__17_54_02/data_ingestion/feature_store/sensor.csv', train_file_path='/config/workspace/artifact/09022023__17_54_02/data_ingestion/dataset/train.csv', test_file_path='/config/workspace/artifact/09022023__17_54_02/data_ingestion/dataset/test.csv')
[ 2023-09-02 17:54:27,595 ] 20 root - INFO - >>>>>>>>>>>>>>>>>>>>>>>>>>>>>>>>>>>>>>>> Data Validation <<<<<<<<<<<<<<<<<<<<<<<<<<<<<<<<<<<<<<<<
[ 2023-09-02 17:54:27,595 ] 107 root - INFO - Reading base dataframe
[ 2023-09-02 17:54:32,176 ] 110 root - INFO - Replace na value in base df
[ 2023-09-02 17:54:32,636 ] 61 root - INFO - selecting column name which contains null above to 0.2
[ 2023-09-02 17:54:32,637 ] 64 root - INFO - Columns to drop: ['ab_000', 'ad_000', 'bk_000', 'bl_000', 'bm_000', 'bn_000', 'bo_000', 'bp_000', 'bq_000', 'br_000', 'cf_000', 'cg_000', 'ch_000', 'co_000', 'cr_000', 'ct_000', 'cu_000', 'cv_000', 'cx_000', 'cy_000', 'cz_000', 'da_000', 'db_000', 'dc_000']
[ 2023-09-02 17:54:32,812 ] 115 root - INFO - Reading train dataframe
[ 2023-09-02 17:54:33,654 ] 117 root - INFO - Reading test dataframe
[ 2023-09-02 17:54:33,826 ] 120 root - INFO - Drop null values colums from train df
[ 2023-09-02 17:54:33,842 ] 61 root - INFO - selecting column name which contains null above to 0.2
[ 2023-09-02 17:54:33,842 ] 64 root - INFO - Columns to drop: ['ab_000', 'ad_000', 'bk_000', 'bl_000', 'bm_000', 'bn_000', 'bo_000', 'bp_000', 'bq_000', 'br_000', 'cf_000', 'cg_000', 'ch_000', 'co_000', 'cr_000', 'ct_000', 'cu_000', 'cv_000', 'cx_000', 'cy_000', 'cz_000', 'da_000', 'db_000', 'dc_000']
[ 2023-09-02 17:54:33,855 ] 122 root - INFO - Drop null values colums from test df
[ 2023-09-02 17:54:33,859 ] 61 root - INFO - selecting column name which contains null above to 0.2
[ 2023-09-02 17:54:33,860 ] 64 root - INFO - Columns to drop: ['ab_000', 'ad_000', 'bk_000', 'bl_000', 'bm_000', 'bn_000', 'bo_000', 'bp_000', 'bq_000', 'br_000', 'cf_000', 'cg_000', 'ch_000', 'co_000', 'cr_000', 'ct_000', 'cu_000', 'cv_000', 'cx_000', 'cy_000', 'cz_000', 'da_000', 'db_000', 'dc_000']
[ 2023-09-02 17:54:35,378 ] 130 root - INFO - Is all required columns present in train df
[ 2023-09-02 17:54:35,378 ] 132 root - INFO - Is all required columns present in test df
[ 2023-09-02 17:54:35,378 ] 136 root - INFO - As all column are available in train df hence detecting data drift
[ 2023-09-02 17:54:35,379 ] 86 root - INFO - Hypothesis class: object, object 
[ 2023-09-02 17:54:35,597 ] 86 root - INFO - Hypothesis aa_000: float64, float64 
[ 2023-09-02 17:54:35,610 ] 86 root - INFO - Hypothesis ac_000: float64, float64 
[ 2023-09-02 17:54:35,671 ] 86 root - INFO - Hypothesis ae_000: float64, float64 
[ 2023-09-02 17:54:35,735 ] 86 root - INFO - Hypothesis af_000: float64, float64 
[ 2023-09-02 17:54:35,786 ] 86 root - INFO - Hypothesis ag_000: float64, float64 
[ 2023-09-02 17:54:35,832 ] 86 root - INFO - Hypothesis ag_001: float64, float64 
[ 2023-09-02 17:54:35,886 ] 86 root - INFO - Hypothesis ag_002: float64, float64 
[ 2023-09-02 17:54:35,944 ] 86 root - INFO - Hypothesis ag_003: float64, float64 
[ 2023-09-02 17:54:35,952 ] 86 root - INFO - Hypothesis ag_004: float64, float64 
[ 2023-09-02 17:54:35,965 ] 86 root - INFO - Hypothesis ag_005: float64, float64 
[ 2023-09-02 17:54:35,978 ] 86 root - INFO - Hypothesis ag_006: float64, float64 
[ 2023-09-02 17:54:35,994 ] 86 root - INFO - Hypothesis ag_007: float64, float64 
[ 2023-09-02 17:54:36,006 ] 86 root - INFO - Hypothesis ag_008: float64, float64 
[ 2023-09-02 17:54:36,021 ] 86 root - INFO - Hypothesis ag_009: float64, float64 
[ 2023-09-02 17:54:36,031 ] 86 root - INFO - Hypothesis ah_000: float64, float64 
[ 2023-09-02 17:54:36,047 ] 86 root - INFO - Hypothesis ai_000: float64, float64 
[ 2023-09-02 17:54:36,110 ] 86 root - INFO - Hypothesis aj_000: float64, float64 
[ 2023-09-02 17:54:36,118 ] 86 root - INFO - Hypothesis ak_000: float64, float64 
[ 2023-09-02 17:54:36,172 ] 86 root - INFO - Hypothesis al_000: float64, float64 
[ 2023-09-02 17:54:36,182 ] 86 root - INFO - Hypothesis am_0: float64, float64 
[ 2023-09-02 17:54:36,198 ] 86 root - INFO - Hypothesis an_000: float64, float64 
[ 2023-09-02 17:54:36,211 ] 86 root - INFO - Hypothesis ao_000: float64, float64 
[ 2023-09-02 17:54:36,228 ] 86 root - INFO - Hypothesis ap_000: float64, float64 
[ 2023-09-02 17:54:36,241 ] 86 root - INFO - Hypothesis aq_000: float64, float64 
[ 2023-09-02 17:54:36,262 ] 86 root - INFO - Hypothesis ar_000: float64, float64 
[ 2023-09-02 17:54:36,314 ] 86 root - INFO - Hypothesis as_000: float64, float64 
[ 2023-09-02 17:54:36,371 ] 86 root - INFO - Hypothesis at_000: float64, float64 
[ 2023-09-02 17:54:36,433 ] 86 root - INFO - Hypothesis au_000: float64, float64 
[ 2023-09-02 17:54:36,489 ] 86 root - INFO - Hypothesis av_000: float64, float64 
[ 2023-09-02 17:54:36,500 ] 86 root - INFO - Hypothesis ax_000: float64, float64 
[ 2023-09-02 17:54:36,511 ] 86 root - INFO - Hypothesis ay_000: float64, float64 
[ 2023-09-02 17:54:36,562 ] 86 root - INFO - Hypothesis ay_001: float64, float64 
[ 2023-09-02 17:54:36,625 ] 86 root - INFO - Hypothesis ay_002: float64, float64 
[ 2023-09-02 17:54:36,676 ] 86 root - INFO - Hypothesis ay_003: float64, float64 
[ 2023-09-02 17:54:36,730 ] 86 root - INFO - Hypothesis ay_004: float64, float64 
[ 2023-09-02 17:54:36,785 ] 86 root - INFO - Hypothesis ay_005: float64, float64 
[ 2023-09-02 17:54:36,844 ] 86 root - INFO - Hypothesis ay_006: float64, float64 
[ 2023-09-02 17:54:36,856 ] 86 root - INFO - Hypothesis ay_007: float64, float64 
[ 2023-09-02 17:54:36,868 ] 86 root - INFO - Hypothesis ay_008: float64, float64 
[ 2023-09-02 17:54:36,884 ] 86 root - INFO - Hypothesis ay_009: float64, float64 
[ 2023-09-02 17:54:36,954 ] 86 root - INFO - Hypothesis az_000: float64, float64 
[ 2023-09-02 17:54:36,967 ] 86 root - INFO - Hypothesis az_001: float64, float64 
[ 2023-09-02 17:54:36,979 ] 86 root - INFO - Hypothesis az_002: float64, float64 
[ 2023-09-02 17:54:36,997 ] 86 root - INFO - Hypothesis az_003: float64, float64 
[ 2023-09-02 17:54:37,010 ] 86 root - INFO - Hypothesis az_004: float64, float64 
[ 2023-09-02 17:54:37,030 ] 86 root - INFO - Hypothesis az_005: float64, float64 
[ 2023-09-02 17:54:37,051 ] 86 root - INFO - Hypothesis az_006: float64, float64 
[ 2023-09-02 17:54:37,135 ] 86 root - INFO - Hypothesis az_007: float64, float64 
[ 2023-09-02 17:54:37,199 ] 86 root - INFO - Hypothesis az_008: float64, float64 
[ 2023-09-02 17:54:37,263 ] 86 root - INFO - Hypothesis az_009: float64, float64 
[ 2023-09-02 17:54:37,331 ] 86 root - INFO - Hypothesis ba_000: float64, float64 
[ 2023-09-02 17:54:37,353 ] 86 root - INFO - Hypothesis ba_001: float64, float64 
[ 2023-09-02 17:54:37,378 ] 86 root - INFO - Hypothesis ba_002: float64, float64 
[ 2023-09-02 17:54:37,394 ] 86 root - INFO - Hypothesis ba_003: float64, float64 
[ 2023-09-02 17:54:37,407 ] 86 root - INFO - Hypothesis ba_004: float64, float64 
[ 2023-09-02 17:54:37,424 ] 86 root - INFO - Hypothesis ba_005: float64, float64 
[ 2023-09-02 17:54:37,436 ] 86 root - INFO - Hypothesis ba_006: float64, float64 
[ 2023-09-02 17:54:37,458 ] 86 root - INFO - Hypothesis ba_007: float64, float64 
[ 2023-09-02 17:54:37,472 ] 86 root - INFO - Hypothesis ba_008: float64, float64 
[ 2023-09-02 17:54:37,542 ] 86 root - INFO - Hypothesis ba_009: float64, float64 
[ 2023-09-02 17:54:37,603 ] 86 root - INFO - Hypothesis bb_000: float64, float64 
[ 2023-09-02 17:54:37,619 ] 86 root - INFO - Hypothesis bc_000: float64, float64 
[ 2023-09-02 17:54:37,702 ] 86 root - INFO - Hypothesis bd_000: float64, float64 
[ 2023-09-02 17:54:37,713 ] 86 root - INFO - Hypothesis be_000: float64, float64 
[ 2023-09-02 17:54:37,729 ] 86 root - INFO - Hypothesis bf_000: float64, float64 
[ 2023-09-02 17:54:37,739 ] 86 root - INFO - Hypothesis bg_000: float64, float64 
[ 2023-09-02 17:54:37,760 ] 86 root - INFO - Hypothesis bh_000: float64, float64 
[ 2023-09-02 17:54:37,777 ] 86 root - INFO - Hypothesis bi_000: float64, float64 
[ 2023-09-02 17:54:37,790 ] 86 root - INFO - Hypothesis bj_000: float64, float64 
[ 2023-09-02 17:54:37,807 ] 86 root - INFO - Hypothesis bs_000: float64, float64 
[ 2023-09-02 17:54:37,825 ] 86 root - INFO - Hypothesis bt_000: float64, float64 
[ 2023-09-02 17:54:37,847 ] 86 root - INFO - Hypothesis bu_000: float64, float64 
[ 2023-09-02 17:54:37,861 ] 86 root - INFO - Hypothesis bv_000: float64, float64 
[ 2023-09-02 17:54:37,876 ] 86 root - INFO - Hypothesis bx_000: float64, float64 
[ 2023-09-02 17:54:37,894 ] 86 root - INFO - Hypothesis by_000: float64, float64 
[ 2023-09-02 17:54:37,907 ] 86 root - INFO - Hypothesis bz_000: float64, float64 
[ 2023-09-02 17:54:37,923 ] 86 root - INFO - Hypothesis ca_000: float64, float64 
[ 2023-09-02 17:54:37,936 ] 86 root - INFO - Hypothesis cb_000: float64, float64 
[ 2023-09-02 17:54:37,948 ] 86 root - INFO - Hypothesis cc_000: float64, float64 
[ 2023-09-02 17:54:37,961 ] 86 root - INFO - Hypothesis cd_000: float64, float64 
[ 2023-09-02 17:54:38,025 ] 86 root - INFO - Hypothesis ce_000: float64, float64 
[ 2023-09-02 17:54:38,037 ] 86 root - INFO - Hypothesis ci_000: float64, float64 
[ 2023-09-02 17:54:38,050 ] 86 root - INFO - Hypothesis cj_000: float64, float64 
[ 2023-09-02 17:54:38,119 ] 86 root - INFO - Hypothesis ck_000: float64, float64 
[ 2023-09-02 17:54:38,135 ] 86 root - INFO - Hypothesis cl_000: float64, float64 
[ 2023-09-02 17:54:38,144 ] 86 root - INFO - Hypothesis cm_000: float64, float64 
[ 2023-09-02 17:54:38,165 ] 86 root - INFO - Hypothesis cn_000: float64, float64 
[ 2023-09-02 17:54:38,226 ] 86 root - INFO - Hypothesis cn_001: float64, float64 
[ 2023-09-02 17:54:38,292 ] 86 root - INFO - Hypothesis cn_002: float64, float64 
[ 2023-09-02 17:54:38,302 ] 86 root - INFO - Hypothesis cn_003: float64, float64 
[ 2023-09-02 17:54:38,319 ] 86 root - INFO - Hypothesis cn_004: float64, float64 
[ 2023-09-02 17:54:38,332 ] 86 root - INFO - Hypothesis cn_005: float64, float64 
[ 2023-09-02 17:54:38,353 ] 86 root - INFO - Hypothesis cn_006: float64, float64 
[ 2023-09-02 17:54:38,374 ] 86 root - INFO - Hypothesis cn_007: float64, float64 
[ 2023-09-02 17:54:38,394 ] 86 root - INFO - Hypothesis cn_008: float64, float64 
[ 2023-09-02 17:54:38,406 ] 86 root - INFO - Hypothesis cn_009: float64, float64 
[ 2023-09-02 17:54:38,485 ] 86 root - INFO - Hypothesis cp_000: float64, float64 
[ 2023-09-02 17:54:38,565 ] 86 root - INFO - Hypothesis cq_000: float64, float64 
[ 2023-09-02 17:54:38,591 ] 86 root - INFO - Hypothesis cs_000: float64, float64 
[ 2023-09-02 17:54:38,603 ] 86 root - INFO - Hypothesis cs_001: float64, float64 
[ 2023-09-02 17:54:38,621 ] 86 root - INFO - Hypothesis cs_002: float64, float64 
[ 2023-09-02 17:54:38,641 ] 86 root - INFO - Hypothesis cs_003: float64, float64 
[ 2023-09-02 17:54:38,659 ] 86 root - INFO - Hypothesis cs_004: float64, float64 
[ 2023-09-02 17:54:38,679 ] 86 root - INFO - Hypothesis cs_005: float64, float64 
[ 2023-09-02 17:54:38,694 ] 86 root - INFO - Hypothesis cs_006: float64, float64 
[ 2023-09-02 17:54:38,724 ] 86 root - INFO - Hypothesis cs_007: float64, float64 
[ 2023-09-02 17:54:38,739 ] 86 root - INFO - Hypothesis cs_008: float64, float64 
[ 2023-09-02 17:54:38,809 ] 86 root - INFO - Hypothesis cs_009: float64, float64 
[ 2023-09-02 17:54:38,862 ] 86 root - INFO - Hypothesis dd_000: float64, float64 
[ 2023-09-02 17:54:38,880 ] 86 root - INFO - Hypothesis de_000: float64, float64 
[ 2023-09-02 17:54:38,893 ] 86 root - INFO - Hypothesis df_000: float64, float64 
[ 2023-09-02 17:54:38,958 ] 86 root - INFO - Hypothesis dg_000: float64, float64 
[ 2023-09-02 17:54:39,020 ] 86 root - INFO - Hypothesis dh_000: float64, float64 
[ 2023-09-02 17:54:39,040 ] 86 root - INFO - Hypothesis di_000: float64, float64 
[ 2023-09-02 17:54:39,106 ] 86 root - INFO - Hypothesis dj_000: float64, float64 
[ 2023-09-02 17:54:39,172 ] 86 root - INFO - Hypothesis dk_000: float64, float64 
[ 2023-09-02 17:54:39,230 ] 86 root - INFO - Hypothesis dl_000: float64, float64 
[ 2023-09-02 17:54:39,307 ] 86 root - INFO - Hypothesis dm_000: float64, float64 
[ 2023-09-02 17:54:39,367 ] 86 root - INFO - Hypothesis dn_000: float64, float64 
[ 2023-09-02 17:54:39,379 ] 86 root - INFO - Hypothesis do_000: float64, float64 
[ 2023-09-02 17:54:39,399 ] 86 root - INFO - Hypothesis dp_000: float64, float64 
[ 2023-09-02 17:54:39,411 ] 86 root - INFO - Hypothesis dq_000: float64, float64 
[ 2023-09-02 17:54:39,484 ] 86 root - INFO - Hypothesis dr_000: float64, float64 
[ 2023-09-02 17:54:39,546 ] 86 root - INFO - Hypothesis ds_000: float64, float64 
[ 2023-09-02 17:54:39,558 ] 86 root - INFO - Hypothesis dt_000: float64, float64 
[ 2023-09-02 17:54:39,575 ] 86 root - INFO - Hypothesis du_000: float64, float64 
[ 2023-09-02 17:54:39,587 ] 86 root - INFO - Hypothesis dv_000: float64, float64 
[ 2023-09-02 17:54:39,604 ] 86 root - INFO - Hypothesis dx_000: float64, float64 
[ 2023-09-02 17:54:39,685 ] 86 root - INFO - Hypothesis dy_000: float64, float64 
[ 2023-09-02 17:54:39,754 ] 86 root - INFO - Hypothesis dz_000: float64, float64 
[ 2023-09-02 17:54:39,813 ] 86 root - INFO - Hypothesis ea_000: float64, float64 
[ 2023-09-02 17:54:39,882 ] 86 root - INFO - Hypothesis eb_000: float64, float64 
[ 2023-09-02 17:54:39,893 ] 86 root - INFO - Hypothesis ec_00: float64, float64 
[ 2023-09-02 17:54:39,909 ] 86 root - INFO - Hypothesis ed_000: float64, float64 
[ 2023-09-02 17:54:39,921 ] 86 root - INFO - Hypothesis ee_000: float64, float64 
[ 2023-09-02 17:54:39,942 ] 86 root - INFO - Hypothesis ee_001: float64, float64 
[ 2023-09-02 17:54:39,963 ] 86 root - INFO - Hypothesis ee_002: float64, float64 
[ 2023-09-02 17:54:39,976 ] 86 root - INFO - Hypothesis ee_003: float64, float64 
[ 2023-09-02 17:54:39,993 ] 86 root - INFO - Hypothesis ee_004: float64, float64 
[ 2023-09-02 17:54:40,006 ] 86 root - INFO - Hypothesis ee_005: float64, float64 
[ 2023-09-02 17:54:40,023 ] 86 root - INFO - Hypothesis ee_006: float64, float64 
[ 2023-09-02 17:54:40,036 ] 86 root - INFO - Hypothesis ee_007: float64, float64 
[ 2023-09-02 17:54:40,060 ] 86 root - INFO - Hypothesis ee_008: float64, float64 
[ 2023-09-02 17:54:40,076 ] 86 root - INFO - Hypothesis ee_009: float64, float64 
[ 2023-09-02 17:54:40,090 ] 86 root - INFO - Hypothesis ef_000: float64, float64 
[ 2023-09-02 17:54:40,149 ] 86 root - INFO - Hypothesis eg_000: float64, float64 
[ 2023-09-02 17:54:40,205 ] 140 root - INFO - As all column are available in test df hence detecting data drift
[ 2023-09-02 17:54:40,205 ] 86 root - INFO - Hypothesis class: object, object 
[ 2023-09-02 17:54:40,354 ] 86 root - INFO - Hypothesis aa_000: float64, float64 
[ 2023-09-02 17:54:40,363 ] 86 root - INFO - Hypothesis ac_000: float64, float64 
[ 2023-09-02 17:54:40,374 ] 86 root - INFO - Hypothesis ae_000: float64, float64 
[ 2023-09-02 17:54:40,401 ] 86 root - INFO - Hypothesis af_000: float64, float64 
[ 2023-09-02 17:54:40,426 ] 86 root - INFO - Hypothesis ag_000: float64, float64 
[ 2023-09-02 17:54:40,456 ] 86 root - INFO - Hypothesis ag_001: float64, float64 
[ 2023-09-02 17:54:40,490 ] 86 root - INFO - Hypothesis ag_002: float64, float64 
[ 2023-09-02 17:54:40,496 ] 86 root - INFO - Hypothesis ag_003: float64, float64 
[ 2023-09-02 17:54:40,506 ] 86 root - INFO - Hypothesis ag_004: float64, float64 
[ 2023-09-02 17:54:40,519 ] 86 root - INFO - Hypothesis ag_005: float64, float64 
[ 2023-09-02 17:54:40,531 ] 86 root - INFO - Hypothesis ag_006: float64, float64 
[ 2023-09-02 17:54:40,546 ] 86 root - INFO - Hypothesis ag_007: float64, float64 
[ 2023-09-02 17:54:40,556 ] 86 root - INFO - Hypothesis ag_008: float64, float64 
[ 2023-09-02 17:54:40,572 ] 86 root - INFO - Hypothesis ag_009: float64, float64 
[ 2023-09-02 17:54:40,594 ] 86 root - INFO - Hypothesis ah_000: float64, float64 
[ 2023-09-02 17:54:40,612 ] 86 root - INFO - Hypothesis ai_000: float64, float64 
[ 2023-09-02 17:54:40,619 ] 86 root - INFO - Hypothesis aj_000: float64, float64 
[ 2023-09-02 17:54:40,625 ] 86 root - INFO - Hypothesis ak_000: float64, float64 
[ 2023-09-02 17:54:40,636 ] 86 root - INFO - Hypothesis al_000: float64, float64 
[ 2023-09-02 17:54:40,644 ] 86 root - INFO - Hypothesis am_0: float64, float64 
[ 2023-09-02 17:54:40,655 ] 86 root - INFO - Hypothesis an_000: float64, float64 
[ 2023-09-02 17:54:40,666 ] 86 root - INFO - Hypothesis ao_000: float64, float64 
[ 2023-09-02 17:54:40,690 ] 86 root - INFO - Hypothesis ap_000: float64, float64 
[ 2023-09-02 17:54:40,702 ] 86 root - INFO - Hypothesis aq_000: float64, float64 
[ 2023-09-02 17:54:40,712 ] 86 root - INFO - Hypothesis ar_000: float64, float64 
[ 2023-09-02 17:54:40,740 ] 86 root - INFO - Hypothesis as_000: float64, float64 
[ 2023-09-02 17:54:40,781 ] 86 root - INFO - Hypothesis at_000: float64, float64 
[ 2023-09-02 17:54:40,810 ] 86 root - INFO - Hypothesis au_000: float64, float64 
[ 2023-09-02 17:54:40,845 ] 86 root - INFO - Hypothesis av_000: float64, float64 
[ 2023-09-02 17:54:40,855 ] 86 root - INFO - Hypothesis ax_000: float64, float64 
[ 2023-09-02 17:54:40,868 ] 86 root - INFO - Hypothesis ay_000: float64, float64 
[ 2023-09-02 17:54:40,893 ] 86 root - INFO - Hypothesis ay_001: float64, float64 
[ 2023-09-02 17:54:40,926 ] 86 root - INFO - Hypothesis ay_002: float64, float64 
[ 2023-09-02 17:54:40,955 ] 86 root - INFO - Hypothesis ay_003: float64, float64 
[ 2023-09-02 17:54:40,979 ] 86 root - INFO - Hypothesis ay_004: float64, float64 
[ 2023-09-02 17:54:41,008 ] 86 root - INFO - Hypothesis ay_005: float64, float64 
[ 2023-09-02 17:54:41,015 ] 86 root - INFO - Hypothesis ay_006: float64, float64 
[ 2023-09-02 17:54:41,023 ] 86 root - INFO - Hypothesis ay_007: float64, float64 
[ 2023-09-02 17:54:41,036 ] 86 root - INFO - Hypothesis ay_008: float64, float64 
[ 2023-09-02 17:54:41,045 ] 86 root - INFO - Hypothesis ay_009: float64, float64 
[ 2023-09-02 17:54:41,079 ] 86 root - INFO - Hypothesis az_000: float64, float64 
[ 2023-09-02 17:54:41,091 ] 86 root - INFO - Hypothesis az_001: float64, float64 
[ 2023-09-02 17:54:41,107 ] 86 root - INFO - Hypothesis az_002: float64, float64 
[ 2023-09-02 17:54:41,115 ] 86 root - INFO - Hypothesis az_003: float64, float64 
[ 2023-09-02 17:54:41,125 ] 86 root - INFO - Hypothesis az_004: float64, float64 
[ 2023-09-02 17:54:41,138 ] 86 root - INFO - Hypothesis az_005: float64, float64 
[ 2023-09-02 17:54:41,147 ] 86 root - INFO - Hypothesis az_006: float64, float64 
[ 2023-09-02 17:54:41,156 ] 86 root - INFO - Hypothesis az_007: float64, float64 
[ 2023-09-02 17:54:41,170 ] 86 root - INFO - Hypothesis az_008: float64, float64 
[ 2023-09-02 17:54:41,200 ] 86 root - INFO - Hypothesis az_009: float64, float64 
[ 2023-09-02 17:54:41,233 ] 86 root - INFO - Hypothesis ba_000: float64, float64 
[ 2023-09-02 17:54:41,247 ] 86 root - INFO - Hypothesis ba_001: float64, float64 
[ 2023-09-02 17:54:41,269 ] 86 root - INFO - Hypothesis ba_002: float64, float64 
[ 2023-09-02 17:54:41,280 ] 86 root - INFO - Hypothesis ba_003: float64, float64 
[ 2023-09-02 17:54:41,295 ] 86 root - INFO - Hypothesis ba_004: float64, float64 
[ 2023-09-02 17:54:41,304 ] 86 root - INFO - Hypothesis ba_005: float64, float64 
[ 2023-09-02 17:54:41,316 ] 86 root - INFO - Hypothesis ba_006: float64, float64 
[ 2023-09-02 17:54:41,331 ] 86 root - INFO - Hypothesis ba_007: float64, float64 
[ 2023-09-02 17:54:41,340 ] 86 root - INFO - Hypothesis ba_008: float64, float64 
[ 2023-09-02 17:54:41,348 ] 86 root - INFO - Hypothesis ba_009: float64, float64 
[ 2023-09-02 17:54:41,361 ] 86 root - INFO - Hypothesis bb_000: float64, float64 
[ 2023-09-02 17:54:41,370 ] 86 root - INFO - Hypothesis bc_000: float64, float64 
[ 2023-09-02 17:54:41,384 ] 86 root - INFO - Hypothesis bd_000: float64, float64 
[ 2023-09-02 17:54:41,396 ] 86 root - INFO - Hypothesis be_000: float64, float64 
[ 2023-09-02 17:54:41,405 ] 86 root - INFO - Hypothesis bf_000: float64, float64 
[ 2023-09-02 17:54:41,417 ] 86 root - INFO - Hypothesis bg_000: float64, float64 
[ 2023-09-02 17:54:41,426 ] 86 root - INFO - Hypothesis bh_000: float64, float64 
[ 2023-09-02 17:54:41,439 ] 86 root - INFO - Hypothesis bi_000: float64, float64 
[ 2023-09-02 17:54:41,448 ] 86 root - INFO - Hypothesis bj_000: float64, float64 
[ 2023-09-02 17:54:41,461 ] 86 root - INFO - Hypothesis bs_000: float64, float64 
[ 2023-09-02 17:54:41,470 ] 86 root - INFO - Hypothesis bt_000: float64, float64 
[ 2023-09-02 17:54:41,479 ] 86 root - INFO - Hypothesis bu_000: float64, float64 
[ 2023-09-02 17:54:41,496 ] 86 root - INFO - Hypothesis bv_000: float64, float64 
[ 2023-09-02 17:54:41,509 ] 86 root - INFO - Hypothesis bx_000: float64, float64 
[ 2023-09-02 17:54:41,518 ] 86 root - INFO - Hypothesis by_000: float64, float64 
[ 2023-09-02 17:54:41,527 ] 86 root - INFO - Hypothesis bz_000: float64, float64 
[ 2023-09-02 17:54:41,535 ] 86 root - INFO - Hypothesis ca_000: float64, float64 
[ 2023-09-02 17:54:41,548 ] 86 root - INFO - Hypothesis cb_000: float64, float64 
[ 2023-09-02 17:54:41,577 ] 86 root - INFO - Hypothesis cc_000: float64, float64 
[ 2023-09-02 17:54:41,596 ] 86 root - INFO - Hypothesis cd_000: float64, float64 
[ 2023-09-02 17:54:41,624 ] 86 root - INFO - Hypothesis ce_000: float64, float64 
[ 2023-09-02 17:54:41,633 ] 86 root - INFO - Hypothesis ci_000: float64, float64 
[ 2023-09-02 17:54:41,646 ] 86 root - INFO - Hypothesis cj_000: float64, float64 
[ 2023-09-02 17:54:41,651 ] 86 root - INFO - Hypothesis ck_000: float64, float64 
[ 2023-09-02 17:54:41,660 ] 86 root - INFO - Hypothesis cl_000: float64, float64 
[ 2023-09-02 17:54:41,674 ] 86 root - INFO - Hypothesis cm_000: float64, float64 
[ 2023-09-02 17:54:41,681 ] 86 root - INFO - Hypothesis cn_000: float64, float64 
[ 2023-09-02 17:54:41,714 ] 86 root - INFO - Hypothesis cn_001: float64, float64 
[ 2023-09-02 17:54:41,719 ] 86 root - INFO - Hypothesis cn_002: float64, float64 
[ 2023-09-02 17:54:41,727 ] 86 root - INFO - Hypothesis cn_003: float64, float64 
[ 2023-09-02 17:54:41,740 ] 86 root - INFO - Hypothesis cn_004: float64, float64 
[ 2023-09-02 17:54:41,753 ] 86 root - INFO - Hypothesis cn_005: float64, float64 
[ 2023-09-02 17:54:41,762 ] 86 root - INFO - Hypothesis cn_006: float64, float64 
[ 2023-09-02 17:54:41,771 ] 86 root - INFO - Hypothesis cn_007: float64, float64 
[ 2023-09-02 17:54:41,787 ] 86 root - INFO - Hypothesis cn_008: float64, float64 
[ 2023-09-02 17:54:41,795 ] 86 root - INFO - Hypothesis cn_009: float64, float64 
[ 2023-09-02 17:54:41,811 ] 86 root - INFO - Hypothesis cp_000: float64, float64 
[ 2023-09-02 17:54:41,818 ] 86 root - INFO - Hypothesis cq_000: float64, float64 
[ 2023-09-02 17:54:41,827 ] 86 root - INFO - Hypothesis cs_000: float64, float64 
[ 2023-09-02 17:54:41,840 ] 86 root - INFO - Hypothesis cs_001: float64, float64 
[ 2023-09-02 17:54:41,848 ] 86 root - INFO - Hypothesis cs_002: float64, float64 
[ 2023-09-02 17:54:41,857 ] 86 root - INFO - Hypothesis cs_003: float64, float64 
[ 2023-09-02 17:54:41,868 ] 86 root - INFO - Hypothesis cs_004: float64, float64 
[ 2023-09-02 17:54:41,877 ] 86 root - INFO - Hypothesis cs_005: float64, float64 
[ 2023-09-02 17:54:41,886 ] 86 root - INFO - Hypothesis cs_006: float64, float64 
[ 2023-09-02 17:54:41,900 ] 86 root - INFO - Hypothesis cs_007: float64, float64 
[ 2023-09-02 17:54:41,909 ] 86 root - INFO - Hypothesis cs_008: float64, float64 
[ 2023-09-02 17:54:41,917 ] 86 root - INFO - Hypothesis cs_009: float64, float64 
[ 2023-09-02 17:54:41,949 ] 86 root - INFO - Hypothesis dd_000: float64, float64 
[ 2023-09-02 17:54:41,962 ] 86 root - INFO - Hypothesis de_000: float64, float64 
[ 2023-09-02 17:54:41,976 ] 86 root - INFO - Hypothesis df_000: float64, float64 
[ 2023-09-02 17:54:41,981 ] 86 root - INFO - Hypothesis dg_000: float64, float64 
[ 2023-09-02 17:54:41,986 ] 86 root - INFO - Hypothesis dh_000: float64, float64 
[ 2023-09-02 17:54:41,996 ] 86 root - INFO - Hypothesis di_000: float64, float64 
[ 2023-09-02 17:54:42,002 ] 86 root - INFO - Hypothesis dj_000: float64, float64 
[ 2023-09-02 17:54:42,031 ] 86 root - INFO - Hypothesis dk_000: float64, float64 
[ 2023-09-02 17:54:42,037 ] 86 root - INFO - Hypothesis dl_000: float64, float64 
[ 2023-09-02 17:54:42,068 ] 86 root - INFO - Hypothesis dm_000: float64, float64 
[ 2023-09-02 17:54:42,097 ] 86 root - INFO - Hypothesis dn_000: float64, float64 
[ 2023-09-02 17:54:42,106 ] 86 root - INFO - Hypothesis do_000: float64, float64 
[ 2023-09-02 17:54:42,119 ] 86 root - INFO - Hypothesis dp_000: float64, float64 
[ 2023-09-02 17:54:42,131 ] 86 root - INFO - Hypothesis dq_000: float64, float64 
[ 2023-09-02 17:54:42,137 ] 86 root - INFO - Hypothesis dr_000: float64, float64 
[ 2023-09-02 17:54:42,148 ] 86 root - INFO - Hypothesis ds_000: float64, float64 
[ 2023-09-02 17:54:42,156 ] 86 root - INFO - Hypothesis dt_000: float64, float64 
[ 2023-09-02 17:54:42,171 ] 86 root - INFO - Hypothesis du_000: float64, float64 
[ 2023-09-02 17:54:42,180 ] 86 root - INFO - Hypothesis dv_000: float64, float64 
[ 2023-09-02 17:54:42,196 ] 86 root - INFO - Hypothesis dx_000: float64, float64 
[ 2023-09-02 17:54:42,204 ] 86 root - INFO - Hypothesis dy_000: float64, float64 
[ 2023-09-02 17:54:42,210 ] 86 root - INFO - Hypothesis dz_000: float64, float64 
[ 2023-09-02 17:54:42,231 ] 86 root - INFO - Hypothesis ea_000: float64, float64 
[ 2023-09-02 17:54:42,265 ] 86 root - INFO - Hypothesis eb_000: float64, float64 
[ 2023-09-02 17:54:42,278 ] 86 root - INFO - Hypothesis ec_00: float64, float64 
[ 2023-09-02 17:54:42,291 ] 86 root - INFO - Hypothesis ed_000: float64, float64 
[ 2023-09-02 17:54:42,299 ] 86 root - INFO - Hypothesis ee_000: float64, float64 
[ 2023-09-02 17:54:42,312 ] 86 root - INFO - Hypothesis ee_001: float64, float64 
[ 2023-09-02 17:54:42,321 ] 86 root - INFO - Hypothesis ee_002: float64, float64 
[ 2023-09-02 17:54:42,335 ] 86 root - INFO - Hypothesis ee_003: float64, float64 
[ 2023-09-02 17:54:42,344 ] 86 root - INFO - Hypothesis ee_004: float64, float64 
[ 2023-09-02 17:54:42,353 ] 86 root - INFO - Hypothesis ee_005: float64, float64 
[ 2023-09-02 17:54:42,366 ] 86 root - INFO - Hypothesis ee_006: float64, float64 
[ 2023-09-02 17:54:42,374 ] 86 root - INFO - Hypothesis ee_007: float64, float64 
[ 2023-09-02 17:54:42,391 ] 86 root - INFO - Hypothesis ee_008: float64, float64 
[ 2023-09-02 17:54:42,399 ] 86 root - INFO - Hypothesis ee_009: float64, float64 
[ 2023-09-02 17:54:42,405 ] 86 root - INFO - Hypothesis ef_000: float64, float64 
[ 2023-09-02 17:54:42,438 ] 86 root - INFO - Hypothesis eg_000: float64, float64 
[ 2023-09-02 17:54:42,458 ] 143 root - INFO - Write reprt in yaml file
[ 2023-09-02 17:54:44,479 ] 66 root - INFO - Before resampling in training set Input: (28950, 170) Target:(28950,)
[ 2023-09-02 17:55:26,018 ] 68 root - INFO - After resampling in training set Input: (56152, 170) Target:(56152,)
[ 2023-09-02 17:55:26,019 ] 71 root - INFO - Before resampling in testing set Input: (7238, 170) Target:(7238,)
[ 2023-09-02 17:55:35,424 ] 73 root - INFO - After resampling in testing set Input: (14072, 170) Target:(14072,)
[ 2023-09-02 17:55:35,681 ] 53 root - INFO - Entered te save object method of Main utils class
[ 2023-09-02 17:55:35,684 ] 57 root - INFO - exited the save object method of Main utils class
[ 2023-09-02 17:55:35,685 ] 53 root - INFO - Entered te save object method of Main utils class
[ 2023-09-02 17:55:35,691 ] 57 root - INFO - exited the save object method of Main utils class
[ 2023-09-02 17:55:35,691 ] 91 root - INFO - Data transformation object DataTransformationArtifact(transform_object_path='/config/workspace/artifact/09022023__17_54_02/data_transformation/transformer/transformer.pkl', transformed_train_path='/config/workspace/artifact/09022023__17_54_02/data_transformation/transformed/train.npz', transformed_test_path='/config/workspace/artifact/09022023__17_54_02/data_transformation/transformed/test.npz', target_encoder_path='/config/workspace/artifact/09022023__17_54_02/data_transformation/target_encoder/target_encoder.pkl')
[ 2023-09-02 17:55:35,696 ] 14 root - INFO - >>>>>>>>>>>>>>>>>>>>>>>>>>>>>>>>>>>>>>>> Model Trainer <<<<<<<<<<<<<<<<<<<<<<<<<<<<<<<<<<<<<<<<
[ 2023-09-02 17:55:35,697 ] 39 root - INFO - Loading train and test array.
[ 2023-09-02 17:55:35,747 ] 43 root - INFO - Splitting input and target feature from both train and test arr.
[ 2023-09-02 17:55:35,747 ] 47 root - INFO - Train the model
[ 2023-09-02 18:00:56,297 ] 50 root - INFO - Calculating f1 train score
[ 2023-09-02 18:00:56,555 ] 54 root - INFO - Calculating f1 test score
[ 2023-09-02 18:00:56,685 ] 58 root - INFO - train score:0.9999821908781678 and tests score 0.9694011365292147
[ 2023-09-02 18:00:56,686 ] 59 root - INFO - Checking if our model is underfitting or not
[ 2023-09-02 18:00:56,686 ] 64 root - INFO - Checking if our model is overfiiting or not
[ 2023-09-02 18:00:56,686 ] 70 root - INFO - Saving mode object
[ 2023-09-02 18:00:56,686 ] 53 root - INFO - Entered te save object method of Main utils class
[ 2023-09-02 18:00:56,720 ] 57 root - INFO - exited the save object method of Main utils class
[ 2023-09-02 18:00:56,720 ] 73 root - INFO - Prepare the artifact
[ 2023-09-02 18:00:56,720 ] 77 root - INFO - Model trainer artifact: ModelTrainerArtifact(model_path='/config/workspace/artifact/09022023__17_54_02/model_trainer/model/model.pkl', f1_train_score=0.9999821908781678, f1_test_score=0.9694011365292147)
[ 2023-09-02 18:00:56,723 ] 36 root - INFO - if saved model folder has model the we will compare which model is best trained or the model from saved model folder
[ 2023-09-02 18:00:56,723 ] 26 root - INFO - Loading transformer model and target encoder
[ 2023-09-02 18:00:56,776 ] 32 root - INFO - Saving model into model pusher directory
[ 2023-09-02 18:00:56,776 ] 53 root - INFO - Entered te save object method of Main utils class
[ 2023-09-02 18:00:56,782 ] 57 root - INFO - exited the save object method of Main utils class
[ 2023-09-02 18:00:56,783 ] 53 root - INFO - Entered te save object method of Main utils class
[ 2023-09-02 18:00:56,853 ] 57 root - INFO - exited the save object method of Main utils class
[ 2023-09-02 18:00:56,853 ] 53 root - INFO - Entered te save object method of Main utils class
[ 2023-09-02 18:00:56,854 ] 57 root - INFO - exited the save object method of Main utils class
[ 2023-09-02 18:00:56,854 ] 39 root - INFO - Saving model in saved model dir
[ 2023-09-02 18:00:56,855 ] 53 root - INFO - Entered te save object method of Main utils class
[ 2023-09-02 18:00:56,857 ] 57 root - INFO - exited the save object method of Main utils class
[ 2023-09-02 18:00:56,857 ] 53 root - INFO - Entered te save object method of Main utils class
[ 2023-09-02 18:00:56,901 ] 57 root - INFO - exited the save object method of Main utils class
[ 2023-09-02 18:00:56,905 ] 53 root - INFO - Entered te save object method of Main utils class
[ 2023-09-02 18:00:56,906 ] 57 root - INFO - exited the save object method of Main utils class
