[ 2023-09-02 10:45:21,160 ] 20 root - INFO - exporting data as pandas dataframe
[ 2023-09-02 10:45:21,161 ] 21 root - INFO - Reading data from database: aps and collection: sensor
[ 2023-09-02 10:45:31,993 ] 23 root - INFO - Found Columns: Index(['_id', 'class', 'aa_000', 'ab_000', 'ac_000', 'ad_000', 'ae_000',
       'af_000', 'ag_000', 'ag_001',
       ...
       'ee_002', 'ee_003', 'ee_004', 'ee_005', 'ee_006', 'ee_007', 'ee_008',
       'ee_009', 'ef_000', 'eg_000'],
      dtype='object', length=172)
[ 2023-09-02 10:45:31,994 ] 25 root - INFO - Dropping column: _id
[ 2023-09-02 10:45:32,737 ] 27 root - INFO - row and columnns in df: (36188, 171)
[ 2023-09-02 10:45:32,737 ] 25 root - INFO - save data in feature store
[ 2023-09-02 10:45:41,144 ] 35 root - INFO - split dataset into train and test set
[ 2023-09-02 10:45:42,194 ] 39 root - INFO - create dataset directory folder if not available
[ 2023-09-02 10:45:42,194 ] 46 root - INFO - Save df to feature store folder
[ 2023-09-02 10:45:46,356 ] 59 root - INFO - Data ingestion artifact: DataIngestionArtifact(feature_store_file_path='/config/workspace/artifact/09022023__10_45_21/data_ingestion/feature_store/sensor.csv', train_file_path='/config/workspace/artifact/09022023__10_45_21/data_ingestion/dataset/train.csv', test_file_path='/config/workspace/artifact/09022023__10_45_21/data_ingestion/dataset/test.csv')
[ 2023-09-02 10:45:47,786 ] 20 root - INFO - >>>>>>>>>>>>>>>>>>>>>>>>>>>>>>>>>>>>>>>> Data Validation <<<<<<<<<<<<<<<<<<<<<<<<<<<<<<<<<<<<<<<<
[ 2023-09-02 10:45:47,786 ] 107 root - INFO - Reading base dataframe
[ 2023-09-02 10:45:51,786 ] 110 root - INFO - Replace na value in base df
[ 2023-09-02 10:45:52,186 ] 61 root - INFO - selecting column name which contains null above to 0.2
[ 2023-09-02 10:45:52,187 ] 64 root - INFO - Columns to drop: ['ab_000', 'ad_000', 'bk_000', 'bl_000', 'bm_000', 'bn_000', 'bo_000', 'bp_000', 'bq_000', 'br_000', 'cf_000', 'cg_000', 'ch_000', 'co_000', 'cr_000', 'ct_000', 'cu_000', 'cv_000', 'cx_000', 'cy_000', 'cz_000', 'da_000', 'db_000', 'dc_000']
[ 2023-09-02 10:45:52,392 ] 115 root - INFO - Reading train dataframe
[ 2023-09-02 10:45:53,173 ] 117 root - INFO - Reading test dataframe
[ 2023-09-02 10:45:53,376 ] 120 root - INFO - Drop null values colums from train df
[ 2023-09-02 10:45:53,392 ] 61 root - INFO - selecting column name which contains null above to 0.2
[ 2023-09-02 10:45:53,393 ] 64 root - INFO - Columns to drop: ['ab_000', 'ad_000', 'bk_000', 'bl_000', 'bm_000', 'bn_000', 'bo_000', 'bp_000', 'bq_000', 'br_000', 'cf_000', 'cg_000', 'ch_000', 'co_000', 'cr_000', 'ct_000', 'cu_000', 'cv_000', 'cx_000', 'cy_000', 'cz_000', 'da_000', 'db_000', 'dc_000']
[ 2023-09-02 10:45:53,411 ] 122 root - INFO - Drop null values colums from test df
[ 2023-09-02 10:45:53,415 ] 61 root - INFO - selecting column name which contains null above to 0.2
[ 2023-09-02 10:45:53,416 ] 64 root - INFO - Columns to drop: ['ab_000', 'ad_000', 'bk_000', 'bl_000', 'bm_000', 'bn_000', 'bo_000', 'bp_000', 'bq_000', 'br_000', 'cf_000', 'cg_000', 'ch_000', 'co_000', 'cr_000', 'ct_000', 'cu_000', 'cv_000', 'cx_000', 'cy_000', 'cz_000', 'da_000', 'db_000', 'dc_000']
[ 2023-09-02 10:45:55,079 ] 130 root - INFO - Is all required columns present in train df
[ 2023-09-02 10:45:55,079 ] 132 root - INFO - Is all required columns present in test df
[ 2023-09-02 10:45:55,080 ] 136 root - INFO - As all column are available in train df hence detecting data drift
[ 2023-09-02 10:45:55,080 ] 86 root - INFO - Hypothesis class: object, object 
[ 2023-09-02 10:45:55,312 ] 86 root - INFO - Hypothesis aa_000: float64, float64 
[ 2023-09-02 10:45:55,331 ] 86 root - INFO - Hypothesis ac_000: float64, float64 
[ 2023-09-02 10:45:55,396 ] 86 root - INFO - Hypothesis ae_000: float64, float64 
[ 2023-09-02 10:45:55,472 ] 86 root - INFO - Hypothesis af_000: float64, float64 
[ 2023-09-02 10:45:55,528 ] 86 root - INFO - Hypothesis ag_000: float64, float64 
[ 2023-09-02 10:45:55,595 ] 86 root - INFO - Hypothesis ag_001: float64, float64 
[ 2023-09-02 10:45:55,661 ] 86 root - INFO - Hypothesis ag_002: float64, float64 
[ 2023-09-02 10:45:55,722 ] 86 root - INFO - Hypothesis ag_003: float64, float64 
[ 2023-09-02 10:45:55,731 ] 86 root - INFO - Hypothesis ag_004: float64, float64 
[ 2023-09-02 10:45:55,756 ] 86 root - INFO - Hypothesis ag_005: float64, float64 
[ 2023-09-02 10:45:55,784 ] 86 root - INFO - Hypothesis ag_006: float64, float64 
[ 2023-09-02 10:45:55,807 ] 86 root - INFO - Hypothesis ag_007: float64, float64 
[ 2023-09-02 10:45:55,818 ] 86 root - INFO - Hypothesis ag_008: float64, float64 
[ 2023-09-02 10:45:55,834 ] 86 root - INFO - Hypothesis ag_009: float64, float64 
[ 2023-09-02 10:45:55,847 ] 86 root - INFO - Hypothesis ah_000: float64, float64 
[ 2023-09-02 10:45:55,861 ] 86 root - INFO - Hypothesis ai_000: float64, float64 
[ 2023-09-02 10:45:55,935 ] 86 root - INFO - Hypothesis aj_000: float64, float64 
[ 2023-09-02 10:45:55,945 ] 86 root - INFO - Hypothesis ak_000: float64, float64 
[ 2023-09-02 10:45:56,013 ] 86 root - INFO - Hypothesis al_000: float64, float64 
[ 2023-09-02 10:45:56,028 ] 86 root - INFO - Hypothesis am_0: float64, float64 
[ 2023-09-02 10:45:56,038 ] 86 root - INFO - Hypothesis an_000: float64, float64 
[ 2023-09-02 10:45:56,063 ] 86 root - INFO - Hypothesis ao_000: float64, float64 
[ 2023-09-02 10:45:56,085 ] 86 root - INFO - Hypothesis ap_000: float64, float64 
[ 2023-09-02 10:45:56,103 ] 86 root - INFO - Hypothesis aq_000: float64, float64 
[ 2023-09-02 10:45:56,116 ] 86 root - INFO - Hypothesis ar_000: float64, float64 
[ 2023-09-02 10:45:56,197 ] 86 root - INFO - Hypothesis as_000: float64, float64 
[ 2023-09-02 10:45:56,258 ] 86 root - INFO - Hypothesis at_000: float64, float64 
[ 2023-09-02 10:45:56,317 ] 86 root - INFO - Hypothesis au_000: float64, float64 
[ 2023-09-02 10:45:56,389 ] 86 root - INFO - Hypothesis av_000: float64, float64 
[ 2023-09-02 10:45:56,405 ] 86 root - INFO - Hypothesis ax_000: float64, float64 
[ 2023-09-02 10:45:56,420 ] 86 root - INFO - Hypothesis ay_000: float64, float64 
[ 2023-09-02 10:45:56,476 ] 86 root - INFO - Hypothesis ay_001: float64, float64 
[ 2023-09-02 10:45:56,548 ] 86 root - INFO - Hypothesis ay_002: float64, float64 
[ 2023-09-02 10:45:56,607 ] 86 root - INFO - Hypothesis ay_003: float64, float64 
[ 2023-09-02 10:45:56,666 ] 86 root - INFO - Hypothesis ay_004: float64, float64 
[ 2023-09-02 10:45:56,722 ] 86 root - INFO - Hypothesis ay_005: float64, float64 
[ 2023-09-02 10:45:56,797 ] 86 root - INFO - Hypothesis ay_006: float64, float64 
[ 2023-09-02 10:45:56,808 ] 86 root - INFO - Hypothesis ay_007: float64, float64 
[ 2023-09-02 10:45:56,826 ] 86 root - INFO - Hypothesis ay_008: float64, float64 
[ 2023-09-02 10:45:56,851 ] 86 root - INFO - Hypothesis ay_009: float64, float64 
[ 2023-09-02 10:45:56,921 ] 86 root - INFO - Hypothesis az_000: float64, float64 
[ 2023-09-02 10:45:56,934 ] 86 root - INFO - Hypothesis az_001: float64, float64 
[ 2023-09-02 10:45:56,946 ] 86 root - INFO - Hypothesis az_002: float64, float64 
[ 2023-09-02 10:45:56,963 ] 86 root - INFO - Hypothesis az_003: float64, float64 
[ 2023-09-02 10:45:56,980 ] 86 root - INFO - Hypothesis az_004: float64, float64 
[ 2023-09-02 10:45:56,993 ] 86 root - INFO - Hypothesis az_005: float64, float64 
[ 2023-09-02 10:45:57,014 ] 86 root - INFO - Hypothesis az_006: float64, float64 
[ 2023-09-02 10:45:57,078 ] 86 root - INFO - Hypothesis az_007: float64, float64 
[ 2023-09-02 10:45:57,148 ] 86 root - INFO - Hypothesis az_008: float64, float64 
[ 2023-09-02 10:45:57,213 ] 86 root - INFO - Hypothesis az_009: float64, float64 
[ 2023-09-02 10:45:57,284 ] 86 root - INFO - Hypothesis ba_000: float64, float64 
[ 2023-09-02 10:45:57,297 ] 86 root - INFO - Hypothesis ba_001: float64, float64 
[ 2023-09-02 10:45:57,327 ] 86 root - INFO - Hypothesis ba_002: float64, float64 
[ 2023-09-02 10:45:57,355 ] 86 root - INFO - Hypothesis ba_003: float64, float64 
[ 2023-09-02 10:45:57,369 ] 86 root - INFO - Hypothesis ba_004: float64, float64 
[ 2023-09-02 10:45:57,382 ] 86 root - INFO - Hypothesis ba_005: float64, float64 
[ 2023-09-02 10:45:57,399 ] 86 root - INFO - Hypothesis ba_006: float64, float64 
[ 2023-09-02 10:45:57,420 ] 86 root - INFO - Hypothesis ba_007: float64, float64 
[ 2023-09-02 10:45:57,432 ] 86 root - INFO - Hypothesis ba_008: float64, float64 
[ 2023-09-02 10:45:57,515 ] 86 root - INFO - Hypothesis ba_009: float64, float64 
[ 2023-09-02 10:45:57,573 ] 86 root - INFO - Hypothesis bb_000: float64, float64 
[ 2023-09-02 10:45:57,594 ] 86 root - INFO - Hypothesis bc_000: float64, float64 
[ 2023-09-02 10:45:57,680 ] 86 root - INFO - Hypothesis bd_000: float64, float64 
[ 2023-09-02 10:45:57,692 ] 86 root - INFO - Hypothesis be_000: float64, float64 
[ 2023-09-02 10:45:57,708 ] 86 root - INFO - Hypothesis bf_000: float64, float64 
[ 2023-09-02 10:45:57,724 ] 86 root - INFO - Hypothesis bg_000: float64, float64 
[ 2023-09-02 10:45:57,737 ] 86 root - INFO - Hypothesis bh_000: float64, float64 
[ 2023-09-02 10:45:57,759 ] 86 root - INFO - Hypothesis bi_000: float64, float64 
[ 2023-09-02 10:45:57,776 ] 86 root - INFO - Hypothesis bj_000: float64, float64 
[ 2023-09-02 10:45:57,800 ] 86 root - INFO - Hypothesis bs_000: float64, float64 
[ 2023-09-02 10:45:57,826 ] 86 root - INFO - Hypothesis bt_000: float64, float64 
[ 2023-09-02 10:45:57,840 ] 86 root - INFO - Hypothesis bu_000: float64, float64 
[ 2023-09-02 10:45:57,858 ] 86 root - INFO - Hypothesis bv_000: float64, float64 
[ 2023-09-02 10:45:57,879 ] 86 root - INFO - Hypothesis bx_000: float64, float64 
[ 2023-09-02 10:45:57,892 ] 86 root - INFO - Hypothesis by_000: float64, float64 
[ 2023-09-02 10:45:57,917 ] 86 root - INFO - Hypothesis bz_000: float64, float64 
[ 2023-09-02 10:45:57,930 ] 86 root - INFO - Hypothesis ca_000: float64, float64 
[ 2023-09-02 10:45:57,948 ] 86 root - INFO - Hypothesis cb_000: float64, float64 
[ 2023-09-02 10:45:57,976 ] 86 root - INFO - Hypothesis cc_000: float64, float64 
[ 2023-09-02 10:45:57,993 ] 86 root - INFO - Hypothesis cd_000: float64, float64 
[ 2023-09-02 10:45:58,055 ] 86 root - INFO - Hypothesis ce_000: float64, float64 
[ 2023-09-02 10:45:58,080 ] 86 root - INFO - Hypothesis ci_000: float64, float64 
[ 2023-09-02 10:45:58,094 ] 86 root - INFO - Hypothesis cj_000: float64, float64 
[ 2023-09-02 10:45:58,163 ] 86 root - INFO - Hypothesis ck_000: float64, float64 
[ 2023-09-02 10:45:58,177 ] 86 root - INFO - Hypothesis cl_000: float64, float64 
[ 2023-09-02 10:45:58,193 ] 86 root - INFO - Hypothesis cm_000: float64, float64 
[ 2023-09-02 10:45:58,204 ] 86 root - INFO - Hypothesis cn_000: float64, float64 
[ 2023-09-02 10:45:58,271 ] 86 root - INFO - Hypothesis cn_001: float64, float64 
[ 2023-09-02 10:45:58,343 ] 86 root - INFO - Hypothesis cn_002: float64, float64 
[ 2023-09-02 10:45:58,354 ] 86 root - INFO - Hypothesis cn_003: float64, float64 
[ 2023-09-02 10:45:58,369 ] 86 root - INFO - Hypothesis cn_004: float64, float64 
[ 2023-09-02 10:45:58,387 ] 86 root - INFO - Hypothesis cn_005: float64, float64 
[ 2023-09-02 10:45:58,407 ] 86 root - INFO - Hypothesis cn_006: float64, float64 
[ 2023-09-02 10:45:58,428 ] 86 root - INFO - Hypothesis cn_007: float64, float64 
[ 2023-09-02 10:45:58,442 ] 86 root - INFO - Hypothesis cn_008: float64, float64 
[ 2023-09-02 10:45:58,466 ] 86 root - INFO - Hypothesis cn_009: float64, float64 
[ 2023-09-02 10:45:58,535 ] 86 root - INFO - Hypothesis cp_000: float64, float64 
[ 2023-09-02 10:45:58,598 ] 86 root - INFO - Hypothesis cq_000: float64, float64 
[ 2023-09-02 10:45:58,619 ] 86 root - INFO - Hypothesis cs_000: float64, float64 
[ 2023-09-02 10:45:58,642 ] 86 root - INFO - Hypothesis cs_001: float64, float64 
[ 2023-09-02 10:45:58,654 ] 86 root - INFO - Hypothesis cs_002: float64, float64 
[ 2023-09-02 10:45:58,680 ] 86 root - INFO - Hypothesis cs_003: float64, float64 
[ 2023-09-02 10:45:58,693 ] 86 root - INFO - Hypothesis cs_004: float64, float64 
[ 2023-09-02 10:45:58,710 ] 86 root - INFO - Hypothesis cs_005: float64, float64 
[ 2023-09-02 10:45:58,724 ] 86 root - INFO - Hypothesis cs_006: float64, float64 
[ 2023-09-02 10:45:58,745 ] 86 root - INFO - Hypothesis cs_007: float64, float64 
[ 2023-09-02 10:45:58,770 ] 86 root - INFO - Hypothesis cs_008: float64, float64 
[ 2023-09-02 10:45:58,847 ] 86 root - INFO - Hypothesis cs_009: float64, float64 
[ 2023-09-02 10:45:58,913 ] 86 root - INFO - Hypothesis dd_000: float64, float64 
[ 2023-09-02 10:45:58,929 ] 86 root - INFO - Hypothesis de_000: float64, float64 
[ 2023-09-02 10:45:58,952 ] 86 root - INFO - Hypothesis df_000: float64, float64 
[ 2023-09-02 10:45:59,011 ] 86 root - INFO - Hypothesis dg_000: float64, float64 
[ 2023-09-02 10:45:59,087 ] 86 root - INFO - Hypothesis dh_000: float64, float64 
[ 2023-09-02 10:45:59,095 ] 86 root - INFO - Hypothesis di_000: float64, float64 
[ 2023-09-02 10:45:59,167 ] 86 root - INFO - Hypothesis dj_000: float64, float64 
[ 2023-09-02 10:45:59,237 ] 86 root - INFO - Hypothesis dk_000: float64, float64 
[ 2023-09-02 10:45:59,315 ] 86 root - INFO - Hypothesis dl_000: float64, float64 
[ 2023-09-02 10:45:59,390 ] 86 root - INFO - Hypothesis dm_000: float64, float64 
[ 2023-09-02 10:45:59,457 ] 86 root - INFO - Hypothesis dn_000: float64, float64 
[ 2023-09-02 10:45:59,473 ] 86 root - INFO - Hypothesis do_000: float64, float64 
[ 2023-09-02 10:45:59,486 ] 86 root - INFO - Hypothesis dp_000: float64, float64 
[ 2023-09-02 10:45:59,498 ] 86 root - INFO - Hypothesis dq_000: float64, float64 
[ 2023-09-02 10:45:59,567 ] 86 root - INFO - Hypothesis dr_000: float64, float64 
[ 2023-09-02 10:45:59,645 ] 86 root - INFO - Hypothesis ds_000: float64, float64 
[ 2023-09-02 10:45:59,663 ] 86 root - INFO - Hypothesis dt_000: float64, float64 
[ 2023-09-02 10:45:59,676 ] 86 root - INFO - Hypothesis du_000: float64, float64 
[ 2023-09-02 10:45:59,693 ] 86 root - INFO - Hypothesis dv_000: float64, float64 
[ 2023-09-02 10:45:59,714 ] 86 root - INFO - Hypothesis dx_000: float64, float64 
[ 2023-09-02 10:45:59,777 ] 86 root - INFO - Hypothesis dy_000: float64, float64 
[ 2023-09-02 10:45:59,845 ] 86 root - INFO - Hypothesis dz_000: float64, float64 
[ 2023-09-02 10:45:59,918 ] 86 root - INFO - Hypothesis ea_000: float64, float64 
[ 2023-09-02 10:45:59,985 ] 86 root - INFO - Hypothesis eb_000: float64, float64 
[ 2023-09-02 10:45:59,996 ] 86 root - INFO - Hypothesis ec_00: float64, float64 
[ 2023-09-02 10:46:00,025 ] 86 root - INFO - Hypothesis ed_000: float64, float64 
[ 2023-09-02 10:46:00,045 ] 86 root - INFO - Hypothesis ee_000: float64, float64 
[ 2023-09-02 10:46:00,058 ] 86 root - INFO - Hypothesis ee_001: float64, float64 
[ 2023-09-02 10:46:00,071 ] 86 root - INFO - Hypothesis ee_002: float64, float64 
[ 2023-09-02 10:46:00,097 ] 86 root - INFO - Hypothesis ee_003: float64, float64 
[ 2023-09-02 10:46:00,118 ] 86 root - INFO - Hypothesis ee_004: float64, float64 
[ 2023-09-02 10:46:00,131 ] 86 root - INFO - Hypothesis ee_005: float64, float64 
[ 2023-09-02 10:46:00,153 ] 86 root - INFO - Hypothesis ee_006: float64, float64 
[ 2023-09-02 10:46:00,168 ] 86 root - INFO - Hypothesis ee_007: float64, float64 
[ 2023-09-02 10:46:00,189 ] 86 root - INFO - Hypothesis ee_008: float64, float64 
[ 2023-09-02 10:46:00,203 ] 86 root - INFO - Hypothesis ee_009: float64, float64 
[ 2023-09-02 10:46:00,219 ] 86 root - INFO - Hypothesis ef_000: float64, float64 
[ 2023-09-02 10:46:00,288 ] 86 root - INFO - Hypothesis eg_000: float64, float64 
[ 2023-09-02 10:46:00,344 ] 140 root - INFO - As all column are available in test df hence detecting data drift
[ 2023-09-02 10:46:00,345 ] 86 root - INFO - Hypothesis class: object, object 
[ 2023-09-02 10:46:00,514 ] 86 root - INFO - Hypothesis aa_000: float64, float64 
[ 2023-09-02 10:46:00,524 ] 86 root - INFO - Hypothesis ac_000: float64, float64 
[ 2023-09-02 10:46:00,532 ] 86 root - INFO - Hypothesis ae_000: float64, float64 
[ 2023-09-02 10:46:00,561 ] 86 root - INFO - Hypothesis af_000: float64, float64 
[ 2023-09-02 10:46:00,591 ] 86 root - INFO - Hypothesis ag_000: float64, float64 
[ 2023-09-02 10:46:00,624 ] 86 root - INFO - Hypothesis ag_001: float64, float64 
[ 2023-09-02 10:46:00,645 ] 86 root - INFO - Hypothesis ag_002: float64, float64 
[ 2023-09-02 10:46:00,650 ] 86 root - INFO - Hypothesis ag_003: float64, float64 
[ 2023-09-02 10:46:00,661 ] 86 root - INFO - Hypothesis ag_004: float64, float64 
[ 2023-09-02 10:46:00,669 ] 86 root - INFO - Hypothesis ag_005: float64, float64 
[ 2023-09-02 10:46:00,687 ] 86 root - INFO - Hypothesis ag_006: float64, float64 
[ 2023-09-02 10:46:00,696 ] 86 root - INFO - Hypothesis ag_007: float64, float64 
[ 2023-09-02 10:46:00,709 ] 86 root - INFO - Hypothesis ag_008: float64, float64 
[ 2023-09-02 10:46:00,717 ] 86 root - INFO - Hypothesis ag_009: float64, float64 
[ 2023-09-02 10:46:00,724 ] 86 root - INFO - Hypothesis ah_000: float64, float64 
[ 2023-09-02 10:46:00,745 ] 86 root - INFO - Hypothesis ai_000: float64, float64 
[ 2023-09-02 10:46:00,759 ] 86 root - INFO - Hypothesis aj_000: float64, float64 
[ 2023-09-02 10:46:00,769 ] 86 root - INFO - Hypothesis ak_000: float64, float64 
[ 2023-09-02 10:46:00,775 ] 86 root - INFO - Hypothesis al_000: float64, float64 
[ 2023-09-02 10:46:00,782 ] 86 root - INFO - Hypothesis am_0: float64, float64 
[ 2023-09-02 10:46:00,789 ] 86 root - INFO - Hypothesis an_000: float64, float64 
[ 2023-09-02 10:46:00,802 ] 86 root - INFO - Hypothesis ao_000: float64, float64 
[ 2023-09-02 10:46:00,811 ] 86 root - INFO - Hypothesis ap_000: float64, float64 
[ 2023-09-02 10:46:00,821 ] 86 root - INFO - Hypothesis aq_000: float64, float64 
[ 2023-09-02 10:46:00,842 ] 86 root - INFO - Hypothesis ar_000: float64, float64 
[ 2023-09-02 10:46:00,864 ] 86 root - INFO - Hypothesis as_000: float64, float64 
[ 2023-09-02 10:46:00,896 ] 86 root - INFO - Hypothesis at_000: float64, float64 
[ 2023-09-02 10:46:00,933 ] 86 root - INFO - Hypothesis au_000: float64, float64 
[ 2023-09-02 10:46:00,953 ] 86 root - INFO - Hypothesis av_000: float64, float64 
[ 2023-09-02 10:46:00,961 ] 86 root - INFO - Hypothesis ax_000: float64, float64 
[ 2023-09-02 10:46:00,969 ] 86 root - INFO - Hypothesis ay_000: float64, float64 
[ 2023-09-02 10:46:01,005 ] 86 root - INFO - Hypothesis ay_001: float64, float64 
[ 2023-09-02 10:46:01,048 ] 86 root - INFO - Hypothesis ay_002: float64, float64 
[ 2023-09-02 10:46:01,069 ] 86 root - INFO - Hypothesis ay_003: float64, float64 
[ 2023-09-02 10:46:01,097 ] 86 root - INFO - Hypothesis ay_004: float64, float64 
[ 2023-09-02 10:46:01,118 ] 86 root - INFO - Hypothesis ay_005: float64, float64 
[ 2023-09-02 10:46:01,130 ] 86 root - INFO - Hypothesis ay_006: float64, float64 
[ 2023-09-02 10:46:01,138 ] 86 root - INFO - Hypothesis ay_007: float64, float64 
[ 2023-09-02 10:46:01,160 ] 86 root - INFO - Hypothesis ay_008: float64, float64 
[ 2023-09-02 10:46:01,169 ] 86 root - INFO - Hypothesis ay_009: float64, float64 
[ 2023-09-02 10:46:01,197 ] 86 root - INFO - Hypothesis az_000: float64, float64 
[ 2023-09-02 10:46:01,206 ] 86 root - INFO - Hypothesis az_001: float64, float64 
[ 2023-09-02 10:46:01,218 ] 86 root - INFO - Hypothesis az_002: float64, float64 
[ 2023-09-02 10:46:01,227 ] 86 root - INFO - Hypothesis az_003: float64, float64 
[ 2023-09-02 10:46:01,236 ] 86 root - INFO - Hypothesis az_004: float64, float64 
[ 2023-09-02 10:46:01,245 ] 86 root - INFO - Hypothesis az_005: float64, float64 
[ 2023-09-02 10:46:01,267 ] 86 root - INFO - Hypothesis az_006: float64, float64 
[ 2023-09-02 10:46:01,279 ] 86 root - INFO - Hypothesis az_007: float64, float64 
[ 2023-09-02 10:46:01,285 ] 86 root - INFO - Hypothesis az_008: float64, float64 
[ 2023-09-02 10:46:01,318 ] 86 root - INFO - Hypothesis az_009: float64, float64 
[ 2023-09-02 10:46:01,359 ] 86 root - INFO - Hypothesis ba_000: float64, float64 
[ 2023-09-02 10:46:01,368 ] 86 root - INFO - Hypothesis ba_001: float64, float64 
[ 2023-09-02 10:46:01,378 ] 86 root - INFO - Hypothesis ba_002: float64, float64 
[ 2023-09-02 10:46:01,391 ] 86 root - INFO - Hypothesis ba_003: float64, float64 
[ 2023-09-02 10:46:01,404 ] 86 root - INFO - Hypothesis ba_004: float64, float64 
[ 2023-09-02 10:46:01,421 ] 86 root - INFO - Hypothesis ba_005: float64, float64 
[ 2023-09-02 10:46:01,435 ] 86 root - INFO - Hypothesis ba_006: float64, float64 
[ 2023-09-02 10:46:01,444 ] 86 root - INFO - Hypothesis ba_007: float64, float64 
[ 2023-09-02 10:46:01,456 ] 86 root - INFO - Hypothesis ba_008: float64, float64 
[ 2023-09-02 10:46:01,464 ] 86 root - INFO - Hypothesis ba_009: float64, float64 
[ 2023-09-02 10:46:01,475 ] 86 root - INFO - Hypothesis bb_000: float64, float64 
[ 2023-09-02 10:46:01,492 ] 86 root - INFO - Hypothesis bc_000: float64, float64 
[ 2023-09-02 10:46:01,503 ] 86 root - INFO - Hypothesis bd_000: float64, float64 
[ 2023-09-02 10:46:01,511 ] 86 root - INFO - Hypothesis be_000: float64, float64 
[ 2023-09-02 10:46:01,519 ] 86 root - INFO - Hypothesis bf_000: float64, float64 
[ 2023-09-02 10:46:01,527 ] 86 root - INFO - Hypothesis bg_000: float64, float64 
[ 2023-09-02 10:46:01,548 ] 86 root - INFO - Hypothesis bh_000: float64, float64 
[ 2023-09-02 10:46:01,557 ] 86 root - INFO - Hypothesis bi_000: float64, float64 
[ 2023-09-02 10:46:01,575 ] 86 root - INFO - Hypothesis bj_000: float64, float64 
[ 2023-09-02 10:46:01,584 ] 86 root - INFO - Hypothesis bs_000: float64, float64 
[ 2023-09-02 10:46:01,601 ] 86 root - INFO - Hypothesis bt_000: float64, float64 
[ 2023-09-02 10:46:01,611 ] 86 root - INFO - Hypothesis bu_000: float64, float64 
[ 2023-09-02 10:46:01,620 ] 86 root - INFO - Hypothesis bv_000: float64, float64 
[ 2023-09-02 10:46:01,637 ] 86 root - INFO - Hypothesis bx_000: float64, float64 
[ 2023-09-02 10:46:01,655 ] 86 root - INFO - Hypothesis by_000: float64, float64 
[ 2023-09-02 10:46:01,664 ] 86 root - INFO - Hypothesis bz_000: float64, float64 
[ 2023-09-02 10:46:01,672 ] 86 root - INFO - Hypothesis ca_000: float64, float64 
[ 2023-09-02 10:46:01,681 ] 86 root - INFO - Hypothesis cb_000: float64, float64 
[ 2023-09-02 10:46:01,692 ] 86 root - INFO - Hypothesis cc_000: float64, float64 
[ 2023-09-02 10:46:01,706 ] 86 root - INFO - Hypothesis cd_000: float64, float64 
[ 2023-09-02 10:46:01,744 ] 86 root - INFO - Hypothesis ce_000: float64, float64 
[ 2023-09-02 10:46:01,752 ] 86 root - INFO - Hypothesis ci_000: float64, float64 
[ 2023-09-02 10:46:01,765 ] 86 root - INFO - Hypothesis cj_000: float64, float64 
[ 2023-09-02 10:46:01,773 ] 86 root - INFO - Hypothesis ck_000: float64, float64 
[ 2023-09-02 10:46:01,794 ] 86 root - INFO - Hypothesis cl_000: float64, float64 
[ 2023-09-02 10:46:01,800 ] 86 root - INFO - Hypothesis cm_000: float64, float64 
[ 2023-09-02 10:46:01,808 ] 86 root - INFO - Hypothesis cn_000: float64, float64 
[ 2023-09-02 10:46:01,837 ] 86 root - INFO - Hypothesis cn_001: float64, float64 
[ 2023-09-02 10:46:01,844 ] 86 root - INFO - Hypothesis cn_002: float64, float64 
[ 2023-09-02 10:46:01,852 ] 86 root - INFO - Hypothesis cn_003: float64, float64 
[ 2023-09-02 10:46:01,866 ] 86 root - INFO - Hypothesis cn_004: float64, float64 
[ 2023-09-02 10:46:01,876 ] 86 root - INFO - Hypothesis cn_005: float64, float64 
[ 2023-09-02 10:46:01,903 ] 86 root - INFO - Hypothesis cn_006: float64, float64 
[ 2023-09-02 10:46:01,912 ] 86 root - INFO - Hypothesis cn_007: float64, float64 
[ 2023-09-02 10:46:01,921 ] 86 root - INFO - Hypothesis cn_008: float64, float64 
[ 2023-09-02 10:46:01,929 ] 86 root - INFO - Hypothesis cn_009: float64, float64 
[ 2023-09-02 10:46:01,951 ] 86 root - INFO - Hypothesis cp_000: float64, float64 
[ 2023-09-02 10:46:01,959 ] 86 root - INFO - Hypothesis cq_000: float64, float64 
[ 2023-09-02 10:46:01,972 ] 86 root - INFO - Hypothesis cs_000: float64, float64 
[ 2023-09-02 10:46:01,981 ] 86 root - INFO - Hypothesis cs_001: float64, float64 
[ 2023-09-02 10:46:01,997 ] 86 root - INFO - Hypothesis cs_002: float64, float64 
[ 2023-09-02 10:46:02,008 ] 86 root - INFO - Hypothesis cs_003: float64, float64 
[ 2023-09-02 10:46:02,018 ] 86 root - INFO - Hypothesis cs_004: float64, float64 
[ 2023-09-02 10:46:02,027 ] 86 root - INFO - Hypothesis cs_005: float64, float64 
[ 2023-09-02 10:46:02,036 ] 86 root - INFO - Hypothesis cs_006: float64, float64 
[ 2023-09-02 10:46:02,054 ] 86 root - INFO - Hypothesis cs_007: float64, float64 
[ 2023-09-02 10:46:02,063 ] 86 root - INFO - Hypothesis cs_008: float64, float64 
[ 2023-09-02 10:46:02,079 ] 86 root - INFO - Hypothesis cs_009: float64, float64 
[ 2023-09-02 10:46:02,117 ] 86 root - INFO - Hypothesis dd_000: float64, float64 
[ 2023-09-02 10:46:02,125 ] 86 root - INFO - Hypothesis de_000: float64, float64 
[ 2023-09-02 10:46:02,137 ] 86 root - INFO - Hypothesis df_000: float64, float64 
[ 2023-09-02 10:46:02,145 ] 86 root - INFO - Hypothesis dg_000: float64, float64 
[ 2023-09-02 10:46:02,150 ] 86 root - INFO - Hypothesis dh_000: float64, float64 
[ 2023-09-02 10:46:02,156 ] 86 root - INFO - Hypothesis di_000: float64, float64 
[ 2023-09-02 10:46:02,179 ] 86 root - INFO - Hypothesis dj_000: float64, float64 
[ 2023-09-02 10:46:02,208 ] 86 root - INFO - Hypothesis dk_000: float64, float64 
[ 2023-09-02 10:46:02,226 ] 86 root - INFO - Hypothesis dl_000: float64, float64 
[ 2023-09-02 10:46:02,247 ] 86 root - INFO - Hypothesis dm_000: float64, float64 
[ 2023-09-02 10:46:02,269 ] 86 root - INFO - Hypothesis dn_000: float64, float64 
[ 2023-09-02 10:46:02,277 ] 86 root - INFO - Hypothesis do_000: float64, float64 
[ 2023-09-02 10:46:02,286 ] 86 root - INFO - Hypothesis dp_000: float64, float64 
[ 2023-09-02 10:46:02,295 ] 86 root - INFO - Hypothesis dq_000: float64, float64 
[ 2023-09-02 10:46:02,301 ] 86 root - INFO - Hypothesis dr_000: float64, float64 
[ 2023-09-02 10:46:02,307 ] 86 root - INFO - Hypothesis ds_000: float64, float64 
[ 2023-09-02 10:46:02,321 ] 86 root - INFO - Hypothesis dt_000: float64, float64 
[ 2023-09-02 10:46:02,330 ] 86 root - INFO - Hypothesis du_000: float64, float64 
[ 2023-09-02 10:46:02,343 ] 86 root - INFO - Hypothesis dv_000: float64, float64 
[ 2023-09-02 10:46:02,356 ] 86 root - INFO - Hypothesis dx_000: float64, float64 
[ 2023-09-02 10:46:02,363 ] 86 root - INFO - Hypothesis dy_000: float64, float64 
[ 2023-09-02 10:46:02,370 ] 86 root - INFO - Hypothesis dz_000: float64, float64 
[ 2023-09-02 10:46:02,399 ] 86 root - INFO - Hypothesis ea_000: float64, float64 
[ 2023-09-02 10:46:02,420 ] 86 root - INFO - Hypothesis eb_000: float64, float64 
[ 2023-09-02 10:46:02,428 ] 86 root - INFO - Hypothesis ec_00: float64, float64 
[ 2023-09-02 10:46:02,437 ] 86 root - INFO - Hypothesis ed_000: float64, float64 
[ 2023-09-02 10:46:02,453 ] 86 root - INFO - Hypothesis ee_000: float64, float64 
[ 2023-09-02 10:46:02,463 ] 86 root - INFO - Hypothesis ee_001: float64, float64 
[ 2023-09-02 10:46:02,488 ] 86 root - INFO - Hypothesis ee_002: float64, float64 
[ 2023-09-02 10:46:02,497 ] 86 root - INFO - Hypothesis ee_003: float64, float64 
[ 2023-09-02 10:46:02,507 ] 86 root - INFO - Hypothesis ee_004: float64, float64 
[ 2023-09-02 10:46:02,520 ] 86 root - INFO - Hypothesis ee_005: float64, float64 
[ 2023-09-02 10:46:02,529 ] 86 root - INFO - Hypothesis ee_006: float64, float64 
[ 2023-09-02 10:46:02,538 ] 86 root - INFO - Hypothesis ee_007: float64, float64 
[ 2023-09-02 10:46:02,559 ] 86 root - INFO - Hypothesis ee_008: float64, float64 
[ 2023-09-02 10:46:02,567 ] 86 root - INFO - Hypothesis ee_009: float64, float64 
[ 2023-09-02 10:46:02,575 ] 86 root - INFO - Hypothesis ef_000: float64, float64 
[ 2023-09-02 10:46:02,602 ] 86 root - INFO - Hypothesis eg_000: float64, float64 
[ 2023-09-02 10:46:02,633 ] 143 root - INFO - Write reprt in yaml file
[ 2023-09-02 10:46:04,568 ] 66 root - INFO - Before resampling in training set Input: (28950, 170) Target:(28950,)
[ 2023-09-02 10:46:42,687 ] 68 root - INFO - After resampling in training set Input: (56152, 170) Target:(56152,)
[ 2023-09-02 10:46:42,688 ] 71 root - INFO - Before resampling in testing set Input: (7238, 170) Target:(7238,)
[ 2023-09-02 10:46:50,811 ] 73 root - INFO - After resampling in testing set Input: (14072, 170) Target:(14072,)
[ 2023-09-02 10:46:51,118 ] 53 root - INFO - Entered te save object method of Main utils class
[ 2023-09-02 10:46:51,122 ] 57 root - INFO - exited the save object method of Main utils class
[ 2023-09-02 10:46:51,123 ] 53 root - INFO - Entered te save object method of Main utils class
[ 2023-09-02 10:46:51,125 ] 57 root - INFO - exited the save object method of Main utils class
[ 2023-09-02 10:46:51,125 ] 91 root - INFO - Data transformation object DataTransformationArtifact(transform_object_path='/config/workspace/artifact/09022023__10_45_21/data_transformation/transformer/transformer.pkl', transformed_train_path='/config/workspace/artifact/09022023__10_45_21/data_transformation/transformed/train.npz', transformed_test_path='/config/workspace/artifact/09022023__10_45_21/data_transformation/transformed/test.npz', target_encoder_path='/config/workspace/artifact/09022023__10_45_21/data_transformation/target_encoder/target_encoder.pkl')
[ 2023-09-02 10:46:51,128 ] 14 root - INFO - >>>>>>>>>>>>>>>>>>>>>>>>>>>>>>>>>>>>>>>> Model Trainer <<<<<<<<<<<<<<<<<<<<<<<<<<<<<<<<<<<<<<<<
[ 2023-09-02 10:46:51,128 ] 39 root - INFO - Loading train and test array.
[ 2023-09-02 10:46:51,195 ] 43 root - INFO - Splitting input and target feature from both train and test arr.
[ 2023-09-02 10:46:51,195 ] 47 root - INFO - Train the model
[ 2023-09-02 10:51:35,204 ] 50 root - INFO - Calculating f1 train score
[ 2023-09-02 10:51:35,506 ] 54 root - INFO - Calculating f1 test score
[ 2023-09-02 10:51:35,602 ] 58 root - INFO - train score:0.9999821908781678 and tests score 0.9694011365292147
[ 2023-09-02 10:51:35,602 ] 59 root - INFO - Checking if our model is underfitting or not
[ 2023-09-02 10:51:35,602 ] 64 root - INFO - Checking if our model is overfiiting or not
[ 2023-09-02 10:51:35,602 ] 70 root - INFO - Saving mode object
[ 2023-09-02 10:51:35,602 ] 53 root - INFO - Entered te save object method of Main utils class
[ 2023-09-02 10:51:35,624 ] 57 root - INFO - exited the save object method of Main utils class
[ 2023-09-02 10:51:35,625 ] 73 root - INFO - Prepare the artifact
[ 2023-09-02 10:51:35,625 ] 77 root - INFO - Model trainer artifact: ModelTrainerArtifact(model_path='/config/workspace/artifact/09022023__10_45_21/model_trainer/model/model.pkl', f1_train_score=0.9999821908781678, f1_test_score=0.9694011365292147)
[ 2023-09-02 10:51:35,626 ] 36 root - INFO - if saved model folder has model the we will compare which model is best trained or the model from saved model folder
