[ 2023-09-02 11:12:27,548 ] 20 root - INFO - exporting data as pandas dataframe
[ 2023-09-02 11:12:27,548 ] 21 root - INFO - Reading data from database: aps and collection: sensor
[ 2023-09-02 11:12:35,570 ] 23 root - INFO - Found Columns: Index(['_id', 'class', 'aa_000', 'ab_000', 'ac_000', 'ad_000', 'ae_000',
       'af_000', 'ag_000', 'ag_001',
       ...
       'ee_002', 'ee_003', 'ee_004', 'ee_005', 'ee_006', 'ee_007', 'ee_008',
       'ee_009', 'ef_000', 'eg_000'],
      dtype='object', length=172)
[ 2023-09-02 11:12:35,570 ] 25 root - INFO - Dropping column: _id
[ 2023-09-02 11:12:36,158 ] 27 root - INFO - row and columnns in df: (36188, 171)
[ 2023-09-02 11:12:36,158 ] 25 root - INFO - save data in feature store
[ 2023-09-02 11:12:43,375 ] 35 root - INFO - split dataset into train and test set
[ 2023-09-02 11:12:44,056 ] 39 root - INFO - create dataset directory folder if not available
[ 2023-09-02 11:12:44,057 ] 46 root - INFO - Save df to feature store folder
[ 2023-09-02 11:12:48,025 ] 59 root - INFO - Data ingestion artifact: DataIngestionArtifact(feature_store_file_path='/config/workspace/artifact/09022023__11_12_27/data_ingestion/feature_store/sensor.csv', train_file_path='/config/workspace/artifact/09022023__11_12_27/data_ingestion/dataset/train.csv', test_file_path='/config/workspace/artifact/09022023__11_12_27/data_ingestion/dataset/test.csv')
[ 2023-09-02 11:12:49,054 ] 20 root - INFO - >>>>>>>>>>>>>>>>>>>>>>>>>>>>>>>>>>>>>>>> Data Validation <<<<<<<<<<<<<<<<<<<<<<<<<<<<<<<<<<<<<<<<
[ 2023-09-02 11:12:49,054 ] 107 root - INFO - Reading base dataframe
[ 2023-09-02 11:12:53,521 ] 110 root - INFO - Replace na value in base df
[ 2023-09-02 11:12:53,985 ] 61 root - INFO - selecting column name which contains null above to 0.2
[ 2023-09-02 11:12:53,986 ] 64 root - INFO - Columns to drop: ['ab_000', 'ad_000', 'bk_000', 'bl_000', 'bm_000', 'bn_000', 'bo_000', 'bp_000', 'bq_000', 'br_000', 'cf_000', 'cg_000', 'ch_000', 'co_000', 'cr_000', 'ct_000', 'cu_000', 'cv_000', 'cx_000', 'cy_000', 'cz_000', 'da_000', 'db_000', 'dc_000']
[ 2023-09-02 11:12:54,130 ] 115 root - INFO - Reading train dataframe
[ 2023-09-02 11:12:54,953 ] 117 root - INFO - Reading test dataframe
[ 2023-09-02 11:12:55,161 ] 120 root - INFO - Drop null values colums from train df
[ 2023-09-02 11:12:55,174 ] 61 root - INFO - selecting column name which contains null above to 0.2
[ 2023-09-02 11:12:55,175 ] 64 root - INFO - Columns to drop: ['ab_000', 'ad_000', 'bk_000', 'bl_000', 'bm_000', 'bn_000', 'bo_000', 'bp_000', 'bq_000', 'br_000', 'cf_000', 'cg_000', 'ch_000', 'co_000', 'cr_000', 'ct_000', 'cu_000', 'cv_000', 'cx_000', 'cy_000', 'cz_000', 'da_000', 'db_000', 'dc_000']
[ 2023-09-02 11:12:55,192 ] 122 root - INFO - Drop null values colums from test df
[ 2023-09-02 11:12:55,197 ] 61 root - INFO - selecting column name which contains null above to 0.2
[ 2023-09-02 11:12:55,198 ] 64 root - INFO - Columns to drop: ['ab_000', 'ad_000', 'bk_000', 'bl_000', 'bm_000', 'bn_000', 'bo_000', 'bp_000', 'bq_000', 'br_000', 'cf_000', 'cg_000', 'ch_000', 'co_000', 'cr_000', 'ct_000', 'cu_000', 'cv_000', 'cx_000', 'cy_000', 'cz_000', 'da_000', 'db_000', 'dc_000']
[ 2023-09-02 11:12:56,909 ] 130 root - INFO - Is all required columns present in train df
[ 2023-09-02 11:12:56,910 ] 132 root - INFO - Is all required columns present in test df
[ 2023-09-02 11:12:56,910 ] 136 root - INFO - As all column are available in train df hence detecting data drift
[ 2023-09-02 11:12:56,911 ] 86 root - INFO - Hypothesis class: object, object 
[ 2023-09-02 11:12:57,224 ] 86 root - INFO - Hypothesis aa_000: float64, float64 
[ 2023-09-02 11:12:57,237 ] 86 root - INFO - Hypothesis ac_000: float64, float64 
[ 2023-09-02 11:12:57,311 ] 86 root - INFO - Hypothesis ae_000: float64, float64 
[ 2023-09-02 11:12:57,368 ] 86 root - INFO - Hypothesis af_000: float64, float64 
[ 2023-09-02 11:12:57,425 ] 86 root - INFO - Hypothesis ag_000: float64, float64 
[ 2023-09-02 11:12:57,474 ] 86 root - INFO - Hypothesis ag_001: float64, float64 
[ 2023-09-02 11:12:57,524 ] 86 root - INFO - Hypothesis ag_002: float64, float64 
[ 2023-09-02 11:12:57,578 ] 86 root - INFO - Hypothesis ag_003: float64, float64 
[ 2023-09-02 11:12:57,587 ] 86 root - INFO - Hypothesis ag_004: float64, float64 
[ 2023-09-02 11:12:57,604 ] 86 root - INFO - Hypothesis ag_005: float64, float64 
[ 2023-09-02 11:12:57,620 ] 86 root - INFO - Hypothesis ag_006: float64, float64 
[ 2023-09-02 11:12:57,645 ] 86 root - INFO - Hypothesis ag_007: float64, float64 
[ 2023-09-02 11:12:57,656 ] 86 root - INFO - Hypothesis ag_008: float64, float64 
[ 2023-09-02 11:12:57,668 ] 86 root - INFO - Hypothesis ag_009: float64, float64 
[ 2023-09-02 11:12:57,682 ] 86 root - INFO - Hypothesis ah_000: float64, float64 
[ 2023-09-02 11:12:57,695 ] 86 root - INFO - Hypothesis ai_000: float64, float64 
[ 2023-09-02 11:12:57,756 ] 86 root - INFO - Hypothesis aj_000: float64, float64 
[ 2023-09-02 11:12:57,764 ] 86 root - INFO - Hypothesis ak_000: float64, float64 
[ 2023-09-02 11:12:57,815 ] 86 root - INFO - Hypothesis al_000: float64, float64 
[ 2023-09-02 11:12:57,825 ] 86 root - INFO - Hypothesis am_0: float64, float64 
[ 2023-09-02 11:12:57,835 ] 86 root - INFO - Hypothesis an_000: float64, float64 
[ 2023-09-02 11:12:57,855 ] 86 root - INFO - Hypothesis ao_000: float64, float64 
[ 2023-09-02 11:12:57,868 ] 86 root - INFO - Hypothesis ap_000: float64, float64 
[ 2023-09-02 11:12:57,883 ] 86 root - INFO - Hypothesis aq_000: float64, float64 
[ 2023-09-02 11:12:57,901 ] 86 root - INFO - Hypothesis ar_000: float64, float64 
[ 2023-09-02 11:12:57,962 ] 86 root - INFO - Hypothesis as_000: float64, float64 
[ 2023-09-02 11:12:58,014 ] 86 root - INFO - Hypothesis at_000: float64, float64 
[ 2023-09-02 11:12:58,073 ] 86 root - INFO - Hypothesis au_000: float64, float64 
[ 2023-09-02 11:12:58,135 ] 86 root - INFO - Hypothesis av_000: float64, float64 
[ 2023-09-02 11:12:58,146 ] 86 root - INFO - Hypothesis ax_000: float64, float64 
[ 2023-09-02 11:12:58,157 ] 86 root - INFO - Hypothesis ay_000: float64, float64 
[ 2023-09-02 11:12:58,212 ] 86 root - INFO - Hypothesis ay_001: float64, float64 
[ 2023-09-02 11:12:58,271 ] 86 root - INFO - Hypothesis ay_002: float64, float64 
[ 2023-09-02 11:12:58,321 ] 86 root - INFO - Hypothesis ay_003: float64, float64 
[ 2023-09-02 11:12:58,382 ] 86 root - INFO - Hypothesis ay_004: float64, float64 
[ 2023-09-02 11:12:58,431 ] 86 root - INFO - Hypothesis ay_005: float64, float64 
[ 2023-09-02 11:12:58,511 ] 86 root - INFO - Hypothesis ay_006: float64, float64 
[ 2023-09-02 11:12:58,523 ] 86 root - INFO - Hypothesis ay_007: float64, float64 
[ 2023-09-02 11:12:58,538 ] 86 root - INFO - Hypothesis ay_008: float64, float64 
[ 2023-09-02 11:12:58,551 ] 86 root - INFO - Hypothesis ay_009: float64, float64 
[ 2023-09-02 11:12:58,608 ] 86 root - INFO - Hypothesis az_000: float64, float64 
[ 2023-09-02 11:12:58,621 ] 86 root - INFO - Hypothesis az_001: float64, float64 
[ 2023-09-02 11:12:58,633 ] 86 root - INFO - Hypothesis az_002: float64, float64 
[ 2023-09-02 11:12:58,665 ] 86 root - INFO - Hypothesis az_003: float64, float64 
[ 2023-09-02 11:12:58,678 ] 86 root - INFO - Hypothesis az_004: float64, float64 
[ 2023-09-02 11:12:58,699 ] 86 root - INFO - Hypothesis az_005: float64, float64 
[ 2023-09-02 11:12:58,723 ] 86 root - INFO - Hypothesis az_006: float64, float64 
[ 2023-09-02 11:12:58,780 ] 86 root - INFO - Hypothesis az_007: float64, float64 
[ 2023-09-02 11:12:58,829 ] 86 root - INFO - Hypothesis az_008: float64, float64 
[ 2023-09-02 11:12:58,881 ] 86 root - INFO - Hypothesis az_009: float64, float64 
[ 2023-09-02 11:12:58,938 ] 86 root - INFO - Hypothesis ba_000: float64, float64 
[ 2023-09-02 11:12:58,956 ] 86 root - INFO - Hypothesis ba_001: float64, float64 
[ 2023-09-02 11:12:58,969 ] 86 root - INFO - Hypothesis ba_002: float64, float64 
[ 2023-09-02 11:12:58,982 ] 86 root - INFO - Hypothesis ba_003: float64, float64 
[ 2023-09-02 11:12:58,997 ] 86 root - INFO - Hypothesis ba_004: float64, float64 
[ 2023-09-02 11:12:59,018 ] 86 root - INFO - Hypothesis ba_005: float64, float64 
[ 2023-09-02 11:12:59,031 ] 86 root - INFO - Hypothesis ba_006: float64, float64 
[ 2023-09-02 11:12:59,045 ] 86 root - INFO - Hypothesis ba_007: float64, float64 
[ 2023-09-02 11:12:59,057 ] 86 root - INFO - Hypothesis ba_008: float64, float64 
[ 2023-09-02 11:12:59,125 ] 86 root - INFO - Hypothesis ba_009: float64, float64 
[ 2023-09-02 11:12:59,195 ] 86 root - INFO - Hypothesis bb_000: float64, float64 
[ 2023-09-02 11:12:59,208 ] 86 root - INFO - Hypothesis bc_000: float64, float64 
[ 2023-09-02 11:12:59,271 ] 86 root - INFO - Hypothesis bd_000: float64, float64 
[ 2023-09-02 11:12:59,284 ] 86 root - INFO - Hypothesis be_000: float64, float64 
[ 2023-09-02 11:12:59,295 ] 86 root - INFO - Hypothesis bf_000: float64, float64 
[ 2023-09-02 11:12:59,305 ] 86 root - INFO - Hypothesis bg_000: float64, float64 
[ 2023-09-02 11:12:59,322 ] 86 root - INFO - Hypothesis bh_000: float64, float64 
[ 2023-09-02 11:12:59,338 ] 86 root - INFO - Hypothesis bi_000: float64, float64 
[ 2023-09-02 11:12:59,355 ] 86 root - INFO - Hypothesis bj_000: float64, float64 
[ 2023-09-02 11:12:59,368 ] 86 root - INFO - Hypothesis bs_000: float64, float64 
[ 2023-09-02 11:12:59,382 ] 86 root - INFO - Hypothesis bt_000: float64, float64 
[ 2023-09-02 11:12:59,395 ] 86 root - INFO - Hypothesis bu_000: float64, float64 
[ 2023-09-02 11:12:59,412 ] 86 root - INFO - Hypothesis bv_000: float64, float64 
[ 2023-09-02 11:12:59,429 ] 86 root - INFO - Hypothesis bx_000: float64, float64 
[ 2023-09-02 11:12:59,442 ] 86 root - INFO - Hypothesis by_000: float64, float64 
[ 2023-09-02 11:12:59,455 ] 86 root - INFO - Hypothesis bz_000: float64, float64 
[ 2023-09-02 11:12:59,479 ] 86 root - INFO - Hypothesis ca_000: float64, float64 
[ 2023-09-02 11:12:59,492 ] 86 root - INFO - Hypothesis cb_000: float64, float64 
[ 2023-09-02 11:12:59,514 ] 86 root - INFO - Hypothesis cc_000: float64, float64 
[ 2023-09-02 11:12:59,527 ] 86 root - INFO - Hypothesis cd_000: float64, float64 
[ 2023-09-02 11:12:59,582 ] 86 root - INFO - Hypothesis ce_000: float64, float64 
[ 2023-09-02 11:12:59,594 ] 86 root - INFO - Hypothesis ci_000: float64, float64 
[ 2023-09-02 11:12:59,612 ] 86 root - INFO - Hypothesis cj_000: float64, float64 
[ 2023-09-02 11:12:59,668 ] 86 root - INFO - Hypothesis ck_000: float64, float64 
[ 2023-09-02 11:12:59,682 ] 86 root - INFO - Hypothesis cl_000: float64, float64 
[ 2023-09-02 11:12:59,690 ] 86 root - INFO - Hypothesis cm_000: float64, float64 
[ 2023-09-02 11:12:59,700 ] 86 root - INFO - Hypothesis cn_000: float64, float64 
[ 2023-09-02 11:12:59,755 ] 86 root - INFO - Hypothesis cn_001: float64, float64 
[ 2023-09-02 11:12:59,810 ] 86 root - INFO - Hypothesis cn_002: float64, float64 
[ 2023-09-02 11:12:59,821 ] 86 root - INFO - Hypothesis cn_003: float64, float64 
[ 2023-09-02 11:12:59,848 ] 86 root - INFO - Hypothesis cn_004: float64, float64 
[ 2023-09-02 11:12:59,862 ] 86 root - INFO - Hypothesis cn_005: float64, float64 
[ 2023-09-02 11:12:59,883 ] 86 root - INFO - Hypothesis cn_006: float64, float64 
[ 2023-09-02 11:12:59,896 ] 86 root - INFO - Hypothesis cn_007: float64, float64 
[ 2023-09-02 11:12:59,908 ] 86 root - INFO - Hypothesis cn_008: float64, float64 
[ 2023-09-02 11:12:59,928 ] 86 root - INFO - Hypothesis cn_009: float64, float64 
[ 2023-09-02 11:12:59,981 ] 86 root - INFO - Hypothesis cp_000: float64, float64 
[ 2023-09-02 11:13:00,036 ] 86 root - INFO - Hypothesis cq_000: float64, float64 
[ 2023-09-02 11:13:00,061 ] 86 root - INFO - Hypothesis cs_000: float64, float64 
[ 2023-09-02 11:13:00,074 ] 86 root - INFO - Hypothesis cs_001: float64, float64 
[ 2023-09-02 11:13:00,089 ] 86 root - INFO - Hypothesis cs_002: float64, float64 
[ 2023-09-02 11:13:00,102 ] 86 root - INFO - Hypothesis cs_003: float64, float64 
[ 2023-09-02 11:13:00,116 ] 86 root - INFO - Hypothesis cs_004: float64, float64 
[ 2023-09-02 11:13:00,133 ] 86 root - INFO - Hypothesis cs_005: float64, float64 
[ 2023-09-02 11:13:00,146 ] 86 root - INFO - Hypothesis cs_006: float64, float64 
[ 2023-09-02 11:13:00,171 ] 86 root - INFO - Hypothesis cs_007: float64, float64 
[ 2023-09-02 11:13:00,184 ] 86 root - INFO - Hypothesis cs_008: float64, float64 
[ 2023-09-02 11:13:00,247 ] 86 root - INFO - Hypothesis cs_009: float64, float64 
[ 2023-09-02 11:13:00,301 ] 86 root - INFO - Hypothesis dd_000: float64, float64 
[ 2023-09-02 11:13:00,314 ] 86 root - INFO - Hypothesis de_000: float64, float64 
[ 2023-09-02 11:13:00,329 ] 86 root - INFO - Hypothesis df_000: float64, float64 
[ 2023-09-02 11:13:00,377 ] 86 root - INFO - Hypothesis dg_000: float64, float64 
[ 2023-09-02 11:13:00,441 ] 86 root - INFO - Hypothesis dh_000: float64, float64 
[ 2023-09-02 11:13:00,449 ] 86 root - INFO - Hypothesis di_000: float64, float64 
[ 2023-09-02 11:13:00,511 ] 86 root - INFO - Hypothesis dj_000: float64, float64 
[ 2023-09-02 11:13:00,566 ] 86 root - INFO - Hypothesis dk_000: float64, float64 
[ 2023-09-02 11:13:00,626 ] 86 root - INFO - Hypothesis dl_000: float64, float64 
[ 2023-09-02 11:13:00,679 ] 86 root - INFO - Hypothesis dm_000: float64, float64 
[ 2023-09-02 11:13:00,732 ] 86 root - INFO - Hypothesis dn_000: float64, float64 
[ 2023-09-02 11:13:00,745 ] 86 root - INFO - Hypothesis do_000: float64, float64 
[ 2023-09-02 11:13:00,757 ] 86 root - INFO - Hypothesis dp_000: float64, float64 
[ 2023-09-02 11:13:00,777 ] 86 root - INFO - Hypothesis dq_000: float64, float64 
[ 2023-09-02 11:13:00,832 ] 86 root - INFO - Hypothesis dr_000: float64, float64 
[ 2023-09-02 11:13:00,883 ] 86 root - INFO - Hypothesis ds_000: float64, float64 
[ 2023-09-02 11:13:00,900 ] 86 root - INFO - Hypothesis dt_000: float64, float64 
[ 2023-09-02 11:13:00,913 ] 86 root - INFO - Hypothesis du_000: float64, float64 
[ 2023-09-02 11:13:00,932 ] 86 root - INFO - Hypothesis dv_000: float64, float64 
[ 2023-09-02 11:13:00,945 ] 86 root - INFO - Hypothesis dx_000: float64, float64 
[ 2023-09-02 11:13:00,999 ] 86 root - INFO - Hypothesis dy_000: float64, float64 
[ 2023-09-02 11:13:01,065 ] 86 root - INFO - Hypothesis dz_000: float64, float64 
[ 2023-09-02 11:13:01,122 ] 86 root - INFO - Hypothesis ea_000: float64, float64 
[ 2023-09-02 11:13:01,189 ] 86 root - INFO - Hypothesis eb_000: float64, float64 
[ 2023-09-02 11:13:01,200 ] 86 root - INFO - Hypothesis ec_00: float64, float64 
[ 2023-09-02 11:13:01,213 ] 86 root - INFO - Hypothesis ed_000: float64, float64 
[ 2023-09-02 11:13:01,228 ] 86 root - INFO - Hypothesis ee_000: float64, float64 
[ 2023-09-02 11:13:01,241 ] 86 root - INFO - Hypothesis ee_001: float64, float64 
[ 2023-09-02 11:13:01,255 ] 86 root - INFO - Hypothesis ee_002: float64, float64 
[ 2023-09-02 11:13:01,268 ] 86 root - INFO - Hypothesis ee_003: float64, float64 
[ 2023-09-02 11:13:01,281 ] 86 root - INFO - Hypothesis ee_004: float64, float64 
[ 2023-09-02 11:13:01,298 ] 86 root - INFO - Hypothesis ee_005: float64, float64 
[ 2023-09-02 11:13:01,311 ] 86 root - INFO - Hypothesis ee_006: float64, float64 
[ 2023-09-02 11:13:01,332 ] 86 root - INFO - Hypothesis ee_007: float64, float64 
[ 2023-09-02 11:13:01,345 ] 86 root - INFO - Hypothesis ee_008: float64, float64 
[ 2023-09-02 11:13:01,357 ] 86 root - INFO - Hypothesis ee_009: float64, float64 
[ 2023-09-02 11:13:01,372 ] 86 root - INFO - Hypothesis ef_000: float64, float64 
[ 2023-09-02 11:13:01,429 ] 86 root - INFO - Hypothesis eg_000: float64, float64 
[ 2023-09-02 11:13:01,483 ] 140 root - INFO - As all column are available in test df hence detecting data drift
[ 2023-09-02 11:13:01,483 ] 86 root - INFO - Hypothesis class: object, object 
[ 2023-09-02 11:13:01,617 ] 86 root - INFO - Hypothesis aa_000: float64, float64 
[ 2023-09-02 11:13:01,626 ] 86 root - INFO - Hypothesis ac_000: float64, float64 
[ 2023-09-02 11:13:01,634 ] 86 root - INFO - Hypothesis ae_000: float64, float64 
[ 2023-09-02 11:13:01,656 ] 86 root - INFO - Hypothesis af_000: float64, float64 
[ 2023-09-02 11:13:01,683 ] 86 root - INFO - Hypothesis ag_000: float64, float64 
[ 2023-09-02 11:13:01,715 ] 86 root - INFO - Hypothesis ag_001: float64, float64 
[ 2023-09-02 11:13:01,740 ] 86 root - INFO - Hypothesis ag_002: float64, float64 
[ 2023-09-02 11:13:01,745 ] 86 root - INFO - Hypothesis ag_003: float64, float64 
[ 2023-09-02 11:13:01,752 ] 86 root - INFO - Hypothesis ag_004: float64, float64 
[ 2023-09-02 11:13:01,761 ] 86 root - INFO - Hypothesis ag_005: float64, float64 
[ 2023-09-02 11:13:01,774 ] 86 root - INFO - Hypothesis ag_006: float64, float64 
[ 2023-09-02 11:13:01,783 ] 86 root - INFO - Hypothesis ag_007: float64, float64 
[ 2023-09-02 11:13:01,792 ] 86 root - INFO - Hypothesis ag_008: float64, float64 
[ 2023-09-02 11:13:01,799 ] 86 root - INFO - Hypothesis ag_009: float64, float64 
[ 2023-09-02 11:13:01,806 ] 86 root - INFO - Hypothesis ah_000: float64, float64 
[ 2023-09-02 11:13:01,817 ] 86 root - INFO - Hypothesis ai_000: float64, float64 
[ 2023-09-02 11:13:01,822 ] 86 root - INFO - Hypothesis aj_000: float64, float64 
[ 2023-09-02 11:13:01,828 ] 86 root - INFO - Hypothesis ak_000: float64, float64 
[ 2023-09-02 11:13:01,833 ] 86 root - INFO - Hypothesis al_000: float64, float64 
[ 2023-09-02 11:13:01,840 ] 86 root - INFO - Hypothesis am_0: float64, float64 
[ 2023-09-02 11:13:01,852 ] 86 root - INFO - Hypothesis an_000: float64, float64 
[ 2023-09-02 11:13:01,861 ] 86 root - INFO - Hypothesis ao_000: float64, float64 
[ 2023-09-02 11:13:01,870 ] 86 root - INFO - Hypothesis ap_000: float64, float64 
[ 2023-09-02 11:13:01,879 ] 86 root - INFO - Hypothesis aq_000: float64, float64 
[ 2023-09-02 11:13:01,904 ] 86 root - INFO - Hypothesis ar_000: float64, float64 
[ 2023-09-02 11:13:01,927 ] 86 root - INFO - Hypothesis as_000: float64, float64 
[ 2023-09-02 11:13:01,952 ] 86 root - INFO - Hypothesis at_000: float64, float64 
[ 2023-09-02 11:13:01,977 ] 86 root - INFO - Hypothesis au_000: float64, float64 
[ 2023-09-02 11:13:01,998 ] 86 root - INFO - Hypothesis av_000: float64, float64 
[ 2023-09-02 11:13:02,006 ] 86 root - INFO - Hypothesis ax_000: float64, float64 
[ 2023-09-02 11:13:02,013 ] 86 root - INFO - Hypothesis ay_000: float64, float64 
[ 2023-09-02 11:13:02,034 ] 86 root - INFO - Hypothesis ay_001: float64, float64 
[ 2023-09-02 11:13:02,054 ] 86 root - INFO - Hypothesis ay_002: float64, float64 
[ 2023-09-02 11:13:02,075 ] 86 root - INFO - Hypothesis ay_003: float64, float64 
[ 2023-09-02 11:13:02,096 ] 86 root - INFO - Hypothesis ay_004: float64, float64 
[ 2023-09-02 11:13:02,117 ] 86 root - INFO - Hypothesis ay_005: float64, float64 
[ 2023-09-02 11:13:02,124 ] 86 root - INFO - Hypothesis ay_006: float64, float64 
[ 2023-09-02 11:13:02,132 ] 86 root - INFO - Hypothesis ay_007: float64, float64 
[ 2023-09-02 11:13:02,141 ] 86 root - INFO - Hypothesis ay_008: float64, float64 
[ 2023-09-02 11:13:02,150 ] 86 root - INFO - Hypothesis ay_009: float64, float64 
[ 2023-09-02 11:13:02,171 ] 86 root - INFO - Hypothesis az_000: float64, float64 
[ 2023-09-02 11:13:02,180 ] 86 root - INFO - Hypothesis az_001: float64, float64 
[ 2023-09-02 11:13:02,188 ] 86 root - INFO - Hypothesis az_002: float64, float64 
[ 2023-09-02 11:13:02,201 ] 86 root - INFO - Hypothesis az_003: float64, float64 
[ 2023-09-02 11:13:02,222 ] 86 root - INFO - Hypothesis az_004: float64, float64 
[ 2023-09-02 11:13:02,239 ] 86 root - INFO - Hypothesis az_005: float64, float64 
[ 2023-09-02 11:13:02,249 ] 86 root - INFO - Hypothesis az_006: float64, float64 
[ 2023-09-02 11:13:02,257 ] 86 root - INFO - Hypothesis az_007: float64, float64 
[ 2023-09-02 11:13:02,263 ] 86 root - INFO - Hypothesis az_008: float64, float64 
[ 2023-09-02 11:13:02,293 ] 86 root - INFO - Hypothesis az_009: float64, float64 
[ 2023-09-02 11:13:02,313 ] 86 root - INFO - Hypothesis ba_000: float64, float64 
[ 2023-09-02 11:13:02,322 ] 86 root - INFO - Hypothesis ba_001: float64, float64 
[ 2023-09-02 11:13:02,332 ] 86 root - INFO - Hypothesis ba_002: float64, float64 
[ 2023-09-02 11:13:02,341 ] 86 root - INFO - Hypothesis ba_003: float64, float64 
[ 2023-09-02 11:13:02,350 ] 86 root - INFO - Hypothesis ba_004: float64, float64 
[ 2023-09-02 11:13:02,363 ] 86 root - INFO - Hypothesis ba_005: float64, float64 
[ 2023-09-02 11:13:02,372 ] 86 root - INFO - Hypothesis ba_006: float64, float64 
[ 2023-09-02 11:13:02,381 ] 86 root - INFO - Hypothesis ba_007: float64, float64 
[ 2023-09-02 11:13:02,390 ] 86 root - INFO - Hypothesis ba_008: float64, float64 
[ 2023-09-02 11:13:02,401 ] 86 root - INFO - Hypothesis ba_009: float64, float64 
[ 2023-09-02 11:13:02,408 ] 86 root - INFO - Hypothesis bb_000: float64, float64 
[ 2023-09-02 11:13:02,417 ] 86 root - INFO - Hypothesis bc_000: float64, float64 
[ 2023-09-02 11:13:02,427 ] 86 root - INFO - Hypothesis bd_000: float64, float64 
[ 2023-09-02 11:13:02,435 ] 86 root - INFO - Hypothesis be_000: float64, float64 
[ 2023-09-02 11:13:02,443 ] 86 root - INFO - Hypothesis bf_000: float64, float64 
[ 2023-09-02 11:13:02,454 ] 86 root - INFO - Hypothesis bg_000: float64, float64 
[ 2023-09-02 11:13:02,464 ] 86 root - INFO - Hypothesis bh_000: float64, float64 
[ 2023-09-02 11:13:02,473 ] 86 root - INFO - Hypothesis bi_000: float64, float64 
[ 2023-09-02 11:13:02,483 ] 86 root - INFO - Hypothesis bj_000: float64, float64 
[ 2023-09-02 11:13:02,492 ] 86 root - INFO - Hypothesis bs_000: float64, float64 
[ 2023-09-02 11:13:02,501 ] 86 root - INFO - Hypothesis bt_000: float64, float64 
[ 2023-09-02 11:13:02,512 ] 86 root - INFO - Hypothesis bu_000: float64, float64 
[ 2023-09-02 11:13:02,521 ] 86 root - INFO - Hypothesis bv_000: float64, float64 
[ 2023-09-02 11:13:02,560 ] 86 root - INFO - Hypothesis bx_000: float64, float64 
[ 2023-09-02 11:13:02,569 ] 86 root - INFO - Hypothesis by_000: float64, float64 
[ 2023-09-02 11:13:02,582 ] 86 root - INFO - Hypothesis bz_000: float64, float64 
[ 2023-09-02 11:13:02,591 ] 86 root - INFO - Hypothesis ca_000: float64, float64 
[ 2023-09-02 11:13:02,601 ] 86 root - INFO - Hypothesis cb_000: float64, float64 
[ 2023-09-02 11:13:02,610 ] 86 root - INFO - Hypothesis cc_000: float64, float64 
[ 2023-09-02 11:13:02,623 ] 86 root - INFO - Hypothesis cd_000: float64, float64 
[ 2023-09-02 11:13:02,650 ] 86 root - INFO - Hypothesis ce_000: float64, float64 
[ 2023-09-02 11:13:02,658 ] 86 root - INFO - Hypothesis ci_000: float64, float64 
[ 2023-09-02 11:13:02,668 ] 86 root - INFO - Hypothesis cj_000: float64, float64 
[ 2023-09-02 11:13:02,678 ] 86 root - INFO - Hypothesis ck_000: float64, float64 
[ 2023-09-02 11:13:02,688 ] 86 root - INFO - Hypothesis cl_000: float64, float64 
[ 2023-09-02 11:13:02,694 ] 86 root - INFO - Hypothesis cm_000: float64, float64 
[ 2023-09-02 11:13:02,728 ] 86 root - INFO - Hypothesis cn_000: float64, float64 
[ 2023-09-02 11:13:02,757 ] 86 root - INFO - Hypothesis cn_001: float64, float64 
[ 2023-09-02 11:13:02,764 ] 86 root - INFO - Hypothesis cn_002: float64, float64 
[ 2023-09-02 11:13:02,771 ] 86 root - INFO - Hypothesis cn_003: float64, float64 
[ 2023-09-02 11:13:02,781 ] 86 root - INFO - Hypothesis cn_004: float64, float64 
[ 2023-09-02 11:13:02,794 ] 86 root - INFO - Hypothesis cn_005: float64, float64 
[ 2023-09-02 11:13:02,804 ] 86 root - INFO - Hypothesis cn_006: float64, float64 
[ 2023-09-02 11:13:02,813 ] 86 root - INFO - Hypothesis cn_007: float64, float64 
[ 2023-09-02 11:13:02,826 ] 86 root - INFO - Hypothesis cn_008: float64, float64 
[ 2023-09-02 11:13:02,835 ] 86 root - INFO - Hypothesis cn_009: float64, float64 
[ 2023-09-02 11:13:02,842 ] 86 root - INFO - Hypothesis cp_000: float64, float64 
[ 2023-09-02 11:13:02,849 ] 86 root - INFO - Hypothesis cq_000: float64, float64 
[ 2023-09-02 11:13:02,866 ] 86 root - INFO - Hypothesis cs_000: float64, float64 
[ 2023-09-02 11:13:02,875 ] 86 root - INFO - Hypothesis cs_001: float64, float64 
[ 2023-09-02 11:13:02,910 ] 86 root - INFO - Hypothesis cs_002: float64, float64 
[ 2023-09-02 11:13:02,919 ] 86 root - INFO - Hypothesis cs_003: float64, float64 
[ 2023-09-02 11:13:02,928 ] 86 root - INFO - Hypothesis cs_004: float64, float64 
[ 2023-09-02 11:13:02,941 ] 86 root - INFO - Hypothesis cs_005: float64, float64 
[ 2023-09-02 11:13:02,951 ] 86 root - INFO - Hypothesis cs_006: float64, float64 
[ 2023-09-02 11:13:02,960 ] 86 root - INFO - Hypothesis cs_007: float64, float64 
[ 2023-09-02 11:13:02,973 ] 86 root - INFO - Hypothesis cs_008: float64, float64 
[ 2023-09-02 11:13:02,981 ] 86 root - INFO - Hypothesis cs_009: float64, float64 
[ 2023-09-02 11:13:03,005 ] 86 root - INFO - Hypothesis dd_000: float64, float64 
[ 2023-09-02 11:13:03,014 ] 86 root - INFO - Hypothesis de_000: float64, float64 
[ 2023-09-02 11:13:03,033 ] 86 root - INFO - Hypothesis df_000: float64, float64 
[ 2023-09-02 11:13:03,038 ] 86 root - INFO - Hypothesis dg_000: float64, float64 
[ 2023-09-02 11:13:03,044 ] 86 root - INFO - Hypothesis dh_000: float64, float64 
[ 2023-09-02 11:13:03,049 ] 86 root - INFO - Hypothesis di_000: float64, float64 
[ 2023-09-02 11:13:03,056 ] 86 root - INFO - Hypothesis dj_000: float64, float64 
[ 2023-09-02 11:13:03,099 ] 86 root - INFO - Hypothesis dk_000: float64, float64 
[ 2023-09-02 11:13:03,104 ] 86 root - INFO - Hypothesis dl_000: float64, float64 
[ 2023-09-02 11:13:03,127 ] 86 root - INFO - Hypothesis dm_000: float64, float64 
[ 2023-09-02 11:13:03,153 ] 86 root - INFO - Hypothesis dn_000: float64, float64 
[ 2023-09-02 11:13:03,162 ] 86 root - INFO - Hypothesis do_000: float64, float64 
[ 2023-09-02 11:13:03,175 ] 86 root - INFO - Hypothesis dp_000: float64, float64 
[ 2023-09-02 11:13:03,183 ] 86 root - INFO - Hypothesis dq_000: float64, float64 
[ 2023-09-02 11:13:03,192 ] 86 root - INFO - Hypothesis dr_000: float64, float64 
[ 2023-09-02 11:13:03,206 ] 86 root - INFO - Hypothesis ds_000: float64, float64 
[ 2023-09-02 11:13:03,215 ] 86 root - INFO - Hypothesis dt_000: float64, float64 
[ 2023-09-02 11:13:03,231 ] 86 root - INFO - Hypothesis du_000: float64, float64 
[ 2023-09-02 11:13:03,253 ] 86 root - INFO - Hypothesis dv_000: float64, float64 
[ 2023-09-02 11:13:03,262 ] 86 root - INFO - Hypothesis dx_000: float64, float64 
[ 2023-09-02 11:13:03,281 ] 86 root - INFO - Hypothesis dy_000: float64, float64 
[ 2023-09-02 11:13:03,287 ] 86 root - INFO - Hypothesis dz_000: float64, float64 
[ 2023-09-02 11:13:03,310 ] 86 root - INFO - Hypothesis ea_000: float64, float64 
[ 2023-09-02 11:13:03,340 ] 86 root - INFO - Hypothesis eb_000: float64, float64 
[ 2023-09-02 11:13:03,351 ] 86 root - INFO - Hypothesis ec_00: float64, float64 
[ 2023-09-02 11:13:03,363 ] 86 root - INFO - Hypothesis ed_000: float64, float64 
[ 2023-09-02 11:13:03,372 ] 86 root - INFO - Hypothesis ee_000: float64, float64 
[ 2023-09-02 11:13:03,381 ] 86 root - INFO - Hypothesis ee_001: float64, float64 
[ 2023-09-02 11:13:03,398 ] 86 root - INFO - Hypothesis ee_002: float64, float64 
[ 2023-09-02 11:13:03,408 ] 86 root - INFO - Hypothesis ee_003: float64, float64 
[ 2023-09-02 11:13:03,417 ] 86 root - INFO - Hypothesis ee_004: float64, float64 
[ 2023-09-02 11:13:03,446 ] 86 root - INFO - Hypothesis ee_005: float64, float64 
[ 2023-09-02 11:13:03,459 ] 86 root - INFO - Hypothesis ee_006: float64, float64 
[ 2023-09-02 11:13:03,468 ] 86 root - INFO - Hypothesis ee_007: float64, float64 
[ 2023-09-02 11:13:03,476 ] 86 root - INFO - Hypothesis ee_008: float64, float64 
[ 2023-09-02 11:13:03,485 ] 86 root - INFO - Hypothesis ee_009: float64, float64 
[ 2023-09-02 11:13:03,499 ] 86 root - INFO - Hypothesis ef_000: float64, float64 
[ 2023-09-02 11:13:03,520 ] 86 root - INFO - Hypothesis eg_000: float64, float64 
[ 2023-09-02 11:13:03,548 ] 143 root - INFO - Write reprt in yaml file
[ 2023-09-02 11:13:05,370 ] 66 root - INFO - Before resampling in training set Input: (28950, 170) Target:(28950,)
[ 2023-09-02 11:13:41,078 ] 68 root - INFO - After resampling in training set Input: (56152, 170) Target:(56152,)
[ 2023-09-02 11:13:41,079 ] 71 root - INFO - Before resampling in testing set Input: (7238, 170) Target:(7238,)
[ 2023-09-02 11:13:49,294 ] 73 root - INFO - After resampling in testing set Input: (14072, 170) Target:(14072,)
[ 2023-09-02 11:13:49,638 ] 53 root - INFO - Entered te save object method of Main utils class
[ 2023-09-02 11:13:49,647 ] 57 root - INFO - exited the save object method of Main utils class
[ 2023-09-02 11:13:49,647 ] 53 root - INFO - Entered te save object method of Main utils class
[ 2023-09-02 11:13:49,648 ] 57 root - INFO - exited the save object method of Main utils class
[ 2023-09-02 11:13:49,648 ] 91 root - INFO - Data transformation object DataTransformationArtifact(transform_object_path='/config/workspace/artifact/09022023__11_12_27/data_transformation/transformer/transformer.pkl', transformed_train_path='/config/workspace/artifact/09022023__11_12_27/data_transformation/transformed/train.npz', transformed_test_path='/config/workspace/artifact/09022023__11_12_27/data_transformation/transformed/test.npz', target_encoder_path='/config/workspace/artifact/09022023__11_12_27/data_transformation/target_encoder/target_encoder.pkl')
[ 2023-09-02 11:13:49,650 ] 14 root - INFO - >>>>>>>>>>>>>>>>>>>>>>>>>>>>>>>>>>>>>>>> Model Trainer <<<<<<<<<<<<<<<<<<<<<<<<<<<<<<<<<<<<<<<<
[ 2023-09-02 11:13:49,650 ] 39 root - INFO - Loading train and test array.
[ 2023-09-02 11:13:49,756 ] 43 root - INFO - Splitting input and target feature from both train and test arr.
[ 2023-09-02 11:13:49,756 ] 47 root - INFO - Train the model
[ 2023-09-02 11:18:18,591 ] 50 root - INFO - Calculating f1 train score
[ 2023-09-02 11:18:18,854 ] 54 root - INFO - Calculating f1 test score
[ 2023-09-02 11:18:18,960 ] 58 root - INFO - train score:0.9999821908781678 and tests score 0.9694011365292147
[ 2023-09-02 11:18:18,960 ] 59 root - INFO - Checking if our model is underfitting or not
[ 2023-09-02 11:18:18,961 ] 64 root - INFO - Checking if our model is overfiiting or not
[ 2023-09-02 11:18:18,961 ] 70 root - INFO - Saving mode object
[ 2023-09-02 11:18:18,961 ] 53 root - INFO - Entered te save object method of Main utils class
[ 2023-09-02 11:18:18,994 ] 57 root - INFO - exited the save object method of Main utils class
[ 2023-09-02 11:18:18,994 ] 73 root - INFO - Prepare the artifact
[ 2023-09-02 11:18:18,994 ] 77 root - INFO - Model trainer artifact: ModelTrainerArtifact(model_path='/config/workspace/artifact/09022023__11_12_27/model_trainer/model/model.pkl', f1_train_score=0.9999821908781678, f1_test_score=0.9694011365292147)
[ 2023-09-02 11:18:18,995 ] 36 root - INFO - if saved model folder has model the we will compare which model is best trained or the model from saved model folder
[ 2023-09-02 11:18:18,995 ] 26 root - INFO - Loading transformer model and target encoder
[ 2023-09-02 11:18:19,052 ] 32 root - INFO - Saving model into model pusher directory
[ 2023-09-02 11:18:19,052 ] 53 root - INFO - Entered te save object method of Main utils class
[ 2023-09-02 11:18:19,055 ] 57 root - INFO - exited the save object method of Main utils class
[ 2023-09-02 11:18:19,055 ] 53 root - INFO - Entered te save object method of Main utils class
[ 2023-09-02 11:18:19,106 ] 57 root - INFO - exited the save object method of Main utils class
[ 2023-09-02 11:18:19,106 ] 53 root - INFO - Entered te save object method of Main utils class
[ 2023-09-02 11:18:19,107 ] 57 root - INFO - exited the save object method of Main utils class
[ 2023-09-02 11:18:19,107 ] 39 root - INFO - Saving model in saved model dir
