[ 2023-09-02 19:09:25,293 ] 20 root - INFO - exporting data as pandas dataframe
[ 2023-09-02 19:09:25,293 ] 21 root - INFO - Reading data from database: aps and collection: sensor
[ 2023-09-02 19:09:33,006 ] 23 root - INFO - Found Columns: Index(['_id', 'class', 'aa_000', 'ab_000', 'ac_000', 'ad_000', 'ae_000',
       'af_000', 'ag_000', 'ag_001',
       ...
       'ee_002', 'ee_003', 'ee_004', 'ee_005', 'ee_006', 'ee_007', 'ee_008',
       'ee_009', 'ef_000', 'eg_000'],
      dtype='object', length=172)
[ 2023-09-02 19:09:33,006 ] 25 root - INFO - Dropping column: _id
[ 2023-09-02 19:09:33,628 ] 27 root - INFO - row and columnns in df: (36188, 171)
[ 2023-09-02 19:09:33,628 ] 25 root - INFO - save data in feature store
[ 2023-09-02 19:09:40,437 ] 35 root - INFO - split dataset into train and test set
[ 2023-09-02 19:09:41,017 ] 39 root - INFO - create dataset directory folder if not available
[ 2023-09-02 19:09:41,021 ] 46 root - INFO - Save df to feature store folder
[ 2023-09-02 19:09:45,188 ] 59 root - INFO - Data ingestion artifact: DataIngestionArtifact(feature_store_file_path='/config/workspace/artifact/09022023__19_09_25/data_ingestion/feature_store/sensor.csv', train_file_path='/config/workspace/artifact/09022023__19_09_25/data_ingestion/dataset/train.csv', test_file_path='/config/workspace/artifact/09022023__19_09_25/data_ingestion/dataset/test.csv')
[ 2023-09-02 19:09:46,153 ] 20 root - INFO - >>>>>>>>>>>>>>>>>>>>>>>>>>>>>>>>>>>>>>>> Data Validation <<<<<<<<<<<<<<<<<<<<<<<<<<<<<<<<<<<<<<<<
[ 2023-09-02 19:09:46,153 ] 107 root - INFO - Reading base dataframe
[ 2023-09-02 19:09:50,245 ] 110 root - INFO - Replace na value in base df
[ 2023-09-02 19:09:50,678 ] 61 root - INFO - selecting column name which contains null above to 0.2
[ 2023-09-02 19:09:50,678 ] 64 root - INFO - Columns to drop: ['ab_000', 'ad_000', 'bk_000', 'bl_000', 'bm_000', 'bn_000', 'bo_000', 'bp_000', 'bq_000', 'br_000', 'cf_000', 'cg_000', 'ch_000', 'co_000', 'cr_000', 'ct_000', 'cu_000', 'cv_000', 'cx_000', 'cy_000', 'cz_000', 'da_000', 'db_000', 'dc_000']
[ 2023-09-02 19:09:50,827 ] 115 root - INFO - Reading train dataframe
[ 2023-09-02 19:09:51,613 ] 117 root - INFO - Reading test dataframe
[ 2023-09-02 19:09:51,839 ] 120 root - INFO - Drop null values colums from train df
[ 2023-09-02 19:09:51,851 ] 61 root - INFO - selecting column name which contains null above to 0.2
[ 2023-09-02 19:09:51,852 ] 64 root - INFO - Columns to drop: ['ab_000', 'ad_000', 'bk_000', 'bl_000', 'bm_000', 'bn_000', 'bo_000', 'bp_000', 'bq_000', 'br_000', 'cf_000', 'cg_000', 'ch_000', 'co_000', 'cr_000', 'ct_000', 'cu_000', 'cv_000', 'cx_000', 'cy_000', 'cz_000', 'da_000', 'db_000', 'dc_000']
[ 2023-09-02 19:09:51,874 ] 122 root - INFO - Drop null values colums from test df
[ 2023-09-02 19:09:51,878 ] 61 root - INFO - selecting column name which contains null above to 0.2
[ 2023-09-02 19:09:51,879 ] 64 root - INFO - Columns to drop: ['ab_000', 'ad_000', 'bk_000', 'bl_000', 'bm_000', 'bn_000', 'bo_000', 'bp_000', 'bq_000', 'br_000', 'cf_000', 'cg_000', 'ch_000', 'co_000', 'cr_000', 'ct_000', 'cu_000', 'cv_000', 'cx_000', 'cy_000', 'cz_000', 'da_000', 'db_000', 'dc_000']
[ 2023-09-02 19:09:53,582 ] 130 root - INFO - Is all required columns present in train df
[ 2023-09-02 19:09:53,582 ] 132 root - INFO - Is all required columns present in test df
[ 2023-09-02 19:09:53,582 ] 136 root - INFO - As all column are available in train df hence detecting data drift
[ 2023-09-02 19:09:53,583 ] 86 root - INFO - Hypothesis class: object, object 
[ 2023-09-02 19:09:53,871 ] 86 root - INFO - Hypothesis aa_000: float64, float64 
[ 2023-09-02 19:09:53,884 ] 86 root - INFO - Hypothesis ac_000: float64, float64 
[ 2023-09-02 19:09:53,956 ] 86 root - INFO - Hypothesis ae_000: float64, float64 
[ 2023-09-02 19:09:54,004 ] 86 root - INFO - Hypothesis af_000: float64, float64 
[ 2023-09-02 19:09:54,066 ] 86 root - INFO - Hypothesis ag_000: float64, float64 
[ 2023-09-02 19:09:54,136 ] 86 root - INFO - Hypothesis ag_001: float64, float64 
[ 2023-09-02 19:09:54,211 ] 86 root - INFO - Hypothesis ag_002: float64, float64 
[ 2023-09-02 19:09:54,288 ] 86 root - INFO - Hypothesis ag_003: float64, float64 
[ 2023-09-02 19:09:54,298 ] 86 root - INFO - Hypothesis ag_004: float64, float64 
[ 2023-09-02 19:09:54,336 ] 86 root - INFO - Hypothesis ag_005: float64, float64 
[ 2023-09-02 19:09:54,354 ] 86 root - INFO - Hypothesis ag_006: float64, float64 
[ 2023-09-02 19:09:54,369 ] 86 root - INFO - Hypothesis ag_007: float64, float64 
[ 2023-09-02 19:09:54,384 ] 86 root - INFO - Hypothesis ag_008: float64, float64 
[ 2023-09-02 19:09:54,399 ] 86 root - INFO - Hypothesis ag_009: float64, float64 
[ 2023-09-02 19:09:54,408 ] 86 root - INFO - Hypothesis ah_000: float64, float64 
[ 2023-09-02 19:09:54,429 ] 86 root - INFO - Hypothesis ai_000: float64, float64 
[ 2023-09-02 19:09:54,493 ] 86 root - INFO - Hypothesis aj_000: float64, float64 
[ 2023-09-02 19:09:54,501 ] 86 root - INFO - Hypothesis ak_000: float64, float64 
[ 2023-09-02 19:09:54,559 ] 86 root - INFO - Hypothesis al_000: float64, float64 
[ 2023-09-02 19:09:54,568 ] 86 root - INFO - Hypothesis am_0: float64, float64 
[ 2023-09-02 19:09:54,585 ] 86 root - INFO - Hypothesis an_000: float64, float64 
[ 2023-09-02 19:09:54,603 ] 86 root - INFO - Hypothesis ao_000: float64, float64 
[ 2023-09-02 19:09:54,622 ] 86 root - INFO - Hypothesis ap_000: float64, float64 
[ 2023-09-02 19:09:54,642 ] 86 root - INFO - Hypothesis aq_000: float64, float64 
[ 2023-09-02 19:09:54,655 ] 86 root - INFO - Hypothesis ar_000: float64, float64 
[ 2023-09-02 19:09:54,725 ] 86 root - INFO - Hypothesis as_000: float64, float64 
[ 2023-09-02 19:09:54,786 ] 86 root - INFO - Hypothesis at_000: float64, float64 
[ 2023-09-02 19:09:54,851 ] 86 root - INFO - Hypothesis au_000: float64, float64 
[ 2023-09-02 19:09:54,919 ] 86 root - INFO - Hypothesis av_000: float64, float64 
[ 2023-09-02 19:09:54,934 ] 86 root - INFO - Hypothesis ax_000: float64, float64 
[ 2023-09-02 19:09:54,956 ] 86 root - INFO - Hypothesis ay_000: float64, float64 
[ 2023-09-02 19:09:55,008 ] 86 root - INFO - Hypothesis ay_001: float64, float64 
[ 2023-09-02 19:09:55,068 ] 86 root - INFO - Hypothesis ay_002: float64, float64 
[ 2023-09-02 19:09:55,141 ] 86 root - INFO - Hypothesis ay_003: float64, float64 
[ 2023-09-02 19:09:55,204 ] 86 root - INFO - Hypothesis ay_004: float64, float64 
[ 2023-09-02 19:09:55,265 ] 86 root - INFO - Hypothesis ay_005: float64, float64 
[ 2023-09-02 19:09:55,339 ] 86 root - INFO - Hypothesis ay_006: float64, float64 
[ 2023-09-02 19:09:55,351 ] 86 root - INFO - Hypothesis ay_007: float64, float64 
[ 2023-09-02 19:09:55,364 ] 86 root - INFO - Hypothesis ay_008: float64, float64 
[ 2023-09-02 19:09:55,381 ] 86 root - INFO - Hypothesis ay_009: float64, float64 
[ 2023-09-02 19:09:55,436 ] 86 root - INFO - Hypothesis az_000: float64, float64 
[ 2023-09-02 19:09:55,457 ] 86 root - INFO - Hypothesis az_001: float64, float64 
[ 2023-09-02 19:09:55,479 ] 86 root - INFO - Hypothesis az_002: float64, float64 
[ 2023-09-02 19:09:55,493 ] 86 root - INFO - Hypothesis az_003: float64, float64 
[ 2023-09-02 19:09:55,515 ] 86 root - INFO - Hypothesis az_004: float64, float64 
[ 2023-09-02 19:09:55,539 ] 86 root - INFO - Hypothesis az_005: float64, float64 
[ 2023-09-02 19:09:55,559 ] 86 root - INFO - Hypothesis az_006: float64, float64 
[ 2023-09-02 19:09:55,630 ] 86 root - INFO - Hypothesis az_007: float64, float64 
[ 2023-09-02 19:09:55,684 ] 86 root - INFO - Hypothesis az_008: float64, float64 
[ 2023-09-02 19:09:55,756 ] 86 root - INFO - Hypothesis az_009: float64, float64 
[ 2023-09-02 19:09:55,833 ] 86 root - INFO - Hypothesis ba_000: float64, float64 
[ 2023-09-02 19:09:55,847 ] 86 root - INFO - Hypothesis ba_001: float64, float64 
[ 2023-09-02 19:09:55,868 ] 86 root - INFO - Hypothesis ba_002: float64, float64 
[ 2023-09-02 19:09:55,893 ] 86 root - INFO - Hypothesis ba_003: float64, float64 
[ 2023-09-02 19:09:55,906 ] 86 root - INFO - Hypothesis ba_004: float64, float64 
[ 2023-09-02 19:09:55,921 ] 86 root - INFO - Hypothesis ba_005: float64, float64 
[ 2023-09-02 19:09:55,934 ] 86 root - INFO - Hypothesis ba_006: float64, float64 
[ 2023-09-02 19:09:55,955 ] 86 root - INFO - Hypothesis ba_007: float64, float64 
[ 2023-09-02 19:09:55,967 ] 86 root - INFO - Hypothesis ba_008: float64, float64 
[ 2023-09-02 19:09:56,040 ] 86 root - INFO - Hypothesis ba_009: float64, float64 
[ 2023-09-02 19:09:56,113 ] 86 root - INFO - Hypothesis bb_000: float64, float64 
[ 2023-09-02 19:09:56,131 ] 86 root - INFO - Hypothesis bc_000: float64, float64 
[ 2023-09-02 19:09:56,207 ] 86 root - INFO - Hypothesis bd_000: float64, float64 
[ 2023-09-02 19:09:56,229 ] 86 root - INFO - Hypothesis be_000: float64, float64 
[ 2023-09-02 19:09:56,252 ] 86 root - INFO - Hypothesis bf_000: float64, float64 
[ 2023-09-02 19:09:56,269 ] 86 root - INFO - Hypothesis bg_000: float64, float64 
[ 2023-09-02 19:09:56,286 ] 86 root - INFO - Hypothesis bh_000: float64, float64 
[ 2023-09-02 19:09:56,303 ] 86 root - INFO - Hypothesis bi_000: float64, float64 
[ 2023-09-02 19:09:56,320 ] 86 root - INFO - Hypothesis bj_000: float64, float64 
[ 2023-09-02 19:09:56,333 ] 86 root - INFO - Hypothesis bs_000: float64, float64 
[ 2023-09-02 19:09:56,347 ] 86 root - INFO - Hypothesis bt_000: float64, float64 
[ 2023-09-02 19:09:56,360 ] 86 root - INFO - Hypothesis bu_000: float64, float64 
[ 2023-09-02 19:09:56,376 ] 86 root - INFO - Hypothesis bv_000: float64, float64 
[ 2023-09-02 19:09:56,388 ] 86 root - INFO - Hypothesis bx_000: float64, float64 
[ 2023-09-02 19:09:56,401 ] 86 root - INFO - Hypothesis by_000: float64, float64 
[ 2023-09-02 19:09:56,415 ] 86 root - INFO - Hypothesis bz_000: float64, float64 
[ 2023-09-02 19:09:56,428 ] 86 root - INFO - Hypothesis ca_000: float64, float64 
[ 2023-09-02 19:09:56,460 ] 86 root - INFO - Hypothesis cb_000: float64, float64 
[ 2023-09-02 19:09:56,474 ] 86 root - INFO - Hypothesis cc_000: float64, float64 
[ 2023-09-02 19:09:56,487 ] 86 root - INFO - Hypothesis cd_000: float64, float64 
[ 2023-09-02 19:09:56,565 ] 86 root - INFO - Hypothesis ce_000: float64, float64 
[ 2023-09-02 19:09:56,581 ] 86 root - INFO - Hypothesis ci_000: float64, float64 
[ 2023-09-02 19:09:56,597 ] 86 root - INFO - Hypothesis cj_000: float64, float64 
[ 2023-09-02 19:09:56,675 ] 86 root - INFO - Hypothesis ck_000: float64, float64 
[ 2023-09-02 19:09:56,695 ] 86 root - INFO - Hypothesis cl_000: float64, float64 
[ 2023-09-02 19:09:56,712 ] 86 root - INFO - Hypothesis cm_000: float64, float64 
[ 2023-09-02 19:09:56,729 ] 86 root - INFO - Hypothesis cn_000: float64, float64 
[ 2023-09-02 19:09:56,795 ] 86 root - INFO - Hypothesis cn_001: float64, float64 
[ 2023-09-02 19:09:56,884 ] 86 root - INFO - Hypothesis cn_002: float64, float64 
[ 2023-09-02 19:09:56,898 ] 86 root - INFO - Hypothesis cn_003: float64, float64 
[ 2023-09-02 19:09:56,921 ] 86 root - INFO - Hypothesis cn_004: float64, float64 
[ 2023-09-02 19:09:56,935 ] 86 root - INFO - Hypothesis cn_005: float64, float64 
[ 2023-09-02 19:09:56,947 ] 86 root - INFO - Hypothesis cn_006: float64, float64 
[ 2023-09-02 19:09:56,960 ] 86 root - INFO - Hypothesis cn_007: float64, float64 
[ 2023-09-02 19:09:56,974 ] 86 root - INFO - Hypothesis cn_008: float64, float64 
[ 2023-09-02 19:09:56,986 ] 86 root - INFO - Hypothesis cn_009: float64, float64 
[ 2023-09-02 19:09:57,073 ] 86 root - INFO - Hypothesis cp_000: float64, float64 
[ 2023-09-02 19:09:57,160 ] 86 root - INFO - Hypothesis cq_000: float64, float64 
[ 2023-09-02 19:09:57,174 ] 86 root - INFO - Hypothesis cs_000: float64, float64 
[ 2023-09-02 19:09:57,188 ] 86 root - INFO - Hypothesis cs_001: float64, float64 
[ 2023-09-02 19:09:57,205 ] 86 root - INFO - Hypothesis cs_002: float64, float64 
[ 2023-09-02 19:09:57,218 ] 86 root - INFO - Hypothesis cs_003: float64, float64 
[ 2023-09-02 19:09:57,239 ] 86 root - INFO - Hypothesis cs_004: float64, float64 
[ 2023-09-02 19:09:57,256 ] 86 root - INFO - Hypothesis cs_005: float64, float64 
[ 2023-09-02 19:09:57,269 ] 86 root - INFO - Hypothesis cs_006: float64, float64 
[ 2023-09-02 19:09:57,286 ] 86 root - INFO - Hypothesis cs_007: float64, float64 
[ 2023-09-02 19:09:57,299 ] 86 root - INFO - Hypothesis cs_008: float64, float64 
[ 2023-09-02 19:09:57,374 ] 86 root - INFO - Hypothesis cs_009: float64, float64 
[ 2023-09-02 19:09:57,444 ] 86 root - INFO - Hypothesis dd_000: float64, float64 
[ 2023-09-02 19:09:57,471 ] 86 root - INFO - Hypothesis de_000: float64, float64 
[ 2023-09-02 19:09:57,482 ] 86 root - INFO - Hypothesis df_000: float64, float64 
[ 2023-09-02 19:09:57,540 ] 86 root - INFO - Hypothesis dg_000: float64, float64 
[ 2023-09-02 19:09:57,606 ] 86 root - INFO - Hypothesis dh_000: float64, float64 
[ 2023-09-02 19:09:57,613 ] 86 root - INFO - Hypothesis di_000: float64, float64 
[ 2023-09-02 19:09:57,687 ] 86 root - INFO - Hypothesis dj_000: float64, float64 
[ 2023-09-02 19:09:57,751 ] 86 root - INFO - Hypothesis dk_000: float64, float64 
[ 2023-09-02 19:09:57,818 ] 86 root - INFO - Hypothesis dl_000: float64, float64 
[ 2023-09-02 19:09:57,888 ] 86 root - INFO - Hypothesis dm_000: float64, float64 
[ 2023-09-02 19:09:57,949 ] 86 root - INFO - Hypothesis dn_000: float64, float64 
[ 2023-09-02 19:09:57,962 ] 86 root - INFO - Hypothesis do_000: float64, float64 
[ 2023-09-02 19:09:57,982 ] 86 root - INFO - Hypothesis dp_000: float64, float64 
[ 2023-09-02 19:09:57,999 ] 86 root - INFO - Hypothesis dq_000: float64, float64 
[ 2023-09-02 19:09:58,073 ] 86 root - INFO - Hypothesis dr_000: float64, float64 
[ 2023-09-02 19:09:58,131 ] 86 root - INFO - Hypothesis ds_000: float64, float64 
[ 2023-09-02 19:09:58,163 ] 86 root - INFO - Hypothesis dt_000: float64, float64 
[ 2023-09-02 19:09:58,175 ] 86 root - INFO - Hypothesis du_000: float64, float64 
[ 2023-09-02 19:09:58,197 ] 86 root - INFO - Hypothesis dv_000: float64, float64 
[ 2023-09-02 19:09:58,220 ] 86 root - INFO - Hypothesis dx_000: float64, float64 
[ 2023-09-02 19:09:58,291 ] 86 root - INFO - Hypothesis dy_000: float64, float64 
[ 2023-09-02 19:09:58,372 ] 86 root - INFO - Hypothesis dz_000: float64, float64 
[ 2023-09-02 19:09:58,432 ] 86 root - INFO - Hypothesis ea_000: float64, float64 
[ 2023-09-02 19:09:58,505 ] 86 root - INFO - Hypothesis eb_000: float64, float64 
[ 2023-09-02 19:09:58,530 ] 86 root - INFO - Hypothesis ec_00: float64, float64 
[ 2023-09-02 19:09:58,543 ] 86 root - INFO - Hypothesis ed_000: float64, float64 
[ 2023-09-02 19:09:58,554 ] 86 root - INFO - Hypothesis ee_000: float64, float64 
[ 2023-09-02 19:09:58,567 ] 86 root - INFO - Hypothesis ee_001: float64, float64 
[ 2023-09-02 19:09:58,596 ] 86 root - INFO - Hypothesis ee_002: float64, float64 
[ 2023-09-02 19:09:58,610 ] 86 root - INFO - Hypothesis ee_003: float64, float64 
[ 2023-09-02 19:09:58,628 ] 86 root - INFO - Hypothesis ee_004: float64, float64 
[ 2023-09-02 19:09:58,641 ] 86 root - INFO - Hypothesis ee_005: float64, float64 
[ 2023-09-02 19:09:58,658 ] 86 root - INFO - Hypothesis ee_006: float64, float64 
[ 2023-09-02 19:09:58,671 ] 86 root - INFO - Hypothesis ee_007: float64, float64 
[ 2023-09-02 19:09:58,687 ] 86 root - INFO - Hypothesis ee_008: float64, float64 
[ 2023-09-02 19:09:58,699 ] 86 root - INFO - Hypothesis ee_009: float64, float64 
[ 2023-09-02 19:09:58,709 ] 86 root - INFO - Hypothesis ef_000: float64, float64 
[ 2023-09-02 19:09:58,777 ] 86 root - INFO - Hypothesis eg_000: float64, float64 
[ 2023-09-02 19:09:58,858 ] 140 root - INFO - As all column are available in test df hence detecting data drift
[ 2023-09-02 19:09:58,861 ] 86 root - INFO - Hypothesis class: object, object 
[ 2023-09-02 19:09:59,008 ] 86 root - INFO - Hypothesis aa_000: float64, float64 
[ 2023-09-02 19:09:59,017 ] 86 root - INFO - Hypothesis ac_000: float64, float64 
[ 2023-09-02 19:09:59,024 ] 86 root - INFO - Hypothesis ae_000: float64, float64 
[ 2023-09-02 19:09:59,049 ] 86 root - INFO - Hypothesis af_000: float64, float64 
[ 2023-09-02 19:09:59,077 ] 86 root - INFO - Hypothesis ag_000: float64, float64 
[ 2023-09-02 19:09:59,105 ] 86 root - INFO - Hypothesis ag_001: float64, float64 
[ 2023-09-02 19:09:59,127 ] 86 root - INFO - Hypothesis ag_002: float64, float64 
[ 2023-09-02 19:09:59,132 ] 86 root - INFO - Hypothesis ag_003: float64, float64 
[ 2023-09-02 19:09:59,143 ] 86 root - INFO - Hypothesis ag_004: float64, float64 
[ 2023-09-02 19:09:59,152 ] 86 root - INFO - Hypothesis ag_005: float64, float64 
[ 2023-09-02 19:09:59,161 ] 86 root - INFO - Hypothesis ag_006: float64, float64 
[ 2023-09-02 19:09:59,171 ] 86 root - INFO - Hypothesis ag_007: float64, float64 
[ 2023-09-02 19:09:59,185 ] 86 root - INFO - Hypothesis ag_008: float64, float64 
[ 2023-09-02 19:09:59,203 ] 86 root - INFO - Hypothesis ag_009: float64, float64 
[ 2023-09-02 19:09:59,210 ] 86 root - INFO - Hypothesis ah_000: float64, float64 
[ 2023-09-02 19:09:59,219 ] 86 root - INFO - Hypothesis ai_000: float64, float64 
[ 2023-09-02 19:09:59,224 ] 86 root - INFO - Hypothesis aj_000: float64, float64 
[ 2023-09-02 19:09:59,230 ] 86 root - INFO - Hypothesis ak_000: float64, float64 
[ 2023-09-02 19:09:59,235 ] 86 root - INFO - Hypothesis al_000: float64, float64 
[ 2023-09-02 19:09:59,242 ] 86 root - INFO - Hypothesis am_0: float64, float64 
[ 2023-09-02 19:09:59,249 ] 86 root - INFO - Hypothesis an_000: float64, float64 
[ 2023-09-02 19:09:59,258 ] 86 root - INFO - Hypothesis ao_000: float64, float64 
[ 2023-09-02 19:09:59,271 ] 86 root - INFO - Hypothesis ap_000: float64, float64 
[ 2023-09-02 19:09:59,288 ] 86 root - INFO - Hypothesis aq_000: float64, float64 
[ 2023-09-02 19:09:59,297 ] 86 root - INFO - Hypothesis ar_000: float64, float64 
[ 2023-09-02 19:09:59,336 ] 86 root - INFO - Hypothesis as_000: float64, float64 
[ 2023-09-02 19:09:59,374 ] 86 root - INFO - Hypothesis at_000: float64, float64 
[ 2023-09-02 19:09:59,406 ] 86 root - INFO - Hypothesis au_000: float64, float64 
[ 2023-09-02 19:09:59,433 ] 86 root - INFO - Hypothesis av_000: float64, float64 
[ 2023-09-02 19:09:59,441 ] 86 root - INFO - Hypothesis ax_000: float64, float64 
[ 2023-09-02 19:09:59,448 ] 86 root - INFO - Hypothesis ay_000: float64, float64 
[ 2023-09-02 19:09:59,481 ] 86 root - INFO - Hypothesis ay_001: float64, float64 
[ 2023-09-02 19:09:59,506 ] 86 root - INFO - Hypothesis ay_002: float64, float64 
[ 2023-09-02 19:09:59,530 ] 86 root - INFO - Hypothesis ay_003: float64, float64 
[ 2023-09-02 19:09:59,555 ] 86 root - INFO - Hypothesis ay_004: float64, float64 
[ 2023-09-02 19:09:59,593 ] 86 root - INFO - Hypothesis ay_005: float64, float64 
[ 2023-09-02 19:09:59,603 ] 86 root - INFO - Hypothesis ay_006: float64, float64 
[ 2023-09-02 19:09:59,615 ] 86 root - INFO - Hypothesis ay_007: float64, float64 
[ 2023-09-02 19:09:59,627 ] 86 root - INFO - Hypothesis ay_008: float64, float64 
[ 2023-09-02 19:09:59,644 ] 86 root - INFO - Hypothesis ay_009: float64, float64 
[ 2023-09-02 19:09:59,673 ] 86 root - INFO - Hypothesis az_000: float64, float64 
[ 2023-09-02 19:09:59,684 ] 86 root - INFO - Hypothesis az_001: float64, float64 
[ 2023-09-02 19:09:59,699 ] 86 root - INFO - Hypothesis az_002: float64, float64 
[ 2023-09-02 19:09:59,710 ] 86 root - INFO - Hypothesis az_003: float64, float64 
[ 2023-09-02 19:09:59,724 ] 86 root - INFO - Hypothesis az_004: float64, float64 
[ 2023-09-02 19:09:59,739 ] 86 root - INFO - Hypothesis az_005: float64, float64 
[ 2023-09-02 19:09:59,755 ] 86 root - INFO - Hypothesis az_006: float64, float64 
[ 2023-09-02 19:09:59,763 ] 86 root - INFO - Hypothesis az_007: float64, float64 
[ 2023-09-02 19:09:59,772 ] 86 root - INFO - Hypothesis az_008: float64, float64 
[ 2023-09-02 19:09:59,804 ] 86 root - INFO - Hypothesis az_009: float64, float64 
[ 2023-09-02 19:09:59,844 ] 86 root - INFO - Hypothesis ba_000: float64, float64 
[ 2023-09-02 19:09:59,853 ] 86 root - INFO - Hypothesis ba_001: float64, float64 
[ 2023-09-02 19:09:59,863 ] 86 root - INFO - Hypothesis ba_002: float64, float64 
[ 2023-09-02 19:09:59,880 ] 86 root - INFO - Hypothesis ba_003: float64, float64 
[ 2023-09-02 19:09:59,889 ] 86 root - INFO - Hypothesis ba_004: float64, float64 
[ 2023-09-02 19:09:59,911 ] 86 root - INFO - Hypothesis ba_005: float64, float64 
[ 2023-09-02 19:09:59,927 ] 86 root - INFO - Hypothesis ba_006: float64, float64 
[ 2023-09-02 19:09:59,939 ] 86 root - INFO - Hypothesis ba_007: float64, float64 
[ 2023-09-02 19:09:59,959 ] 86 root - INFO - Hypothesis ba_008: float64, float64 
[ 2023-09-02 19:09:59,970 ] 86 root - INFO - Hypothesis ba_009: float64, float64 
[ 2023-09-02 19:09:59,983 ] 86 root - INFO - Hypothesis bb_000: float64, float64 
[ 2023-09-02 19:09:59,995 ] 86 root - INFO - Hypothesis bc_000: float64, float64 
[ 2023-09-02 19:10:00,004 ] 86 root - INFO - Hypothesis bd_000: float64, float64 
[ 2023-09-02 19:10:00,015 ] 86 root - INFO - Hypothesis be_000: float64, float64 
[ 2023-09-02 19:10:00,023 ] 86 root - INFO - Hypothesis bf_000: float64, float64 
[ 2023-09-02 19:10:00,031 ] 86 root - INFO - Hypothesis bg_000: float64, float64 
[ 2023-09-02 19:10:00,041 ] 86 root - INFO - Hypothesis bh_000: float64, float64 
[ 2023-09-02 19:10:00,059 ] 86 root - INFO - Hypothesis bi_000: float64, float64 
[ 2023-09-02 19:10:00,070 ] 86 root - INFO - Hypothesis bj_000: float64, float64 
[ 2023-09-02 19:10:00,080 ] 86 root - INFO - Hypothesis bs_000: float64, float64 
[ 2023-09-02 19:10:00,097 ] 86 root - INFO - Hypothesis bt_000: float64, float64 
[ 2023-09-02 19:10:00,111 ] 86 root - INFO - Hypothesis bu_000: float64, float64 
[ 2023-09-02 19:10:00,120 ] 86 root - INFO - Hypothesis bv_000: float64, float64 
[ 2023-09-02 19:10:00,133 ] 86 root - INFO - Hypothesis bx_000: float64, float64 
[ 2023-09-02 19:10:00,142 ] 86 root - INFO - Hypothesis by_000: float64, float64 
[ 2023-09-02 19:10:00,151 ] 86 root - INFO - Hypothesis bz_000: float64, float64 
[ 2023-09-02 19:10:00,164 ] 86 root - INFO - Hypothesis ca_000: float64, float64 
[ 2023-09-02 19:10:00,173 ] 86 root - INFO - Hypothesis cb_000: float64, float64 
[ 2023-09-02 19:10:00,190 ] 86 root - INFO - Hypothesis cc_000: float64, float64 
[ 2023-09-02 19:10:00,200 ] 86 root - INFO - Hypothesis cd_000: float64, float64 
[ 2023-09-02 19:10:00,232 ] 86 root - INFO - Hypothesis ce_000: float64, float64 
[ 2023-09-02 19:10:00,243 ] 86 root - INFO - Hypothesis ci_000: float64, float64 
[ 2023-09-02 19:10:00,252 ] 86 root - INFO - Hypothesis cj_000: float64, float64 
[ 2023-09-02 19:10:00,258 ] 86 root - INFO - Hypothesis ck_000: float64, float64 
[ 2023-09-02 19:10:00,271 ] 86 root - INFO - Hypothesis cl_000: float64, float64 
[ 2023-09-02 19:10:00,280 ] 86 root - INFO - Hypothesis cm_000: float64, float64 
[ 2023-09-02 19:10:00,290 ] 86 root - INFO - Hypothesis cn_000: float64, float64 
[ 2023-09-02 19:10:00,324 ] 86 root - INFO - Hypothesis cn_001: float64, float64 
[ 2023-09-02 19:10:00,332 ] 86 root - INFO - Hypothesis cn_002: float64, float64 
[ 2023-09-02 19:10:00,339 ] 86 root - INFO - Hypothesis cn_003: float64, float64 
[ 2023-09-02 19:10:00,351 ] 86 root - INFO - Hypothesis cn_004: float64, float64 
[ 2023-09-02 19:10:00,368 ] 86 root - INFO - Hypothesis cn_005: float64, float64 
[ 2023-09-02 19:10:00,379 ] 86 root - INFO - Hypothesis cn_006: float64, float64 
[ 2023-09-02 19:10:00,391 ] 86 root - INFO - Hypothesis cn_007: float64, float64 
[ 2023-09-02 19:10:00,403 ] 86 root - INFO - Hypothesis cn_008: float64, float64 
[ 2023-09-02 19:10:00,416 ] 86 root - INFO - Hypothesis cn_009: float64, float64 
[ 2023-09-02 19:10:00,428 ] 86 root - INFO - Hypothesis cp_000: float64, float64 
[ 2023-09-02 19:10:00,436 ] 86 root - INFO - Hypothesis cq_000: float64, float64 
[ 2023-09-02 19:10:00,453 ] 86 root - INFO - Hypothesis cs_000: float64, float64 
[ 2023-09-02 19:10:00,463 ] 86 root - INFO - Hypothesis cs_001: float64, float64 
[ 2023-09-02 19:10:00,490 ] 86 root - INFO - Hypothesis cs_002: float64, float64 
[ 2023-09-02 19:10:00,500 ] 86 root - INFO - Hypothesis cs_003: float64, float64 
[ 2023-09-02 19:10:00,514 ] 86 root - INFO - Hypothesis cs_004: float64, float64 
[ 2023-09-02 19:10:00,525 ] 86 root - INFO - Hypothesis cs_005: float64, float64 
[ 2023-09-02 19:10:00,534 ] 86 root - INFO - Hypothesis cs_006: float64, float64 
[ 2023-09-02 19:10:00,552 ] 86 root - INFO - Hypothesis cs_007: float64, float64 
[ 2023-09-02 19:10:00,566 ] 86 root - INFO - Hypothesis cs_008: float64, float64 
[ 2023-09-02 19:10:00,574 ] 86 root - INFO - Hypothesis cs_009: float64, float64 
[ 2023-09-02 19:10:00,608 ] 86 root - INFO - Hypothesis dd_000: float64, float64 
[ 2023-09-02 19:10:00,619 ] 86 root - INFO - Hypothesis de_000: float64, float64 
[ 2023-09-02 19:10:00,627 ] 86 root - INFO - Hypothesis df_000: float64, float64 
[ 2023-09-02 19:10:00,632 ] 86 root - INFO - Hypothesis dg_000: float64, float64 
[ 2023-09-02 19:10:00,638 ] 86 root - INFO - Hypothesis dh_000: float64, float64 
[ 2023-09-02 19:10:00,647 ] 86 root - INFO - Hypothesis di_000: float64, float64 
[ 2023-09-02 19:10:00,653 ] 86 root - INFO - Hypothesis dj_000: float64, float64 
[ 2023-09-02 19:10:00,681 ] 86 root - INFO - Hypothesis dk_000: float64, float64 
[ 2023-09-02 19:10:00,687 ] 86 root - INFO - Hypothesis dl_000: float64, float64 
[ 2023-09-02 19:10:00,720 ] 86 root - INFO - Hypothesis dm_000: float64, float64 
[ 2023-09-02 19:10:00,754 ] 86 root - INFO - Hypothesis dn_000: float64, float64 
[ 2023-09-02 19:10:00,767 ] 86 root - INFO - Hypothesis do_000: float64, float64 
[ 2023-09-02 19:10:00,778 ] 86 root - INFO - Hypothesis dp_000: float64, float64 
[ 2023-09-02 19:10:00,788 ] 86 root - INFO - Hypothesis dq_000: float64, float64 
[ 2023-09-02 19:10:00,794 ] 86 root - INFO - Hypothesis dr_000: float64, float64 
[ 2023-09-02 19:10:00,810 ] 86 root - INFO - Hypothesis ds_000: float64, float64 
[ 2023-09-02 19:10:00,819 ] 86 root - INFO - Hypothesis dt_000: float64, float64 
[ 2023-09-02 19:10:00,834 ] 86 root - INFO - Hypothesis du_000: float64, float64 
[ 2023-09-02 19:10:00,842 ] 86 root - INFO - Hypothesis dv_000: float64, float64 
[ 2023-09-02 19:10:00,864 ] 86 root - INFO - Hypothesis dx_000: float64, float64 
[ 2023-09-02 19:10:00,881 ] 86 root - INFO - Hypothesis dy_000: float64, float64 
[ 2023-09-02 19:10:00,887 ] 86 root - INFO - Hypothesis dz_000: float64, float64 
[ 2023-09-02 19:10:00,912 ] 86 root - INFO - Hypothesis ea_000: float64, float64 
[ 2023-09-02 19:10:00,940 ] 86 root - INFO - Hypothesis eb_000: float64, float64 
[ 2023-09-02 19:10:00,948 ] 86 root - INFO - Hypothesis ec_00: float64, float64 
[ 2023-09-02 19:10:00,958 ] 86 root - INFO - Hypothesis ed_000: float64, float64 
[ 2023-09-02 19:10:00,972 ] 86 root - INFO - Hypothesis ee_000: float64, float64 
[ 2023-09-02 19:10:00,985 ] 86 root - INFO - Hypothesis ee_001: float64, float64 
[ 2023-09-02 19:10:00,998 ] 86 root - INFO - Hypothesis ee_002: float64, float64 
[ 2023-09-02 19:10:01,007 ] 86 root - INFO - Hypothesis ee_003: float64, float64 
[ 2023-09-02 19:10:01,020 ] 86 root - INFO - Hypothesis ee_004: float64, float64 
[ 2023-09-02 19:10:01,029 ] 86 root - INFO - Hypothesis ee_005: float64, float64 
[ 2023-09-02 19:10:01,038 ] 86 root - INFO - Hypothesis ee_006: float64, float64 
[ 2023-09-02 19:10:01,047 ] 86 root - INFO - Hypothesis ee_007: float64, float64 
[ 2023-09-02 19:10:01,055 ] 86 root - INFO - Hypothesis ee_008: float64, float64 
[ 2023-09-02 19:10:01,071 ] 86 root - INFO - Hypothesis ee_009: float64, float64 
[ 2023-09-02 19:10:01,079 ] 86 root - INFO - Hypothesis ef_000: float64, float64 
[ 2023-09-02 19:10:01,112 ] 86 root - INFO - Hypothesis eg_000: float64, float64 
[ 2023-09-02 19:10:01,141 ] 143 root - INFO - Write reprt in yaml file
[ 2023-09-02 19:10:03,112 ] 66 root - INFO - Before resampling in training set Input: (28950, 170) Target:(28950,)
[ 2023-09-02 19:10:42,471 ] 68 root - INFO - After resampling in training set Input: (56152, 170) Target:(56152,)
[ 2023-09-02 19:10:42,471 ] 71 root - INFO - Before resampling in testing set Input: (7238, 170) Target:(7238,)
[ 2023-09-02 19:10:50,898 ] 73 root - INFO - After resampling in testing set Input: (14072, 170) Target:(14072,)
[ 2023-09-02 19:10:51,203 ] 53 root - INFO - Entered te save object method of Main utils class
[ 2023-09-02 19:10:51,210 ] 57 root - INFO - exited the save object method of Main utils class
[ 2023-09-02 19:10:51,210 ] 53 root - INFO - Entered te save object method of Main utils class
[ 2023-09-02 19:10:51,211 ] 57 root - INFO - exited the save object method of Main utils class
[ 2023-09-02 19:10:51,211 ] 91 root - INFO - Data transformation object DataTransformationArtifact(transform_object_path='/config/workspace/artifact/09022023__19_09_25/data_transformation/transformer/transformer.pkl', transformed_train_path='/config/workspace/artifact/09022023__19_09_25/data_transformation/transformed/train.npz', transformed_test_path='/config/workspace/artifact/09022023__19_09_25/data_transformation/transformed/test.npz', target_encoder_path='/config/workspace/artifact/09022023__19_09_25/data_transformation/target_encoder/target_encoder.pkl')
[ 2023-09-02 19:10:51,213 ] 14 root - INFO - >>>>>>>>>>>>>>>>>>>>>>>>>>>>>>>>>>>>>>>> Model Trainer <<<<<<<<<<<<<<<<<<<<<<<<<<<<<<<<<<<<<<<<
[ 2023-09-02 19:10:51,213 ] 39 root - INFO - Loading train and test array.
[ 2023-09-02 19:10:51,271 ] 43 root - INFO - Splitting input and target feature from both train and test arr.
[ 2023-09-02 19:10:51,272 ] 47 root - INFO - Train the model
[ 2023-09-02 19:16:03,974 ] 50 root - INFO - Calculating f1 train score
[ 2023-09-02 19:16:04,327 ] 54 root - INFO - Calculating f1 test score
[ 2023-09-02 19:16:04,475 ] 58 root - INFO - train score:0.9999821908781678 and tests score 0.9694011365292147
[ 2023-09-02 19:16:04,476 ] 59 root - INFO - Checking if our model is underfitting or not
[ 2023-09-02 19:16:04,476 ] 64 root - INFO - Checking if our model is overfiiting or not
[ 2023-09-02 19:16:04,476 ] 70 root - INFO - Saving mode object
[ 2023-09-02 19:16:04,476 ] 53 root - INFO - Entered te save object method of Main utils class
[ 2023-09-02 19:16:04,549 ] 57 root - INFO - exited the save object method of Main utils class
[ 2023-09-02 19:16:04,549 ] 73 root - INFO - Prepare the artifact
[ 2023-09-02 19:16:04,550 ] 77 root - INFO - Model trainer artifact: ModelTrainerArtifact(model_path='/config/workspace/artifact/09022023__19_09_25/model_trainer/model/model.pkl', f1_train_score=0.9999821908781678, f1_test_score=0.9694011365292147)
[ 2023-09-02 19:16:04,551 ] 36 root - INFO - if saved model folder has model the we will compare which model is best trained or the model from saved model folder
[ 2023-09-02 19:16:04,551 ] 43 root - INFO - Finding location of transformer model and target encoder
[ 2023-09-02 19:16:04,551 ] 48 root - INFO - Previous trained objects of transformer, model and target encoder
[ 2023-09-02 19:16:04,574 ] 54 root - INFO - Currently trained model objects
