[ 2023-09-02 18:02:53,422 ] 20 root - INFO - exporting data as pandas dataframe
[ 2023-09-02 18:02:53,422 ] 21 root - INFO - Reading data from database: aps and collection: sensor
[ 2023-09-02 18:03:00,828 ] 23 root - INFO - Found Columns: Index(['_id', 'class', 'aa_000', 'ab_000', 'ac_000', 'ad_000', 'ae_000',
       'af_000', 'ag_000', 'ag_001',
       ...
       'ee_002', 'ee_003', 'ee_004', 'ee_005', 'ee_006', 'ee_007', 'ee_008',
       'ee_009', 'ef_000', 'eg_000'],
      dtype='object', length=172)
[ 2023-09-02 18:03:00,829 ] 25 root - INFO - Dropping column: _id
[ 2023-09-02 18:03:01,381 ] 27 root - INFO - row and columnns in df: (36188, 171)
[ 2023-09-02 18:03:01,381 ] 25 root - INFO - save data in feature store
[ 2023-09-02 18:03:08,894 ] 35 root - INFO - split dataset into train and test set
[ 2023-09-02 18:03:09,572 ] 39 root - INFO - create dataset directory folder if not available
[ 2023-09-02 18:03:09,572 ] 46 root - INFO - Save df to feature store folder
[ 2023-09-02 18:03:13,644 ] 59 root - INFO - Data ingestion artifact: DataIngestionArtifact(feature_store_file_path='/config/workspace/artifact/09022023__18_02_53/data_ingestion/feature_store/sensor.csv', train_file_path='/config/workspace/artifact/09022023__18_02_53/data_ingestion/dataset/train.csv', test_file_path='/config/workspace/artifact/09022023__18_02_53/data_ingestion/dataset/test.csv')
[ 2023-09-02 18:03:14,537 ] 20 root - INFO - >>>>>>>>>>>>>>>>>>>>>>>>>>>>>>>>>>>>>>>> Data Validation <<<<<<<<<<<<<<<<<<<<<<<<<<<<<<<<<<<<<<<<
[ 2023-09-02 18:03:14,537 ] 107 root - INFO - Reading base dataframe
[ 2023-09-02 18:03:18,656 ] 110 root - INFO - Replace na value in base df
[ 2023-09-02 18:03:19,158 ] 61 root - INFO - selecting column name which contains null above to 0.2
[ 2023-09-02 18:03:19,158 ] 64 root - INFO - Columns to drop: ['ab_000', 'ad_000', 'bk_000', 'bl_000', 'bm_000', 'bn_000', 'bo_000', 'bp_000', 'bq_000', 'br_000', 'cf_000', 'cg_000', 'ch_000', 'co_000', 'cr_000', 'ct_000', 'cu_000', 'cv_000', 'cx_000', 'cy_000', 'cz_000', 'da_000', 'db_000', 'dc_000']
[ 2023-09-02 18:03:19,324 ] 115 root - INFO - Reading train dataframe
[ 2023-09-02 18:03:20,084 ] 117 root - INFO - Reading test dataframe
[ 2023-09-02 18:03:20,277 ] 120 root - INFO - Drop null values colums from train df
[ 2023-09-02 18:03:20,296 ] 61 root - INFO - selecting column name which contains null above to 0.2
[ 2023-09-02 18:03:20,296 ] 64 root - INFO - Columns to drop: ['ab_000', 'ad_000', 'bk_000', 'bl_000', 'bm_000', 'bn_000', 'bo_000', 'bp_000', 'bq_000', 'br_000', 'cf_000', 'cg_000', 'ch_000', 'co_000', 'cr_000', 'ct_000', 'cu_000', 'cv_000', 'cx_000', 'cy_000', 'cz_000', 'da_000', 'db_000', 'dc_000']
[ 2023-09-02 18:03:20,312 ] 122 root - INFO - Drop null values colums from test df
[ 2023-09-02 18:03:20,316 ] 61 root - INFO - selecting column name which contains null above to 0.2
[ 2023-09-02 18:03:20,317 ] 64 root - INFO - Columns to drop: ['ab_000', 'ad_000', 'bk_000', 'bl_000', 'bm_000', 'bn_000', 'bo_000', 'bp_000', 'bq_000', 'br_000', 'cf_000', 'cg_000', 'ch_000', 'co_000', 'cr_000', 'ct_000', 'cu_000', 'cv_000', 'cx_000', 'cy_000', 'cz_000', 'da_000', 'db_000', 'dc_000']
[ 2023-09-02 18:03:22,033 ] 130 root - INFO - Is all required columns present in train df
[ 2023-09-02 18:03:22,033 ] 132 root - INFO - Is all required columns present in test df
[ 2023-09-02 18:03:22,034 ] 136 root - INFO - As all column are available in train df hence detecting data drift
[ 2023-09-02 18:03:22,034 ] 86 root - INFO - Hypothesis class: object, object 
[ 2023-09-02 18:03:22,296 ] 86 root - INFO - Hypothesis aa_000: float64, float64 
[ 2023-09-02 18:03:22,313 ] 86 root - INFO - Hypothesis ac_000: float64, float64 
[ 2023-09-02 18:03:22,398 ] 86 root - INFO - Hypothesis ae_000: float64, float64 
[ 2023-09-02 18:03:22,457 ] 86 root - INFO - Hypothesis af_000: float64, float64 
[ 2023-09-02 18:03:22,529 ] 86 root - INFO - Hypothesis ag_000: float64, float64 
[ 2023-09-02 18:03:22,611 ] 86 root - INFO - Hypothesis ag_001: float64, float64 
[ 2023-09-02 18:03:22,676 ] 86 root - INFO - Hypothesis ag_002: float64, float64 
[ 2023-09-02 18:03:22,758 ] 86 root - INFO - Hypothesis ag_003: float64, float64 
[ 2023-09-02 18:03:22,768 ] 86 root - INFO - Hypothesis ag_004: float64, float64 
[ 2023-09-02 18:03:22,794 ] 86 root - INFO - Hypothesis ag_005: float64, float64 
[ 2023-09-02 18:03:22,815 ] 86 root - INFO - Hypothesis ag_006: float64, float64 
[ 2023-09-02 18:03:22,828 ] 86 root - INFO - Hypothesis ag_007: float64, float64 
[ 2023-09-02 18:03:22,840 ] 86 root - INFO - Hypothesis ag_008: float64, float64 
[ 2023-09-02 18:03:22,859 ] 86 root - INFO - Hypothesis ag_009: float64, float64 
[ 2023-09-02 18:03:22,872 ] 86 root - INFO - Hypothesis ah_000: float64, float64 
[ 2023-09-02 18:03:22,893 ] 86 root - INFO - Hypothesis ai_000: float64, float64 
[ 2023-09-02 18:03:22,965 ] 86 root - INFO - Hypothesis aj_000: float64, float64 
[ 2023-09-02 18:03:22,979 ] 86 root - INFO - Hypothesis ak_000: float64, float64 
[ 2023-09-02 18:03:23,058 ] 86 root - INFO - Hypothesis al_000: float64, float64 
[ 2023-09-02 18:03:23,073 ] 86 root - INFO - Hypothesis am_0: float64, float64 
[ 2023-09-02 18:03:23,084 ] 86 root - INFO - Hypothesis an_000: float64, float64 
[ 2023-09-02 18:03:23,098 ] 86 root - INFO - Hypothesis ao_000: float64, float64 
[ 2023-09-02 18:03:23,121 ] 86 root - INFO - Hypothesis ap_000: float64, float64 
[ 2023-09-02 18:03:23,150 ] 86 root - INFO - Hypothesis aq_000: float64, float64 
[ 2023-09-02 18:03:23,168 ] 86 root - INFO - Hypothesis ar_000: float64, float64 
[ 2023-09-02 18:03:23,226 ] 86 root - INFO - Hypothesis as_000: float64, float64 
[ 2023-09-02 18:03:23,282 ] 86 root - INFO - Hypothesis at_000: float64, float64 
[ 2023-09-02 18:03:23,333 ] 86 root - INFO - Hypothesis au_000: float64, float64 
[ 2023-09-02 18:03:23,401 ] 86 root - INFO - Hypothesis av_000: float64, float64 
[ 2023-09-02 18:03:23,412 ] 86 root - INFO - Hypothesis ax_000: float64, float64 
[ 2023-09-02 18:03:23,426 ] 86 root - INFO - Hypothesis ay_000: float64, float64 
[ 2023-09-02 18:03:23,487 ] 86 root - INFO - Hypothesis ay_001: float64, float64 
[ 2023-09-02 18:03:23,546 ] 86 root - INFO - Hypothesis ay_002: float64, float64 
[ 2023-09-02 18:03:23,618 ] 86 root - INFO - Hypothesis ay_003: float64, float64 
[ 2023-09-02 18:03:23,685 ] 86 root - INFO - Hypothesis ay_004: float64, float64 
[ 2023-09-02 18:03:23,764 ] 86 root - INFO - Hypothesis ay_005: float64, float64 
[ 2023-09-02 18:03:23,831 ] 86 root - INFO - Hypothesis ay_006: float64, float64 
[ 2023-09-02 18:03:23,851 ] 86 root - INFO - Hypothesis ay_007: float64, float64 
[ 2023-09-02 18:03:23,863 ] 86 root - INFO - Hypothesis ay_008: float64, float64 
[ 2023-09-02 18:03:23,876 ] 86 root - INFO - Hypothesis ay_009: float64, float64 
[ 2023-09-02 18:03:23,939 ] 86 root - INFO - Hypothesis az_000: float64, float64 
[ 2023-09-02 18:03:23,955 ] 86 root - INFO - Hypothesis az_001: float64, float64 
[ 2023-09-02 18:03:23,972 ] 86 root - INFO - Hypothesis az_002: float64, float64 
[ 2023-09-02 18:03:23,988 ] 86 root - INFO - Hypothesis az_003: float64, float64 
[ 2023-09-02 18:03:24,004 ] 86 root - INFO - Hypothesis az_004: float64, float64 
[ 2023-09-02 18:03:24,027 ] 86 root - INFO - Hypothesis az_005: float64, float64 
[ 2023-09-02 18:03:24,048 ] 86 root - INFO - Hypothesis az_006: float64, float64 
[ 2023-09-02 18:03:24,127 ] 86 root - INFO - Hypothesis az_007: float64, float64 
[ 2023-09-02 18:03:24,200 ] 86 root - INFO - Hypothesis az_008: float64, float64 
[ 2023-09-02 18:03:24,276 ] 86 root - INFO - Hypothesis az_009: float64, float64 
[ 2023-09-02 18:03:24,357 ] 86 root - INFO - Hypothesis ba_000: float64, float64 
[ 2023-09-02 18:03:24,380 ] 86 root - INFO - Hypothesis ba_001: float64, float64 
[ 2023-09-02 18:03:24,403 ] 86 root - INFO - Hypothesis ba_002: float64, float64 
[ 2023-09-02 18:03:24,419 ] 86 root - INFO - Hypothesis ba_003: float64, float64 
[ 2023-09-02 18:03:24,434 ] 86 root - INFO - Hypothesis ba_004: float64, float64 
[ 2023-09-02 18:03:24,455 ] 86 root - INFO - Hypothesis ba_005: float64, float64 
[ 2023-09-02 18:03:24,473 ] 86 root - INFO - Hypothesis ba_006: float64, float64 
[ 2023-09-02 18:03:24,487 ] 86 root - INFO - Hypothesis ba_007: float64, float64 
[ 2023-09-02 18:03:24,517 ] 86 root - INFO - Hypothesis ba_008: float64, float64 
[ 2023-09-02 18:03:24,597 ] 86 root - INFO - Hypothesis ba_009: float64, float64 
[ 2023-09-02 18:03:24,662 ] 86 root - INFO - Hypothesis bb_000: float64, float64 
[ 2023-09-02 18:03:24,673 ] 86 root - INFO - Hypothesis bc_000: float64, float64 
[ 2023-09-02 18:03:24,735 ] 86 root - INFO - Hypothesis bd_000: float64, float64 
[ 2023-09-02 18:03:24,744 ] 86 root - INFO - Hypothesis be_000: float64, float64 
[ 2023-09-02 18:03:24,768 ] 86 root - INFO - Hypothesis bf_000: float64, float64 
[ 2023-09-02 18:03:24,778 ] 86 root - INFO - Hypothesis bg_000: float64, float64 
[ 2023-09-02 18:03:24,801 ] 86 root - INFO - Hypothesis bh_000: float64, float64 
[ 2023-09-02 18:03:24,824 ] 86 root - INFO - Hypothesis bi_000: float64, float64 
[ 2023-09-02 18:03:24,837 ] 86 root - INFO - Hypothesis bj_000: float64, float64 
[ 2023-09-02 18:03:24,856 ] 86 root - INFO - Hypothesis bs_000: float64, float64 
[ 2023-09-02 18:03:24,878 ] 86 root - INFO - Hypothesis bt_000: float64, float64 
[ 2023-09-02 18:03:24,899 ] 86 root - INFO - Hypothesis bu_000: float64, float64 
[ 2023-09-02 18:03:24,912 ] 86 root - INFO - Hypothesis bv_000: float64, float64 
[ 2023-09-02 18:03:24,924 ] 86 root - INFO - Hypothesis bx_000: float64, float64 
[ 2023-09-02 18:03:24,941 ] 86 root - INFO - Hypothesis by_000: float64, float64 
[ 2023-09-02 18:03:24,966 ] 86 root - INFO - Hypothesis bz_000: float64, float64 
[ 2023-09-02 18:03:24,982 ] 86 root - INFO - Hypothesis ca_000: float64, float64 
[ 2023-09-02 18:03:24,994 ] 86 root - INFO - Hypothesis cb_000: float64, float64 
[ 2023-09-02 18:03:25,006 ] 86 root - INFO - Hypothesis cc_000: float64, float64 
[ 2023-09-02 18:03:25,021 ] 86 root - INFO - Hypothesis cd_000: float64, float64 
[ 2023-09-02 18:03:25,083 ] 86 root - INFO - Hypothesis ce_000: float64, float64 
[ 2023-09-02 18:03:25,097 ] 86 root - INFO - Hypothesis ci_000: float64, float64 
[ 2023-09-02 18:03:25,118 ] 86 root - INFO - Hypothesis cj_000: float64, float64 
[ 2023-09-02 18:03:25,188 ] 86 root - INFO - Hypothesis ck_000: float64, float64 
[ 2023-09-02 18:03:25,206 ] 86 root - INFO - Hypothesis cl_000: float64, float64 
[ 2023-09-02 18:03:25,218 ] 86 root - INFO - Hypothesis cm_000: float64, float64 
[ 2023-09-02 18:03:25,234 ] 86 root - INFO - Hypothesis cn_000: float64, float64 
[ 2023-09-02 18:03:25,315 ] 86 root - INFO - Hypothesis cn_001: float64, float64 
[ 2023-09-02 18:03:25,383 ] 86 root - INFO - Hypothesis cn_002: float64, float64 
[ 2023-09-02 18:03:25,403 ] 86 root - INFO - Hypothesis cn_003: float64, float64 
[ 2023-09-02 18:03:25,420 ] 86 root - INFO - Hypothesis cn_004: float64, float64 
[ 2023-09-02 18:03:25,438 ] 86 root - INFO - Hypothesis cn_005: float64, float64 
[ 2023-09-02 18:03:25,456 ] 86 root - INFO - Hypothesis cn_006: float64, float64 
[ 2023-09-02 18:03:25,475 ] 86 root - INFO - Hypothesis cn_007: float64, float64 
[ 2023-09-02 18:03:25,491 ] 86 root - INFO - Hypothesis cn_008: float64, float64 
[ 2023-09-02 18:03:25,512 ] 86 root - INFO - Hypothesis cn_009: float64, float64 
[ 2023-09-02 18:03:25,578 ] 86 root - INFO - Hypothesis cp_000: float64, float64 
[ 2023-09-02 18:03:25,652 ] 86 root - INFO - Hypothesis cq_000: float64, float64 
[ 2023-09-02 18:03:25,666 ] 86 root - INFO - Hypothesis cs_000: float64, float64 
[ 2023-09-02 18:03:25,679 ] 86 root - INFO - Hypothesis cs_001: float64, float64 
[ 2023-09-02 18:03:25,698 ] 86 root - INFO - Hypothesis cs_002: float64, float64 
[ 2023-09-02 18:03:25,718 ] 86 root - INFO - Hypothesis cs_003: float64, float64 
[ 2023-09-02 18:03:25,731 ] 86 root - INFO - Hypothesis cs_004: float64, float64 
[ 2023-09-02 18:03:25,752 ] 86 root - INFO - Hypothesis cs_005: float64, float64 
[ 2023-09-02 18:03:25,765 ] 86 root - INFO - Hypothesis cs_006: float64, float64 
[ 2023-09-02 18:03:25,779 ] 86 root - INFO - Hypothesis cs_007: float64, float64 
[ 2023-09-02 18:03:25,796 ] 86 root - INFO - Hypothesis cs_008: float64, float64 
[ 2023-09-02 18:03:25,872 ] 86 root - INFO - Hypothesis cs_009: float64, float64 
[ 2023-09-02 18:03:25,929 ] 86 root - INFO - Hypothesis dd_000: float64, float64 
[ 2023-09-02 18:03:25,945 ] 86 root - INFO - Hypothesis de_000: float64, float64 
[ 2023-09-02 18:03:25,965 ] 86 root - INFO - Hypothesis df_000: float64, float64 
[ 2023-09-02 18:03:26,032 ] 86 root - INFO - Hypothesis dg_000: float64, float64 
[ 2023-09-02 18:03:26,095 ] 86 root - INFO - Hypothesis dh_000: float64, float64 
[ 2023-09-02 18:03:26,103 ] 86 root - INFO - Hypothesis di_000: float64, float64 
[ 2023-09-02 18:03:26,181 ] 86 root - INFO - Hypothesis dj_000: float64, float64 
[ 2023-09-02 18:03:26,262 ] 86 root - INFO - Hypothesis dk_000: float64, float64 
[ 2023-09-02 18:03:26,323 ] 86 root - INFO - Hypothesis dl_000: float64, float64 
[ 2023-09-02 18:03:26,382 ] 86 root - INFO - Hypothesis dm_000: float64, float64 
[ 2023-09-02 18:03:26,448 ] 86 root - INFO - Hypothesis dn_000: float64, float64 
[ 2023-09-02 18:03:26,462 ] 86 root - INFO - Hypothesis do_000: float64, float64 
[ 2023-09-02 18:03:26,475 ] 86 root - INFO - Hypothesis dp_000: float64, float64 
[ 2023-09-02 18:03:26,491 ] 86 root - INFO - Hypothesis dq_000: float64, float64 
[ 2023-09-02 18:03:26,551 ] 86 root - INFO - Hypothesis dr_000: float64, float64 
[ 2023-09-02 18:03:26,618 ] 86 root - INFO - Hypothesis ds_000: float64, float64 
[ 2023-09-02 18:03:26,635 ] 86 root - INFO - Hypothesis dt_000: float64, float64 
[ 2023-09-02 18:03:26,647 ] 86 root - INFO - Hypothesis du_000: float64, float64 
[ 2023-09-02 18:03:26,662 ] 86 root - INFO - Hypothesis dv_000: float64, float64 
[ 2023-09-02 18:03:26,683 ] 86 root - INFO - Hypothesis dx_000: float64, float64 
[ 2023-09-02 18:03:26,743 ] 86 root - INFO - Hypothesis dy_000: float64, float64 
[ 2023-09-02 18:03:26,816 ] 86 root - INFO - Hypothesis dz_000: float64, float64 
[ 2023-09-02 18:03:26,877 ] 86 root - INFO - Hypothesis ea_000: float64, float64 
[ 2023-09-02 18:03:26,940 ] 86 root - INFO - Hypothesis eb_000: float64, float64 
[ 2023-09-02 18:03:26,957 ] 86 root - INFO - Hypothesis ec_00: float64, float64 
[ 2023-09-02 18:03:26,973 ] 86 root - INFO - Hypothesis ed_000: float64, float64 
[ 2023-09-02 18:03:26,993 ] 86 root - INFO - Hypothesis ee_000: float64, float64 
[ 2023-09-02 18:03:27,011 ] 86 root - INFO - Hypothesis ee_001: float64, float64 
[ 2023-09-02 18:03:27,033 ] 86 root - INFO - Hypothesis ee_002: float64, float64 
[ 2023-09-02 18:03:27,046 ] 86 root - INFO - Hypothesis ee_003: float64, float64 
[ 2023-09-02 18:03:27,063 ] 86 root - INFO - Hypothesis ee_004: float64, float64 
[ 2023-09-02 18:03:27,081 ] 86 root - INFO - Hypothesis ee_005: float64, float64 
[ 2023-09-02 18:03:27,097 ] 86 root - INFO - Hypothesis ee_006: float64, float64 
[ 2023-09-02 18:03:27,110 ] 86 root - INFO - Hypothesis ee_007: float64, float64 
[ 2023-09-02 18:03:27,130 ] 86 root - INFO - Hypothesis ee_008: float64, float64 
[ 2023-09-02 18:03:27,141 ] 86 root - INFO - Hypothesis ee_009: float64, float64 
[ 2023-09-02 18:03:27,151 ] 86 root - INFO - Hypothesis ef_000: float64, float64 
[ 2023-09-02 18:03:27,210 ] 86 root - INFO - Hypothesis eg_000: float64, float64 
[ 2023-09-02 18:03:27,262 ] 140 root - INFO - As all column are available in test df hence detecting data drift
[ 2023-09-02 18:03:27,262 ] 86 root - INFO - Hypothesis class: object, object 
[ 2023-09-02 18:03:27,413 ] 86 root - INFO - Hypothesis aa_000: float64, float64 
[ 2023-09-02 18:03:27,429 ] 86 root - INFO - Hypothesis ac_000: float64, float64 
[ 2023-09-02 18:03:27,436 ] 86 root - INFO - Hypothesis ae_000: float64, float64 
[ 2023-09-02 18:03:27,468 ] 86 root - INFO - Hypothesis af_000: float64, float64 
[ 2023-09-02 18:03:27,502 ] 86 root - INFO - Hypothesis ag_000: float64, float64 
[ 2023-09-02 18:03:27,530 ] 86 root - INFO - Hypothesis ag_001: float64, float64 
[ 2023-09-02 18:03:27,559 ] 86 root - INFO - Hypothesis ag_002: float64, float64 
[ 2023-09-02 18:03:27,564 ] 86 root - INFO - Hypothesis ag_003: float64, float64 
[ 2023-09-02 18:03:27,576 ] 86 root - INFO - Hypothesis ag_004: float64, float64 
[ 2023-09-02 18:03:27,588 ] 86 root - INFO - Hypothesis ag_005: float64, float64 
[ 2023-09-02 18:03:27,610 ] 86 root - INFO - Hypothesis ag_006: float64, float64 
[ 2023-09-02 18:03:27,620 ] 86 root - INFO - Hypothesis ag_007: float64, float64 
[ 2023-09-02 18:03:27,635 ] 86 root - INFO - Hypothesis ag_008: float64, float64 
[ 2023-09-02 18:03:27,642 ] 86 root - INFO - Hypothesis ag_009: float64, float64 
[ 2023-09-02 18:03:27,649 ] 86 root - INFO - Hypothesis ah_000: float64, float64 
[ 2023-09-02 18:03:27,663 ] 86 root - INFO - Hypothesis ai_000: float64, float64 
[ 2023-09-02 18:03:27,669 ] 86 root - INFO - Hypothesis aj_000: float64, float64 
[ 2023-09-02 18:03:27,677 ] 86 root - INFO - Hypothesis ak_000: float64, float64 
[ 2023-09-02 18:03:27,684 ] 86 root - INFO - Hypothesis al_000: float64, float64 
[ 2023-09-02 18:03:27,694 ] 86 root - INFO - Hypothesis am_0: float64, float64 
[ 2023-09-02 18:03:27,704 ] 86 root - INFO - Hypothesis an_000: float64, float64 
[ 2023-09-02 18:03:27,721 ] 86 root - INFO - Hypothesis ao_000: float64, float64 
[ 2023-09-02 18:03:27,743 ] 86 root - INFO - Hypothesis ap_000: float64, float64 
[ 2023-09-02 18:03:27,752 ] 86 root - INFO - Hypothesis aq_000: float64, float64 
[ 2023-09-02 18:03:27,767 ] 86 root - INFO - Hypothesis ar_000: float64, float64 
[ 2023-09-02 18:03:27,797 ] 86 root - INFO - Hypothesis as_000: float64, float64 
[ 2023-09-02 18:03:27,819 ] 86 root - INFO - Hypothesis at_000: float64, float64 
[ 2023-09-02 18:03:27,858 ] 86 root - INFO - Hypothesis au_000: float64, float64 
[ 2023-09-02 18:03:27,889 ] 86 root - INFO - Hypothesis av_000: float64, float64 
[ 2023-09-02 18:03:27,898 ] 86 root - INFO - Hypothesis ax_000: float64, float64 
[ 2023-09-02 18:03:27,914 ] 86 root - INFO - Hypothesis ay_000: float64, float64 
[ 2023-09-02 18:03:27,941 ] 86 root - INFO - Hypothesis ay_001: float64, float64 
[ 2023-09-02 18:03:27,965 ] 86 root - INFO - Hypothesis ay_002: float64, float64 
[ 2023-09-02 18:03:28,000 ] 86 root - INFO - Hypothesis ay_003: float64, float64 
[ 2023-09-02 18:03:28,025 ] 86 root - INFO - Hypothesis ay_004: float64, float64 
[ 2023-09-02 18:03:28,049 ] 86 root - INFO - Hypothesis ay_005: float64, float64 
[ 2023-09-02 18:03:28,061 ] 86 root - INFO - Hypothesis ay_006: float64, float64 
[ 2023-09-02 18:03:28,069 ] 86 root - INFO - Hypothesis ay_007: float64, float64 
[ 2023-09-02 18:03:28,085 ] 86 root - INFO - Hypothesis ay_008: float64, float64 
[ 2023-09-02 18:03:28,094 ] 86 root - INFO - Hypothesis ay_009: float64, float64 
[ 2023-09-02 18:03:28,128 ] 86 root - INFO - Hypothesis az_000: float64, float64 
[ 2023-09-02 18:03:28,142 ] 86 root - INFO - Hypothesis az_001: float64, float64 
[ 2023-09-02 18:03:28,151 ] 86 root - INFO - Hypothesis az_002: float64, float64 
[ 2023-09-02 18:03:28,161 ] 86 root - INFO - Hypothesis az_003: float64, float64 
[ 2023-09-02 18:03:28,172 ] 86 root - INFO - Hypothesis az_004: float64, float64 
[ 2023-09-02 18:03:28,181 ] 86 root - INFO - Hypothesis az_005: float64, float64 
[ 2023-09-02 18:03:28,195 ] 86 root - INFO - Hypothesis az_006: float64, float64 
[ 2023-09-02 18:03:28,210 ] 86 root - INFO - Hypothesis az_007: float64, float64 
[ 2023-09-02 18:03:28,216 ] 86 root - INFO - Hypothesis az_008: float64, float64 
[ 2023-09-02 18:03:28,238 ] 86 root - INFO - Hypothesis az_009: float64, float64 
[ 2023-09-02 18:03:28,258 ] 86 root - INFO - Hypothesis ba_000: float64, float64 
[ 2023-09-02 18:03:28,269 ] 86 root - INFO - Hypothesis ba_001: float64, float64 
[ 2023-09-02 18:03:28,278 ] 86 root - INFO - Hypothesis ba_002: float64, float64 
[ 2023-09-02 18:03:28,307 ] 86 root - INFO - Hypothesis ba_003: float64, float64 
[ 2023-09-02 18:03:28,320 ] 86 root - INFO - Hypothesis ba_004: float64, float64 
[ 2023-09-02 18:03:28,329 ] 86 root - INFO - Hypothesis ba_005: float64, float64 
[ 2023-09-02 18:03:28,346 ] 86 root - INFO - Hypothesis ba_006: float64, float64 
[ 2023-09-02 18:03:28,354 ] 86 root - INFO - Hypothesis ba_007: float64, float64 
[ 2023-09-02 18:03:28,362 ] 86 root - INFO - Hypothesis ba_008: float64, float64 
[ 2023-09-02 18:03:28,372 ] 86 root - INFO - Hypothesis ba_009: float64, float64 
[ 2023-09-02 18:03:28,379 ] 86 root - INFO - Hypothesis bb_000: float64, float64 
[ 2023-09-02 18:03:28,392 ] 86 root - INFO - Hypothesis bc_000: float64, float64 
[ 2023-09-02 18:03:28,399 ] 86 root - INFO - Hypothesis bd_000: float64, float64 
[ 2023-09-02 18:03:28,410 ] 86 root - INFO - Hypothesis be_000: float64, float64 
[ 2023-09-02 18:03:28,419 ] 86 root - INFO - Hypothesis bf_000: float64, float64 
[ 2023-09-02 18:03:28,427 ] 86 root - INFO - Hypothesis bg_000: float64, float64 
[ 2023-09-02 18:03:28,442 ] 86 root - INFO - Hypothesis bh_000: float64, float64 
[ 2023-09-02 18:03:28,452 ] 86 root - INFO - Hypothesis bi_000: float64, float64 
[ 2023-09-02 18:03:28,462 ] 86 root - INFO - Hypothesis bj_000: float64, float64 
[ 2023-09-02 18:03:28,481 ] 86 root - INFO - Hypothesis bs_000: float64, float64 
[ 2023-09-02 18:03:28,491 ] 86 root - INFO - Hypothesis bt_000: float64, float64 
[ 2023-09-02 18:03:28,504 ] 86 root - INFO - Hypothesis bu_000: float64, float64 
[ 2023-09-02 18:03:28,521 ] 86 root - INFO - Hypothesis bv_000: float64, float64 
[ 2023-09-02 18:03:28,532 ] 86 root - INFO - Hypothesis bx_000: float64, float64 
[ 2023-09-02 18:03:28,551 ] 86 root - INFO - Hypothesis by_000: float64, float64 
[ 2023-09-02 18:03:28,561 ] 86 root - INFO - Hypothesis bz_000: float64, float64 
[ 2023-09-02 18:03:28,569 ] 86 root - INFO - Hypothesis ca_000: float64, float64 
[ 2023-09-02 18:03:28,583 ] 86 root - INFO - Hypothesis cb_000: float64, float64 
[ 2023-09-02 18:03:28,592 ] 86 root - INFO - Hypothesis cc_000: float64, float64 
[ 2023-09-02 18:03:28,601 ] 86 root - INFO - Hypothesis cd_000: float64, float64 
[ 2023-09-02 18:03:28,634 ] 86 root - INFO - Hypothesis ce_000: float64, float64 
[ 2023-09-02 18:03:28,642 ] 86 root - INFO - Hypothesis ci_000: float64, float64 
[ 2023-09-02 18:03:28,655 ] 86 root - INFO - Hypothesis cj_000: float64, float64 
[ 2023-09-02 18:03:28,667 ] 86 root - INFO - Hypothesis ck_000: float64, float64 
[ 2023-09-02 18:03:28,688 ] 86 root - INFO - Hypothesis cl_000: float64, float64 
[ 2023-09-02 18:03:28,702 ] 86 root - INFO - Hypothesis cm_000: float64, float64 
[ 2023-09-02 18:03:28,713 ] 86 root - INFO - Hypothesis cn_000: float64, float64 
[ 2023-09-02 18:03:28,741 ] 86 root - INFO - Hypothesis cn_001: float64, float64 
[ 2023-09-02 18:03:28,749 ] 86 root - INFO - Hypothesis cn_002: float64, float64 
[ 2023-09-02 18:03:28,762 ] 86 root - INFO - Hypothesis cn_003: float64, float64 
[ 2023-09-02 18:03:28,774 ] 86 root - INFO - Hypothesis cn_004: float64, float64 
[ 2023-09-02 18:03:28,795 ] 86 root - INFO - Hypothesis cn_005: float64, float64 
[ 2023-09-02 18:03:28,804 ] 86 root - INFO - Hypothesis cn_006: float64, float64 
[ 2023-09-02 18:03:28,813 ] 86 root - INFO - Hypothesis cn_007: float64, float64 
[ 2023-09-02 18:03:28,827 ] 86 root - INFO - Hypothesis cn_008: float64, float64 
[ 2023-09-02 18:03:28,840 ] 86 root - INFO - Hypothesis cn_009: float64, float64 
[ 2023-09-02 18:03:28,854 ] 86 root - INFO - Hypothesis cp_000: float64, float64 
[ 2023-09-02 18:03:28,866 ] 86 root - INFO - Hypothesis cq_000: float64, float64 
[ 2023-09-02 18:03:28,883 ] 86 root - INFO - Hypothesis cs_000: float64, float64 
[ 2023-09-02 18:03:28,891 ] 86 root - INFO - Hypothesis cs_001: float64, float64 
[ 2023-09-02 18:03:28,906 ] 86 root - INFO - Hypothesis cs_002: float64, float64 
[ 2023-09-02 18:03:28,915 ] 86 root - INFO - Hypothesis cs_003: float64, float64 
[ 2023-09-02 18:03:28,928 ] 86 root - INFO - Hypothesis cs_004: float64, float64 
[ 2023-09-02 18:03:28,943 ] 86 root - INFO - Hypothesis cs_005: float64, float64 
[ 2023-09-02 18:03:28,952 ] 86 root - INFO - Hypothesis cs_006: float64, float64 
[ 2023-09-02 18:03:28,967 ] 86 root - INFO - Hypothesis cs_007: float64, float64 
[ 2023-09-02 18:03:28,979 ] 86 root - INFO - Hypothesis cs_008: float64, float64 
[ 2023-09-02 18:03:28,996 ] 86 root - INFO - Hypothesis cs_009: float64, float64 
[ 2023-09-02 18:03:29,022 ] 86 root - INFO - Hypothesis dd_000: float64, float64 
[ 2023-09-02 18:03:29,030 ] 86 root - INFO - Hypothesis de_000: float64, float64 
[ 2023-09-02 18:03:29,039 ] 86 root - INFO - Hypothesis df_000: float64, float64 
[ 2023-09-02 18:03:29,047 ] 86 root - INFO - Hypothesis dg_000: float64, float64 
[ 2023-09-02 18:03:29,051 ] 86 root - INFO - Hypothesis dh_000: float64, float64 
[ 2023-09-02 18:03:29,062 ] 86 root - INFO - Hypothesis di_000: float64, float64 
[ 2023-09-02 18:03:29,068 ] 86 root - INFO - Hypothesis dj_000: float64, float64 
[ 2023-09-02 18:03:29,101 ] 86 root - INFO - Hypothesis dk_000: float64, float64 
[ 2023-09-02 18:03:29,111 ] 86 root - INFO - Hypothesis dl_000: float64, float64 
[ 2023-09-02 18:03:29,142 ] 86 root - INFO - Hypothesis dm_000: float64, float64 
[ 2023-09-02 18:03:29,170 ] 86 root - INFO - Hypothesis dn_000: float64, float64 
[ 2023-09-02 18:03:29,180 ] 86 root - INFO - Hypothesis do_000: float64, float64 
[ 2023-09-02 18:03:29,193 ] 86 root - INFO - Hypothesis dp_000: float64, float64 
[ 2023-09-02 18:03:29,201 ] 86 root - INFO - Hypothesis dq_000: float64, float64 
[ 2023-09-02 18:03:29,212 ] 86 root - INFO - Hypothesis dr_000: float64, float64 
[ 2023-09-02 18:03:29,230 ] 86 root - INFO - Hypothesis ds_000: float64, float64 
[ 2023-09-02 18:03:29,239 ] 86 root - INFO - Hypothesis dt_000: float64, float64 
[ 2023-09-02 18:03:29,248 ] 86 root - INFO - Hypothesis du_000: float64, float64 
[ 2023-09-02 18:03:29,257 ] 86 root - INFO - Hypothesis dv_000: float64, float64 
[ 2023-09-02 18:03:29,266 ] 86 root - INFO - Hypothesis dx_000: float64, float64 
[ 2023-09-02 18:03:29,275 ] 86 root - INFO - Hypothesis dy_000: float64, float64 
[ 2023-09-02 18:03:29,282 ] 86 root - INFO - Hypothesis dz_000: float64, float64 
[ 2023-09-02 18:03:29,323 ] 86 root - INFO - Hypothesis ea_000: float64, float64 
[ 2023-09-02 18:03:29,358 ] 86 root - INFO - Hypothesis eb_000: float64, float64 
[ 2023-09-02 18:03:29,365 ] 86 root - INFO - Hypothesis ec_00: float64, float64 
[ 2023-09-02 18:03:29,375 ] 86 root - INFO - Hypothesis ed_000: float64, float64 
[ 2023-09-02 18:03:29,385 ] 86 root - INFO - Hypothesis ee_000: float64, float64 
[ 2023-09-02 18:03:29,410 ] 86 root - INFO - Hypothesis ee_001: float64, float64 
[ 2023-09-02 18:03:29,427 ] 86 root - INFO - Hypothesis ee_002: float64, float64 
[ 2023-09-02 18:03:29,438 ] 86 root - INFO - Hypothesis ee_003: float64, float64 
[ 2023-09-02 18:03:29,452 ] 86 root - INFO - Hypothesis ee_004: float64, float64 
[ 2023-09-02 18:03:29,463 ] 86 root - INFO - Hypothesis ee_005: float64, float64 
[ 2023-09-02 18:03:29,476 ] 86 root - INFO - Hypothesis ee_006: float64, float64 
[ 2023-09-02 18:03:29,493 ] 86 root - INFO - Hypothesis ee_007: float64, float64 
[ 2023-09-02 18:03:29,502 ] 86 root - INFO - Hypothesis ee_008: float64, float64 
[ 2023-09-02 18:03:29,510 ] 86 root - INFO - Hypothesis ee_009: float64, float64 
[ 2023-09-02 18:03:29,523 ] 86 root - INFO - Hypothesis ef_000: float64, float64 
[ 2023-09-02 18:03:29,554 ] 86 root - INFO - Hypothesis eg_000: float64, float64 
[ 2023-09-02 18:03:29,595 ] 143 root - INFO - Write reprt in yaml file
[ 2023-09-02 18:03:31,563 ] 66 root - INFO - Before resampling in training set Input: (28950, 170) Target:(28950,)
[ 2023-09-02 18:04:13,316 ] 68 root - INFO - After resampling in training set Input: (56152, 170) Target:(56152,)
[ 2023-09-02 18:04:13,317 ] 71 root - INFO - Before resampling in testing set Input: (7238, 170) Target:(7238,)
[ 2023-09-02 18:04:22,185 ] 73 root - INFO - After resampling in testing set Input: (14072, 170) Target:(14072,)
[ 2023-09-02 18:04:22,447 ] 53 root - INFO - Entered te save object method of Main utils class
[ 2023-09-02 18:04:22,451 ] 57 root - INFO - exited the save object method of Main utils class
[ 2023-09-02 18:04:22,451 ] 53 root - INFO - Entered te save object method of Main utils class
[ 2023-09-02 18:04:22,452 ] 57 root - INFO - exited the save object method of Main utils class
[ 2023-09-02 18:04:22,452 ] 91 root - INFO - Data transformation object DataTransformationArtifact(transform_object_path='/config/workspace/artifact/09022023__18_02_53/data_transformation/transformer/transformer.pkl', transformed_train_path='/config/workspace/artifact/09022023__18_02_53/data_transformation/transformed/train.npz', transformed_test_path='/config/workspace/artifact/09022023__18_02_53/data_transformation/transformed/test.npz', target_encoder_path='/config/workspace/artifact/09022023__18_02_53/data_transformation/target_encoder/target_encoder.pkl')
[ 2023-09-02 18:04:22,454 ] 14 root - INFO - >>>>>>>>>>>>>>>>>>>>>>>>>>>>>>>>>>>>>>>> Model Trainer <<<<<<<<<<<<<<<<<<<<<<<<<<<<<<<<<<<<<<<<
[ 2023-09-02 18:04:22,454 ] 39 root - INFO - Loading train and test array.
[ 2023-09-02 18:04:22,518 ] 43 root - INFO - Splitting input and target feature from both train and test arr.
[ 2023-09-02 18:04:22,518 ] 47 root - INFO - Train the model
[ 2023-09-02 18:09:36,387 ] 50 root - INFO - Calculating f1 train score
[ 2023-09-02 18:09:36,658 ] 54 root - INFO - Calculating f1 test score
[ 2023-09-02 18:09:36,821 ] 58 root - INFO - train score:0.9999821908781678 and tests score 0.9694011365292147
[ 2023-09-02 18:09:36,822 ] 59 root - INFO - Checking if our model is underfitting or not
[ 2023-09-02 18:09:36,822 ] 64 root - INFO - Checking if our model is overfiiting or not
[ 2023-09-02 18:09:36,822 ] 70 root - INFO - Saving mode object
[ 2023-09-02 18:09:36,822 ] 53 root - INFO - Entered te save object method of Main utils class
[ 2023-09-02 18:09:36,848 ] 57 root - INFO - exited the save object method of Main utils class
[ 2023-09-02 18:09:36,849 ] 73 root - INFO - Prepare the artifact
[ 2023-09-02 18:09:36,849 ] 77 root - INFO - Model trainer artifact: ModelTrainerArtifact(model_path='/config/workspace/artifact/09022023__18_02_53/model_trainer/model/model.pkl', f1_train_score=0.9999821908781678, f1_test_score=0.9694011365292147)
[ 2023-09-02 18:09:36,850 ] 36 root - INFO - if saved model folder has model the we will compare which model is best trained or the model from saved model folder
