[ 2023-09-02 19:17:44,799 ] 20 root - INFO - exporting data as pandas dataframe
[ 2023-09-02 19:17:44,799 ] 21 root - INFO - Reading data from database: aps and collection: sensor
[ 2023-09-02 19:17:52,850 ] 23 root - INFO - Found Columns: Index(['_id', 'class', 'aa_000', 'ab_000', 'ac_000', 'ad_000', 'ae_000',
       'af_000', 'ag_000', 'ag_001',
       ...
       'ee_002', 'ee_003', 'ee_004', 'ee_005', 'ee_006', 'ee_007', 'ee_008',
       'ee_009', 'ef_000', 'eg_000'],
      dtype='object', length=172)
[ 2023-09-02 19:17:52,850 ] 25 root - INFO - Dropping column: _id
[ 2023-09-02 19:17:53,296 ] 27 root - INFO - row and columnns in df: (36188, 171)
[ 2023-09-02 19:17:53,297 ] 25 root - INFO - save data in feature store
[ 2023-09-02 19:18:00,112 ] 35 root - INFO - split dataset into train and test set
[ 2023-09-02 19:18:00,755 ] 39 root - INFO - create dataset directory folder if not available
[ 2023-09-02 19:18:00,756 ] 46 root - INFO - Save df to feature store folder
[ 2023-09-02 19:18:04,475 ] 59 root - INFO - Data ingestion artifact: DataIngestionArtifact(feature_store_file_path='/config/workspace/artifact/09022023__19_17_44/data_ingestion/feature_store/sensor.csv', train_file_path='/config/workspace/artifact/09022023__19_17_44/data_ingestion/dataset/train.csv', test_file_path='/config/workspace/artifact/09022023__19_17_44/data_ingestion/dataset/test.csv')
[ 2023-09-02 19:18:05,412 ] 20 root - INFO - >>>>>>>>>>>>>>>>>>>>>>>>>>>>>>>>>>>>>>>> Data Validation <<<<<<<<<<<<<<<<<<<<<<<<<<<<<<<<<<<<<<<<
[ 2023-09-02 19:18:05,413 ] 107 root - INFO - Reading base dataframe
[ 2023-09-02 19:18:09,688 ] 110 root - INFO - Replace na value in base df
[ 2023-09-02 19:18:10,146 ] 61 root - INFO - selecting column name which contains null above to 0.2
[ 2023-09-02 19:18:10,147 ] 64 root - INFO - Columns to drop: ['ab_000', 'ad_000', 'bk_000', 'bl_000', 'bm_000', 'bn_000', 'bo_000', 'bp_000', 'bq_000', 'br_000', 'cf_000', 'cg_000', 'ch_000', 'co_000', 'cr_000', 'ct_000', 'cu_000', 'cv_000', 'cx_000', 'cy_000', 'cz_000', 'da_000', 'db_000', 'dc_000']
[ 2023-09-02 19:18:10,286 ] 115 root - INFO - Reading train dataframe
[ 2023-09-02 19:18:11,044 ] 117 root - INFO - Reading test dataframe
[ 2023-09-02 19:18:11,231 ] 120 root - INFO - Drop null values colums from train df
[ 2023-09-02 19:18:11,247 ] 61 root - INFO - selecting column name which contains null above to 0.2
[ 2023-09-02 19:18:11,247 ] 64 root - INFO - Columns to drop: ['ab_000', 'ad_000', 'bk_000', 'bl_000', 'bm_000', 'bn_000', 'bo_000', 'bp_000', 'bq_000', 'br_000', 'cf_000', 'cg_000', 'ch_000', 'co_000', 'cr_000', 'ct_000', 'cu_000', 'cv_000', 'cx_000', 'cy_000', 'cz_000', 'da_000', 'db_000', 'dc_000']
[ 2023-09-02 19:18:11,255 ] 122 root - INFO - Drop null values colums from test df
[ 2023-09-02 19:18:11,260 ] 61 root - INFO - selecting column name which contains null above to 0.2
[ 2023-09-02 19:18:11,262 ] 64 root - INFO - Columns to drop: ['ab_000', 'ad_000', 'bk_000', 'bl_000', 'bm_000', 'bn_000', 'bo_000', 'bp_000', 'bq_000', 'br_000', 'cf_000', 'cg_000', 'ch_000', 'co_000', 'cr_000', 'ct_000', 'cu_000', 'cv_000', 'cx_000', 'cy_000', 'cz_000', 'da_000', 'db_000', 'dc_000']
[ 2023-09-02 19:18:12,886 ] 130 root - INFO - Is all required columns present in train df
[ 2023-09-02 19:18:12,886 ] 132 root - INFO - Is all required columns present in test df
[ 2023-09-02 19:18:12,887 ] 136 root - INFO - As all column are available in train df hence detecting data drift
[ 2023-09-02 19:18:12,887 ] 86 root - INFO - Hypothesis class: object, object 
[ 2023-09-02 19:18:13,128 ] 86 root - INFO - Hypothesis aa_000: float64, float64 
[ 2023-09-02 19:18:13,145 ] 86 root - INFO - Hypothesis ac_000: float64, float64 
[ 2023-09-02 19:18:13,205 ] 86 root - INFO - Hypothesis ae_000: float64, float64 
[ 2023-09-02 19:18:13,267 ] 86 root - INFO - Hypothesis af_000: float64, float64 
[ 2023-09-02 19:18:13,321 ] 86 root - INFO - Hypothesis ag_000: float64, float64 
[ 2023-09-02 19:18:13,391 ] 86 root - INFO - Hypothesis ag_001: float64, float64 
[ 2023-09-02 19:18:13,447 ] 86 root - INFO - Hypothesis ag_002: float64, float64 
[ 2023-09-02 19:18:13,504 ] 86 root - INFO - Hypothesis ag_003: float64, float64 
[ 2023-09-02 19:18:13,522 ] 86 root - INFO - Hypothesis ag_004: float64, float64 
[ 2023-09-02 19:18:13,535 ] 86 root - INFO - Hypothesis ag_005: float64, float64 
[ 2023-09-02 19:18:13,549 ] 86 root - INFO - Hypothesis ag_006: float64, float64 
[ 2023-09-02 19:18:13,568 ] 86 root - INFO - Hypothesis ag_007: float64, float64 
[ 2023-09-02 19:18:13,596 ] 86 root - INFO - Hypothesis ag_008: float64, float64 
[ 2023-09-02 19:18:13,608 ] 86 root - INFO - Hypothesis ag_009: float64, float64 
[ 2023-09-02 19:18:13,620 ] 86 root - INFO - Hypothesis ah_000: float64, float64 
[ 2023-09-02 19:18:13,636 ] 86 root - INFO - Hypothesis ai_000: float64, float64 
[ 2023-09-02 19:18:13,704 ] 86 root - INFO - Hypothesis aj_000: float64, float64 
[ 2023-09-02 19:18:13,727 ] 86 root - INFO - Hypothesis ak_000: float64, float64 
[ 2023-09-02 19:18:13,784 ] 86 root - INFO - Hypothesis al_000: float64, float64 
[ 2023-09-02 19:18:13,796 ] 86 root - INFO - Hypothesis am_0: float64, float64 
[ 2023-09-02 19:18:13,811 ] 86 root - INFO - Hypothesis an_000: float64, float64 
[ 2023-09-02 19:18:13,830 ] 86 root - INFO - Hypothesis ao_000: float64, float64 
[ 2023-09-02 19:18:13,843 ] 86 root - INFO - Hypothesis ap_000: float64, float64 
[ 2023-09-02 19:18:13,856 ] 86 root - INFO - Hypothesis aq_000: float64, float64 
[ 2023-09-02 19:18:13,874 ] 86 root - INFO - Hypothesis ar_000: float64, float64 
[ 2023-09-02 19:18:13,942 ] 86 root - INFO - Hypothesis as_000: float64, float64 
[ 2023-09-02 19:18:13,998 ] 86 root - INFO - Hypothesis at_000: float64, float64 
[ 2023-09-02 19:18:14,055 ] 86 root - INFO - Hypothesis au_000: float64, float64 
[ 2023-09-02 19:18:14,114 ] 86 root - INFO - Hypothesis av_000: float64, float64 
[ 2023-09-02 19:18:14,129 ] 86 root - INFO - Hypothesis ax_000: float64, float64 
[ 2023-09-02 19:18:14,139 ] 86 root - INFO - Hypothesis ay_000: float64, float64 
[ 2023-09-02 19:18:14,195 ] 86 root - INFO - Hypothesis ay_001: float64, float64 
[ 2023-09-02 19:18:14,250 ] 86 root - INFO - Hypothesis ay_002: float64, float64 
[ 2023-09-02 19:18:14,297 ] 86 root - INFO - Hypothesis ay_003: float64, float64 
[ 2023-09-02 19:18:14,362 ] 86 root - INFO - Hypothesis ay_004: float64, float64 
[ 2023-09-02 19:18:14,419 ] 86 root - INFO - Hypothesis ay_005: float64, float64 
[ 2023-09-02 19:18:14,484 ] 86 root - INFO - Hypothesis ay_006: float64, float64 
[ 2023-09-02 19:18:14,506 ] 86 root - INFO - Hypothesis ay_007: float64, float64 
[ 2023-09-02 19:18:14,522 ] 86 root - INFO - Hypothesis ay_008: float64, float64 
[ 2023-09-02 19:18:14,544 ] 86 root - INFO - Hypothesis ay_009: float64, float64 
[ 2023-09-02 19:18:14,595 ] 86 root - INFO - Hypothesis az_000: float64, float64 
[ 2023-09-02 19:18:14,608 ] 86 root - INFO - Hypothesis az_001: float64, float64 
[ 2023-09-02 19:18:14,629 ] 86 root - INFO - Hypothesis az_002: float64, float64 
[ 2023-09-02 19:18:14,648 ] 86 root - INFO - Hypothesis az_003: float64, float64 
[ 2023-09-02 19:18:14,662 ] 86 root - INFO - Hypothesis az_004: float64, float64 
[ 2023-09-02 19:18:14,676 ] 86 root - INFO - Hypothesis az_005: float64, float64 
[ 2023-09-02 19:18:14,699 ] 86 root - INFO - Hypothesis az_006: float64, float64 
[ 2023-09-02 19:18:14,760 ] 86 root - INFO - Hypothesis az_007: float64, float64 
[ 2023-09-02 19:18:14,825 ] 86 root - INFO - Hypothesis az_008: float64, float64 
[ 2023-09-02 19:18:14,883 ] 86 root - INFO - Hypothesis az_009: float64, float64 
[ 2023-09-02 19:18:14,944 ] 86 root - INFO - Hypothesis ba_000: float64, float64 
[ 2023-09-02 19:18:14,961 ] 86 root - INFO - Hypothesis ba_001: float64, float64 
[ 2023-09-02 19:18:14,974 ] 86 root - INFO - Hypothesis ba_002: float64, float64 
[ 2023-09-02 19:18:14,987 ] 86 root - INFO - Hypothesis ba_003: float64, float64 
[ 2023-09-02 19:18:15,003 ] 86 root - INFO - Hypothesis ba_004: float64, float64 
[ 2023-09-02 19:18:15,020 ] 86 root - INFO - Hypothesis ba_005: float64, float64 
[ 2023-09-02 19:18:15,040 ] 86 root - INFO - Hypothesis ba_006: float64, float64 
[ 2023-09-02 19:18:15,053 ] 86 root - INFO - Hypothesis ba_007: float64, float64 
[ 2023-09-02 19:18:15,065 ] 86 root - INFO - Hypothesis ba_008: float64, float64 
[ 2023-09-02 19:18:15,119 ] 86 root - INFO - Hypothesis ba_009: float64, float64 
[ 2023-09-02 19:18:15,183 ] 86 root - INFO - Hypothesis bb_000: float64, float64 
[ 2023-09-02 19:18:15,196 ] 86 root - INFO - Hypothesis bc_000: float64, float64 
[ 2023-09-02 19:18:15,257 ] 86 root - INFO - Hypothesis bd_000: float64, float64 
[ 2023-09-02 19:18:15,269 ] 86 root - INFO - Hypothesis be_000: float64, float64 
[ 2023-09-02 19:18:15,280 ] 86 root - INFO - Hypothesis bf_000: float64, float64 
[ 2023-09-02 19:18:15,295 ] 86 root - INFO - Hypothesis bg_000: float64, float64 
[ 2023-09-02 19:18:15,308 ] 86 root - INFO - Hypothesis bh_000: float64, float64 
[ 2023-09-02 19:18:15,324 ] 86 root - INFO - Hypothesis bi_000: float64, float64 
[ 2023-09-02 19:18:15,337 ] 86 root - INFO - Hypothesis bj_000: float64, float64 
[ 2023-09-02 19:18:15,354 ] 86 root - INFO - Hypothesis bs_000: float64, float64 
[ 2023-09-02 19:18:15,367 ] 86 root - INFO - Hypothesis bt_000: float64, float64 
[ 2023-09-02 19:18:15,384 ] 86 root - INFO - Hypothesis bu_000: float64, float64 
[ 2023-09-02 19:18:15,396 ] 86 root - INFO - Hypothesis bv_000: float64, float64 
[ 2023-09-02 19:18:15,408 ] 86 root - INFO - Hypothesis bx_000: float64, float64 
[ 2023-09-02 19:18:15,424 ] 86 root - INFO - Hypothesis by_000: float64, float64 
[ 2023-09-02 19:18:15,436 ] 86 root - INFO - Hypothesis bz_000: float64, float64 
[ 2023-09-02 19:18:15,446 ] 86 root - INFO - Hypothesis ca_000: float64, float64 
[ 2023-09-02 19:18:15,459 ] 86 root - INFO - Hypothesis cb_000: float64, float64 
[ 2023-09-02 19:18:15,471 ] 86 root - INFO - Hypothesis cc_000: float64, float64 
[ 2023-09-02 19:18:15,483 ] 86 root - INFO - Hypothesis cd_000: float64, float64 
[ 2023-09-02 19:18:15,531 ] 86 root - INFO - Hypothesis ce_000: float64, float64 
[ 2023-09-02 19:18:15,543 ] 86 root - INFO - Hypothesis ci_000: float64, float64 
[ 2023-09-02 19:18:15,563 ] 86 root - INFO - Hypothesis cj_000: float64, float64 
[ 2023-09-02 19:18:15,612 ] 86 root - INFO - Hypothesis ck_000: float64, float64 
[ 2023-09-02 19:18:15,629 ] 86 root - INFO - Hypothesis cl_000: float64, float64 
[ 2023-09-02 19:18:15,636 ] 86 root - INFO - Hypothesis cm_000: float64, float64 
[ 2023-09-02 19:18:15,649 ] 86 root - INFO - Hypothesis cn_000: float64, float64 
[ 2023-09-02 19:18:15,694 ] 86 root - INFO - Hypothesis cn_001: float64, float64 
[ 2023-09-02 19:18:15,753 ] 86 root - INFO - Hypothesis cn_002: float64, float64 
[ 2023-09-02 19:18:15,769 ] 86 root - INFO - Hypothesis cn_003: float64, float64 
[ 2023-09-02 19:18:15,783 ] 86 root - INFO - Hypothesis cn_004: float64, float64 
[ 2023-09-02 19:18:15,797 ] 86 root - INFO - Hypothesis cn_005: float64, float64 
[ 2023-09-02 19:18:15,810 ] 86 root - INFO - Hypothesis cn_006: float64, float64 
[ 2023-09-02 19:18:15,823 ] 86 root - INFO - Hypothesis cn_007: float64, float64 
[ 2023-09-02 19:18:15,836 ] 86 root - INFO - Hypothesis cn_008: float64, float64 
[ 2023-09-02 19:18:15,855 ] 86 root - INFO - Hypothesis cn_009: float64, float64 
[ 2023-09-02 19:18:15,910 ] 86 root - INFO - Hypothesis cp_000: float64, float64 
[ 2023-09-02 19:18:15,966 ] 86 root - INFO - Hypothesis cq_000: float64, float64 
[ 2023-09-02 19:18:15,980 ] 86 root - INFO - Hypothesis cs_000: float64, float64 
[ 2023-09-02 19:18:15,992 ] 86 root - INFO - Hypothesis cs_001: float64, float64 
[ 2023-09-02 19:18:16,006 ] 86 root - INFO - Hypothesis cs_002: float64, float64 
[ 2023-09-02 19:18:16,030 ] 86 root - INFO - Hypothesis cs_003: float64, float64 
[ 2023-09-02 19:18:16,044 ] 86 root - INFO - Hypothesis cs_004: float64, float64 
[ 2023-09-02 19:18:16,062 ] 86 root - INFO - Hypothesis cs_005: float64, float64 
[ 2023-09-02 19:18:16,075 ] 86 root - INFO - Hypothesis cs_006: float64, float64 
[ 2023-09-02 19:18:16,088 ] 86 root - INFO - Hypothesis cs_007: float64, float64 
[ 2023-09-02 19:18:16,103 ] 86 root - INFO - Hypothesis cs_008: float64, float64 
[ 2023-09-02 19:18:16,170 ] 86 root - INFO - Hypothesis cs_009: float64, float64 
[ 2023-09-02 19:18:16,228 ] 86 root - INFO - Hypothesis dd_000: float64, float64 
[ 2023-09-02 19:18:16,241 ] 86 root - INFO - Hypothesis de_000: float64, float64 
[ 2023-09-02 19:18:16,255 ] 86 root - INFO - Hypothesis df_000: float64, float64 
[ 2023-09-02 19:18:16,320 ] 86 root - INFO - Hypothesis dg_000: float64, float64 
[ 2023-09-02 19:18:16,381 ] 86 root - INFO - Hypothesis dh_000: float64, float64 
[ 2023-09-02 19:18:16,389 ] 86 root - INFO - Hypothesis di_000: float64, float64 
[ 2023-09-02 19:18:16,449 ] 86 root - INFO - Hypothesis dj_000: float64, float64 
[ 2023-09-02 19:18:16,518 ] 86 root - INFO - Hypothesis dk_000: float64, float64 
[ 2023-09-02 19:18:16,583 ] 86 root - INFO - Hypothesis dl_000: float64, float64 
[ 2023-09-02 19:18:16,640 ] 86 root - INFO - Hypothesis dm_000: float64, float64 
[ 2023-09-02 19:18:16,694 ] 86 root - INFO - Hypothesis dn_000: float64, float64 
[ 2023-09-02 19:18:16,707 ] 86 root - INFO - Hypothesis do_000: float64, float64 
[ 2023-09-02 19:18:16,727 ] 86 root - INFO - Hypothesis dp_000: float64, float64 
[ 2023-09-02 19:18:16,741 ] 86 root - INFO - Hypothesis dq_000: float64, float64 
[ 2023-09-02 19:18:16,793 ] 86 root - INFO - Hypothesis dr_000: float64, float64 
[ 2023-09-02 19:18:16,846 ] 86 root - INFO - Hypothesis ds_000: float64, float64 
[ 2023-09-02 19:18:16,863 ] 86 root - INFO - Hypothesis dt_000: float64, float64 
[ 2023-09-02 19:18:16,876 ] 86 root - INFO - Hypothesis du_000: float64, float64 
[ 2023-09-02 19:18:16,892 ] 86 root - INFO - Hypothesis dv_000: float64, float64 
[ 2023-09-02 19:18:16,909 ] 86 root - INFO - Hypothesis dx_000: float64, float64 
[ 2023-09-02 19:18:16,959 ] 86 root - INFO - Hypothesis dy_000: float64, float64 
[ 2023-09-02 19:18:17,022 ] 86 root - INFO - Hypothesis dz_000: float64, float64 
[ 2023-09-02 19:18:17,070 ] 86 root - INFO - Hypothesis ea_000: float64, float64 
[ 2023-09-02 19:18:17,125 ] 86 root - INFO - Hypothesis eb_000: float64, float64 
[ 2023-09-02 19:18:17,137 ] 86 root - INFO - Hypothesis ec_00: float64, float64 
[ 2023-09-02 19:18:17,149 ] 86 root - INFO - Hypothesis ed_000: float64, float64 
[ 2023-09-02 19:18:17,167 ] 86 root - INFO - Hypothesis ee_000: float64, float64 
[ 2023-09-02 19:18:17,186 ] 86 root - INFO - Hypothesis ee_001: float64, float64 
[ 2023-09-02 19:18:17,201 ] 86 root - INFO - Hypothesis ee_002: float64, float64 
[ 2023-09-02 19:18:17,215 ] 86 root - INFO - Hypothesis ee_003: float64, float64 
[ 2023-09-02 19:18:17,228 ] 86 root - INFO - Hypothesis ee_004: float64, float64 
[ 2023-09-02 19:18:17,244 ] 86 root - INFO - Hypothesis ee_005: float64, float64 
[ 2023-09-02 19:18:17,259 ] 86 root - INFO - Hypothesis ee_006: float64, float64 
[ 2023-09-02 19:18:17,272 ] 86 root - INFO - Hypothesis ee_007: float64, float64 
[ 2023-09-02 19:18:17,285 ] 86 root - INFO - Hypothesis ee_008: float64, float64 
[ 2023-09-02 19:18:17,305 ] 86 root - INFO - Hypothesis ee_009: float64, float64 
[ 2023-09-02 19:18:17,321 ] 86 root - INFO - Hypothesis ef_000: float64, float64 
[ 2023-09-02 19:18:17,380 ] 86 root - INFO - Hypothesis eg_000: float64, float64 
[ 2023-09-02 19:18:17,432 ] 140 root - INFO - As all column are available in test df hence detecting data drift
[ 2023-09-02 19:18:17,432 ] 86 root - INFO - Hypothesis class: object, object 
[ 2023-09-02 19:18:17,591 ] 86 root - INFO - Hypothesis aa_000: float64, float64 
[ 2023-09-02 19:18:17,604 ] 86 root - INFO - Hypothesis ac_000: float64, float64 
[ 2023-09-02 19:18:17,613 ] 86 root - INFO - Hypothesis ae_000: float64, float64 
[ 2023-09-02 19:18:17,646 ] 86 root - INFO - Hypothesis af_000: float64, float64 
[ 2023-09-02 19:18:17,676 ] 86 root - INFO - Hypothesis ag_000: float64, float64 
[ 2023-09-02 19:18:17,700 ] 86 root - INFO - Hypothesis ag_001: float64, float64 
[ 2023-09-02 19:18:17,733 ] 86 root - INFO - Hypothesis ag_002: float64, float64 
[ 2023-09-02 19:18:17,738 ] 86 root - INFO - Hypothesis ag_003: float64, float64 
[ 2023-09-02 19:18:17,744 ] 86 root - INFO - Hypothesis ag_004: float64, float64 
[ 2023-09-02 19:18:17,753 ] 86 root - INFO - Hypothesis ag_005: float64, float64 
[ 2023-09-02 19:18:17,762 ] 86 root - INFO - Hypothesis ag_006: float64, float64 
[ 2023-09-02 19:18:17,775 ] 86 root - INFO - Hypothesis ag_007: float64, float64 
[ 2023-09-02 19:18:17,783 ] 86 root - INFO - Hypothesis ag_008: float64, float64 
[ 2023-09-02 19:18:17,790 ] 86 root - INFO - Hypothesis ag_009: float64, float64 
[ 2023-09-02 19:18:17,804 ] 86 root - INFO - Hypothesis ah_000: float64, float64 
[ 2023-09-02 19:18:17,813 ] 86 root - INFO - Hypothesis ai_000: float64, float64 
[ 2023-09-02 19:18:17,818 ] 86 root - INFO - Hypothesis aj_000: float64, float64 
[ 2023-09-02 19:18:17,823 ] 86 root - INFO - Hypothesis ak_000: float64, float64 
[ 2023-09-02 19:18:17,833 ] 86 root - INFO - Hypothesis al_000: float64, float64 
[ 2023-09-02 19:18:17,840 ] 86 root - INFO - Hypothesis am_0: float64, float64 
[ 2023-09-02 19:18:17,846 ] 86 root - INFO - Hypothesis an_000: float64, float64 
[ 2023-09-02 19:18:17,855 ] 86 root - INFO - Hypothesis ao_000: float64, float64 
[ 2023-09-02 19:18:17,867 ] 86 root - INFO - Hypothesis ap_000: float64, float64 
[ 2023-09-02 19:18:17,876 ] 86 root - INFO - Hypothesis aq_000: float64, float64 
[ 2023-09-02 19:18:17,885 ] 86 root - INFO - Hypothesis ar_000: float64, float64 
[ 2023-09-02 19:18:17,903 ] 86 root - INFO - Hypothesis as_000: float64, float64 
[ 2023-09-02 19:18:17,926 ] 86 root - INFO - Hypothesis at_000: float64, float64 
[ 2023-09-02 19:18:17,950 ] 86 root - INFO - Hypothesis au_000: float64, float64 
[ 2023-09-02 19:18:17,968 ] 86 root - INFO - Hypothesis av_000: float64, float64 
[ 2023-09-02 19:18:17,976 ] 86 root - INFO - Hypothesis ax_000: float64, float64 
[ 2023-09-02 19:18:17,982 ] 86 root - INFO - Hypothesis ay_000: float64, float64 
[ 2023-09-02 19:18:18,000 ] 86 root - INFO - Hypothesis ay_001: float64, float64 
[ 2023-09-02 19:18:18,020 ] 86 root - INFO - Hypothesis ay_002: float64, float64 
[ 2023-09-02 19:18:18,038 ] 86 root - INFO - Hypothesis ay_003: float64, float64 
[ 2023-09-02 19:18:18,057 ] 86 root - INFO - Hypothesis ay_004: float64, float64 
[ 2023-09-02 19:18:18,076 ] 86 root - INFO - Hypothesis ay_005: float64, float64 
[ 2023-09-02 19:18:18,083 ] 86 root - INFO - Hypothesis ay_006: float64, float64 
[ 2023-09-02 19:18:18,099 ] 86 root - INFO - Hypothesis ay_007: float64, float64 
[ 2023-09-02 19:18:18,107 ] 86 root - INFO - Hypothesis ay_008: float64, float64 
[ 2023-09-02 19:18:18,115 ] 86 root - INFO - Hypothesis ay_009: float64, float64 
[ 2023-09-02 19:18:18,135 ] 86 root - INFO - Hypothesis az_000: float64, float64 
[ 2023-09-02 19:18:18,147 ] 86 root - INFO - Hypothesis az_001: float64, float64 
[ 2023-09-02 19:18:18,155 ] 86 root - INFO - Hypothesis az_002: float64, float64 
[ 2023-09-02 19:18:18,167 ] 86 root - INFO - Hypothesis az_003: float64, float64 
[ 2023-09-02 19:18:18,176 ] 86 root - INFO - Hypothesis az_004: float64, float64 
[ 2023-09-02 19:18:18,187 ] 86 root - INFO - Hypothesis az_005: float64, float64 
[ 2023-09-02 19:18:18,197 ] 86 root - INFO - Hypothesis az_006: float64, float64 
[ 2023-09-02 19:18:18,205 ] 86 root - INFO - Hypothesis az_007: float64, float64 
[ 2023-09-02 19:18:18,215 ] 86 root - INFO - Hypothesis az_008: float64, float64 
[ 2023-09-02 19:18:18,238 ] 86 root - INFO - Hypothesis az_009: float64, float64 
[ 2023-09-02 19:18:18,260 ] 86 root - INFO - Hypothesis ba_000: float64, float64 
[ 2023-09-02 19:18:18,273 ] 86 root - INFO - Hypothesis ba_001: float64, float64 
[ 2023-09-02 19:18:18,282 ] 86 root - INFO - Hypothesis ba_002: float64, float64 
[ 2023-09-02 19:18:18,294 ] 86 root - INFO - Hypothesis ba_003: float64, float64 
[ 2023-09-02 19:18:18,303 ] 86 root - INFO - Hypothesis ba_004: float64, float64 
[ 2023-09-02 19:18:18,313 ] 86 root - INFO - Hypothesis ba_005: float64, float64 
[ 2023-09-02 19:18:18,322 ] 86 root - INFO - Hypothesis ba_006: float64, float64 
[ 2023-09-02 19:18:18,331 ] 86 root - INFO - Hypothesis ba_007: float64, float64 
[ 2023-09-02 19:18:18,339 ] 86 root - INFO - Hypothesis ba_008: float64, float64 
[ 2023-09-02 19:18:18,347 ] 86 root - INFO - Hypothesis ba_009: float64, float64 
[ 2023-09-02 19:18:18,353 ] 86 root - INFO - Hypothesis bb_000: float64, float64 
[ 2023-09-02 19:18:18,363 ] 86 root - INFO - Hypothesis bc_000: float64, float64 
[ 2023-09-02 19:18:18,370 ] 86 root - INFO - Hypothesis bd_000: float64, float64 
[ 2023-09-02 19:18:18,391 ] 86 root - INFO - Hypothesis be_000: float64, float64 
[ 2023-09-02 19:18:18,400 ] 86 root - INFO - Hypothesis bf_000: float64, float64 
[ 2023-09-02 19:18:18,407 ] 86 root - INFO - Hypothesis bg_000: float64, float64 
[ 2023-09-02 19:18:18,422 ] 86 root - INFO - Hypothesis bh_000: float64, float64 
[ 2023-09-02 19:18:18,431 ] 86 root - INFO - Hypothesis bi_000: float64, float64 
[ 2023-09-02 19:18:18,441 ] 86 root - INFO - Hypothesis bj_000: float64, float64 
[ 2023-09-02 19:18:18,452 ] 86 root - INFO - Hypothesis bs_000: float64, float64 
[ 2023-09-02 19:18:18,467 ] 86 root - INFO - Hypothesis bt_000: float64, float64 
[ 2023-09-02 19:18:18,479 ] 86 root - INFO - Hypothesis bu_000: float64, float64 
[ 2023-09-02 19:18:18,490 ] 86 root - INFO - Hypothesis bv_000: float64, float64 
[ 2023-09-02 19:18:18,500 ] 86 root - INFO - Hypothesis bx_000: float64, float64 
[ 2023-09-02 19:18:18,511 ] 86 root - INFO - Hypothesis by_000: float64, float64 
[ 2023-09-02 19:18:18,520 ] 86 root - INFO - Hypothesis bz_000: float64, float64 
[ 2023-09-02 19:18:18,529 ] 86 root - INFO - Hypothesis ca_000: float64, float64 
[ 2023-09-02 19:18:18,542 ] 86 root - INFO - Hypothesis cb_000: float64, float64 
[ 2023-09-02 19:18:18,552 ] 86 root - INFO - Hypothesis cc_000: float64, float64 
[ 2023-09-02 19:18:18,562 ] 86 root - INFO - Hypothesis cd_000: float64, float64 
[ 2023-09-02 19:18:18,586 ] 86 root - INFO - Hypothesis ce_000: float64, float64 
[ 2023-09-02 19:18:18,599 ] 86 root - INFO - Hypothesis ci_000: float64, float64 
[ 2023-09-02 19:18:18,612 ] 86 root - INFO - Hypothesis cj_000: float64, float64 
[ 2023-09-02 19:18:18,618 ] 86 root - INFO - Hypothesis ck_000: float64, float64 
[ 2023-09-02 19:18:18,644 ] 86 root - INFO - Hypothesis cl_000: float64, float64 
[ 2023-09-02 19:18:18,650 ] 86 root - INFO - Hypothesis cm_000: float64, float64 
[ 2023-09-02 19:18:18,659 ] 86 root - INFO - Hypothesis cn_000: float64, float64 
[ 2023-09-02 19:18:18,684 ] 86 root - INFO - Hypothesis cn_001: float64, float64 
[ 2023-09-02 19:18:18,691 ] 86 root - INFO - Hypothesis cn_002: float64, float64 
[ 2023-09-02 19:18:18,700 ] 86 root - INFO - Hypothesis cn_003: float64, float64 
[ 2023-09-02 19:18:18,717 ] 86 root - INFO - Hypothesis cn_004: float64, float64 
[ 2023-09-02 19:18:18,727 ] 86 root - INFO - Hypothesis cn_005: float64, float64 
[ 2023-09-02 19:18:18,739 ] 86 root - INFO - Hypothesis cn_006: float64, float64 
[ 2023-09-02 19:18:18,750 ] 86 root - INFO - Hypothesis cn_007: float64, float64 
[ 2023-09-02 19:18:18,759 ] 86 root - INFO - Hypothesis cn_008: float64, float64 
[ 2023-09-02 19:18:18,771 ] 86 root - INFO - Hypothesis cn_009: float64, float64 
[ 2023-09-02 19:18:18,779 ] 86 root - INFO - Hypothesis cp_000: float64, float64 
[ 2023-09-02 19:18:18,787 ] 86 root - INFO - Hypothesis cq_000: float64, float64 
[ 2023-09-02 19:18:18,800 ] 86 root - INFO - Hypothesis cs_000: float64, float64 
[ 2023-09-02 19:18:18,809 ] 86 root - INFO - Hypothesis cs_001: float64, float64 
[ 2023-09-02 19:18:18,819 ] 86 root - INFO - Hypothesis cs_002: float64, float64 
[ 2023-09-02 19:18:18,831 ] 86 root - INFO - Hypothesis cs_003: float64, float64 
[ 2023-09-02 19:18:18,840 ] 86 root - INFO - Hypothesis cs_004: float64, float64 
[ 2023-09-02 19:18:18,853 ] 86 root - INFO - Hypothesis cs_005: float64, float64 
[ 2023-09-02 19:18:18,863 ] 86 root - INFO - Hypothesis cs_006: float64, float64 
[ 2023-09-02 19:18:18,875 ] 86 root - INFO - Hypothesis cs_007: float64, float64 
[ 2023-09-02 19:18:18,884 ] 86 root - INFO - Hypothesis cs_008: float64, float64 
[ 2023-09-02 19:18:18,903 ] 86 root - INFO - Hypothesis cs_009: float64, float64 
[ 2023-09-02 19:18:18,925 ] 86 root - INFO - Hypothesis dd_000: float64, float64 
[ 2023-09-02 19:18:18,940 ] 86 root - INFO - Hypothesis de_000: float64, float64 
[ 2023-09-02 19:18:18,951 ] 86 root - INFO - Hypothesis df_000: float64, float64 
[ 2023-09-02 19:18:18,960 ] 86 root - INFO - Hypothesis dg_000: float64, float64 
[ 2023-09-02 19:18:18,966 ] 86 root - INFO - Hypothesis dh_000: float64, float64 
[ 2023-09-02 19:18:18,971 ] 86 root - INFO - Hypothesis di_000: float64, float64 
[ 2023-09-02 19:18:18,977 ] 86 root - INFO - Hypothesis dj_000: float64, float64 
[ 2023-09-02 19:18:19,002 ] 86 root - INFO - Hypothesis dk_000: float64, float64 
[ 2023-09-02 19:18:19,008 ] 86 root - INFO - Hypothesis dl_000: float64, float64 
[ 2023-09-02 19:18:19,028 ] 86 root - INFO - Hypothesis dm_000: float64, float64 
[ 2023-09-02 19:18:19,053 ] 86 root - INFO - Hypothesis dn_000: float64, float64 
[ 2023-09-02 19:18:19,066 ] 86 root - INFO - Hypothesis do_000: float64, float64 
[ 2023-09-02 19:18:19,078 ] 86 root - INFO - Hypothesis dp_000: float64, float64 
[ 2023-09-02 19:18:19,087 ] 86 root - INFO - Hypothesis dq_000: float64, float64 
[ 2023-09-02 19:18:19,095 ] 86 root - INFO - Hypothesis dr_000: float64, float64 
[ 2023-09-02 19:18:19,107 ] 86 root - INFO - Hypothesis ds_000: float64, float64 
[ 2023-09-02 19:18:19,119 ] 86 root - INFO - Hypothesis dt_000: float64, float64 
[ 2023-09-02 19:18:19,128 ] 86 root - INFO - Hypothesis du_000: float64, float64 
[ 2023-09-02 19:18:19,137 ] 86 root - INFO - Hypothesis dv_000: float64, float64 
[ 2023-09-02 19:18:19,147 ] 86 root - INFO - Hypothesis dx_000: float64, float64 
[ 2023-09-02 19:18:19,155 ] 86 root - INFO - Hypothesis dy_000: float64, float64 
[ 2023-09-02 19:18:19,162 ] 86 root - INFO - Hypothesis dz_000: float64, float64 
[ 2023-09-02 19:18:19,190 ] 86 root - INFO - Hypothesis ea_000: float64, float64 
[ 2023-09-02 19:18:19,216 ] 86 root - INFO - Hypothesis eb_000: float64, float64 
[ 2023-09-02 19:18:19,224 ] 86 root - INFO - Hypothesis ec_00: float64, float64 
[ 2023-09-02 19:18:19,232 ] 86 root - INFO - Hypothesis ed_000: float64, float64 
[ 2023-09-02 19:18:19,243 ] 86 root - INFO - Hypothesis ee_000: float64, float64 
[ 2023-09-02 19:18:19,252 ] 86 root - INFO - Hypothesis ee_001: float64, float64 
[ 2023-09-02 19:18:19,266 ] 86 root - INFO - Hypothesis ee_002: float64, float64 
[ 2023-09-02 19:18:19,287 ] 86 root - INFO - Hypothesis ee_003: float64, float64 
[ 2023-09-02 19:18:19,297 ] 86 root - INFO - Hypothesis ee_004: float64, float64 
[ 2023-09-02 19:18:19,310 ] 86 root - INFO - Hypothesis ee_005: float64, float64 
[ 2023-09-02 19:18:19,328 ] 86 root - INFO - Hypothesis ee_006: float64, float64 
[ 2023-09-02 19:18:19,341 ] 86 root - INFO - Hypothesis ee_007: float64, float64 
[ 2023-09-02 19:18:19,361 ] 86 root - INFO - Hypothesis ee_008: float64, float64 
[ 2023-09-02 19:18:19,369 ] 86 root - INFO - Hypothesis ee_009: float64, float64 
[ 2023-09-02 19:18:19,380 ] 86 root - INFO - Hypothesis ef_000: float64, float64 
[ 2023-09-02 19:18:19,417 ] 86 root - INFO - Hypothesis eg_000: float64, float64 
[ 2023-09-02 19:18:19,444 ] 143 root - INFO - Write reprt in yaml file
[ 2023-09-02 19:18:21,217 ] 66 root - INFO - Before resampling in training set Input: (28950, 170) Target:(28950,)
[ 2023-09-02 19:18:59,078 ] 68 root - INFO - After resampling in training set Input: (56152, 170) Target:(56152,)
[ 2023-09-02 19:18:59,078 ] 71 root - INFO - Before resampling in testing set Input: (7238, 170) Target:(7238,)
[ 2023-09-02 19:19:07,537 ] 73 root - INFO - After resampling in testing set Input: (14072, 170) Target:(14072,)
[ 2023-09-02 19:19:07,820 ] 53 root - INFO - Entered te save object method of Main utils class
[ 2023-09-02 19:19:07,824 ] 57 root - INFO - exited the save object method of Main utils class
[ 2023-09-02 19:19:07,824 ] 53 root - INFO - Entered te save object method of Main utils class
[ 2023-09-02 19:19:07,829 ] 57 root - INFO - exited the save object method of Main utils class
[ 2023-09-02 19:19:07,830 ] 91 root - INFO - Data transformation object DataTransformationArtifact(transform_object_path='/config/workspace/artifact/09022023__19_17_44/data_transformation/transformer/transformer.pkl', transformed_train_path='/config/workspace/artifact/09022023__19_17_44/data_transformation/transformed/train.npz', transformed_test_path='/config/workspace/artifact/09022023__19_17_44/data_transformation/transformed/test.npz', target_encoder_path='/config/workspace/artifact/09022023__19_17_44/data_transformation/target_encoder/target_encoder.pkl')
[ 2023-09-02 19:19:07,832 ] 14 root - INFO - >>>>>>>>>>>>>>>>>>>>>>>>>>>>>>>>>>>>>>>> Model Trainer <<<<<<<<<<<<<<<<<<<<<<<<<<<<<<<<<<<<<<<<
[ 2023-09-02 19:19:07,832 ] 39 root - INFO - Loading train and test array.
[ 2023-09-02 19:19:07,890 ] 43 root - INFO - Splitting input and target feature from both train and test arr.
[ 2023-09-02 19:19:07,890 ] 47 root - INFO - Train the model
[ 2023-09-02 19:24:24,801 ] 50 root - INFO - Calculating f1 train score
[ 2023-09-02 19:24:25,244 ] 54 root - INFO - Calculating f1 test score
[ 2023-09-02 19:24:25,359 ] 58 root - INFO - train score:0.9999821908781678 and tests score 0.9694011365292147
[ 2023-09-02 19:24:25,359 ] 59 root - INFO - Checking if our model is underfitting or not
[ 2023-09-02 19:24:25,359 ] 64 root - INFO - Checking if our model is overfiiting or not
[ 2023-09-02 19:24:25,359 ] 70 root - INFO - Saving mode object
[ 2023-09-02 19:24:25,360 ] 53 root - INFO - Entered te save object method of Main utils class
[ 2023-09-02 19:24:25,388 ] 57 root - INFO - exited the save object method of Main utils class
[ 2023-09-02 19:24:25,388 ] 73 root - INFO - Prepare the artifact
[ 2023-09-02 19:24:25,388 ] 77 root - INFO - Model trainer artifact: ModelTrainerArtifact(model_path='/config/workspace/artifact/09022023__19_17_44/model_trainer/model/model.pkl', f1_train_score=0.9999821908781678, f1_test_score=0.9694011365292147)
[ 2023-09-02 19:24:25,391 ] 36 root - INFO - if saved model folder has model the we will compare which model is best trained or the model from saved model folder
[ 2023-09-02 19:24:25,391 ] 43 root - INFO - Finding location of transformer model and target encoder
[ 2023-09-02 19:24:25,391 ] 48 root - INFO - Previous trained objects of transformer, model and target encoder
[ 2023-09-02 19:24:25,442 ] 54 root - INFO - Currently trained model objects
[ 2023-09-02 19:24:25,941 ] 70 root - INFO - Accuracy using previous trained model: 0.8
[ 2023-09-02 19:24:26,115 ] 26 root - INFO - Loading transformer model and target encoder
[ 2023-09-02 19:24:26,148 ] 32 root - INFO - Saving model into model pusher directory
[ 2023-09-02 19:24:26,148 ] 53 root - INFO - Entered te save object method of Main utils class
[ 2023-09-02 19:24:26,156 ] 57 root - INFO - exited the save object method of Main utils class
[ 2023-09-02 19:24:26,156 ] 53 root - INFO - Entered te save object method of Main utils class
[ 2023-09-02 19:24:26,205 ] 57 root - INFO - exited the save object method of Main utils class
[ 2023-09-02 19:24:26,205 ] 53 root - INFO - Entered te save object method of Main utils class
[ 2023-09-02 19:24:26,206 ] 57 root - INFO - exited the save object method of Main utils class
[ 2023-09-02 19:24:26,206 ] 39 root - INFO - Saving model in saved model dir
[ 2023-09-02 19:24:26,207 ] 53 root - INFO - Entered te save object method of Main utils class
[ 2023-09-02 19:24:26,210 ] 57 root - INFO - exited the save object method of Main utils class
[ 2023-09-02 19:24:26,211 ] 53 root - INFO - Entered te save object method of Main utils class
[ 2023-09-02 19:24:26,272 ] 57 root - INFO - exited the save object method of Main utils class
[ 2023-09-02 19:24:26,272 ] 53 root - INFO - Entered te save object method of Main utils class
[ 2023-09-02 19:24:26,286 ] 57 root - INFO - exited the save object method of Main utils class
[ 2023-09-02 19:24:26,286 ] 49 root - INFO - Model pusher artifact: ModelPusherArtifact(pusher_model_dir='/config/workspace/artifact/09022023__19_17_44/model_pusher/saved_models', saved_model_dir='saved_models')
