[ 2023-09-02 17:37:03,941 ] 20 root - INFO - exporting data as pandas dataframe
[ 2023-09-02 17:37:03,942 ] 21 root - INFO - Reading data from database: aps and collection: sensor
[ 2023-09-02 17:37:11,958 ] 23 root - INFO - Found Columns: Index(['_id', 'class', 'aa_000', 'ab_000', 'ac_000', 'ad_000', 'ae_000',
       'af_000', 'ag_000', 'ag_001',
       ...
       'ee_002', 'ee_003', 'ee_004', 'ee_005', 'ee_006', 'ee_007', 'ee_008',
       'ee_009', 'ef_000', 'eg_000'],
      dtype='object', length=172)
[ 2023-09-02 17:37:11,959 ] 25 root - INFO - Dropping column: _id
[ 2023-09-02 17:37:12,494 ] 27 root - INFO - row and columnns in df: (36188, 171)
[ 2023-09-02 17:37:12,496 ] 25 root - INFO - save data in feature store
[ 2023-09-02 17:37:19,800 ] 35 root - INFO - split dataset into train and test set
[ 2023-09-02 17:37:20,411 ] 39 root - INFO - create dataset directory folder if not available
[ 2023-09-02 17:37:20,412 ] 46 root - INFO - Save df to feature store folder
[ 2023-09-02 17:37:24,748 ] 59 root - INFO - Data ingestion artifact: DataIngestionArtifact(feature_store_file_path='/config/workspace/artifact/09022023__17_37_03/data_ingestion/feature_store/sensor.csv', train_file_path='/config/workspace/artifact/09022023__17_37_03/data_ingestion/dataset/train.csv', test_file_path='/config/workspace/artifact/09022023__17_37_03/data_ingestion/dataset/test.csv')
[ 2023-09-02 17:37:25,753 ] 20 root - INFO - >>>>>>>>>>>>>>>>>>>>>>>>>>>>>>>>>>>>>>>> Data Validation <<<<<<<<<<<<<<<<<<<<<<<<<<<<<<<<<<<<<<<<
[ 2023-09-02 17:37:25,754 ] 107 root - INFO - Reading base dataframe
[ 2023-09-02 17:37:30,205 ] 110 root - INFO - Replace na value in base df
[ 2023-09-02 17:37:30,654 ] 61 root - INFO - selecting column name which contains null above to 0.2
[ 2023-09-02 17:37:30,655 ] 64 root - INFO - Columns to drop: ['ab_000', 'ad_000', 'bk_000', 'bl_000', 'bm_000', 'bn_000', 'bo_000', 'bp_000', 'bq_000', 'br_000', 'cf_000', 'cg_000', 'ch_000', 'co_000', 'cr_000', 'ct_000', 'cu_000', 'cv_000', 'cx_000', 'cy_000', 'cz_000', 'da_000', 'db_000', 'dc_000']
[ 2023-09-02 17:37:30,810 ] 115 root - INFO - Reading train dataframe
[ 2023-09-02 17:37:31,619 ] 117 root - INFO - Reading test dataframe
[ 2023-09-02 17:37:31,848 ] 120 root - INFO - Drop null values colums from train df
[ 2023-09-02 17:37:31,861 ] 61 root - INFO - selecting column name which contains null above to 0.2
[ 2023-09-02 17:37:31,862 ] 64 root - INFO - Columns to drop: ['ab_000', 'ad_000', 'bk_000', 'bl_000', 'bm_000', 'bn_000', 'bo_000', 'bp_000', 'bq_000', 'br_000', 'cf_000', 'cg_000', 'ch_000', 'co_000', 'cr_000', 'ct_000', 'cu_000', 'cv_000', 'cx_000', 'cy_000', 'cz_000', 'da_000', 'db_000', 'dc_000']
[ 2023-09-02 17:37:31,874 ] 122 root - INFO - Drop null values colums from test df
[ 2023-09-02 17:37:31,878 ] 61 root - INFO - selecting column name which contains null above to 0.2
[ 2023-09-02 17:37:31,879 ] 64 root - INFO - Columns to drop: ['ab_000', 'ad_000', 'bk_000', 'bl_000', 'bm_000', 'bn_000', 'bo_000', 'bp_000', 'bq_000', 'br_000', 'cf_000', 'cg_000', 'ch_000', 'co_000', 'cr_000', 'ct_000', 'cu_000', 'cv_000', 'cx_000', 'cy_000', 'cz_000', 'da_000', 'db_000', 'dc_000']
[ 2023-09-02 17:37:33,637 ] 130 root - INFO - Is all required columns present in train df
[ 2023-09-02 17:37:33,637 ] 132 root - INFO - Is all required columns present in test df
[ 2023-09-02 17:37:33,638 ] 136 root - INFO - As all column are available in train df hence detecting data drift
[ 2023-09-02 17:37:33,638 ] 86 root - INFO - Hypothesis class: object, object 
[ 2023-09-02 17:37:33,868 ] 86 root - INFO - Hypothesis aa_000: float64, float64 
[ 2023-09-02 17:37:33,880 ] 86 root - INFO - Hypothesis ac_000: float64, float64 
[ 2023-09-02 17:37:33,949 ] 86 root - INFO - Hypothesis ae_000: float64, float64 
[ 2023-09-02 17:37:34,005 ] 86 root - INFO - Hypothesis af_000: float64, float64 
[ 2023-09-02 17:37:34,060 ] 86 root - INFO - Hypothesis ag_000: float64, float64 
[ 2023-09-02 17:37:34,118 ] 86 root - INFO - Hypothesis ag_001: float64, float64 
[ 2023-09-02 17:37:34,179 ] 86 root - INFO - Hypothesis ag_002: float64, float64 
[ 2023-09-02 17:37:34,226 ] 86 root - INFO - Hypothesis ag_003: float64, float64 
[ 2023-09-02 17:37:34,239 ] 86 root - INFO - Hypothesis ag_004: float64, float64 
[ 2023-09-02 17:37:34,251 ] 86 root - INFO - Hypothesis ag_005: float64, float64 
[ 2023-09-02 17:37:34,268 ] 86 root - INFO - Hypothesis ag_006: float64, float64 
[ 2023-09-02 17:37:34,284 ] 86 root - INFO - Hypothesis ag_007: float64, float64 
[ 2023-09-02 17:37:34,296 ] 86 root - INFO - Hypothesis ag_008: float64, float64 
[ 2023-09-02 17:37:34,308 ] 86 root - INFO - Hypothesis ag_009: float64, float64 
[ 2023-09-02 17:37:34,317 ] 86 root - INFO - Hypothesis ah_000: float64, float64 
[ 2023-09-02 17:37:34,338 ] 86 root - INFO - Hypothesis ai_000: float64, float64 
[ 2023-09-02 17:37:34,400 ] 86 root - INFO - Hypothesis aj_000: float64, float64 
[ 2023-09-02 17:37:34,414 ] 86 root - INFO - Hypothesis ak_000: float64, float64 
[ 2023-09-02 17:37:34,492 ] 86 root - INFO - Hypothesis al_000: float64, float64 
[ 2023-09-02 17:37:34,505 ] 86 root - INFO - Hypothesis am_0: float64, float64 
[ 2023-09-02 17:37:34,519 ] 86 root - INFO - Hypothesis an_000: float64, float64 
[ 2023-09-02 17:37:34,534 ] 86 root - INFO - Hypothesis ao_000: float64, float64 
[ 2023-09-02 17:37:34,550 ] 86 root - INFO - Hypothesis ap_000: float64, float64 
[ 2023-09-02 17:37:34,567 ] 86 root - INFO - Hypothesis aq_000: float64, float64 
[ 2023-09-02 17:37:34,583 ] 86 root - INFO - Hypothesis ar_000: float64, float64 
[ 2023-09-02 17:37:34,658 ] 86 root - INFO - Hypothesis as_000: float64, float64 
[ 2023-09-02 17:37:34,710 ] 86 root - INFO - Hypothesis at_000: float64, float64 
[ 2023-09-02 17:37:34,765 ] 86 root - INFO - Hypothesis au_000: float64, float64 
[ 2023-09-02 17:37:34,812 ] 86 root - INFO - Hypothesis av_000: float64, float64 
[ 2023-09-02 17:37:34,823 ] 86 root - INFO - Hypothesis ax_000: float64, float64 
[ 2023-09-02 17:37:34,834 ] 86 root - INFO - Hypothesis ay_000: float64, float64 
[ 2023-09-02 17:37:34,888 ] 86 root - INFO - Hypothesis ay_001: float64, float64 
[ 2023-09-02 17:37:34,949 ] 86 root - INFO - Hypothesis ay_002: float64, float64 
[ 2023-09-02 17:37:35,007 ] 86 root - INFO - Hypothesis ay_003: float64, float64 
[ 2023-09-02 17:37:35,054 ] 86 root - INFO - Hypothesis ay_004: float64, float64 
[ 2023-09-02 17:37:35,110 ] 86 root - INFO - Hypothesis ay_005: float64, float64 
[ 2023-09-02 17:37:35,170 ] 86 root - INFO - Hypothesis ay_006: float64, float64 
[ 2023-09-02 17:37:35,181 ] 86 root - INFO - Hypothesis ay_007: float64, float64 
[ 2023-09-02 17:37:35,194 ] 86 root - INFO - Hypothesis ay_008: float64, float64 
[ 2023-09-02 17:37:35,210 ] 86 root - INFO - Hypothesis ay_009: float64, float64 
[ 2023-09-02 17:37:35,262 ] 86 root - INFO - Hypothesis az_000: float64, float64 
[ 2023-09-02 17:37:35,283 ] 86 root - INFO - Hypothesis az_001: float64, float64 
[ 2023-09-02 17:37:35,295 ] 86 root - INFO - Hypothesis az_002: float64, float64 
[ 2023-09-02 17:37:35,314 ] 86 root - INFO - Hypothesis az_003: float64, float64 
[ 2023-09-02 17:37:35,327 ] 86 root - INFO - Hypothesis az_004: float64, float64 
[ 2023-09-02 17:37:35,340 ] 86 root - INFO - Hypothesis az_005: float64, float64 
[ 2023-09-02 17:37:35,352 ] 86 root - INFO - Hypothesis az_006: float64, float64 
[ 2023-09-02 17:37:35,409 ] 86 root - INFO - Hypothesis az_007: float64, float64 
[ 2023-09-02 17:37:35,466 ] 86 root - INFO - Hypothesis az_008: float64, float64 
[ 2023-09-02 17:37:35,524 ] 86 root - INFO - Hypothesis az_009: float64, float64 
[ 2023-09-02 17:37:35,582 ] 86 root - INFO - Hypothesis ba_000: float64, float64 
[ 2023-09-02 17:37:35,603 ] 86 root - INFO - Hypothesis ba_001: float64, float64 
[ 2023-09-02 17:37:35,618 ] 86 root - INFO - Hypothesis ba_002: float64, float64 
[ 2023-09-02 17:37:35,631 ] 86 root - INFO - Hypothesis ba_003: float64, float64 
[ 2023-09-02 17:37:35,644 ] 86 root - INFO - Hypothesis ba_004: float64, float64 
[ 2023-09-02 17:37:35,666 ] 86 root - INFO - Hypothesis ba_005: float64, float64 
[ 2023-09-02 17:37:35,679 ] 86 root - INFO - Hypothesis ba_006: float64, float64 
[ 2023-09-02 17:37:35,695 ] 86 root - INFO - Hypothesis ba_007: float64, float64 
[ 2023-09-02 17:37:35,707 ] 86 root - INFO - Hypothesis ba_008: float64, float64 
[ 2023-09-02 17:37:35,767 ] 86 root - INFO - Hypothesis ba_009: float64, float64 
[ 2023-09-02 17:37:35,825 ] 86 root - INFO - Hypothesis bb_000: float64, float64 
[ 2023-09-02 17:37:35,838 ] 86 root - INFO - Hypothesis bc_000: float64, float64 
[ 2023-09-02 17:37:35,896 ] 86 root - INFO - Hypothesis bd_000: float64, float64 
[ 2023-09-02 17:37:35,909 ] 86 root - INFO - Hypothesis be_000: float64, float64 
[ 2023-09-02 17:37:35,930 ] 86 root - INFO - Hypothesis bf_000: float64, float64 
[ 2023-09-02 17:37:35,940 ] 86 root - INFO - Hypothesis bg_000: float64, float64 
[ 2023-09-02 17:37:35,959 ] 86 root - INFO - Hypothesis bh_000: float64, float64 
[ 2023-09-02 17:37:35,975 ] 86 root - INFO - Hypothesis bi_000: float64, float64 
[ 2023-09-02 17:37:35,995 ] 86 root - INFO - Hypothesis bj_000: float64, float64 
[ 2023-09-02 17:37:36,010 ] 86 root - INFO - Hypothesis bs_000: float64, float64 
[ 2023-09-02 17:37:36,023 ] 86 root - INFO - Hypothesis bt_000: float64, float64 
[ 2023-09-02 17:37:36,036 ] 86 root - INFO - Hypothesis bu_000: float64, float64 
[ 2023-09-02 17:37:36,050 ] 86 root - INFO - Hypothesis bv_000: float64, float64 
[ 2023-09-02 17:37:36,063 ] 86 root - INFO - Hypothesis bx_000: float64, float64 
[ 2023-09-02 17:37:36,078 ] 86 root - INFO - Hypothesis by_000: float64, float64 
[ 2023-09-02 17:37:36,091 ] 86 root - INFO - Hypothesis bz_000: float64, float64 
[ 2023-09-02 17:37:36,103 ] 86 root - INFO - Hypothesis ca_000: float64, float64 
[ 2023-09-02 17:37:36,115 ] 86 root - INFO - Hypothesis cb_000: float64, float64 
[ 2023-09-02 17:37:36,131 ] 86 root - INFO - Hypothesis cc_000: float64, float64 
[ 2023-09-02 17:37:36,145 ] 86 root - INFO - Hypothesis cd_000: float64, float64 
[ 2023-09-02 17:37:36,203 ] 86 root - INFO - Hypothesis ce_000: float64, float64 
[ 2023-09-02 17:37:36,215 ] 86 root - INFO - Hypothesis ci_000: float64, float64 
[ 2023-09-02 17:37:36,237 ] 86 root - INFO - Hypothesis cj_000: float64, float64 
[ 2023-09-02 17:37:36,295 ] 86 root - INFO - Hypothesis ck_000: float64, float64 
[ 2023-09-02 17:37:36,308 ] 86 root - INFO - Hypothesis cl_000: float64, float64 
[ 2023-09-02 17:37:36,324 ] 86 root - INFO - Hypothesis cm_000: float64, float64 
[ 2023-09-02 17:37:36,333 ] 86 root - INFO - Hypothesis cn_000: float64, float64 
[ 2023-09-02 17:37:36,393 ] 86 root - INFO - Hypothesis cn_001: float64, float64 
[ 2023-09-02 17:37:36,448 ] 86 root - INFO - Hypothesis cn_002: float64, float64 
[ 2023-09-02 17:37:36,459 ] 86 root - INFO - Hypothesis cn_003: float64, float64 
[ 2023-09-02 17:37:36,476 ] 86 root - INFO - Hypothesis cn_004: float64, float64 
[ 2023-09-02 17:37:36,491 ] 86 root - INFO - Hypothesis cn_005: float64, float64 
[ 2023-09-02 17:37:36,503 ] 86 root - INFO - Hypothesis cn_006: float64, float64 
[ 2023-09-02 17:37:36,525 ] 86 root - INFO - Hypothesis cn_007: float64, float64 
[ 2023-09-02 17:37:36,538 ] 86 root - INFO - Hypothesis cn_008: float64, float64 
[ 2023-09-02 17:37:36,549 ] 86 root - INFO - Hypothesis cn_009: float64, float64 
[ 2023-09-02 17:37:36,619 ] 86 root - INFO - Hypothesis cp_000: float64, float64 
[ 2023-09-02 17:37:36,682 ] 86 root - INFO - Hypothesis cq_000: float64, float64 
[ 2023-09-02 17:37:36,695 ] 86 root - INFO - Hypothesis cs_000: float64, float64 
[ 2023-09-02 17:37:36,707 ] 86 root - INFO - Hypothesis cs_001: float64, float64 
[ 2023-09-02 17:37:36,722 ] 86 root - INFO - Hypothesis cs_002: float64, float64 
[ 2023-09-02 17:37:36,738 ] 86 root - INFO - Hypothesis cs_003: float64, float64 
[ 2023-09-02 17:37:36,751 ] 86 root - INFO - Hypothesis cs_004: float64, float64 
[ 2023-09-02 17:37:36,764 ] 86 root - INFO - Hypothesis cs_005: float64, float64 
[ 2023-09-02 17:37:36,776 ] 86 root - INFO - Hypothesis cs_006: float64, float64 
[ 2023-09-02 17:37:36,789 ] 86 root - INFO - Hypothesis cs_007: float64, float64 
[ 2023-09-02 17:37:36,813 ] 86 root - INFO - Hypothesis cs_008: float64, float64 
[ 2023-09-02 17:37:36,875 ] 86 root - INFO - Hypothesis cs_009: float64, float64 
[ 2023-09-02 17:37:36,934 ] 86 root - INFO - Hypothesis dd_000: float64, float64 
[ 2023-09-02 17:37:36,946 ] 86 root - INFO - Hypothesis de_000: float64, float64 
[ 2023-09-02 17:37:36,957 ] 86 root - INFO - Hypothesis df_000: float64, float64 
[ 2023-09-02 17:37:37,004 ] 86 root - INFO - Hypothesis dg_000: float64, float64 
[ 2023-09-02 17:37:37,065 ] 86 root - INFO - Hypothesis dh_000: float64, float64 
[ 2023-09-02 17:37:37,075 ] 86 root - INFO - Hypothesis di_000: float64, float64 
[ 2023-09-02 17:37:37,138 ] 86 root - INFO - Hypothesis dj_000: float64, float64 
[ 2023-09-02 17:37:37,188 ] 86 root - INFO - Hypothesis dk_000: float64, float64 
[ 2023-09-02 17:37:37,240 ] 86 root - INFO - Hypothesis dl_000: float64, float64 
[ 2023-09-02 17:37:37,318 ] 86 root - INFO - Hypothesis dm_000: float64, float64 
[ 2023-09-02 17:37:37,397 ] 86 root - INFO - Hypothesis dn_000: float64, float64 
[ 2023-09-02 17:37:37,410 ] 86 root - INFO - Hypothesis do_000: float64, float64 
[ 2023-09-02 17:37:37,424 ] 86 root - INFO - Hypothesis dp_000: float64, float64 
[ 2023-09-02 17:37:37,440 ] 86 root - INFO - Hypothesis dq_000: float64, float64 
[ 2023-09-02 17:37:37,521 ] 86 root - INFO - Hypothesis dr_000: float64, float64 
[ 2023-09-02 17:37:37,590 ] 86 root - INFO - Hypothesis ds_000: float64, float64 
[ 2023-09-02 17:37:37,613 ] 86 root - INFO - Hypothesis dt_000: float64, float64 
[ 2023-09-02 17:37:37,629 ] 86 root - INFO - Hypothesis du_000: float64, float64 
[ 2023-09-02 17:37:37,651 ] 86 root - INFO - Hypothesis dv_000: float64, float64 
[ 2023-09-02 17:37:37,664 ] 86 root - INFO - Hypothesis dx_000: float64, float64 
[ 2023-09-02 17:37:37,742 ] 86 root - INFO - Hypothesis dy_000: float64, float64 
[ 2023-09-02 17:37:37,802 ] 86 root - INFO - Hypothesis dz_000: float64, float64 
[ 2023-09-02 17:37:37,859 ] 86 root - INFO - Hypothesis ea_000: float64, float64 
[ 2023-09-02 17:37:37,911 ] 86 root - INFO - Hypothesis eb_000: float64, float64 
[ 2023-09-02 17:37:37,926 ] 86 root - INFO - Hypothesis ec_00: float64, float64 
[ 2023-09-02 17:37:37,938 ] 86 root - INFO - Hypothesis ed_000: float64, float64 
[ 2023-09-02 17:37:37,953 ] 86 root - INFO - Hypothesis ee_000: float64, float64 
[ 2023-09-02 17:37:37,966 ] 86 root - INFO - Hypothesis ee_001: float64, float64 
[ 2023-09-02 17:37:37,983 ] 86 root - INFO - Hypothesis ee_002: float64, float64 
[ 2023-09-02 17:37:37,996 ] 86 root - INFO - Hypothesis ee_003: float64, float64 
[ 2023-09-02 17:37:38,008 ] 86 root - INFO - Hypothesis ee_004: float64, float64 
[ 2023-09-02 17:37:38,021 ] 86 root - INFO - Hypothesis ee_005: float64, float64 
[ 2023-09-02 17:37:38,034 ] 86 root - INFO - Hypothesis ee_006: float64, float64 
[ 2023-09-02 17:37:38,050 ] 86 root - INFO - Hypothesis ee_007: float64, float64 
[ 2023-09-02 17:37:38,063 ] 86 root - INFO - Hypothesis ee_008: float64, float64 
[ 2023-09-02 17:37:38,074 ] 86 root - INFO - Hypothesis ee_009: float64, float64 
[ 2023-09-02 17:37:38,086 ] 86 root - INFO - Hypothesis ef_000: float64, float64 
[ 2023-09-02 17:37:38,143 ] 86 root - INFO - Hypothesis eg_000: float64, float64 
[ 2023-09-02 17:37:38,200 ] 140 root - INFO - As all column are available in test df hence detecting data drift
[ 2023-09-02 17:37:38,201 ] 86 root - INFO - Hypothesis class: object, object 
[ 2023-09-02 17:37:38,355 ] 86 root - INFO - Hypothesis aa_000: float64, float64 
[ 2023-09-02 17:37:38,365 ] 86 root - INFO - Hypothesis ac_000: float64, float64 
[ 2023-09-02 17:37:38,372 ] 86 root - INFO - Hypothesis ae_000: float64, float64 
[ 2023-09-02 17:37:38,400 ] 86 root - INFO - Hypothesis af_000: float64, float64 
[ 2023-09-02 17:37:38,424 ] 86 root - INFO - Hypothesis ag_000: float64, float64 
[ 2023-09-02 17:37:38,452 ] 86 root - INFO - Hypothesis ag_001: float64, float64 
[ 2023-09-02 17:37:38,472 ] 86 root - INFO - Hypothesis ag_002: float64, float64 
[ 2023-09-02 17:37:38,482 ] 86 root - INFO - Hypothesis ag_003: float64, float64 
[ 2023-09-02 17:37:38,488 ] 86 root - INFO - Hypothesis ag_004: float64, float64 
[ 2023-09-02 17:37:38,496 ] 86 root - INFO - Hypothesis ag_005: float64, float64 
[ 2023-09-02 17:37:38,505 ] 86 root - INFO - Hypothesis ag_006: float64, float64 
[ 2023-09-02 17:37:38,519 ] 86 root - INFO - Hypothesis ag_007: float64, float64 
[ 2023-09-02 17:37:38,527 ] 86 root - INFO - Hypothesis ag_008: float64, float64 
[ 2023-09-02 17:37:38,534 ] 86 root - INFO - Hypothesis ag_009: float64, float64 
[ 2023-09-02 17:37:38,541 ] 86 root - INFO - Hypothesis ah_000: float64, float64 
[ 2023-09-02 17:37:38,550 ] 86 root - INFO - Hypothesis ai_000: float64, float64 
[ 2023-09-02 17:37:38,555 ] 86 root - INFO - Hypothesis aj_000: float64, float64 
[ 2023-09-02 17:37:38,561 ] 86 root - INFO - Hypothesis ak_000: float64, float64 
[ 2023-09-02 17:37:38,566 ] 86 root - INFO - Hypothesis al_000: float64, float64 
[ 2023-09-02 17:37:38,572 ] 86 root - INFO - Hypothesis am_0: float64, float64 
[ 2023-09-02 17:37:38,585 ] 86 root - INFO - Hypothesis an_000: float64, float64 
[ 2023-09-02 17:37:38,595 ] 86 root - INFO - Hypothesis ao_000: float64, float64 
[ 2023-09-02 17:37:38,611 ] 86 root - INFO - Hypothesis ap_000: float64, float64 
[ 2023-09-02 17:37:38,624 ] 86 root - INFO - Hypothesis aq_000: float64, float64 
[ 2023-09-02 17:37:38,633 ] 86 root - INFO - Hypothesis ar_000: float64, float64 
[ 2023-09-02 17:37:38,665 ] 86 root - INFO - Hypothesis as_000: float64, float64 
[ 2023-09-02 17:37:38,694 ] 86 root - INFO - Hypothesis at_000: float64, float64 
[ 2023-09-02 17:37:38,724 ] 86 root - INFO - Hypothesis au_000: float64, float64 
[ 2023-09-02 17:37:38,754 ] 86 root - INFO - Hypothesis av_000: float64, float64 
[ 2023-09-02 17:37:38,764 ] 86 root - INFO - Hypothesis ax_000: float64, float64 
[ 2023-09-02 17:37:38,771 ] 86 root - INFO - Hypothesis ay_000: float64, float64 
[ 2023-09-02 17:37:38,795 ] 86 root - INFO - Hypothesis ay_001: float64, float64 
[ 2023-09-02 17:37:38,815 ] 86 root - INFO - Hypothesis ay_002: float64, float64 
[ 2023-09-02 17:37:38,840 ] 86 root - INFO - Hypothesis ay_003: float64, float64 
[ 2023-09-02 17:37:38,864 ] 86 root - INFO - Hypothesis ay_004: float64, float64 
[ 2023-09-02 17:37:38,885 ] 86 root - INFO - Hypothesis ay_005: float64, float64 
[ 2023-09-02 17:37:38,892 ] 86 root - INFO - Hypothesis ay_006: float64, float64 
[ 2023-09-02 17:37:38,904 ] 86 root - INFO - Hypothesis ay_007: float64, float64 
[ 2023-09-02 17:37:38,913 ] 86 root - INFO - Hypothesis ay_008: float64, float64 
[ 2023-09-02 17:37:38,927 ] 86 root - INFO - Hypothesis ay_009: float64, float64 
[ 2023-09-02 17:37:38,954 ] 86 root - INFO - Hypothesis az_000: float64, float64 
[ 2023-09-02 17:37:38,963 ] 86 root - INFO - Hypothesis az_001: float64, float64 
[ 2023-09-02 17:37:38,971 ] 86 root - INFO - Hypothesis az_002: float64, float64 
[ 2023-09-02 17:37:38,983 ] 86 root - INFO - Hypothesis az_003: float64, float64 
[ 2023-09-02 17:37:38,992 ] 86 root - INFO - Hypothesis az_004: float64, float64 
[ 2023-09-02 17:37:39,001 ] 86 root - INFO - Hypothesis az_005: float64, float64 
[ 2023-09-02 17:37:39,014 ] 86 root - INFO - Hypothesis az_006: float64, float64 
[ 2023-09-02 17:37:39,022 ] 86 root - INFO - Hypothesis az_007: float64, float64 
[ 2023-09-02 17:37:39,027 ] 86 root - INFO - Hypothesis az_008: float64, float64 
[ 2023-09-02 17:37:39,056 ] 86 root - INFO - Hypothesis az_009: float64, float64 
[ 2023-09-02 17:37:39,081 ] 86 root - INFO - Hypothesis ba_000: float64, float64 
[ 2023-09-02 17:37:39,090 ] 86 root - INFO - Hypothesis ba_001: float64, float64 
[ 2023-09-02 17:37:39,099 ] 86 root - INFO - Hypothesis ba_002: float64, float64 
[ 2023-09-02 17:37:39,108 ] 86 root - INFO - Hypothesis ba_003: float64, float64 
[ 2023-09-02 17:37:39,121 ] 86 root - INFO - Hypothesis ba_004: float64, float64 
[ 2023-09-02 17:37:39,129 ] 86 root - INFO - Hypothesis ba_005: float64, float64 
[ 2023-09-02 17:37:39,146 ] 86 root - INFO - Hypothesis ba_006: float64, float64 
[ 2023-09-02 17:37:39,155 ] 86 root - INFO - Hypothesis ba_007: float64, float64 
[ 2023-09-02 17:37:39,163 ] 86 root - INFO - Hypothesis ba_008: float64, float64 
[ 2023-09-02 17:37:39,174 ] 86 root - INFO - Hypothesis ba_009: float64, float64 
[ 2023-09-02 17:37:39,181 ] 86 root - INFO - Hypothesis bb_000: float64, float64 
[ 2023-09-02 17:37:39,189 ] 86 root - INFO - Hypothesis bc_000: float64, float64 
[ 2023-09-02 17:37:39,196 ] 86 root - INFO - Hypothesis bd_000: float64, float64 
[ 2023-09-02 17:37:39,204 ] 86 root - INFO - Hypothesis be_000: float64, float64 
[ 2023-09-02 17:37:39,212 ] 86 root - INFO - Hypothesis bf_000: float64, float64 
[ 2023-09-02 17:37:39,218 ] 86 root - INFO - Hypothesis bg_000: float64, float64 
[ 2023-09-02 17:37:39,227 ] 86 root - INFO - Hypothesis bh_000: float64, float64 
[ 2023-09-02 17:37:39,236 ] 86 root - INFO - Hypothesis bi_000: float64, float64 
[ 2023-09-02 17:37:39,245 ] 86 root - INFO - Hypothesis bj_000: float64, float64 
[ 2023-09-02 17:37:39,254 ] 86 root - INFO - Hypothesis bs_000: float64, float64 
[ 2023-09-02 17:37:39,263 ] 86 root - INFO - Hypothesis bt_000: float64, float64 
[ 2023-09-02 17:37:39,272 ] 86 root - INFO - Hypothesis bu_000: float64, float64 
[ 2023-09-02 17:37:39,280 ] 86 root - INFO - Hypothesis bv_000: float64, float64 
[ 2023-09-02 17:37:39,293 ] 86 root - INFO - Hypothesis bx_000: float64, float64 
[ 2023-09-02 17:37:39,308 ] 86 root - INFO - Hypothesis by_000: float64, float64 
[ 2023-09-02 17:37:39,320 ] 86 root - INFO - Hypothesis bz_000: float64, float64 
[ 2023-09-02 17:37:39,328 ] 86 root - INFO - Hypothesis ca_000: float64, float64 
[ 2023-09-02 17:37:39,346 ] 86 root - INFO - Hypothesis cb_000: float64, float64 
[ 2023-09-02 17:37:39,359 ] 86 root - INFO - Hypothesis cc_000: float64, float64 
[ 2023-09-02 17:37:39,368 ] 86 root - INFO - Hypothesis cd_000: float64, float64 
[ 2023-09-02 17:37:39,391 ] 86 root - INFO - Hypothesis ce_000: float64, float64 
[ 2023-09-02 17:37:39,411 ] 86 root - INFO - Hypothesis ci_000: float64, float64 
[ 2023-09-02 17:37:39,420 ] 86 root - INFO - Hypothesis cj_000: float64, float64 
[ 2023-09-02 17:37:39,434 ] 86 root - INFO - Hypothesis ck_000: float64, float64 
[ 2023-09-02 17:37:39,443 ] 86 root - INFO - Hypothesis cl_000: float64, float64 
[ 2023-09-02 17:37:39,449 ] 86 root - INFO - Hypothesis cm_000: float64, float64 
[ 2023-09-02 17:37:39,456 ] 86 root - INFO - Hypothesis cn_000: float64, float64 
[ 2023-09-02 17:37:39,485 ] 86 root - INFO - Hypothesis cn_001: float64, float64 
[ 2023-09-02 17:37:39,490 ] 86 root - INFO - Hypothesis cn_002: float64, float64 
[ 2023-09-02 17:37:39,498 ] 86 root - INFO - Hypothesis cn_003: float64, float64 
[ 2023-09-02 17:37:39,510 ] 86 root - INFO - Hypothesis cn_004: float64, float64 
[ 2023-09-02 17:37:39,518 ] 86 root - INFO - Hypothesis cn_005: float64, float64 
[ 2023-09-02 17:37:39,527 ] 86 root - INFO - Hypothesis cn_006: float64, float64 
[ 2023-09-02 17:37:39,543 ] 86 root - INFO - Hypothesis cn_007: float64, float64 
[ 2023-09-02 17:37:39,552 ] 86 root - INFO - Hypothesis cn_008: float64, float64 
[ 2023-09-02 17:37:39,565 ] 86 root - INFO - Hypothesis cn_009: float64, float64 
[ 2023-09-02 17:37:39,572 ] 86 root - INFO - Hypothesis cp_000: float64, float64 
[ 2023-09-02 17:37:39,588 ] 86 root - INFO - Hypothesis cq_000: float64, float64 
[ 2023-09-02 17:37:39,596 ] 86 root - INFO - Hypothesis cs_000: float64, float64 
[ 2023-09-02 17:37:39,605 ] 86 root - INFO - Hypothesis cs_001: float64, float64 
[ 2023-09-02 17:37:39,613 ] 86 root - INFO - Hypothesis cs_002: float64, float64 
[ 2023-09-02 17:37:39,628 ] 86 root - INFO - Hypothesis cs_003: float64, float64 
[ 2023-09-02 17:37:39,636 ] 86 root - INFO - Hypothesis cs_004: float64, float64 
[ 2023-09-02 17:37:39,645 ] 86 root - INFO - Hypothesis cs_005: float64, float64 
[ 2023-09-02 17:37:39,656 ] 86 root - INFO - Hypothesis cs_006: float64, float64 
[ 2023-09-02 17:37:39,665 ] 86 root - INFO - Hypothesis cs_007: float64, float64 
[ 2023-09-02 17:37:39,676 ] 86 root - INFO - Hypothesis cs_008: float64, float64 
[ 2023-09-02 17:37:39,683 ] 86 root - INFO - Hypothesis cs_009: float64, float64 
[ 2023-09-02 17:37:39,715 ] 86 root - INFO - Hypothesis dd_000: float64, float64 
[ 2023-09-02 17:37:39,724 ] 86 root - INFO - Hypothesis de_000: float64, float64 
[ 2023-09-02 17:37:39,735 ] 86 root - INFO - Hypothesis df_000: float64, float64 
[ 2023-09-02 17:37:39,741 ] 86 root - INFO - Hypothesis dg_000: float64, float64 
[ 2023-09-02 17:37:39,746 ] 86 root - INFO - Hypothesis dh_000: float64, float64 
[ 2023-09-02 17:37:39,759 ] 86 root - INFO - Hypothesis di_000: float64, float64 
[ 2023-09-02 17:37:39,765 ] 86 root - INFO - Hypothesis dj_000: float64, float64 
[ 2023-09-02 17:37:39,794 ] 86 root - INFO - Hypothesis dk_000: float64, float64 
[ 2023-09-02 17:37:39,799 ] 86 root - INFO - Hypothesis dl_000: float64, float64 
[ 2023-09-02 17:37:39,820 ] 86 root - INFO - Hypothesis dm_000: float64, float64 
[ 2023-09-02 17:37:39,854 ] 86 root - INFO - Hypothesis dn_000: float64, float64 
[ 2023-09-02 17:37:39,863 ] 86 root - INFO - Hypothesis do_000: float64, float64 
[ 2023-09-02 17:37:39,871 ] 86 root - INFO - Hypothesis dp_000: float64, float64 
[ 2023-09-02 17:37:39,887 ] 86 root - INFO - Hypothesis dq_000: float64, float64 
[ 2023-09-02 17:37:39,896 ] 86 root - INFO - Hypothesis dr_000: float64, float64 
[ 2023-09-02 17:37:39,908 ] 86 root - INFO - Hypothesis ds_000: float64, float64 
[ 2023-09-02 17:37:39,916 ] 86 root - INFO - Hypothesis dt_000: float64, float64 
[ 2023-09-02 17:37:39,925 ] 86 root - INFO - Hypothesis du_000: float64, float64 
[ 2023-09-02 17:37:39,945 ] 86 root - INFO - Hypothesis dv_000: float64, float64 
[ 2023-09-02 17:37:39,956 ] 86 root - INFO - Hypothesis dx_000: float64, float64 
[ 2023-09-02 17:37:39,963 ] 86 root - INFO - Hypothesis dy_000: float64, float64 
[ 2023-09-02 17:37:39,971 ] 86 root - INFO - Hypothesis dz_000: float64, float64 
[ 2023-09-02 17:37:40,002 ] 86 root - INFO - Hypothesis ea_000: float64, float64 
[ 2023-09-02 17:37:40,031 ] 86 root - INFO - Hypothesis eb_000: float64, float64 
[ 2023-09-02 17:37:40,039 ] 86 root - INFO - Hypothesis ec_00: float64, float64 
[ 2023-09-02 17:37:40,047 ] 86 root - INFO - Hypothesis ed_000: float64, float64 
[ 2023-09-02 17:37:40,063 ] 86 root - INFO - Hypothesis ee_000: float64, float64 
[ 2023-09-02 17:37:40,072 ] 86 root - INFO - Hypothesis ee_001: float64, float64 
[ 2023-09-02 17:37:40,081 ] 86 root - INFO - Hypothesis ee_002: float64, float64 
[ 2023-09-02 17:37:40,091 ] 86 root - INFO - Hypothesis ee_003: float64, float64 
[ 2023-09-02 17:37:40,104 ] 86 root - INFO - Hypothesis ee_004: float64, float64 
[ 2023-09-02 17:37:40,117 ] 86 root - INFO - Hypothesis ee_005: float64, float64 
[ 2023-09-02 17:37:40,126 ] 86 root - INFO - Hypothesis ee_006: float64, float64 
[ 2023-09-02 17:37:40,139 ] 86 root - INFO - Hypothesis ee_007: float64, float64 
[ 2023-09-02 17:37:40,150 ] 86 root - INFO - Hypothesis ee_008: float64, float64 
[ 2023-09-02 17:37:40,163 ] 86 root - INFO - Hypothesis ee_009: float64, float64 
[ 2023-09-02 17:37:40,174 ] 86 root - INFO - Hypothesis ef_000: float64, float64 
[ 2023-09-02 17:37:40,210 ] 86 root - INFO - Hypothesis eg_000: float64, float64 
[ 2023-09-02 17:37:40,250 ] 143 root - INFO - Write reprt in yaml file
[ 2023-09-02 17:37:42,207 ] 66 root - INFO - Before resampling in training set Input: (28950, 170) Target:(28950,)
[ 2023-09-02 17:38:18,564 ] 68 root - INFO - After resampling in training set Input: (56152, 170) Target:(56152,)
[ 2023-09-02 17:38:18,565 ] 71 root - INFO - Before resampling in testing set Input: (7238, 170) Target:(7238,)
[ 2023-09-02 17:38:26,454 ] 73 root - INFO - After resampling in testing set Input: (14072, 170) Target:(14072,)
[ 2023-09-02 17:38:26,751 ] 53 root - INFO - Entered te save object method of Main utils class
[ 2023-09-02 17:38:26,755 ] 57 root - INFO - exited the save object method of Main utils class
[ 2023-09-02 17:38:26,755 ] 53 root - INFO - Entered te save object method of Main utils class
[ 2023-09-02 17:38:26,756 ] 57 root - INFO - exited the save object method of Main utils class
[ 2023-09-02 17:38:26,756 ] 91 root - INFO - Data transformation object DataTransformationArtifact(transform_object_path='/config/workspace/artifact/09022023__17_37_03/data_transformation/transformer/transformer.pkl', transformed_train_path='/config/workspace/artifact/09022023__17_37_03/data_transformation/transformed/train.npz', transformed_test_path='/config/workspace/artifact/09022023__17_37_03/data_transformation/transformed/test.npz', target_encoder_path='/config/workspace/artifact/09022023__17_37_03/data_transformation/target_encoder/target_encoder.pkl')
[ 2023-09-02 17:38:26,758 ] 14 root - INFO - >>>>>>>>>>>>>>>>>>>>>>>>>>>>>>>>>>>>>>>> Model Trainer <<<<<<<<<<<<<<<<<<<<<<<<<<<<<<<<<<<<<<<<
[ 2023-09-02 17:38:26,758 ] 39 root - INFO - Loading train and test array.
[ 2023-09-02 17:38:26,817 ] 43 root - INFO - Splitting input and target feature from both train and test arr.
[ 2023-09-02 17:38:26,822 ] 47 root - INFO - Train the model
[ 2023-09-02 17:43:15,263 ] 50 root - INFO - Calculating f1 train score
[ 2023-09-02 17:43:15,533 ] 54 root - INFO - Calculating f1 test score
[ 2023-09-02 17:43:15,654 ] 58 root - INFO - train score:0.9999821908781678 and tests score 0.9694011365292147
[ 2023-09-02 17:43:15,654 ] 59 root - INFO - Checking if our model is underfitting or not
[ 2023-09-02 17:43:15,654 ] 64 root - INFO - Checking if our model is overfiiting or not
[ 2023-09-02 17:43:15,654 ] 70 root - INFO - Saving mode object
[ 2023-09-02 17:43:15,654 ] 53 root - INFO - Entered te save object method of Main utils class
[ 2023-09-02 17:43:15,696 ] 57 root - INFO - exited the save object method of Main utils class
[ 2023-09-02 17:43:15,696 ] 73 root - INFO - Prepare the artifact
[ 2023-09-02 17:43:15,697 ] 77 root - INFO - Model trainer artifact: ModelTrainerArtifact(model_path='/config/workspace/artifact/09022023__17_37_03/model_trainer/model/model.pkl', f1_train_score=0.9999821908781678, f1_test_score=0.9694011365292147)
[ 2023-09-02 17:43:15,698 ] 36 root - INFO - if saved model folder has model the we will compare which model is best trained or the model from saved model folder
[ 2023-09-02 17:43:15,698 ] 26 root - INFO - Loading transformer model and target encoder
[ 2023-09-02 17:43:15,728 ] 32 root - INFO - Saving model into model pusher directory
[ 2023-09-02 17:43:15,728 ] 53 root - INFO - Entered te save object method of Main utils class
[ 2023-09-02 17:43:15,731 ] 57 root - INFO - exited the save object method of Main utils class
[ 2023-09-02 17:43:15,732 ] 53 root - INFO - Entered te save object method of Main utils class
[ 2023-09-02 17:43:15,758 ] 57 root - INFO - exited the save object method of Main utils class
[ 2023-09-02 17:43:15,758 ] 53 root - INFO - Entered te save object method of Main utils class
[ 2023-09-02 17:43:15,759 ] 57 root - INFO - exited the save object method of Main utils class
[ 2023-09-02 17:43:15,759 ] 39 root - INFO - Saving model in saved model dir
