[ 2023-09-02 10:22:04,268 ] 20 root - INFO - exporting data as pandas dataframe
[ 2023-09-02 10:22:04,268 ] 21 root - INFO - Reading data from database: aps and collection: sensor
[ 2023-09-02 10:22:12,465 ] 23 root - INFO - Found Columns: Index(['_id', 'class', 'aa_000', 'ab_000', 'ac_000', 'ad_000', 'ae_000',
       'af_000', 'ag_000', 'ag_001',
       ...
       'ee_002', 'ee_003', 'ee_004', 'ee_005', 'ee_006', 'ee_007', 'ee_008',
       'ee_009', 'ef_000', 'eg_000'],
      dtype='object', length=172)
[ 2023-09-02 10:22:12,465 ] 25 root - INFO - Dropping column: _id
[ 2023-09-02 10:22:13,190 ] 27 root - INFO - row and columnns in df: (36188, 171)
[ 2023-09-02 10:22:13,190 ] 25 root - INFO - save data in feature store
[ 2023-09-02 10:22:20,595 ] 35 root - INFO - split dataset into train and test set
[ 2023-09-02 10:22:21,290 ] 39 root - INFO - create dataset directory folder if not available
[ 2023-09-02 10:22:21,290 ] 46 root - INFO - Save df to feature store folder
[ 2023-09-02 10:22:25,367 ] 59 root - INFO - Data ingestion artifact: DataIngestionArtifact(feature_store_file_path='/config/workspace/artifact/09022023__10_22_04/data_ingestion/feature_store/sensor.csv', train_file_path='/config/workspace/artifact/09022023__10_22_04/data_ingestion/dataset/train.csv', test_file_path='/config/workspace/artifact/09022023__10_22_04/data_ingestion/dataset/test.csv')
[ 2023-09-02 10:22:26,449 ] 20 root - INFO - >>>>>>>>>>>>>>>>>>>>>>>>>>>>>>>>>>>>>>>> Data Validation <<<<<<<<<<<<<<<<<<<<<<<<<<<<<<<<<<<<<<<<
[ 2023-09-02 10:22:26,449 ] 107 root - INFO - Reading base dataframe
[ 2023-09-02 10:22:30,993 ] 110 root - INFO - Replace na value in base df
[ 2023-09-02 10:22:31,465 ] 61 root - INFO - selecting column name which contains null above to 0.2
[ 2023-09-02 10:22:31,466 ] 64 root - INFO - Columns to drop: ['ab_000', 'ad_000', 'bk_000', 'bl_000', 'bm_000', 'bn_000', 'bo_000', 'bp_000', 'bq_000', 'br_000', 'cf_000', 'cg_000', 'ch_000', 'co_000', 'cr_000', 'ct_000', 'cu_000', 'cv_000', 'cx_000', 'cy_000', 'cz_000', 'da_000', 'db_000', 'dc_000']
[ 2023-09-02 10:22:31,612 ] 115 root - INFO - Reading train dataframe
[ 2023-09-02 10:22:32,393 ] 117 root - INFO - Reading test dataframe
[ 2023-09-02 10:22:32,589 ] 120 root - INFO - Drop null values colums from train df
[ 2023-09-02 10:22:32,601 ] 61 root - INFO - selecting column name which contains null above to 0.2
[ 2023-09-02 10:22:32,601 ] 64 root - INFO - Columns to drop: ['ab_000', 'ad_000', 'bk_000', 'bl_000', 'bm_000', 'bn_000', 'bo_000', 'bp_000', 'bq_000', 'br_000', 'cf_000', 'cg_000', 'ch_000', 'co_000', 'cr_000', 'ct_000', 'cu_000', 'cv_000', 'cx_000', 'cy_000', 'cz_000', 'da_000', 'db_000', 'dc_000']
[ 2023-09-02 10:22:32,628 ] 122 root - INFO - Drop null values colums from test df
[ 2023-09-02 10:22:32,632 ] 61 root - INFO - selecting column name which contains null above to 0.2
[ 2023-09-02 10:22:32,633 ] 64 root - INFO - Columns to drop: ['ab_000', 'ad_000', 'bk_000', 'bl_000', 'bm_000', 'bn_000', 'bo_000', 'bp_000', 'bq_000', 'br_000', 'cf_000', 'cg_000', 'ch_000', 'co_000', 'cr_000', 'ct_000', 'cu_000', 'cv_000', 'cx_000', 'cy_000', 'cz_000', 'da_000', 'db_000', 'dc_000']
[ 2023-09-02 10:22:34,345 ] 130 root - INFO - Is all required columns present in train df
[ 2023-09-02 10:22:34,349 ] 132 root - INFO - Is all required columns present in test df
[ 2023-09-02 10:22:34,349 ] 136 root - INFO - As all column are available in train df hence detecting data drift
[ 2023-09-02 10:22:34,358 ] 86 root - INFO - Hypothesis class: object, object 
[ 2023-09-02 10:22:34,589 ] 86 root - INFO - Hypothesis aa_000: float64, float64 
[ 2023-09-02 10:22:34,602 ] 86 root - INFO - Hypothesis ac_000: float64, float64 
[ 2023-09-02 10:22:34,661 ] 86 root - INFO - Hypothesis ae_000: float64, float64 
[ 2023-09-02 10:22:34,721 ] 86 root - INFO - Hypothesis af_000: float64, float64 
[ 2023-09-02 10:22:34,781 ] 86 root - INFO - Hypothesis ag_000: float64, float64 
[ 2023-09-02 10:22:34,831 ] 86 root - INFO - Hypothesis ag_001: float64, float64 
[ 2023-09-02 10:22:34,893 ] 86 root - INFO - Hypothesis ag_002: float64, float64 
[ 2023-09-02 10:22:34,944 ] 86 root - INFO - Hypothesis ag_003: float64, float64 
[ 2023-09-02 10:22:34,953 ] 86 root - INFO - Hypothesis ag_004: float64, float64 
[ 2023-09-02 10:22:34,970 ] 86 root - INFO - Hypothesis ag_005: float64, float64 
[ 2023-09-02 10:22:34,983 ] 86 root - INFO - Hypothesis ag_006: float64, float64 
[ 2023-09-02 10:22:34,996 ] 86 root - INFO - Hypothesis ag_007: float64, float64 
[ 2023-09-02 10:22:35,020 ] 86 root - INFO - Hypothesis ag_008: float64, float64 
[ 2023-09-02 10:22:35,031 ] 86 root - INFO - Hypothesis ag_009: float64, float64 
[ 2023-09-02 10:22:35,041 ] 86 root - INFO - Hypothesis ah_000: float64, float64 
[ 2023-09-02 10:22:35,058 ] 86 root - INFO - Hypothesis ai_000: float64, float64 
[ 2023-09-02 10:22:35,109 ] 86 root - INFO - Hypothesis aj_000: float64, float64 
[ 2023-09-02 10:22:35,126 ] 86 root - INFO - Hypothesis ak_000: float64, float64 
[ 2023-09-02 10:22:35,187 ] 86 root - INFO - Hypothesis al_000: float64, float64 
[ 2023-09-02 10:22:35,197 ] 86 root - INFO - Hypothesis am_0: float64, float64 
[ 2023-09-02 10:22:35,211 ] 86 root - INFO - Hypothesis an_000: float64, float64 
[ 2023-09-02 10:22:35,224 ] 86 root - INFO - Hypothesis ao_000: float64, float64 
[ 2023-09-02 10:22:35,237 ] 86 root - INFO - Hypothesis ap_000: float64, float64 
[ 2023-09-02 10:22:35,250 ] 86 root - INFO - Hypothesis aq_000: float64, float64 
[ 2023-09-02 10:22:35,268 ] 86 root - INFO - Hypothesis ar_000: float64, float64 
[ 2023-09-02 10:22:35,321 ] 86 root - INFO - Hypothesis as_000: float64, float64 
[ 2023-09-02 10:22:35,372 ] 86 root - INFO - Hypothesis at_000: float64, float64 
[ 2023-09-02 10:22:35,424 ] 86 root - INFO - Hypothesis au_000: float64, float64 
[ 2023-09-02 10:22:35,502 ] 86 root - INFO - Hypothesis av_000: float64, float64 
[ 2023-09-02 10:22:35,514 ] 86 root - INFO - Hypothesis ax_000: float64, float64 
[ 2023-09-02 10:22:35,525 ] 86 root - INFO - Hypothesis ay_000: float64, float64 
[ 2023-09-02 10:22:35,576 ] 86 root - INFO - Hypothesis ay_001: float64, float64 
[ 2023-09-02 10:22:35,635 ] 86 root - INFO - Hypothesis ay_002: float64, float64 
[ 2023-09-02 10:22:35,689 ] 86 root - INFO - Hypothesis ay_003: float64, float64 
[ 2023-09-02 10:22:35,740 ] 86 root - INFO - Hypothesis ay_004: float64, float64 
[ 2023-09-02 10:22:35,790 ] 86 root - INFO - Hypothesis ay_005: float64, float64 
[ 2023-09-02 10:22:35,864 ] 86 root - INFO - Hypothesis ay_006: float64, float64 
[ 2023-09-02 10:22:35,876 ] 86 root - INFO - Hypothesis ay_007: float64, float64 
[ 2023-09-02 10:22:35,889 ] 86 root - INFO - Hypothesis ay_008: float64, float64 
[ 2023-09-02 10:22:35,902 ] 86 root - INFO - Hypothesis ay_009: float64, float64 
[ 2023-09-02 10:22:35,968 ] 86 root - INFO - Hypothesis az_000: float64, float64 
[ 2023-09-02 10:22:35,981 ] 86 root - INFO - Hypothesis az_001: float64, float64 
[ 2023-09-02 10:22:35,993 ] 86 root - INFO - Hypothesis az_002: float64, float64 
[ 2023-09-02 10:22:36,006 ] 86 root - INFO - Hypothesis az_003: float64, float64 
[ 2023-09-02 10:22:36,019 ] 86 root - INFO - Hypothesis az_004: float64, float64 
[ 2023-09-02 10:22:36,040 ] 86 root - INFO - Hypothesis az_005: float64, float64 
[ 2023-09-02 10:22:36,053 ] 86 root - INFO - Hypothesis az_006: float64, float64 
[ 2023-09-02 10:22:36,117 ] 86 root - INFO - Hypothesis az_007: float64, float64 
[ 2023-09-02 10:22:36,172 ] 86 root - INFO - Hypothesis az_008: float64, float64 
[ 2023-09-02 10:22:36,231 ] 86 root - INFO - Hypothesis az_009: float64, float64 
[ 2023-09-02 10:22:36,288 ] 86 root - INFO - Hypothesis ba_000: float64, float64 
[ 2023-09-02 10:22:36,303 ] 86 root - INFO - Hypothesis ba_001: float64, float64 
[ 2023-09-02 10:22:36,321 ] 86 root - INFO - Hypothesis ba_002: float64, float64 
[ 2023-09-02 10:22:36,334 ] 86 root - INFO - Hypothesis ba_003: float64, float64 
[ 2023-09-02 10:22:36,352 ] 86 root - INFO - Hypothesis ba_004: float64, float64 
[ 2023-09-02 10:22:36,365 ] 86 root - INFO - Hypothesis ba_005: float64, float64 
[ 2023-09-02 10:22:36,386 ] 86 root - INFO - Hypothesis ba_006: float64, float64 
[ 2023-09-02 10:22:36,400 ] 86 root - INFO - Hypothesis ba_007: float64, float64 
[ 2023-09-02 10:22:36,412 ] 86 root - INFO - Hypothesis ba_008: float64, float64 
[ 2023-09-02 10:22:36,484 ] 86 root - INFO - Hypothesis ba_009: float64, float64 
[ 2023-09-02 10:22:36,545 ] 86 root - INFO - Hypothesis bb_000: float64, float64 
[ 2023-09-02 10:22:36,563 ] 86 root - INFO - Hypothesis bc_000: float64, float64 
[ 2023-09-02 10:22:36,619 ] 86 root - INFO - Hypothesis bd_000: float64, float64 
[ 2023-09-02 10:22:36,630 ] 86 root - INFO - Hypothesis be_000: float64, float64 
[ 2023-09-02 10:22:36,646 ] 86 root - INFO - Hypothesis bf_000: float64, float64 
[ 2023-09-02 10:22:36,655 ] 86 root - INFO - Hypothesis bg_000: float64, float64 
[ 2023-09-02 10:22:36,669 ] 86 root - INFO - Hypothesis bh_000: float64, float64 
[ 2023-09-02 10:22:36,696 ] 86 root - INFO - Hypothesis bi_000: float64, float64 
[ 2023-09-02 10:22:36,709 ] 86 root - INFO - Hypothesis bj_000: float64, float64 
[ 2023-09-02 10:22:36,735 ] 86 root - INFO - Hypothesis bs_000: float64, float64 
[ 2023-09-02 10:22:36,748 ] 86 root - INFO - Hypothesis bt_000: float64, float64 
[ 2023-09-02 10:22:36,761 ] 86 root - INFO - Hypothesis bu_000: float64, float64 
[ 2023-09-02 10:22:36,775 ] 86 root - INFO - Hypothesis bv_000: float64, float64 
[ 2023-09-02 10:22:36,788 ] 86 root - INFO - Hypothesis bx_000: float64, float64 
[ 2023-09-02 10:22:36,809 ] 86 root - INFO - Hypothesis by_000: float64, float64 
[ 2023-09-02 10:22:36,821 ] 86 root - INFO - Hypothesis bz_000: float64, float64 
[ 2023-09-02 10:22:36,833 ] 86 root - INFO - Hypothesis ca_000: float64, float64 
[ 2023-09-02 10:22:36,855 ] 86 root - INFO - Hypothesis cb_000: float64, float64 
[ 2023-09-02 10:22:36,868 ] 86 root - INFO - Hypothesis cc_000: float64, float64 
[ 2023-09-02 10:22:36,885 ] 86 root - INFO - Hypothesis cd_000: float64, float64 
[ 2023-09-02 10:22:36,937 ] 86 root - INFO - Hypothesis ce_000: float64, float64 
[ 2023-09-02 10:22:36,949 ] 86 root - INFO - Hypothesis ci_000: float64, float64 
[ 2023-09-02 10:22:36,970 ] 86 root - INFO - Hypothesis cj_000: float64, float64 
[ 2023-09-02 10:22:37,029 ] 86 root - INFO - Hypothesis ck_000: float64, float64 
[ 2023-09-02 10:22:37,046 ] 86 root - INFO - Hypothesis cl_000: float64, float64 
[ 2023-09-02 10:22:37,055 ] 86 root - INFO - Hypothesis cm_000: float64, float64 
[ 2023-09-02 10:22:37,065 ] 86 root - INFO - Hypothesis cn_000: float64, float64 
[ 2023-09-02 10:22:37,124 ] 86 root - INFO - Hypothesis cn_001: float64, float64 
[ 2023-09-02 10:22:37,180 ] 86 root - INFO - Hypothesis cn_002: float64, float64 
[ 2023-09-02 10:22:37,203 ] 86 root - INFO - Hypothesis cn_003: float64, float64 
[ 2023-09-02 10:22:37,216 ] 86 root - INFO - Hypothesis cn_004: float64, float64 
[ 2023-09-02 10:22:37,229 ] 86 root - INFO - Hypothesis cn_005: float64, float64 
[ 2023-09-02 10:22:37,243 ] 86 root - INFO - Hypothesis cn_006: float64, float64 
[ 2023-09-02 10:22:37,260 ] 86 root - INFO - Hypothesis cn_007: float64, float64 
[ 2023-09-02 10:22:37,272 ] 86 root - INFO - Hypothesis cn_008: float64, float64 
[ 2023-09-02 10:22:37,284 ] 86 root - INFO - Hypothesis cn_009: float64, float64 
[ 2023-09-02 10:22:37,342 ] 86 root - INFO - Hypothesis cp_000: float64, float64 
[ 2023-09-02 10:22:37,397 ] 86 root - INFO - Hypothesis cq_000: float64, float64 
[ 2023-09-02 10:22:37,418 ] 86 root - INFO - Hypothesis cs_000: float64, float64 
[ 2023-09-02 10:22:37,431 ] 86 root - INFO - Hypothesis cs_001: float64, float64 
[ 2023-09-02 10:22:37,451 ] 86 root - INFO - Hypothesis cs_002: float64, float64 
[ 2023-09-02 10:22:37,464 ] 86 root - INFO - Hypothesis cs_003: float64, float64 
[ 2023-09-02 10:22:37,477 ] 86 root - INFO - Hypothesis cs_004: float64, float64 
[ 2023-09-02 10:22:37,502 ] 86 root - INFO - Hypothesis cs_005: float64, float64 
[ 2023-09-02 10:22:37,515 ] 86 root - INFO - Hypothesis cs_006: float64, float64 
[ 2023-09-02 10:22:37,533 ] 86 root - INFO - Hypothesis cs_007: float64, float64 
[ 2023-09-02 10:22:37,546 ] 86 root - INFO - Hypothesis cs_008: float64, float64 
[ 2023-09-02 10:22:37,603 ] 86 root - INFO - Hypothesis cs_009: float64, float64 
[ 2023-09-02 10:22:37,650 ] 86 root - INFO - Hypothesis dd_000: float64, float64 
[ 2023-09-02 10:22:37,671 ] 86 root - INFO - Hypothesis de_000: float64, float64 
[ 2023-09-02 10:22:37,682 ] 86 root - INFO - Hypothesis df_000: float64, float64 
[ 2023-09-02 10:22:37,743 ] 86 root - INFO - Hypothesis dg_000: float64, float64 
[ 2023-09-02 10:22:37,802 ] 86 root - INFO - Hypothesis dh_000: float64, float64 
[ 2023-09-02 10:22:37,810 ] 86 root - INFO - Hypothesis di_000: float64, float64 
[ 2023-09-02 10:22:37,873 ] 86 root - INFO - Hypothesis dj_000: float64, float64 
[ 2023-09-02 10:22:37,924 ] 86 root - INFO - Hypothesis dk_000: float64, float64 
[ 2023-09-02 10:22:37,975 ] 86 root - INFO - Hypothesis dl_000: float64, float64 
[ 2023-09-02 10:22:38,034 ] 86 root - INFO - Hypothesis dm_000: float64, float64 
[ 2023-09-02 10:22:38,093 ] 86 root - INFO - Hypothesis dn_000: float64, float64 
[ 2023-09-02 10:22:38,111 ] 86 root - INFO - Hypothesis do_000: float64, float64 
[ 2023-09-02 10:22:38,127 ] 86 root - INFO - Hypothesis dp_000: float64, float64 
[ 2023-09-02 10:22:38,139 ] 86 root - INFO - Hypothesis dq_000: float64, float64 
[ 2023-09-02 10:22:38,201 ] 86 root - INFO - Hypothesis dr_000: float64, float64 
[ 2023-09-02 10:22:38,258 ] 86 root - INFO - Hypothesis ds_000: float64, float64 
[ 2023-09-02 10:22:38,272 ] 86 root - INFO - Hypothesis dt_000: float64, float64 
[ 2023-09-02 10:22:38,284 ] 86 root - INFO - Hypothesis du_000: float64, float64 
[ 2023-09-02 10:22:38,301 ] 86 root - INFO - Hypothesis dv_000: float64, float64 
[ 2023-09-02 10:22:38,314 ] 86 root - INFO - Hypothesis dx_000: float64, float64 
[ 2023-09-02 10:22:38,380 ] 86 root - INFO - Hypothesis dy_000: float64, float64 
[ 2023-09-02 10:22:38,441 ] 86 root - INFO - Hypothesis dz_000: float64, float64 
[ 2023-09-02 10:22:38,493 ] 86 root - INFO - Hypothesis ea_000: float64, float64 
[ 2023-09-02 10:22:38,558 ] 86 root - INFO - Hypothesis eb_000: float64, float64 
[ 2023-09-02 10:22:38,569 ] 86 root - INFO - Hypothesis ec_00: float64, float64 
[ 2023-09-02 10:22:38,585 ] 86 root - INFO - Hypothesis ed_000: float64, float64 
[ 2023-09-02 10:22:38,601 ] 86 root - INFO - Hypothesis ee_000: float64, float64 
[ 2023-09-02 10:22:38,614 ] 86 root - INFO - Hypothesis ee_001: float64, float64 
[ 2023-09-02 10:22:38,632 ] 86 root - INFO - Hypothesis ee_002: float64, float64 
[ 2023-09-02 10:22:38,645 ] 86 root - INFO - Hypothesis ee_003: float64, float64 
[ 2023-09-02 10:22:38,657 ] 86 root - INFO - Hypothesis ee_004: float64, float64 
[ 2023-09-02 10:22:38,675 ] 86 root - INFO - Hypothesis ee_005: float64, float64 
[ 2023-09-02 10:22:38,688 ] 86 root - INFO - Hypothesis ee_006: float64, float64 
[ 2023-09-02 10:22:38,708 ] 86 root - INFO - Hypothesis ee_007: float64, float64 
[ 2023-09-02 10:22:38,721 ] 86 root - INFO - Hypothesis ee_008: float64, float64 
[ 2023-09-02 10:22:38,733 ] 86 root - INFO - Hypothesis ee_009: float64, float64 
[ 2023-09-02 10:22:38,751 ] 86 root - INFO - Hypothesis ef_000: float64, float64 
[ 2023-09-02 10:22:38,797 ] 86 root - INFO - Hypothesis eg_000: float64, float64 
[ 2023-09-02 10:22:38,851 ] 140 root - INFO - As all column are available in test df hence detecting data drift
[ 2023-09-02 10:22:38,852 ] 86 root - INFO - Hypothesis class: object, object 
[ 2023-09-02 10:22:38,971 ] 86 root - INFO - Hypothesis aa_000: float64, float64 
[ 2023-09-02 10:22:38,980 ] 86 root - INFO - Hypothesis ac_000: float64, float64 
[ 2023-09-02 10:22:38,988 ] 86 root - INFO - Hypothesis ae_000: float64, float64 
[ 2023-09-02 10:22:39,016 ] 86 root - INFO - Hypothesis af_000: float64, float64 
[ 2023-09-02 10:22:39,037 ] 86 root - INFO - Hypothesis ag_000: float64, float64 
[ 2023-09-02 10:22:39,069 ] 86 root - INFO - Hypothesis ag_001: float64, float64 
[ 2023-09-02 10:22:39,089 ] 86 root - INFO - Hypothesis ag_002: float64, float64 
[ 2023-09-02 10:22:39,095 ] 86 root - INFO - Hypothesis ag_003: float64, float64 
[ 2023-09-02 10:22:39,101 ] 86 root - INFO - Hypothesis ag_004: float64, float64 
[ 2023-09-02 10:22:39,110 ] 86 root - INFO - Hypothesis ag_005: float64, float64 
[ 2023-09-02 10:22:39,119 ] 86 root - INFO - Hypothesis ag_006: float64, float64 
[ 2023-09-02 10:22:39,132 ] 86 root - INFO - Hypothesis ag_007: float64, float64 
[ 2023-09-02 10:22:39,141 ] 86 root - INFO - Hypothesis ag_008: float64, float64 
[ 2023-09-02 10:22:39,148 ] 86 root - INFO - Hypothesis ag_009: float64, float64 
[ 2023-09-02 10:22:39,155 ] 86 root - INFO - Hypothesis ah_000: float64, float64 
[ 2023-09-02 10:22:39,177 ] 86 root - INFO - Hypothesis ai_000: float64, float64 
[ 2023-09-02 10:22:39,182 ] 86 root - INFO - Hypothesis aj_000: float64, float64 
[ 2023-09-02 10:22:39,188 ] 86 root - INFO - Hypothesis ak_000: float64, float64 
[ 2023-09-02 10:22:39,194 ] 86 root - INFO - Hypothesis al_000: float64, float64 
[ 2023-09-02 10:22:39,201 ] 86 root - INFO - Hypothesis am_0: float64, float64 
[ 2023-09-02 10:22:39,224 ] 86 root - INFO - Hypothesis an_000: float64, float64 
[ 2023-09-02 10:22:39,233 ] 86 root - INFO - Hypothesis ao_000: float64, float64 
[ 2023-09-02 10:22:39,247 ] 86 root - INFO - Hypothesis ap_000: float64, float64 
[ 2023-09-02 10:22:39,256 ] 86 root - INFO - Hypothesis aq_000: float64, float64 
[ 2023-09-02 10:22:39,269 ] 86 root - INFO - Hypothesis ar_000: float64, float64 
[ 2023-09-02 10:22:39,291 ] 86 root - INFO - Hypothesis as_000: float64, float64 
[ 2023-09-02 10:22:39,311 ] 86 root - INFO - Hypothesis at_000: float64, float64 
[ 2023-09-02 10:22:39,332 ] 86 root - INFO - Hypothesis au_000: float64, float64 
[ 2023-09-02 10:22:39,353 ] 86 root - INFO - Hypothesis av_000: float64, float64 
[ 2023-09-02 10:22:39,365 ] 86 root - INFO - Hypothesis ax_000: float64, float64 
[ 2023-09-02 10:22:39,374 ] 86 root - INFO - Hypothesis ay_000: float64, float64 
[ 2023-09-02 10:22:39,403 ] 86 root - INFO - Hypothesis ay_001: float64, float64 
[ 2023-09-02 10:22:39,428 ] 86 root - INFO - Hypothesis ay_002: float64, float64 
[ 2023-09-02 10:22:39,448 ] 86 root - INFO - Hypothesis ay_003: float64, float64 
[ 2023-09-02 10:22:39,478 ] 86 root - INFO - Hypothesis ay_004: float64, float64 
[ 2023-09-02 10:22:39,501 ] 86 root - INFO - Hypothesis ay_005: float64, float64 
[ 2023-09-02 10:22:39,509 ] 86 root - INFO - Hypothesis ay_006: float64, float64 
[ 2023-09-02 10:22:39,530 ] 86 root - INFO - Hypothesis ay_007: float64, float64 
[ 2023-09-02 10:22:39,539 ] 86 root - INFO - Hypothesis ay_008: float64, float64 
[ 2023-09-02 10:22:39,548 ] 86 root - INFO - Hypothesis ay_009: float64, float64 
[ 2023-09-02 10:22:39,573 ] 86 root - INFO - Hypothesis az_000: float64, float64 
[ 2023-09-02 10:22:39,590 ] 86 root - INFO - Hypothesis az_001: float64, float64 
[ 2023-09-02 10:22:39,598 ] 86 root - INFO - Hypothesis az_002: float64, float64 
[ 2023-09-02 10:22:39,607 ] 86 root - INFO - Hypothesis az_003: float64, float64 
[ 2023-09-02 10:22:39,616 ] 86 root - INFO - Hypothesis az_004: float64, float64 
[ 2023-09-02 10:22:39,625 ] 86 root - INFO - Hypothesis az_005: float64, float64 
[ 2023-09-02 10:22:39,634 ] 86 root - INFO - Hypothesis az_006: float64, float64 
[ 2023-09-02 10:22:39,663 ] 86 root - INFO - Hypothesis az_007: float64, float64 
[ 2023-09-02 10:22:39,669 ] 86 root - INFO - Hypothesis az_008: float64, float64 
[ 2023-09-02 10:22:39,690 ] 86 root - INFO - Hypothesis az_009: float64, float64 
[ 2023-09-02 10:22:39,712 ] 86 root - INFO - Hypothesis ba_000: float64, float64 
[ 2023-09-02 10:22:39,721 ] 86 root - INFO - Hypothesis ba_001: float64, float64 
[ 2023-09-02 10:22:39,739 ] 86 root - INFO - Hypothesis ba_002: float64, float64 
[ 2023-09-02 10:22:39,748 ] 86 root - INFO - Hypothesis ba_003: float64, float64 
[ 2023-09-02 10:22:39,757 ] 86 root - INFO - Hypothesis ba_004: float64, float64 
[ 2023-09-02 10:22:39,766 ] 86 root - INFO - Hypothesis ba_005: float64, float64 
[ 2023-09-02 10:22:39,775 ] 86 root - INFO - Hypothesis ba_006: float64, float64 
[ 2023-09-02 10:22:39,784 ] 86 root - INFO - Hypothesis ba_007: float64, float64 
[ 2023-09-02 10:22:39,792 ] 86 root - INFO - Hypothesis ba_008: float64, float64 
[ 2023-09-02 10:22:39,800 ] 86 root - INFO - Hypothesis ba_009: float64, float64 
[ 2023-09-02 10:22:39,807 ] 86 root - INFO - Hypothesis bb_000: float64, float64 
[ 2023-09-02 10:22:39,816 ] 86 root - INFO - Hypothesis bc_000: float64, float64 
[ 2023-09-02 10:22:39,828 ] 86 root - INFO - Hypothesis bd_000: float64, float64 
[ 2023-09-02 10:22:39,835 ] 86 root - INFO - Hypothesis be_000: float64, float64 
[ 2023-09-02 10:22:39,844 ] 86 root - INFO - Hypothesis bf_000: float64, float64 
[ 2023-09-02 10:22:39,850 ] 86 root - INFO - Hypothesis bg_000: float64, float64 
[ 2023-09-02 10:22:39,868 ] 86 root - INFO - Hypothesis bh_000: float64, float64 
[ 2023-09-02 10:22:39,877 ] 86 root - INFO - Hypothesis bi_000: float64, float64 
[ 2023-09-02 10:22:39,890 ] 86 root - INFO - Hypothesis bj_000: float64, float64 
[ 2023-09-02 10:22:39,900 ] 86 root - INFO - Hypothesis bs_000: float64, float64 
[ 2023-09-02 10:22:39,909 ] 86 root - INFO - Hypothesis bt_000: float64, float64 
[ 2023-09-02 10:22:39,918 ] 86 root - INFO - Hypothesis bu_000: float64, float64 
[ 2023-09-02 10:22:39,939 ] 86 root - INFO - Hypothesis bv_000: float64, float64 
[ 2023-09-02 10:22:39,949 ] 86 root - INFO - Hypothesis bx_000: float64, float64 
[ 2023-09-02 10:22:39,966 ] 86 root - INFO - Hypothesis by_000: float64, float64 
[ 2023-09-02 10:22:39,975 ] 86 root - INFO - Hypothesis bz_000: float64, float64 
[ 2023-09-02 10:22:39,983 ] 86 root - INFO - Hypothesis ca_000: float64, float64 
[ 2023-09-02 10:22:40,000 ] 86 root - INFO - Hypothesis cb_000: float64, float64 
[ 2023-09-02 10:22:40,010 ] 86 root - INFO - Hypothesis cc_000: float64, float64 
[ 2023-09-02 10:22:40,019 ] 86 root - INFO - Hypothesis cd_000: float64, float64 
[ 2023-09-02 10:22:40,048 ] 86 root - INFO - Hypothesis ce_000: float64, float64 
[ 2023-09-02 10:22:40,068 ] 86 root - INFO - Hypothesis ci_000: float64, float64 
[ 2023-09-02 10:22:40,077 ] 86 root - INFO - Hypothesis cj_000: float64, float64 
[ 2023-09-02 10:22:40,084 ] 86 root - INFO - Hypothesis ck_000: float64, float64 
[ 2023-09-02 10:22:40,104 ] 86 root - INFO - Hypothesis cl_000: float64, float64 
[ 2023-09-02 10:22:40,111 ] 86 root - INFO - Hypothesis cm_000: float64, float64 
[ 2023-09-02 10:22:40,117 ] 86 root - INFO - Hypothesis cn_000: float64, float64 
[ 2023-09-02 10:22:40,146 ] 86 root - INFO - Hypothesis cn_001: float64, float64 
[ 2023-09-02 10:22:40,152 ] 86 root - INFO - Hypothesis cn_002: float64, float64 
[ 2023-09-02 10:22:40,172 ] 86 root - INFO - Hypothesis cn_003: float64, float64 
[ 2023-09-02 10:22:40,181 ] 86 root - INFO - Hypothesis cn_004: float64, float64 
[ 2023-09-02 10:22:40,190 ] 86 root - INFO - Hypothesis cn_005: float64, float64 
[ 2023-09-02 10:22:40,204 ] 86 root - INFO - Hypothesis cn_006: float64, float64 
[ 2023-09-02 10:22:40,213 ] 86 root - INFO - Hypothesis cn_007: float64, float64 
[ 2023-09-02 10:22:40,221 ] 86 root - INFO - Hypothesis cn_008: float64, float64 
[ 2023-09-02 10:22:40,250 ] 86 root - INFO - Hypothesis cn_009: float64, float64 
[ 2023-09-02 10:22:40,257 ] 86 root - INFO - Hypothesis cp_000: float64, float64 
[ 2023-09-02 10:22:40,264 ] 86 root - INFO - Hypothesis cq_000: float64, float64 
[ 2023-09-02 10:22:40,273 ] 86 root - INFO - Hypothesis cs_000: float64, float64 
[ 2023-09-02 10:22:40,302 ] 86 root - INFO - Hypothesis cs_001: float64, float64 
[ 2023-09-02 10:22:40,310 ] 86 root - INFO - Hypothesis cs_002: float64, float64 
[ 2023-09-02 10:22:40,319 ] 86 root - INFO - Hypothesis cs_003: float64, float64 
[ 2023-09-02 10:22:40,336 ] 86 root - INFO - Hypothesis cs_004: float64, float64 
[ 2023-09-02 10:22:40,346 ] 86 root - INFO - Hypothesis cs_005: float64, float64 
[ 2023-09-02 10:22:40,355 ] 86 root - INFO - Hypothesis cs_006: float64, float64 
[ 2023-09-02 10:22:40,364 ] 86 root - INFO - Hypothesis cs_007: float64, float64 
[ 2023-09-02 10:22:40,373 ] 86 root - INFO - Hypothesis cs_008: float64, float64 
[ 2023-09-02 10:22:40,385 ] 86 root - INFO - Hypothesis cs_009: float64, float64 
[ 2023-09-02 10:22:40,415 ] 86 root - INFO - Hypothesis dd_000: float64, float64 
[ 2023-09-02 10:22:40,423 ] 86 root - INFO - Hypothesis de_000: float64, float64 
[ 2023-09-02 10:22:40,443 ] 86 root - INFO - Hypothesis df_000: float64, float64 
[ 2023-09-02 10:22:40,449 ] 86 root - INFO - Hypothesis dg_000: float64, float64 
[ 2023-09-02 10:22:40,454 ] 86 root - INFO - Hypothesis dh_000: float64, float64 
[ 2023-09-02 10:22:40,460 ] 86 root - INFO - Hypothesis di_000: float64, float64 
[ 2023-09-02 10:22:40,474 ] 86 root - INFO - Hypothesis dj_000: float64, float64 
[ 2023-09-02 10:22:40,497 ] 86 root - INFO - Hypothesis dk_000: float64, float64 
[ 2023-09-02 10:22:40,504 ] 86 root - INFO - Hypothesis dl_000: float64, float64 
[ 2023-09-02 10:22:40,534 ] 86 root - INFO - Hypothesis dm_000: float64, float64 
[ 2023-09-02 10:22:40,579 ] 86 root - INFO - Hypothesis dn_000: float64, float64 
[ 2023-09-02 10:22:40,588 ] 86 root - INFO - Hypothesis do_000: float64, float64 
[ 2023-09-02 10:22:40,596 ] 86 root - INFO - Hypothesis dp_000: float64, float64 
[ 2023-09-02 10:22:40,610 ] 86 root - INFO - Hypothesis dq_000: float64, float64 
[ 2023-09-02 10:22:40,617 ] 86 root - INFO - Hypothesis dr_000: float64, float64 
[ 2023-09-02 10:22:40,623 ] 86 root - INFO - Hypothesis ds_000: float64, float64 
[ 2023-09-02 10:22:40,640 ] 86 root - INFO - Hypothesis dt_000: float64, float64 
[ 2023-09-02 10:22:40,649 ] 86 root - INFO - Hypothesis du_000: float64, float64 
[ 2023-09-02 10:22:40,662 ] 86 root - INFO - Hypothesis dv_000: float64, float64 
[ 2023-09-02 10:22:40,679 ] 86 root - INFO - Hypothesis dx_000: float64, float64 
[ 2023-09-02 10:22:40,686 ] 86 root - INFO - Hypothesis dy_000: float64, float64 
[ 2023-09-02 10:22:40,693 ] 86 root - INFO - Hypothesis dz_000: float64, float64 
[ 2023-09-02 10:22:40,738 ] 86 root - INFO - Hypothesis ea_000: float64, float64 
[ 2023-09-02 10:22:40,759 ] 86 root - INFO - Hypothesis eb_000: float64, float64 
[ 2023-09-02 10:22:40,771 ] 86 root - INFO - Hypothesis ec_00: float64, float64 
[ 2023-09-02 10:22:40,780 ] 86 root - INFO - Hypothesis ed_000: float64, float64 
[ 2023-09-02 10:22:40,796 ] 86 root - INFO - Hypothesis ee_000: float64, float64 
[ 2023-09-02 10:22:40,806 ] 86 root - INFO - Hypothesis ee_001: float64, float64 
[ 2023-09-02 10:22:40,816 ] 86 root - INFO - Hypothesis ee_002: float64, float64 
[ 2023-09-02 10:22:40,829 ] 86 root - INFO - Hypothesis ee_003: float64, float64 
[ 2023-09-02 10:22:40,842 ] 86 root - INFO - Hypothesis ee_004: float64, float64 
[ 2023-09-02 10:22:40,852 ] 86 root - INFO - Hypothesis ee_005: float64, float64 
[ 2023-09-02 10:22:40,861 ] 86 root - INFO - Hypothesis ee_006: float64, float64 
[ 2023-09-02 10:22:40,896 ] 86 root - INFO - Hypothesis ee_007: float64, float64 
[ 2023-09-02 10:22:40,905 ] 86 root - INFO - Hypothesis ee_008: float64, float64 
[ 2023-09-02 10:22:40,913 ] 86 root - INFO - Hypothesis ee_009: float64, float64 
[ 2023-09-02 10:22:40,920 ] 86 root - INFO - Hypothesis ef_000: float64, float64 
[ 2023-09-02 10:22:40,953 ] 86 root - INFO - Hypothesis eg_000: float64, float64 
[ 2023-09-02 10:22:40,982 ] 143 root - INFO - Write reprt in yaml file
[ 2023-09-02 10:22:42,910 ] 66 root - INFO - Before resampling in training set Input: (28950, 170) Target:(28950,)
[ 2023-09-02 10:23:20,867 ] 68 root - INFO - After resampling in training set Input: (56152, 170) Target:(56152,)
[ 2023-09-02 10:23:20,867 ] 71 root - INFO - Before resampling in testing set Input: (7238, 170) Target:(7238,)
[ 2023-09-02 10:23:28,457 ] 73 root - INFO - After resampling in testing set Input: (14072, 170) Target:(14072,)
[ 2023-09-02 10:23:28,789 ] 53 root - INFO - Entered te save object method of Main utils class
[ 2023-09-02 10:23:28,793 ] 57 root - INFO - exited the save object method of Main utils class
[ 2023-09-02 10:23:28,793 ] 53 root - INFO - Entered te save object method of Main utils class
[ 2023-09-02 10:23:28,794 ] 57 root - INFO - exited the save object method of Main utils class
[ 2023-09-02 10:23:28,795 ] 91 root - INFO - Data transformation object DataTransformationArtifact(transform_object_path='/config/workspace/artifact/09022023__10_22_04/data_transformation/transformer/transformer.pkl', transformed_train_path='/config/workspace/artifact/09022023__10_22_04/data_transformation/transformed/train.npz', transformed_test_path='/config/workspace/artifact/09022023__10_22_04/data_transformation/transformed/test.npz', target_encoder_path='/config/workspace/artifact/09022023__10_22_04/data_transformation/target_encoder/target_encoder.pkl')
[ 2023-09-02 10:23:28,797 ] 14 root - INFO - >>>>>>>>>>>>>>>>>>>>>>>>>>>>>>>>>>>>>>>> Model Trainer <<<<<<<<<<<<<<<<<<<<<<<<<<<<<<<<<<<<<<<<
[ 2023-09-02 10:23:28,797 ] 39 root - INFO - Loading train and test array.
[ 2023-09-02 10:23:28,851 ] 43 root - INFO - Splitting input and target feature from both train and test arr.
[ 2023-09-02 10:23:28,851 ] 47 root - INFO - Train the model
[ 2023-09-02 10:28:20,853 ] 50 root - INFO - Calculating f1 train score
[ 2023-09-02 10:28:21,192 ] 54 root - INFO - Calculating f1 test score
[ 2023-09-02 10:28:21,348 ] 58 root - INFO - train score:0.9999821908781678 and tests score 0.9694011365292147
[ 2023-09-02 10:28:21,349 ] 59 root - INFO - Checking if our model is underfitting or not
[ 2023-09-02 10:28:21,349 ] 64 root - INFO - Checking if our model is overfiiting or not
[ 2023-09-02 10:28:21,349 ] 70 root - INFO - Saving mode object
[ 2023-09-02 10:28:21,349 ] 53 root - INFO - Entered te save object method of Main utils class
[ 2023-09-02 10:28:21,377 ] 57 root - INFO - exited the save object method of Main utils class
[ 2023-09-02 10:28:21,377 ] 73 root - INFO - Prepare the artifact
[ 2023-09-02 10:28:21,377 ] 77 root - INFO - Model trainer artifact: ModelTrainerArtifact(model_path='/config/workspace/artifact/09022023__10_22_04/model_trainer/model/model.pkl', f1_train_score=0.9999821908781678, f1_test_score=0.9694011365292147)
[ 2023-09-02 10:28:21,391 ] 36 root - INFO - if saved model folder has model the we will compare which model is best trained or the model from saved model folder
