[ 2023-09-02 21:26:51,137 ] 20 root - INFO - exporting data as pandas dataframe
[ 2023-09-02 21:26:51,138 ] 21 root - INFO - Reading data from database: aps and collection: sensor
[ 2023-09-02 21:26:59,113 ] 23 root - INFO - Found Columns: Index(['_id', 'class', 'aa_000', 'ab_000', 'ac_000', 'ad_000', 'ae_000',
       'af_000', 'ag_000', 'ag_001',
       ...
       'ee_002', 'ee_003', 'ee_004', 'ee_005', 'ee_006', 'ee_007', 'ee_008',
       'ee_009', 'ef_000', 'eg_000'],
      dtype='object', length=172)
[ 2023-09-02 21:26:59,113 ] 25 root - INFO - Dropping column: _id
[ 2023-09-02 21:26:59,695 ] 27 root - INFO - row and columnns in df: (36188, 171)
[ 2023-09-02 21:26:59,695 ] 25 root - INFO - save data in feature store
[ 2023-09-02 21:27:06,679 ] 35 root - INFO - split dataset into train and test set
[ 2023-09-02 21:27:07,416 ] 39 root - INFO - create dataset directory folder if not available
[ 2023-09-02 21:27:07,417 ] 46 root - INFO - Save df to feature store folder
[ 2023-09-02 21:27:11,191 ] 59 root - INFO - Data ingestion artifact: DataIngestionArtifact(feature_store_file_path='/config/workspace/artifact/09022023__21_26_51/data_ingestion/feature_store/sensor.csv', train_file_path='/config/workspace/artifact/09022023__21_26_51/data_ingestion/dataset/train.csv', test_file_path='/config/workspace/artifact/09022023__21_26_51/data_ingestion/dataset/test.csv')
[ 2023-09-02 21:27:12,296 ] 20 root - INFO - >>>>>>>>>>>>>>>>>>>>>>>>>>>>>>>>>>>>>>>> Data Validation <<<<<<<<<<<<<<<<<<<<<<<<<<<<<<<<<<<<<<<<
[ 2023-09-02 21:27:12,301 ] 107 root - INFO - Reading base dataframe
[ 2023-09-02 21:27:16,930 ] 110 root - INFO - Replace na value in base df
[ 2023-09-02 21:27:17,416 ] 61 root - INFO - selecting column name which contains null above to 0.2
[ 2023-09-02 21:27:17,417 ] 64 root - INFO - Columns to drop: ['ab_000', 'ad_000', 'bk_000', 'bl_000', 'bm_000', 'bn_000', 'bo_000', 'bp_000', 'bq_000', 'br_000', 'cf_000', 'cg_000', 'ch_000', 'co_000', 'cr_000', 'ct_000', 'cu_000', 'cv_000', 'cx_000', 'cy_000', 'cz_000', 'da_000', 'db_000', 'dc_000']
[ 2023-09-02 21:27:17,565 ] 115 root - INFO - Reading train dataframe
[ 2023-09-02 21:27:18,357 ] 117 root - INFO - Reading test dataframe
[ 2023-09-02 21:27:18,548 ] 120 root - INFO - Drop null values colums from train df
[ 2023-09-02 21:27:18,567 ] 61 root - INFO - selecting column name which contains null above to 0.2
[ 2023-09-02 21:27:18,568 ] 64 root - INFO - Columns to drop: ['ab_000', 'ad_000', 'bk_000', 'bl_000', 'bm_000', 'bn_000', 'bo_000', 'bp_000', 'bq_000', 'br_000', 'cf_000', 'cg_000', 'ch_000', 'co_000', 'cr_000', 'ct_000', 'cu_000', 'cv_000', 'cx_000', 'cy_000', 'cz_000', 'da_000', 'db_000', 'dc_000']
[ 2023-09-02 21:27:18,591 ] 122 root - INFO - Drop null values colums from test df
[ 2023-09-02 21:27:18,596 ] 61 root - INFO - selecting column name which contains null above to 0.2
[ 2023-09-02 21:27:18,596 ] 64 root - INFO - Columns to drop: ['ab_000', 'ad_000', 'bk_000', 'bl_000', 'bm_000', 'bn_000', 'bo_000', 'bp_000', 'bq_000', 'br_000', 'cf_000', 'cg_000', 'ch_000', 'co_000', 'cr_000', 'ct_000', 'cu_000', 'cv_000', 'cx_000', 'cy_000', 'cz_000', 'da_000', 'db_000', 'dc_000']
[ 2023-09-02 21:27:20,337 ] 130 root - INFO - Is all required columns present in train df
[ 2023-09-02 21:27:20,337 ] 132 root - INFO - Is all required columns present in test df
[ 2023-09-02 21:27:20,338 ] 136 root - INFO - As all column are available in train df hence detecting data drift
[ 2023-09-02 21:27:20,338 ] 86 root - INFO - Hypothesis class: object, object 
[ 2023-09-02 21:27:20,586 ] 86 root - INFO - Hypothesis aa_000: float64, float64 
[ 2023-09-02 21:27:20,599 ] 86 root - INFO - Hypothesis ac_000: float64, float64 
[ 2023-09-02 21:27:20,671 ] 86 root - INFO - Hypothesis ae_000: float64, float64 
[ 2023-09-02 21:27:20,731 ] 86 root - INFO - Hypothesis af_000: float64, float64 
[ 2023-09-02 21:27:20,791 ] 86 root - INFO - Hypothesis ag_000: float64, float64 
[ 2023-09-02 21:27:20,845 ] 86 root - INFO - Hypothesis ag_001: float64, float64 
[ 2023-09-02 21:27:20,909 ] 86 root - INFO - Hypothesis ag_002: float64, float64 
[ 2023-09-02 21:27:20,977 ] 86 root - INFO - Hypothesis ag_003: float64, float64 
[ 2023-09-02 21:27:20,986 ] 86 root - INFO - Hypothesis ag_004: float64, float64 
[ 2023-09-02 21:27:21,010 ] 86 root - INFO - Hypothesis ag_005: float64, float64 
[ 2023-09-02 21:27:21,028 ] 86 root - INFO - Hypothesis ag_006: float64, float64 
[ 2023-09-02 21:27:21,050 ] 86 root - INFO - Hypothesis ag_007: float64, float64 
[ 2023-09-02 21:27:21,067 ] 86 root - INFO - Hypothesis ag_008: float64, float64 
[ 2023-09-02 21:27:21,090 ] 86 root - INFO - Hypothesis ag_009: float64, float64 
[ 2023-09-02 21:27:21,105 ] 86 root - INFO - Hypothesis ah_000: float64, float64 
[ 2023-09-02 21:27:21,122 ] 86 root - INFO - Hypothesis ai_000: float64, float64 
[ 2023-09-02 21:27:21,204 ] 86 root - INFO - Hypothesis aj_000: float64, float64 
[ 2023-09-02 21:27:21,220 ] 86 root - INFO - Hypothesis ak_000: float64, float64 
[ 2023-09-02 21:27:21,299 ] 86 root - INFO - Hypothesis al_000: float64, float64 
[ 2023-09-02 21:27:21,311 ] 86 root - INFO - Hypothesis am_0: float64, float64 
[ 2023-09-02 21:27:21,339 ] 86 root - INFO - Hypothesis an_000: float64, float64 
[ 2023-09-02 21:27:21,352 ] 86 root - INFO - Hypothesis ao_000: float64, float64 
[ 2023-09-02 21:27:21,366 ] 86 root - INFO - Hypothesis ap_000: float64, float64 
[ 2023-09-02 21:27:21,396 ] 86 root - INFO - Hypothesis aq_000: float64, float64 
[ 2023-09-02 21:27:21,410 ] 86 root - INFO - Hypothesis ar_000: float64, float64 
[ 2023-09-02 21:27:21,464 ] 86 root - INFO - Hypothesis as_000: float64, float64 
[ 2023-09-02 21:27:21,523 ] 86 root - INFO - Hypothesis at_000: float64, float64 
[ 2023-09-02 21:27:21,571 ] 86 root - INFO - Hypothesis au_000: float64, float64 
[ 2023-09-02 21:27:21,625 ] 86 root - INFO - Hypothesis av_000: float64, float64 
[ 2023-09-02 21:27:21,638 ] 86 root - INFO - Hypothesis ax_000: float64, float64 
[ 2023-09-02 21:27:21,649 ] 86 root - INFO - Hypothesis ay_000: float64, float64 
[ 2023-09-02 21:27:21,703 ] 86 root - INFO - Hypothesis ay_001: float64, float64 
[ 2023-09-02 21:27:21,765 ] 86 root - INFO - Hypothesis ay_002: float64, float64 
[ 2023-09-02 21:27:21,820 ] 86 root - INFO - Hypothesis ay_003: float64, float64 
[ 2023-09-02 21:27:21,877 ] 86 root - INFO - Hypothesis ay_004: float64, float64 
[ 2023-09-02 21:27:21,924 ] 86 root - INFO - Hypothesis ay_005: float64, float64 
[ 2023-09-02 21:27:22,000 ] 86 root - INFO - Hypothesis ay_006: float64, float64 
[ 2023-09-02 21:27:22,013 ] 86 root - INFO - Hypothesis ay_007: float64, float64 
[ 2023-09-02 21:27:22,029 ] 86 root - INFO - Hypothesis ay_008: float64, float64 
[ 2023-09-02 21:27:22,042 ] 86 root - INFO - Hypothesis ay_009: float64, float64 
[ 2023-09-02 21:27:22,115 ] 86 root - INFO - Hypothesis az_000: float64, float64 
[ 2023-09-02 21:27:22,132 ] 86 root - INFO - Hypothesis az_001: float64, float64 
[ 2023-09-02 21:27:22,145 ] 86 root - INFO - Hypothesis az_002: float64, float64 
[ 2023-09-02 21:27:22,164 ] 86 root - INFO - Hypothesis az_003: float64, float64 
[ 2023-09-02 21:27:22,179 ] 86 root - INFO - Hypothesis az_004: float64, float64 
[ 2023-09-02 21:27:22,195 ] 86 root - INFO - Hypothesis az_005: float64, float64 
[ 2023-09-02 21:27:22,215 ] 86 root - INFO - Hypothesis az_006: float64, float64 
[ 2023-09-02 21:27:22,275 ] 86 root - INFO - Hypothesis az_007: float64, float64 
[ 2023-09-02 21:27:22,331 ] 86 root - INFO - Hypothesis az_008: float64, float64 
[ 2023-09-02 21:27:22,389 ] 86 root - INFO - Hypothesis az_009: float64, float64 
[ 2023-09-02 21:27:22,450 ] 86 root - INFO - Hypothesis ba_000: float64, float64 
[ 2023-09-02 21:27:22,464 ] 86 root - INFO - Hypothesis ba_001: float64, float64 
[ 2023-09-02 21:27:22,477 ] 86 root - INFO - Hypothesis ba_002: float64, float64 
[ 2023-09-02 21:27:22,491 ] 86 root - INFO - Hypothesis ba_003: float64, float64 
[ 2023-09-02 21:27:22,508 ] 86 root - INFO - Hypothesis ba_004: float64, float64 
[ 2023-09-02 21:27:22,529 ] 86 root - INFO - Hypothesis ba_005: float64, float64 
[ 2023-09-02 21:27:22,542 ] 86 root - INFO - Hypothesis ba_006: float64, float64 
[ 2023-09-02 21:27:22,555 ] 86 root - INFO - Hypothesis ba_007: float64, float64 
[ 2023-09-02 21:27:22,567 ] 86 root - INFO - Hypothesis ba_008: float64, float64 
[ 2023-09-02 21:27:22,628 ] 86 root - INFO - Hypothesis ba_009: float64, float64 
[ 2023-09-02 21:27:22,681 ] 86 root - INFO - Hypothesis bb_000: float64, float64 
[ 2023-09-02 21:27:22,694 ] 86 root - INFO - Hypothesis bc_000: float64, float64 
[ 2023-09-02 21:27:22,746 ] 86 root - INFO - Hypothesis bd_000: float64, float64 
[ 2023-09-02 21:27:22,762 ] 86 root - INFO - Hypothesis be_000: float64, float64 
[ 2023-09-02 21:27:22,774 ] 86 root - INFO - Hypothesis bf_000: float64, float64 
[ 2023-09-02 21:27:22,784 ] 86 root - INFO - Hypothesis bg_000: float64, float64 
[ 2023-09-02 21:27:22,802 ] 86 root - INFO - Hypothesis bh_000: float64, float64 
[ 2023-09-02 21:27:22,820 ] 86 root - INFO - Hypothesis bi_000: float64, float64 
[ 2023-09-02 21:27:22,833 ] 86 root - INFO - Hypothesis bj_000: float64, float64 
[ 2023-09-02 21:27:22,851 ] 86 root - INFO - Hypothesis bs_000: float64, float64 
[ 2023-09-02 21:27:22,869 ] 86 root - INFO - Hypothesis bt_000: float64, float64 
[ 2023-09-02 21:27:22,882 ] 86 root - INFO - Hypothesis bu_000: float64, float64 
[ 2023-09-02 21:27:22,895 ] 86 root - INFO - Hypothesis bv_000: float64, float64 
[ 2023-09-02 21:27:22,909 ] 86 root - INFO - Hypothesis bx_000: float64, float64 
[ 2023-09-02 21:27:22,930 ] 86 root - INFO - Hypothesis by_000: float64, float64 
[ 2023-09-02 21:27:22,947 ] 86 root - INFO - Hypothesis bz_000: float64, float64 
[ 2023-09-02 21:27:22,959 ] 86 root - INFO - Hypothesis ca_000: float64, float64 
[ 2023-09-02 21:27:22,972 ] 86 root - INFO - Hypothesis cb_000: float64, float64 
[ 2023-09-02 21:27:22,985 ] 86 root - INFO - Hypothesis cc_000: float64, float64 
[ 2023-09-02 21:27:23,002 ] 86 root - INFO - Hypothesis cd_000: float64, float64 
[ 2023-09-02 21:27:23,058 ] 86 root - INFO - Hypothesis ce_000: float64, float64 
[ 2023-09-02 21:27:23,070 ] 86 root - INFO - Hypothesis ci_000: float64, float64 
[ 2023-09-02 21:27:23,087 ] 86 root - INFO - Hypothesis cj_000: float64, float64 
[ 2023-09-02 21:27:23,140 ] 86 root - INFO - Hypothesis ck_000: float64, float64 
[ 2023-09-02 21:27:23,153 ] 86 root - INFO - Hypothesis cl_000: float64, float64 
[ 2023-09-02 21:27:23,161 ] 86 root - INFO - Hypothesis cm_000: float64, float64 
[ 2023-09-02 21:27:23,171 ] 86 root - INFO - Hypothesis cn_000: float64, float64 
[ 2023-09-02 21:27:23,230 ] 86 root - INFO - Hypothesis cn_001: float64, float64 
[ 2023-09-02 21:27:23,282 ] 86 root - INFO - Hypothesis cn_002: float64, float64 
[ 2023-09-02 21:27:23,293 ] 86 root - INFO - Hypothesis cn_003: float64, float64 
[ 2023-09-02 21:27:23,306 ] 86 root - INFO - Hypothesis cn_004: float64, float64 
[ 2023-09-02 21:27:23,323 ] 86 root - INFO - Hypothesis cn_005: float64, float64 
[ 2023-09-02 21:27:23,341 ] 86 root - INFO - Hypothesis cn_006: float64, float64 
[ 2023-09-02 21:27:23,354 ] 86 root - INFO - Hypothesis cn_007: float64, float64 
[ 2023-09-02 21:27:23,370 ] 86 root - INFO - Hypothesis cn_008: float64, float64 
[ 2023-09-02 21:27:23,382 ] 86 root - INFO - Hypothesis cn_009: float64, float64 
[ 2023-09-02 21:27:23,438 ] 86 root - INFO - Hypothesis cp_000: float64, float64 
[ 2023-09-02 21:27:23,497 ] 86 root - INFO - Hypothesis cq_000: float64, float64 
[ 2023-09-02 21:27:23,514 ] 86 root - INFO - Hypothesis cs_000: float64, float64 
[ 2023-09-02 21:27:23,527 ] 86 root - INFO - Hypothesis cs_001: float64, float64 
[ 2023-09-02 21:27:23,539 ] 86 root - INFO - Hypothesis cs_002: float64, float64 
[ 2023-09-02 21:27:23,559 ] 86 root - INFO - Hypothesis cs_003: float64, float64 
[ 2023-09-02 21:27:23,576 ] 86 root - INFO - Hypothesis cs_004: float64, float64 
[ 2023-09-02 21:27:23,590 ] 86 root - INFO - Hypothesis cs_005: float64, float64 
[ 2023-09-02 21:27:23,603 ] 86 root - INFO - Hypothesis cs_006: float64, float64 
[ 2023-09-02 21:27:23,616 ] 86 root - INFO - Hypothesis cs_007: float64, float64 
[ 2023-09-02 21:27:23,630 ] 86 root - INFO - Hypothesis cs_008: float64, float64 
[ 2023-09-02 21:27:23,688 ] 86 root - INFO - Hypothesis cs_009: float64, float64 
[ 2023-09-02 21:27:23,745 ] 86 root - INFO - Hypothesis dd_000: float64, float64 
[ 2023-09-02 21:27:23,758 ] 86 root - INFO - Hypothesis de_000: float64, float64 
[ 2023-09-02 21:27:23,769 ] 86 root - INFO - Hypothesis df_000: float64, float64 
[ 2023-09-02 21:27:23,818 ] 86 root - INFO - Hypothesis dg_000: float64, float64 
[ 2023-09-02 21:27:23,876 ] 86 root - INFO - Hypothesis dh_000: float64, float64 
[ 2023-09-02 21:27:23,885 ] 86 root - INFO - Hypothesis di_000: float64, float64 
[ 2023-09-02 21:27:23,947 ] 86 root - INFO - Hypothesis dj_000: float64, float64 
[ 2023-09-02 21:27:24,002 ] 86 root - INFO - Hypothesis dk_000: float64, float64 
[ 2023-09-02 21:27:24,063 ] 86 root - INFO - Hypothesis dl_000: float64, float64 
[ 2023-09-02 21:27:24,119 ] 86 root - INFO - Hypothesis dm_000: float64, float64 
[ 2023-09-02 21:27:24,174 ] 86 root - INFO - Hypothesis dn_000: float64, float64 
[ 2023-09-02 21:27:24,187 ] 86 root - INFO - Hypothesis do_000: float64, float64 
[ 2023-09-02 21:27:24,199 ] 86 root - INFO - Hypothesis dp_000: float64, float64 
[ 2023-09-02 21:27:24,215 ] 86 root - INFO - Hypothesis dq_000: float64, float64 
[ 2023-09-02 21:27:24,265 ] 86 root - INFO - Hypothesis dr_000: float64, float64 
[ 2023-09-02 21:27:24,323 ] 86 root - INFO - Hypothesis ds_000: float64, float64 
[ 2023-09-02 21:27:24,336 ] 86 root - INFO - Hypothesis dt_000: float64, float64 
[ 2023-09-02 21:27:24,354 ] 86 root - INFO - Hypothesis du_000: float64, float64 
[ 2023-09-02 21:27:24,369 ] 86 root - INFO - Hypothesis dv_000: float64, float64 
[ 2023-09-02 21:27:24,382 ] 86 root - INFO - Hypothesis dx_000: float64, float64 
[ 2023-09-02 21:27:24,437 ] 86 root - INFO - Hypothesis dy_000: float64, float64 
[ 2023-09-02 21:27:24,495 ] 86 root - INFO - Hypothesis dz_000: float64, float64 
[ 2023-09-02 21:27:24,554 ] 86 root - INFO - Hypothesis ea_000: float64, float64 
[ 2023-09-02 21:27:24,614 ] 86 root - INFO - Hypothesis eb_000: float64, float64 
[ 2023-09-02 21:27:24,626 ] 86 root - INFO - Hypothesis ec_00: float64, float64 
[ 2023-09-02 21:27:24,638 ] 86 root - INFO - Hypothesis ed_000: float64, float64 
[ 2023-09-02 21:27:24,655 ] 86 root - INFO - Hypothesis ee_000: float64, float64 
[ 2023-09-02 21:27:24,668 ] 86 root - INFO - Hypothesis ee_001: float64, float64 
[ 2023-09-02 21:27:24,681 ] 86 root - INFO - Hypothesis ee_002: float64, float64 
[ 2023-09-02 21:27:24,695 ] 86 root - INFO - Hypothesis ee_003: float64, float64 
[ 2023-09-02 21:27:24,708 ] 86 root - INFO - Hypothesis ee_004: float64, float64 
[ 2023-09-02 21:27:24,720 ] 86 root - INFO - Hypothesis ee_005: float64, float64 
[ 2023-09-02 21:27:24,741 ] 86 root - INFO - Hypothesis ee_006: float64, float64 
[ 2023-09-02 21:27:24,760 ] 86 root - INFO - Hypothesis ee_007: float64, float64 
[ 2023-09-02 21:27:24,773 ] 86 root - INFO - Hypothesis ee_008: float64, float64 
[ 2023-09-02 21:27:24,786 ] 86 root - INFO - Hypothesis ee_009: float64, float64 
[ 2023-09-02 21:27:24,797 ] 86 root - INFO - Hypothesis ef_000: float64, float64 
[ 2023-09-02 21:27:24,850 ] 86 root - INFO - Hypothesis eg_000: float64, float64 
[ 2023-09-02 21:27:24,907 ] 140 root - INFO - As all column are available in test df hence detecting data drift
[ 2023-09-02 21:27:24,907 ] 86 root - INFO - Hypothesis class: object, object 
[ 2023-09-02 21:27:25,051 ] 86 root - INFO - Hypothesis aa_000: float64, float64 
[ 2023-09-02 21:27:25,063 ] 86 root - INFO - Hypothesis ac_000: float64, float64 
[ 2023-09-02 21:27:25,075 ] 86 root - INFO - Hypothesis ae_000: float64, float64 
[ 2023-09-02 21:27:25,102 ] 86 root - INFO - Hypothesis af_000: float64, float64 
[ 2023-09-02 21:27:25,132 ] 86 root - INFO - Hypothesis ag_000: float64, float64 
[ 2023-09-02 21:27:25,153 ] 86 root - INFO - Hypothesis ag_001: float64, float64 
[ 2023-09-02 21:27:25,184 ] 86 root - INFO - Hypothesis ag_002: float64, float64 
[ 2023-09-02 21:27:25,190 ] 86 root - INFO - Hypothesis ag_003: float64, float64 
[ 2023-09-02 21:27:25,196 ] 86 root - INFO - Hypothesis ag_004: float64, float64 
[ 2023-09-02 21:27:25,205 ] 86 root - INFO - Hypothesis ag_005: float64, float64 
[ 2023-09-02 21:27:25,219 ] 86 root - INFO - Hypothesis ag_006: float64, float64 
[ 2023-09-02 21:27:25,228 ] 86 root - INFO - Hypothesis ag_007: float64, float64 
[ 2023-09-02 21:27:25,236 ] 86 root - INFO - Hypothesis ag_008: float64, float64 
[ 2023-09-02 21:27:25,244 ] 86 root - INFO - Hypothesis ag_009: float64, float64 
[ 2023-09-02 21:27:25,251 ] 86 root - INFO - Hypothesis ah_000: float64, float64 
[ 2023-09-02 21:27:25,260 ] 86 root - INFO - Hypothesis ai_000: float64, float64 
[ 2023-09-02 21:27:25,266 ] 86 root - INFO - Hypothesis aj_000: float64, float64 
[ 2023-09-02 21:27:25,271 ] 86 root - INFO - Hypothesis ak_000: float64, float64 
[ 2023-09-02 21:27:25,281 ] 86 root - INFO - Hypothesis al_000: float64, float64 
[ 2023-09-02 21:27:25,289 ] 86 root - INFO - Hypothesis am_0: float64, float64 
[ 2023-09-02 21:27:25,295 ] 86 root - INFO - Hypothesis an_000: float64, float64 
[ 2023-09-02 21:27:25,305 ] 86 root - INFO - Hypothesis ao_000: float64, float64 
[ 2023-09-02 21:27:25,320 ] 86 root - INFO - Hypothesis ap_000: float64, float64 
[ 2023-09-02 21:27:25,334 ] 86 root - INFO - Hypothesis aq_000: float64, float64 
[ 2023-09-02 21:27:25,348 ] 86 root - INFO - Hypothesis ar_000: float64, float64 
[ 2023-09-02 21:27:25,369 ] 86 root - INFO - Hypothesis as_000: float64, float64 
[ 2023-09-02 21:27:25,399 ] 86 root - INFO - Hypothesis at_000: float64, float64 
[ 2023-09-02 21:27:25,424 ] 86 root - INFO - Hypothesis au_000: float64, float64 
[ 2023-09-02 21:27:25,444 ] 86 root - INFO - Hypothesis av_000: float64, float64 
[ 2023-09-02 21:27:25,452 ] 86 root - INFO - Hypothesis ax_000: float64, float64 
[ 2023-09-02 21:27:25,460 ] 86 root - INFO - Hypothesis ay_000: float64, float64 
[ 2023-09-02 21:27:25,480 ] 86 root - INFO - Hypothesis ay_001: float64, float64 
[ 2023-09-02 21:27:25,505 ] 86 root - INFO - Hypothesis ay_002: float64, float64 
[ 2023-09-02 21:27:25,526 ] 86 root - INFO - Hypothesis ay_003: float64, float64 
[ 2023-09-02 21:27:25,546 ] 86 root - INFO - Hypothesis ay_004: float64, float64 
[ 2023-09-02 21:27:25,578 ] 86 root - INFO - Hypothesis ay_005: float64, float64 
[ 2023-09-02 21:27:25,590 ] 86 root - INFO - Hypothesis ay_006: float64, float64 
[ 2023-09-02 21:27:25,599 ] 86 root - INFO - Hypothesis ay_007: float64, float64 
[ 2023-09-02 21:27:25,607 ] 86 root - INFO - Hypothesis ay_008: float64, float64 
[ 2023-09-02 21:27:25,621 ] 86 root - INFO - Hypothesis ay_009: float64, float64 
[ 2023-09-02 21:27:25,641 ] 86 root - INFO - Hypothesis az_000: float64, float64 
[ 2023-09-02 21:27:25,650 ] 86 root - INFO - Hypothesis az_001: float64, float64 
[ 2023-09-02 21:27:25,659 ] 86 root - INFO - Hypothesis az_002: float64, float64 
[ 2023-09-02 21:27:25,667 ] 86 root - INFO - Hypothesis az_003: float64, float64 
[ 2023-09-02 21:27:25,676 ] 86 root - INFO - Hypothesis az_004: float64, float64 
[ 2023-09-02 21:27:25,686 ] 86 root - INFO - Hypothesis az_005: float64, float64 
[ 2023-09-02 21:27:25,695 ] 86 root - INFO - Hypothesis az_006: float64, float64 
[ 2023-09-02 21:27:25,711 ] 86 root - INFO - Hypothesis az_007: float64, float64 
[ 2023-09-02 21:27:25,718 ] 86 root - INFO - Hypothesis az_008: float64, float64 
[ 2023-09-02 21:27:25,739 ] 86 root - INFO - Hypothesis az_009: float64, float64 
[ 2023-09-02 21:27:25,760 ] 86 root - INFO - Hypothesis ba_000: float64, float64 
[ 2023-09-02 21:27:25,769 ] 86 root - INFO - Hypothesis ba_001: float64, float64 
[ 2023-09-02 21:27:25,781 ] 86 root - INFO - Hypothesis ba_002: float64, float64 
[ 2023-09-02 21:27:25,798 ] 86 root - INFO - Hypothesis ba_003: float64, float64 
[ 2023-09-02 21:27:25,811 ] 86 root - INFO - Hypothesis ba_004: float64, float64 
[ 2023-09-02 21:27:25,831 ] 86 root - INFO - Hypothesis ba_005: float64, float64 
[ 2023-09-02 21:27:25,840 ] 86 root - INFO - Hypothesis ba_006: float64, float64 
[ 2023-09-02 21:27:25,852 ] 86 root - INFO - Hypothesis ba_007: float64, float64 
[ 2023-09-02 21:27:25,866 ] 86 root - INFO - Hypothesis ba_008: float64, float64 
[ 2023-09-02 21:27:25,879 ] 86 root - INFO - Hypothesis ba_009: float64, float64 
[ 2023-09-02 21:27:25,886 ] 86 root - INFO - Hypothesis bb_000: float64, float64 
[ 2023-09-02 21:27:25,896 ] 86 root - INFO - Hypothesis bc_000: float64, float64 
[ 2023-09-02 21:27:25,908 ] 86 root - INFO - Hypothesis bd_000: float64, float64 
[ 2023-09-02 21:27:25,922 ] 86 root - INFO - Hypothesis be_000: float64, float64 
[ 2023-09-02 21:27:25,935 ] 86 root - INFO - Hypothesis bf_000: float64, float64 
[ 2023-09-02 21:27:25,943 ] 86 root - INFO - Hypothesis bg_000: float64, float64 
[ 2023-09-02 21:27:25,952 ] 86 root - INFO - Hypothesis bh_000: float64, float64 
[ 2023-09-02 21:27:25,974 ] 86 root - INFO - Hypothesis bi_000: float64, float64 
[ 2023-09-02 21:27:25,984 ] 86 root - INFO - Hypothesis bj_000: float64, float64 
[ 2023-09-02 21:27:26,000 ] 86 root - INFO - Hypothesis bs_000: float64, float64 
[ 2023-09-02 21:27:26,012 ] 86 root - INFO - Hypothesis bt_000: float64, float64 
[ 2023-09-02 21:27:26,023 ] 86 root - INFO - Hypothesis bu_000: float64, float64 
[ 2023-09-02 21:27:26,032 ] 86 root - INFO - Hypothesis bv_000: float64, float64 
[ 2023-09-02 21:27:26,046 ] 86 root - INFO - Hypothesis bx_000: float64, float64 
[ 2023-09-02 21:27:26,055 ] 86 root - INFO - Hypothesis by_000: float64, float64 
[ 2023-09-02 21:27:26,069 ] 86 root - INFO - Hypothesis bz_000: float64, float64 
[ 2023-09-02 21:27:26,077 ] 86 root - INFO - Hypothesis ca_000: float64, float64 
[ 2023-09-02 21:27:26,087 ] 86 root - INFO - Hypothesis cb_000: float64, float64 
[ 2023-09-02 21:27:26,100 ] 86 root - INFO - Hypothesis cc_000: float64, float64 
[ 2023-09-02 21:27:26,109 ] 86 root - INFO - Hypothesis cd_000: float64, float64 
[ 2023-09-02 21:27:26,130 ] 86 root - INFO - Hypothesis ce_000: float64, float64 
[ 2023-09-02 21:27:26,138 ] 86 root - INFO - Hypothesis ci_000: float64, float64 
[ 2023-09-02 21:27:26,152 ] 86 root - INFO - Hypothesis cj_000: float64, float64 
[ 2023-09-02 21:27:26,158 ] 86 root - INFO - Hypothesis ck_000: float64, float64 
[ 2023-09-02 21:27:26,167 ] 86 root - INFO - Hypothesis cl_000: float64, float64 
[ 2023-09-02 21:27:26,173 ] 86 root - INFO - Hypothesis cm_000: float64, float64 
[ 2023-09-02 21:27:26,180 ] 86 root - INFO - Hypothesis cn_000: float64, float64 
[ 2023-09-02 21:27:26,205 ] 86 root - INFO - Hypothesis cn_001: float64, float64 
[ 2023-09-02 21:27:26,211 ] 86 root - INFO - Hypothesis cn_002: float64, float64 
[ 2023-09-02 21:27:26,219 ] 86 root - INFO - Hypothesis cn_003: float64, float64 
[ 2023-09-02 21:27:26,228 ] 86 root - INFO - Hypothesis cn_004: float64, float64 
[ 2023-09-02 21:27:26,242 ] 86 root - INFO - Hypothesis cn_005: float64, float64 
[ 2023-09-02 21:27:26,251 ] 86 root - INFO - Hypothesis cn_006: float64, float64 
[ 2023-09-02 21:27:26,267 ] 86 root - INFO - Hypothesis cn_007: float64, float64 
[ 2023-09-02 21:27:26,276 ] 86 root - INFO - Hypothesis cn_008: float64, float64 
[ 2023-09-02 21:27:26,285 ] 86 root - INFO - Hypothesis cn_009: float64, float64 
[ 2023-09-02 21:27:26,292 ] 86 root - INFO - Hypothesis cp_000: float64, float64 
[ 2023-09-02 21:27:26,299 ] 86 root - INFO - Hypothesis cq_000: float64, float64 
[ 2023-09-02 21:27:26,308 ] 86 root - INFO - Hypothesis cs_000: float64, float64 
[ 2023-09-02 21:27:26,317 ] 86 root - INFO - Hypothesis cs_001: float64, float64 
[ 2023-09-02 21:27:26,325 ] 86 root - INFO - Hypothesis cs_002: float64, float64 
[ 2023-09-02 21:27:26,334 ] 86 root - INFO - Hypothesis cs_003: float64, float64 
[ 2023-09-02 21:27:26,345 ] 86 root - INFO - Hypothesis cs_004: float64, float64 
[ 2023-09-02 21:27:26,358 ] 86 root - INFO - Hypothesis cs_005: float64, float64 
[ 2023-09-02 21:27:26,368 ] 86 root - INFO - Hypothesis cs_006: float64, float64 
[ 2023-09-02 21:27:26,379 ] 86 root - INFO - Hypothesis cs_007: float64, float64 
[ 2023-09-02 21:27:26,394 ] 86 root - INFO - Hypothesis cs_008: float64, float64 
[ 2023-09-02 21:27:26,402 ] 86 root - INFO - Hypothesis cs_009: float64, float64 
[ 2023-09-02 21:27:26,439 ] 86 root - INFO - Hypothesis dd_000: float64, float64 
[ 2023-09-02 21:27:26,448 ] 86 root - INFO - Hypothesis de_000: float64, float64 
[ 2023-09-02 21:27:26,458 ] 86 root - INFO - Hypothesis df_000: float64, float64 
[ 2023-09-02 21:27:26,463 ] 86 root - INFO - Hypothesis dg_000: float64, float64 
[ 2023-09-02 21:27:26,474 ] 86 root - INFO - Hypothesis dh_000: float64, float64 
[ 2023-09-02 21:27:26,480 ] 86 root - INFO - Hypothesis di_000: float64, float64 
[ 2023-09-02 21:27:26,487 ] 86 root - INFO - Hypothesis dj_000: float64, float64 
[ 2023-09-02 21:27:26,509 ] 86 root - INFO - Hypothesis dk_000: float64, float64 
[ 2023-09-02 21:27:26,518 ] 86 root - INFO - Hypothesis dl_000: float64, float64 
[ 2023-09-02 21:27:26,544 ] 86 root - INFO - Hypothesis dm_000: float64, float64 
[ 2023-09-02 21:27:26,574 ] 86 root - INFO - Hypothesis dn_000: float64, float64 
[ 2023-09-02 21:27:26,583 ] 86 root - INFO - Hypothesis do_000: float64, float64 
[ 2023-09-02 21:27:26,591 ] 86 root - INFO - Hypothesis dp_000: float64, float64 
[ 2023-09-02 21:27:26,600 ] 86 root - INFO - Hypothesis dq_000: float64, float64 
[ 2023-09-02 21:27:26,606 ] 86 root - INFO - Hypothesis dr_000: float64, float64 
[ 2023-09-02 21:27:26,616 ] 86 root - INFO - Hypothesis ds_000: float64, float64 
[ 2023-09-02 21:27:26,625 ] 86 root - INFO - Hypothesis dt_000: float64, float64 
[ 2023-09-02 21:27:26,635 ] 86 root - INFO - Hypothesis du_000: float64, float64 
[ 2023-09-02 21:27:26,643 ] 86 root - INFO - Hypothesis dv_000: float64, float64 
[ 2023-09-02 21:27:26,653 ] 86 root - INFO - Hypothesis dx_000: float64, float64 
[ 2023-09-02 21:27:26,660 ] 86 root - INFO - Hypothesis dy_000: float64, float64 
[ 2023-09-02 21:27:26,667 ] 86 root - INFO - Hypothesis dz_000: float64, float64 
[ 2023-09-02 21:27:26,691 ] 86 root - INFO - Hypothesis ea_000: float64, float64 
[ 2023-09-02 21:27:26,712 ] 86 root - INFO - Hypothesis eb_000: float64, float64 
[ 2023-09-02 21:27:26,724 ] 86 root - INFO - Hypothesis ec_00: float64, float64 
[ 2023-09-02 21:27:26,738 ] 86 root - INFO - Hypothesis ed_000: float64, float64 
[ 2023-09-02 21:27:26,747 ] 86 root - INFO - Hypothesis ee_000: float64, float64 
[ 2023-09-02 21:27:26,756 ] 86 root - INFO - Hypothesis ee_001: float64, float64 
[ 2023-09-02 21:27:26,769 ] 86 root - INFO - Hypothesis ee_002: float64, float64 
[ 2023-09-02 21:27:26,779 ] 86 root - INFO - Hypothesis ee_003: float64, float64 
[ 2023-09-02 21:27:26,788 ] 86 root - INFO - Hypothesis ee_004: float64, float64 
[ 2023-09-02 21:27:26,797 ] 86 root - INFO - Hypothesis ee_005: float64, float64 
[ 2023-09-02 21:27:26,806 ] 86 root - INFO - Hypothesis ee_006: float64, float64 
[ 2023-09-02 21:27:26,815 ] 86 root - INFO - Hypothesis ee_007: float64, float64 
[ 2023-09-02 21:27:26,824 ] 86 root - INFO - Hypothesis ee_008: float64, float64 
[ 2023-09-02 21:27:26,843 ] 86 root - INFO - Hypothesis ee_009: float64, float64 
[ 2023-09-02 21:27:26,850 ] 86 root - INFO - Hypothesis ef_000: float64, float64 
[ 2023-09-02 21:27:26,882 ] 86 root - INFO - Hypothesis eg_000: float64, float64 
[ 2023-09-02 21:27:26,912 ] 143 root - INFO - Write reprt in yaml file
[ 2023-09-02 21:27:28,678 ] 66 root - INFO - Before resampling in training set Input: (28950, 170) Target:(28950,)
[ 2023-09-02 21:27:54,548 ] 68 root - INFO - After resampling in training set Input: (56152, 170) Target:(56152,)
[ 2023-09-02 21:27:54,550 ] 71 root - INFO - Before resampling in testing set Input: (7238, 170) Target:(7238,)
[ 2023-09-02 21:28:01,192 ] 73 root - INFO - After resampling in testing set Input: (14072, 170) Target:(14072,)
[ 2023-09-02 21:28:01,475 ] 53 root - INFO - Entered te save object method of Main utils class
[ 2023-09-02 21:28:01,479 ] 57 root - INFO - exited the save object method of Main utils class
[ 2023-09-02 21:28:01,479 ] 53 root - INFO - Entered te save object method of Main utils class
[ 2023-09-02 21:28:01,481 ] 57 root - INFO - exited the save object method of Main utils class
[ 2023-09-02 21:28:01,481 ] 91 root - INFO - Data transformation object DataTransformationArtifact(transform_object_path='/config/workspace/artifact/09022023__21_26_51/data_transformation/transformer/transformer.pkl', transformed_train_path='/config/workspace/artifact/09022023__21_26_51/data_transformation/transformed/train.npz', transformed_test_path='/config/workspace/artifact/09022023__21_26_51/data_transformation/transformed/test.npz', target_encoder_path='/config/workspace/artifact/09022023__21_26_51/data_transformation/target_encoder/target_encoder.pkl')
[ 2023-09-02 21:28:01,483 ] 14 root - INFO - >>>>>>>>>>>>>>>>>>>>>>>>>>>>>>>>>>>>>>>> Model Trainer <<<<<<<<<<<<<<<<<<<<<<<<<<<<<<<<<<<<<<<<
[ 2023-09-02 21:28:01,484 ] 39 root - INFO - Loading train and test array.
[ 2023-09-02 21:28:01,544 ] 43 root - INFO - Splitting input and target feature from both train and test arr.
[ 2023-09-02 21:28:01,545 ] 47 root - INFO - Train the model
[ 2023-09-02 21:31:59,125 ] 50 root - INFO - Calculating f1 train score
[ 2023-09-02 21:31:59,406 ] 54 root - INFO - Calculating f1 test score
[ 2023-09-02 21:31:59,510 ] 58 root - INFO - train score:0.9999821908781678 and tests score 0.9694011365292147
[ 2023-09-02 21:31:59,511 ] 59 root - INFO - Checking if our model is underfitting or not
[ 2023-09-02 21:31:59,511 ] 64 root - INFO - Checking if our model is overfiiting or not
[ 2023-09-02 21:31:59,511 ] 70 root - INFO - Saving mode object
[ 2023-09-02 21:31:59,511 ] 53 root - INFO - Entered te save object method of Main utils class
[ 2023-09-02 21:31:59,544 ] 57 root - INFO - exited the save object method of Main utils class
[ 2023-09-02 21:31:59,544 ] 73 root - INFO - Prepare the artifact
[ 2023-09-02 21:31:59,544 ] 77 root - INFO - Model trainer artifact: ModelTrainerArtifact(model_path='/config/workspace/artifact/09022023__21_26_51/model_trainer/model/model.pkl', f1_train_score=0.9999821908781678, f1_test_score=0.9694011365292147)
[ 2023-09-02 21:31:59,547 ] 36 root - INFO - if saved model folder has model the we will compare which model is best trained or the model from saved model folder
[ 2023-09-02 21:31:59,548 ] 43 root - INFO - Finding location of transformer model and target encoder
[ 2023-09-02 21:31:59,548 ] 48 root - INFO - Previous trained objects of transformer, model and target encoder
[ 2023-09-02 21:31:59,585 ] 54 root - INFO - Currently trained model objects
[ 2023-09-02 21:32:00,079 ] 70 root - INFO - Accuracy using previous trained model: 0.8
[ 2023-09-02 21:32:00,294 ] 26 root - INFO - Loading transformer model and target encoder
[ 2023-09-02 21:32:00,318 ] 32 root - INFO - Saving model into model pusher directory
[ 2023-09-02 21:32:00,321 ] 53 root - INFO - Entered te save object method of Main utils class
[ 2023-09-02 21:32:00,325 ] 57 root - INFO - exited the save object method of Main utils class
[ 2023-09-02 21:32:00,325 ] 53 root - INFO - Entered te save object method of Main utils class
[ 2023-09-02 21:32:00,364 ] 57 root - INFO - exited the save object method of Main utils class
[ 2023-09-02 21:32:00,365 ] 53 root - INFO - Entered te save object method of Main utils class
[ 2023-09-02 21:32:00,368 ] 57 root - INFO - exited the save object method of Main utils class
[ 2023-09-02 21:32:00,368 ] 39 root - INFO - Saving model in saved model dir
[ 2023-09-02 21:32:00,368 ] 53 root - INFO - Entered te save object method of Main utils class
[ 2023-09-02 21:32:00,371 ] 57 root - INFO - exited the save object method of Main utils class
[ 2023-09-02 21:32:00,372 ] 53 root - INFO - Entered te save object method of Main utils class
[ 2023-09-02 21:32:00,402 ] 57 root - INFO - exited the save object method of Main utils class
[ 2023-09-02 21:32:00,402 ] 53 root - INFO - Entered te save object method of Main utils class
[ 2023-09-02 21:32:00,403 ] 57 root - INFO - exited the save object method of Main utils class
[ 2023-09-02 21:32:00,403 ] 49 root - INFO - Model pusher artifact: ModelPusherArtifact(pusher_model_dir='/config/workspace/artifact/09022023__21_26_51/model_pusher/saved_models', saved_model_dir='saved_models')
