[ 2023-09-02 18:12:22,739 ] 20 root - INFO - exporting data as pandas dataframe
[ 2023-09-02 18:12:22,739 ] 21 root - INFO - Reading data from database: aps and collection: sensor
[ 2023-09-02 18:12:29,532 ] 23 root - INFO - Found Columns: Index(['_id', 'class', 'aa_000', 'ab_000', 'ac_000', 'ad_000', 'ae_000',
       'af_000', 'ag_000', 'ag_001',
       ...
       'ee_002', 'ee_003', 'ee_004', 'ee_005', 'ee_006', 'ee_007', 'ee_008',
       'ee_009', 'ef_000', 'eg_000'],
      dtype='object', length=172)
[ 2023-09-02 18:12:29,533 ] 25 root - INFO - Dropping column: _id
[ 2023-09-02 18:12:30,041 ] 27 root - INFO - row and columnns in df: (36188, 171)
[ 2023-09-02 18:12:30,041 ] 25 root - INFO - save data in feature store
[ 2023-09-02 18:12:36,407 ] 35 root - INFO - split dataset into train and test set
[ 2023-09-02 18:12:37,000 ] 39 root - INFO - create dataset directory folder if not available
[ 2023-09-02 18:12:37,000 ] 46 root - INFO - Save df to feature store folder
[ 2023-09-02 18:12:40,400 ] 59 root - INFO - Data ingestion artifact: DataIngestionArtifact(feature_store_file_path='/config/workspace/artifact/09022023__18_12_22/data_ingestion/feature_store/sensor.csv', train_file_path='/config/workspace/artifact/09022023__18_12_22/data_ingestion/dataset/train.csv', test_file_path='/config/workspace/artifact/09022023__18_12_22/data_ingestion/dataset/test.csv')
[ 2023-09-02 18:12:41,246 ] 20 root - INFO - >>>>>>>>>>>>>>>>>>>>>>>>>>>>>>>>>>>>>>>> Data Validation <<<<<<<<<<<<<<<<<<<<<<<<<<<<<<<<<<<<<<<<
[ 2023-09-02 18:12:41,246 ] 107 root - INFO - Reading base dataframe
[ 2023-09-02 18:12:45,228 ] 110 root - INFO - Replace na value in base df
[ 2023-09-02 18:12:45,638 ] 61 root - INFO - selecting column name which contains null above to 0.2
[ 2023-09-02 18:12:45,638 ] 64 root - INFO - Columns to drop: ['ab_000', 'ad_000', 'bk_000', 'bl_000', 'bm_000', 'bn_000', 'bo_000', 'bp_000', 'bq_000', 'br_000', 'cf_000', 'cg_000', 'ch_000', 'co_000', 'cr_000', 'ct_000', 'cu_000', 'cv_000', 'cx_000', 'cy_000', 'cz_000', 'da_000', 'db_000', 'dc_000']
[ 2023-09-02 18:12:45,784 ] 115 root - INFO - Reading train dataframe
[ 2023-09-02 18:12:46,500 ] 117 root - INFO - Reading test dataframe
[ 2023-09-02 18:12:46,675 ] 120 root - INFO - Drop null values colums from train df
[ 2023-09-02 18:12:46,686 ] 61 root - INFO - selecting column name which contains null above to 0.2
[ 2023-09-02 18:12:46,687 ] 64 root - INFO - Columns to drop: ['ab_000', 'ad_000', 'bk_000', 'bl_000', 'bm_000', 'bn_000', 'bo_000', 'bp_000', 'bq_000', 'br_000', 'cf_000', 'cg_000', 'ch_000', 'co_000', 'cr_000', 'ct_000', 'cu_000', 'cv_000', 'cx_000', 'cy_000', 'cz_000', 'da_000', 'db_000', 'dc_000']
[ 2023-09-02 18:12:46,702 ] 122 root - INFO - Drop null values colums from test df
[ 2023-09-02 18:12:46,706 ] 61 root - INFO - selecting column name which contains null above to 0.2
[ 2023-09-02 18:12:46,707 ] 64 root - INFO - Columns to drop: ['ab_000', 'ad_000', 'bk_000', 'bl_000', 'bm_000', 'bn_000', 'bo_000', 'bp_000', 'bq_000', 'br_000', 'cf_000', 'cg_000', 'ch_000', 'co_000', 'cr_000', 'ct_000', 'cu_000', 'cv_000', 'cx_000', 'cy_000', 'cz_000', 'da_000', 'db_000', 'dc_000']
[ 2023-09-02 18:12:48,252 ] 130 root - INFO - Is all required columns present in train df
[ 2023-09-02 18:12:48,252 ] 132 root - INFO - Is all required columns present in test df
[ 2023-09-02 18:12:48,252 ] 136 root - INFO - As all column are available in train df hence detecting data drift
[ 2023-09-02 18:12:48,253 ] 86 root - INFO - Hypothesis class: object, object 
[ 2023-09-02 18:12:48,473 ] 86 root - INFO - Hypothesis aa_000: float64, float64 
[ 2023-09-02 18:12:48,487 ] 86 root - INFO - Hypothesis ac_000: float64, float64 
[ 2023-09-02 18:12:48,539 ] 86 root - INFO - Hypothesis ae_000: float64, float64 
[ 2023-09-02 18:12:48,588 ] 86 root - INFO - Hypothesis af_000: float64, float64 
[ 2023-09-02 18:12:48,647 ] 86 root - INFO - Hypothesis ag_000: float64, float64 
[ 2023-09-02 18:12:48,698 ] 86 root - INFO - Hypothesis ag_001: float64, float64 
[ 2023-09-02 18:12:48,751 ] 86 root - INFO - Hypothesis ag_002: float64, float64 
[ 2023-09-02 18:12:48,797 ] 86 root - INFO - Hypothesis ag_003: float64, float64 
[ 2023-09-02 18:12:48,811 ] 86 root - INFO - Hypothesis ag_004: float64, float64 
[ 2023-09-02 18:12:48,823 ] 86 root - INFO - Hypothesis ag_005: float64, float64 
[ 2023-09-02 18:12:48,844 ] 86 root - INFO - Hypothesis ag_006: float64, float64 
[ 2023-09-02 18:12:48,856 ] 86 root - INFO - Hypothesis ag_007: float64, float64 
[ 2023-09-02 18:12:48,871 ] 86 root - INFO - Hypothesis ag_008: float64, float64 
[ 2023-09-02 18:12:48,882 ] 86 root - INFO - Hypothesis ag_009: float64, float64 
[ 2023-09-02 18:12:48,890 ] 86 root - INFO - Hypothesis ah_000: float64, float64 
[ 2023-09-02 18:12:48,903 ] 86 root - INFO - Hypothesis ai_000: float64, float64 
[ 2023-09-02 18:12:48,952 ] 86 root - INFO - Hypothesis aj_000: float64, float64 
[ 2023-09-02 18:12:48,960 ] 86 root - INFO - Hypothesis ak_000: float64, float64 
[ 2023-09-02 18:12:49,015 ] 86 root - INFO - Hypothesis al_000: float64, float64 
[ 2023-09-02 18:12:49,025 ] 86 root - INFO - Hypothesis am_0: float64, float64 
[ 2023-09-02 18:12:49,035 ] 86 root - INFO - Hypothesis an_000: float64, float64 
[ 2023-09-02 18:12:49,047 ] 86 root - INFO - Hypothesis ao_000: float64, float64 
[ 2023-09-02 18:12:49,059 ] 86 root - INFO - Hypothesis ap_000: float64, float64 
[ 2023-09-02 18:12:49,077 ] 86 root - INFO - Hypothesis aq_000: float64, float64 
[ 2023-09-02 18:12:49,090 ] 86 root - INFO - Hypothesis ar_000: float64, float64 
[ 2023-09-02 18:12:49,136 ] 86 root - INFO - Hypothesis as_000: float64, float64 
[ 2023-09-02 18:12:49,187 ] 86 root - INFO - Hypothesis at_000: float64, float64 
[ 2023-09-02 18:12:49,242 ] 86 root - INFO - Hypothesis au_000: float64, float64 
[ 2023-09-02 18:12:49,293 ] 86 root - INFO - Hypothesis av_000: float64, float64 
[ 2023-09-02 18:12:49,305 ] 86 root - INFO - Hypothesis ax_000: float64, float64 
[ 2023-09-02 18:12:49,315 ] 86 root - INFO - Hypothesis ay_000: float64, float64 
[ 2023-09-02 18:12:49,375 ] 86 root - INFO - Hypothesis ay_001: float64, float64 
[ 2023-09-02 18:12:49,424 ] 86 root - INFO - Hypothesis ay_002: float64, float64 
[ 2023-09-02 18:12:49,479 ] 86 root - INFO - Hypothesis ay_003: float64, float64 
[ 2023-09-02 18:12:49,535 ] 86 root - INFO - Hypothesis ay_004: float64, float64 
[ 2023-09-02 18:12:49,591 ] 86 root - INFO - Hypothesis ay_005: float64, float64 
[ 2023-09-02 18:12:49,648 ] 86 root - INFO - Hypothesis ay_006: float64, float64 
[ 2023-09-02 18:12:49,659 ] 86 root - INFO - Hypothesis ay_007: float64, float64 
[ 2023-09-02 18:12:49,672 ] 86 root - INFO - Hypothesis ay_008: float64, float64 
[ 2023-09-02 18:12:49,689 ] 86 root - INFO - Hypothesis ay_009: float64, float64 
[ 2023-09-02 18:12:49,737 ] 86 root - INFO - Hypothesis az_000: float64, float64 
[ 2023-09-02 18:12:49,756 ] 86 root - INFO - Hypothesis az_001: float64, float64 
[ 2023-09-02 18:12:49,768 ] 86 root - INFO - Hypothesis az_002: float64, float64 
[ 2023-09-02 18:12:49,783 ] 86 root - INFO - Hypothesis az_003: float64, float64 
[ 2023-09-02 18:12:49,795 ] 86 root - INFO - Hypothesis az_004: float64, float64 
[ 2023-09-02 18:12:49,811 ] 86 root - INFO - Hypothesis az_005: float64, float64 
[ 2023-09-02 18:12:49,824 ] 86 root - INFO - Hypothesis az_006: float64, float64 
[ 2023-09-02 18:12:49,873 ] 86 root - INFO - Hypothesis az_007: float64, float64 
[ 2023-09-02 18:12:49,924 ] 86 root - INFO - Hypothesis az_008: float64, float64 
[ 2023-09-02 18:12:49,974 ] 86 root - INFO - Hypothesis az_009: float64, float64 
[ 2023-09-02 18:12:50,029 ] 86 root - INFO - Hypothesis ba_000: float64, float64 
[ 2023-09-02 18:12:50,047 ] 86 root - INFO - Hypothesis ba_001: float64, float64 
[ 2023-09-02 18:12:50,060 ] 86 root - INFO - Hypothesis ba_002: float64, float64 
[ 2023-09-02 18:12:50,073 ] 86 root - INFO - Hypothesis ba_003: float64, float64 
[ 2023-09-02 18:12:50,086 ] 86 root - INFO - Hypothesis ba_004: float64, float64 
[ 2023-09-02 18:12:50,099 ] 86 root - INFO - Hypothesis ba_005: float64, float64 
[ 2023-09-02 18:12:50,115 ] 86 root - INFO - Hypothesis ba_006: float64, float64 
[ 2023-09-02 18:12:50,128 ] 86 root - INFO - Hypothesis ba_007: float64, float64 
[ 2023-09-02 18:12:50,140 ] 86 root - INFO - Hypothesis ba_008: float64, float64 
[ 2023-09-02 18:12:50,201 ] 86 root - INFO - Hypothesis ba_009: float64, float64 
[ 2023-09-02 18:12:50,257 ] 86 root - INFO - Hypothesis bb_000: float64, float64 
[ 2023-09-02 18:12:50,270 ] 86 root - INFO - Hypothesis bc_000: float64, float64 
[ 2023-09-02 18:12:50,326 ] 86 root - INFO - Hypothesis bd_000: float64, float64 
[ 2023-09-02 18:12:50,337 ] 86 root - INFO - Hypothesis be_000: float64, float64 
[ 2023-09-02 18:12:50,355 ] 86 root - INFO - Hypothesis bf_000: float64, float64 
[ 2023-09-02 18:12:50,364 ] 86 root - INFO - Hypothesis bg_000: float64, float64 
[ 2023-09-02 18:12:50,379 ] 86 root - INFO - Hypothesis bh_000: float64, float64 
[ 2023-09-02 18:12:50,391 ] 86 root - INFO - Hypothesis bi_000: float64, float64 
[ 2023-09-02 18:12:50,404 ] 86 root - INFO - Hypothesis bj_000: float64, float64 
[ 2023-09-02 18:12:50,417 ] 86 root - INFO - Hypothesis bs_000: float64, float64 
[ 2023-09-02 18:12:50,438 ] 86 root - INFO - Hypothesis bt_000: float64, float64 
[ 2023-09-02 18:12:50,453 ] 86 root - INFO - Hypothesis bu_000: float64, float64 
[ 2023-09-02 18:12:50,471 ] 86 root - INFO - Hypothesis bv_000: float64, float64 
[ 2023-09-02 18:12:50,484 ] 86 root - INFO - Hypothesis bx_000: float64, float64 
[ 2023-09-02 18:12:50,497 ] 86 root - INFO - Hypothesis by_000: float64, float64 
[ 2023-09-02 18:12:50,511 ] 86 root - INFO - Hypothesis bz_000: float64, float64 
[ 2023-09-02 18:12:50,523 ] 86 root - INFO - Hypothesis ca_000: float64, float64 
[ 2023-09-02 18:12:50,536 ] 86 root - INFO - Hypothesis cb_000: float64, float64 
[ 2023-09-02 18:12:50,550 ] 86 root - INFO - Hypothesis cc_000: float64, float64 
[ 2023-09-02 18:12:50,565 ] 86 root - INFO - Hypothesis cd_000: float64, float64 
[ 2023-09-02 18:12:50,617 ] 86 root - INFO - Hypothesis ce_000: float64, float64 
[ 2023-09-02 18:12:50,629 ] 86 root - INFO - Hypothesis ci_000: float64, float64 
[ 2023-09-02 18:12:50,646 ] 86 root - INFO - Hypothesis cj_000: float64, float64 
[ 2023-09-02 18:12:50,706 ] 86 root - INFO - Hypothesis ck_000: float64, float64 
[ 2023-09-02 18:12:50,719 ] 86 root - INFO - Hypothesis cl_000: float64, float64 
[ 2023-09-02 18:12:50,735 ] 86 root - INFO - Hypothesis cm_000: float64, float64 
[ 2023-09-02 18:12:50,754 ] 86 root - INFO - Hypothesis cn_000: float64, float64 
[ 2023-09-02 18:12:50,805 ] 86 root - INFO - Hypothesis cn_001: float64, float64 
[ 2023-09-02 18:12:50,862 ] 86 root - INFO - Hypothesis cn_002: float64, float64 
[ 2023-09-02 18:12:50,872 ] 86 root - INFO - Hypothesis cn_003: float64, float64 
[ 2023-09-02 18:12:50,885 ] 86 root - INFO - Hypothesis cn_004: float64, float64 
[ 2023-09-02 18:12:50,898 ] 86 root - INFO - Hypothesis cn_005: float64, float64 
[ 2023-09-02 18:12:50,910 ] 86 root - INFO - Hypothesis cn_006: float64, float64 
[ 2023-09-02 18:12:50,923 ] 86 root - INFO - Hypothesis cn_007: float64, float64 
[ 2023-09-02 18:12:50,935 ] 86 root - INFO - Hypothesis cn_008: float64, float64 
[ 2023-09-02 18:12:50,946 ] 86 root - INFO - Hypothesis cn_009: float64, float64 
[ 2023-09-02 18:12:51,008 ] 86 root - INFO - Hypothesis cp_000: float64, float64 
[ 2023-09-02 18:12:51,064 ] 86 root - INFO - Hypothesis cq_000: float64, float64 
[ 2023-09-02 18:12:51,084 ] 86 root - INFO - Hypothesis cs_000: float64, float64 
[ 2023-09-02 18:12:51,097 ] 86 root - INFO - Hypothesis cs_001: float64, float64 
[ 2023-09-02 18:12:51,112 ] 86 root - INFO - Hypothesis cs_002: float64, float64 
[ 2023-09-02 18:12:51,125 ] 86 root - INFO - Hypothesis cs_003: float64, float64 
[ 2023-09-02 18:12:51,138 ] 86 root - INFO - Hypothesis cs_004: float64, float64 
[ 2023-09-02 18:12:51,152 ] 86 root - INFO - Hypothesis cs_005: float64, float64 
[ 2023-09-02 18:12:51,165 ] 86 root - INFO - Hypothesis cs_006: float64, float64 
[ 2023-09-02 18:12:51,178 ] 86 root - INFO - Hypothesis cs_007: float64, float64 
[ 2023-09-02 18:12:51,191 ] 86 root - INFO - Hypothesis cs_008: float64, float64 
[ 2023-09-02 18:12:51,247 ] 86 root - INFO - Hypothesis cs_009: float64, float64 
[ 2023-09-02 18:12:51,298 ] 86 root - INFO - Hypothesis dd_000: float64, float64 
[ 2023-09-02 18:12:51,310 ] 86 root - INFO - Hypothesis de_000: float64, float64 
[ 2023-09-02 18:12:51,322 ] 86 root - INFO - Hypothesis df_000: float64, float64 
[ 2023-09-02 18:12:51,384 ] 86 root - INFO - Hypothesis dg_000: float64, float64 
[ 2023-09-02 18:12:51,437 ] 86 root - INFO - Hypothesis dh_000: float64, float64 
[ 2023-09-02 18:12:51,445 ] 86 root - INFO - Hypothesis di_000: float64, float64 
[ 2023-09-02 18:12:51,500 ] 86 root - INFO - Hypothesis dj_000: float64, float64 
[ 2023-09-02 18:12:51,553 ] 86 root - INFO - Hypothesis dk_000: float64, float64 
[ 2023-09-02 18:12:51,607 ] 86 root - INFO - Hypothesis dl_000: float64, float64 
[ 2023-09-02 18:12:51,667 ] 86 root - INFO - Hypothesis dm_000: float64, float64 
[ 2023-09-02 18:12:51,723 ] 86 root - INFO - Hypothesis dn_000: float64, float64 
[ 2023-09-02 18:12:51,742 ] 86 root - INFO - Hypothesis do_000: float64, float64 
[ 2023-09-02 18:12:51,755 ] 86 root - INFO - Hypothesis dp_000: float64, float64 
[ 2023-09-02 18:12:51,767 ] 86 root - INFO - Hypothesis dq_000: float64, float64 
[ 2023-09-02 18:12:51,821 ] 86 root - INFO - Hypothesis dr_000: float64, float64 
[ 2023-09-02 18:12:51,891 ] 86 root - INFO - Hypothesis ds_000: float64, float64 
[ 2023-09-02 18:12:51,904 ] 86 root - INFO - Hypothesis dt_000: float64, float64 
[ 2023-09-02 18:12:51,917 ] 86 root - INFO - Hypothesis du_000: float64, float64 
[ 2023-09-02 18:12:51,931 ] 86 root - INFO - Hypothesis dv_000: float64, float64 
[ 2023-09-02 18:12:51,944 ] 86 root - INFO - Hypothesis dx_000: float64, float64 
[ 2023-09-02 18:12:51,999 ] 86 root - INFO - Hypothesis dy_000: float64, float64 
[ 2023-09-02 18:12:52,067 ] 86 root - INFO - Hypothesis dz_000: float64, float64 
[ 2023-09-02 18:12:52,122 ] 86 root - INFO - Hypothesis ea_000: float64, float64 
[ 2023-09-02 18:12:52,176 ] 86 root - INFO - Hypothesis eb_000: float64, float64 
[ 2023-09-02 18:12:52,188 ] 86 root - INFO - Hypothesis ec_00: float64, float64 
[ 2023-09-02 18:12:52,200 ] 86 root - INFO - Hypothesis ed_000: float64, float64 
[ 2023-09-02 18:12:52,216 ] 86 root - INFO - Hypothesis ee_000: float64, float64 
[ 2023-09-02 18:12:52,230 ] 86 root - INFO - Hypothesis ee_001: float64, float64 
[ 2023-09-02 18:12:52,244 ] 86 root - INFO - Hypothesis ee_002: float64, float64 
[ 2023-09-02 18:12:52,261 ] 86 root - INFO - Hypothesis ee_003: float64, float64 
[ 2023-09-02 18:12:52,274 ] 86 root - INFO - Hypothesis ee_004: float64, float64 
[ 2023-09-02 18:12:52,289 ] 86 root - INFO - Hypothesis ee_005: float64, float64 
[ 2023-09-02 18:12:52,302 ] 86 root - INFO - Hypothesis ee_006: float64, float64 
[ 2023-09-02 18:12:52,315 ] 86 root - INFO - Hypothesis ee_007: float64, float64 
[ 2023-09-02 18:12:52,327 ] 86 root - INFO - Hypothesis ee_008: float64, float64 
[ 2023-09-02 18:12:52,339 ] 86 root - INFO - Hypothesis ee_009: float64, float64 
[ 2023-09-02 18:12:52,349 ] 86 root - INFO - Hypothesis ef_000: float64, float64 
[ 2023-09-02 18:12:52,398 ] 86 root - INFO - Hypothesis eg_000: float64, float64 
[ 2023-09-02 18:12:52,446 ] 140 root - INFO - As all column are available in test df hence detecting data drift
[ 2023-09-02 18:12:52,446 ] 86 root - INFO - Hypothesis class: object, object 
[ 2023-09-02 18:12:52,564 ] 86 root - INFO - Hypothesis aa_000: float64, float64 
[ 2023-09-02 18:12:52,572 ] 86 root - INFO - Hypothesis ac_000: float64, float64 
[ 2023-09-02 18:12:52,581 ] 86 root - INFO - Hypothesis ae_000: float64, float64 
[ 2023-09-02 18:12:52,602 ] 86 root - INFO - Hypothesis af_000: float64, float64 
[ 2023-09-02 18:12:52,627 ] 86 root - INFO - Hypothesis ag_000: float64, float64 
[ 2023-09-02 18:12:52,648 ] 86 root - INFO - Hypothesis ag_001: float64, float64 
[ 2023-09-02 18:12:52,682 ] 86 root - INFO - Hypothesis ag_002: float64, float64 
[ 2023-09-02 18:12:52,687 ] 86 root - INFO - Hypothesis ag_003: float64, float64 
[ 2023-09-02 18:12:52,693 ] 86 root - INFO - Hypothesis ag_004: float64, float64 
[ 2023-09-02 18:12:52,706 ] 86 root - INFO - Hypothesis ag_005: float64, float64 
[ 2023-09-02 18:12:52,715 ] 86 root - INFO - Hypothesis ag_006: float64, float64 
[ 2023-09-02 18:12:52,724 ] 86 root - INFO - Hypothesis ag_007: float64, float64 
[ 2023-09-02 18:12:52,732 ] 86 root - INFO - Hypothesis ag_008: float64, float64 
[ 2023-09-02 18:12:52,740 ] 86 root - INFO - Hypothesis ag_009: float64, float64 
[ 2023-09-02 18:12:52,746 ] 86 root - INFO - Hypothesis ah_000: float64, float64 
[ 2023-09-02 18:12:52,758 ] 86 root - INFO - Hypothesis ai_000: float64, float64 
[ 2023-09-02 18:12:52,763 ] 86 root - INFO - Hypothesis aj_000: float64, float64 
[ 2023-09-02 18:12:52,769 ] 86 root - INFO - Hypothesis ak_000: float64, float64 
[ 2023-09-02 18:12:52,778 ] 86 root - INFO - Hypothesis al_000: float64, float64 
[ 2023-09-02 18:12:52,785 ] 86 root - INFO - Hypothesis am_0: float64, float64 
[ 2023-09-02 18:12:52,792 ] 86 root - INFO - Hypothesis an_000: float64, float64 
[ 2023-09-02 18:12:52,801 ] 86 root - INFO - Hypothesis ao_000: float64, float64 
[ 2023-09-02 18:12:52,810 ] 86 root - INFO - Hypothesis ap_000: float64, float64 
[ 2023-09-02 18:12:52,819 ] 86 root - INFO - Hypothesis aq_000: float64, float64 
[ 2023-09-02 18:12:52,828 ] 86 root - INFO - Hypothesis ar_000: float64, float64 
[ 2023-09-02 18:12:52,849 ] 86 root - INFO - Hypothesis as_000: float64, float64 
[ 2023-09-02 18:12:52,870 ] 86 root - INFO - Hypothesis at_000: float64, float64 
[ 2023-09-02 18:12:52,891 ] 86 root - INFO - Hypothesis au_000: float64, float64 
[ 2023-09-02 18:12:52,915 ] 86 root - INFO - Hypothesis av_000: float64, float64 
[ 2023-09-02 18:12:52,923 ] 86 root - INFO - Hypothesis ax_000: float64, float64 
[ 2023-09-02 18:12:52,931 ] 86 root - INFO - Hypothesis ay_000: float64, float64 
[ 2023-09-02 18:12:52,954 ] 86 root - INFO - Hypothesis ay_001: float64, float64 
[ 2023-09-02 18:12:52,975 ] 86 root - INFO - Hypothesis ay_002: float64, float64 
[ 2023-09-02 18:12:52,995 ] 86 root - INFO - Hypothesis ay_003: float64, float64 
[ 2023-09-02 18:12:53,024 ] 86 root - INFO - Hypothesis ay_004: float64, float64 
[ 2023-09-02 18:12:53,045 ] 86 root - INFO - Hypothesis ay_005: float64, float64 
[ 2023-09-02 18:12:53,053 ] 86 root - INFO - Hypothesis ay_006: float64, float64 
[ 2023-09-02 18:12:53,061 ] 86 root - INFO - Hypothesis ay_007: float64, float64 
[ 2023-09-02 18:12:53,069 ] 86 root - INFO - Hypothesis ay_008: float64, float64 
[ 2023-09-02 18:12:53,079 ] 86 root - INFO - Hypothesis ay_009: float64, float64 
[ 2023-09-02 18:12:53,103 ] 86 root - INFO - Hypothesis az_000: float64, float64 
[ 2023-09-02 18:12:53,112 ] 86 root - INFO - Hypothesis az_001: float64, float64 
[ 2023-09-02 18:12:53,121 ] 86 root - INFO - Hypothesis az_002: float64, float64 
[ 2023-09-02 18:12:53,143 ] 86 root - INFO - Hypothesis az_003: float64, float64 
[ 2023-09-02 18:12:53,152 ] 86 root - INFO - Hypothesis az_004: float64, float64 
[ 2023-09-02 18:12:53,161 ] 86 root - INFO - Hypothesis az_005: float64, float64 
[ 2023-09-02 18:12:53,170 ] 86 root - INFO - Hypothesis az_006: float64, float64 
[ 2023-09-02 18:12:53,179 ] 86 root - INFO - Hypothesis az_007: float64, float64 
[ 2023-09-02 18:12:53,185 ] 86 root - INFO - Hypothesis az_008: float64, float64 
[ 2023-09-02 18:12:53,212 ] 86 root - INFO - Hypothesis az_009: float64, float64 
[ 2023-09-02 18:12:53,237 ] 86 root - INFO - Hypothesis ba_000: float64, float64 
[ 2023-09-02 18:12:53,246 ] 86 root - INFO - Hypothesis ba_001: float64, float64 
[ 2023-09-02 18:12:53,259 ] 86 root - INFO - Hypothesis ba_002: float64, float64 
[ 2023-09-02 18:12:53,269 ] 86 root - INFO - Hypothesis ba_003: float64, float64 
[ 2023-09-02 18:12:53,278 ] 86 root - INFO - Hypothesis ba_004: float64, float64 
[ 2023-09-02 18:12:53,287 ] 86 root - INFO - Hypothesis ba_005: float64, float64 
[ 2023-09-02 18:12:53,295 ] 86 root - INFO - Hypothesis ba_006: float64, float64 
[ 2023-09-02 18:12:53,304 ] 86 root - INFO - Hypothesis ba_007: float64, float64 
[ 2023-09-02 18:12:53,316 ] 86 root - INFO - Hypothesis ba_008: float64, float64 
[ 2023-09-02 18:12:53,323 ] 86 root - INFO - Hypothesis ba_009: float64, float64 
[ 2023-09-02 18:12:53,330 ] 86 root - INFO - Hypothesis bb_000: float64, float64 
[ 2023-09-02 18:12:53,340 ] 86 root - INFO - Hypothesis bc_000: float64, float64 
[ 2023-09-02 18:12:53,347 ] 86 root - INFO - Hypothesis bd_000: float64, float64 
[ 2023-09-02 18:12:53,355 ] 86 root - INFO - Hypothesis be_000: float64, float64 
[ 2023-09-02 18:12:53,366 ] 86 root - INFO - Hypothesis bf_000: float64, float64 
[ 2023-09-02 18:12:53,373 ] 86 root - INFO - Hypothesis bg_000: float64, float64 
[ 2023-09-02 18:12:53,385 ] 86 root - INFO - Hypothesis bh_000: float64, float64 
[ 2023-09-02 18:12:53,394 ] 86 root - INFO - Hypothesis bi_000: float64, float64 
[ 2023-09-02 18:12:53,408 ] 86 root - INFO - Hypothesis bj_000: float64, float64 
[ 2023-09-02 18:12:53,417 ] 86 root - INFO - Hypothesis bs_000: float64, float64 
[ 2023-09-02 18:12:53,427 ] 86 root - INFO - Hypothesis bt_000: float64, float64 
[ 2023-09-02 18:12:53,436 ] 86 root - INFO - Hypothesis bu_000: float64, float64 
[ 2023-09-02 18:12:53,445 ] 86 root - INFO - Hypothesis bv_000: float64, float64 
[ 2023-09-02 18:12:53,454 ] 86 root - INFO - Hypothesis bx_000: float64, float64 
[ 2023-09-02 18:12:53,463 ] 86 root - INFO - Hypothesis by_000: float64, float64 
[ 2023-09-02 18:12:53,472 ] 86 root - INFO - Hypothesis bz_000: float64, float64 
[ 2023-09-02 18:12:53,480 ] 86 root - INFO - Hypothesis ca_000: float64, float64 
[ 2023-09-02 18:12:53,489 ] 86 root - INFO - Hypothesis cb_000: float64, float64 
[ 2023-09-02 18:12:53,507 ] 86 root - INFO - Hypothesis cc_000: float64, float64 
[ 2023-09-02 18:12:53,516 ] 86 root - INFO - Hypothesis cd_000: float64, float64 
[ 2023-09-02 18:12:53,541 ] 86 root - INFO - Hypothesis ce_000: float64, float64 
[ 2023-09-02 18:12:53,550 ] 86 root - INFO - Hypothesis ci_000: float64, float64 
[ 2023-09-02 18:12:53,559 ] 86 root - INFO - Hypothesis cj_000: float64, float64 
[ 2023-09-02 18:12:53,565 ] 86 root - INFO - Hypothesis ck_000: float64, float64 
[ 2023-09-02 18:12:53,574 ] 86 root - INFO - Hypothesis cl_000: float64, float64 
[ 2023-09-02 18:12:53,581 ] 86 root - INFO - Hypothesis cm_000: float64, float64 
[ 2023-09-02 18:12:53,588 ] 86 root - INFO - Hypothesis cn_000: float64, float64 
[ 2023-09-02 18:12:53,609 ] 86 root - INFO - Hypothesis cn_001: float64, float64 
[ 2023-09-02 18:12:53,614 ] 86 root - INFO - Hypothesis cn_002: float64, float64 
[ 2023-09-02 18:12:53,622 ] 86 root - INFO - Hypothesis cn_003: float64, float64 
[ 2023-09-02 18:12:53,631 ] 86 root - INFO - Hypothesis cn_004: float64, float64 
[ 2023-09-02 18:12:53,641 ] 86 root - INFO - Hypothesis cn_005: float64, float64 
[ 2023-09-02 18:12:53,655 ] 86 root - INFO - Hypothesis cn_006: float64, float64 
[ 2023-09-02 18:12:53,664 ] 86 root - INFO - Hypothesis cn_007: float64, float64 
[ 2023-09-02 18:12:53,676 ] 86 root - INFO - Hypothesis cn_008: float64, float64 
[ 2023-09-02 18:12:53,685 ] 86 root - INFO - Hypothesis cn_009: float64, float64 
[ 2023-09-02 18:12:53,696 ] 86 root - INFO - Hypothesis cp_000: float64, float64 
[ 2023-09-02 18:12:53,704 ] 86 root - INFO - Hypothesis cq_000: float64, float64 
[ 2023-09-02 18:12:53,721 ] 86 root - INFO - Hypothesis cs_000: float64, float64 
[ 2023-09-02 18:12:53,730 ] 86 root - INFO - Hypothesis cs_001: float64, float64 
[ 2023-09-02 18:12:53,738 ] 86 root - INFO - Hypothesis cs_002: float64, float64 
[ 2023-09-02 18:12:53,752 ] 86 root - INFO - Hypothesis cs_003: float64, float64 
[ 2023-09-02 18:12:53,761 ] 86 root - INFO - Hypothesis cs_004: float64, float64 
[ 2023-09-02 18:12:53,770 ] 86 root - INFO - Hypothesis cs_005: float64, float64 
[ 2023-09-02 18:12:53,779 ] 86 root - INFO - Hypothesis cs_006: float64, float64 
[ 2023-09-02 18:12:53,788 ] 86 root - INFO - Hypothesis cs_007: float64, float64 
[ 2023-09-02 18:12:53,806 ] 86 root - INFO - Hypothesis cs_008: float64, float64 
[ 2023-09-02 18:12:53,813 ] 86 root - INFO - Hypothesis cs_009: float64, float64 
[ 2023-09-02 18:12:53,838 ] 86 root - INFO - Hypothesis dd_000: float64, float64 
[ 2023-09-02 18:12:53,846 ] 86 root - INFO - Hypothesis de_000: float64, float64 
[ 2023-09-02 18:12:53,855 ] 86 root - INFO - Hypothesis df_000: float64, float64 
[ 2023-09-02 18:12:53,868 ] 86 root - INFO - Hypothesis dg_000: float64, float64 
[ 2023-09-02 18:12:53,874 ] 86 root - INFO - Hypothesis dh_000: float64, float64 
[ 2023-09-02 18:12:53,880 ] 86 root - INFO - Hypothesis di_000: float64, float64 
[ 2023-09-02 18:12:53,886 ] 86 root - INFO - Hypothesis dj_000: float64, float64 
[ 2023-09-02 18:12:53,911 ] 86 root - INFO - Hypothesis dk_000: float64, float64 
[ 2023-09-02 18:12:53,916 ] 86 root - INFO - Hypothesis dl_000: float64, float64 
[ 2023-09-02 18:12:53,942 ] 86 root - INFO - Hypothesis dm_000: float64, float64 
[ 2023-09-02 18:12:53,972 ] 86 root - INFO - Hypothesis dn_000: float64, float64 
[ 2023-09-02 18:12:53,981 ] 86 root - INFO - Hypothesis do_000: float64, float64 
[ 2023-09-02 18:12:53,997 ] 86 root - INFO - Hypothesis dp_000: float64, float64 
[ 2023-09-02 18:12:54,009 ] 86 root - INFO - Hypothesis dq_000: float64, float64 
[ 2023-09-02 18:12:54,023 ] 86 root - INFO - Hypothesis dr_000: float64, float64 
[ 2023-09-02 18:12:54,029 ] 86 root - INFO - Hypothesis ds_000: float64, float64 
[ 2023-09-02 18:12:54,039 ] 86 root - INFO - Hypothesis dt_000: float64, float64 
[ 2023-09-02 18:12:54,048 ] 86 root - INFO - Hypothesis du_000: float64, float64 
[ 2023-09-02 18:12:54,057 ] 86 root - INFO - Hypothesis dv_000: float64, float64 
[ 2023-09-02 18:12:54,066 ] 86 root - INFO - Hypothesis dx_000: float64, float64 
[ 2023-09-02 18:12:54,072 ] 86 root - INFO - Hypothesis dy_000: float64, float64 
[ 2023-09-02 18:12:54,091 ] 86 root - INFO - Hypothesis dz_000: float64, float64 
[ 2023-09-02 18:12:54,118 ] 86 root - INFO - Hypothesis ea_000: float64, float64 
[ 2023-09-02 18:12:54,139 ] 86 root - INFO - Hypothesis eb_000: float64, float64 
[ 2023-09-02 18:12:54,147 ] 86 root - INFO - Hypothesis ec_00: float64, float64 
[ 2023-09-02 18:12:54,156 ] 86 root - INFO - Hypothesis ed_000: float64, float64 
[ 2023-09-02 18:12:54,165 ] 86 root - INFO - Hypothesis ee_000: float64, float64 
[ 2023-09-02 18:12:54,183 ] 86 root - INFO - Hypothesis ee_001: float64, float64 
[ 2023-09-02 18:12:54,192 ] 86 root - INFO - Hypothesis ee_002: float64, float64 
[ 2023-09-02 18:12:54,201 ] 86 root - INFO - Hypothesis ee_003: float64, float64 
[ 2023-09-02 18:12:54,214 ] 86 root - INFO - Hypothesis ee_004: float64, float64 
[ 2023-09-02 18:12:54,223 ] 86 root - INFO - Hypothesis ee_005: float64, float64 
[ 2023-09-02 18:12:54,236 ] 86 root - INFO - Hypothesis ee_006: float64, float64 
[ 2023-09-02 18:12:54,253 ] 86 root - INFO - Hypothesis ee_007: float64, float64 
[ 2023-09-02 18:12:54,262 ] 86 root - INFO - Hypothesis ee_008: float64, float64 
[ 2023-09-02 18:12:54,270 ] 86 root - INFO - Hypothesis ee_009: float64, float64 
[ 2023-09-02 18:12:54,278 ] 86 root - INFO - Hypothesis ef_000: float64, float64 
[ 2023-09-02 18:12:54,298 ] 86 root - INFO - Hypothesis eg_000: float64, float64 
[ 2023-09-02 18:12:54,325 ] 143 root - INFO - Write reprt in yaml file
[ 2023-09-02 18:12:55,903 ] 66 root - INFO - Before resampling in training set Input: (28950, 170) Target:(28950,)
[ 2023-09-02 18:13:35,507 ] 68 root - INFO - After resampling in training set Input: (56152, 170) Target:(56152,)
[ 2023-09-02 18:13:35,507 ] 71 root - INFO - Before resampling in testing set Input: (7238, 170) Target:(7238,)
[ 2023-09-02 18:13:44,009 ] 73 root - INFO - After resampling in testing set Input: (14072, 170) Target:(14072,)
[ 2023-09-02 18:13:44,251 ] 53 root - INFO - Entered te save object method of Main utils class
[ 2023-09-02 18:13:44,255 ] 57 root - INFO - exited the save object method of Main utils class
[ 2023-09-02 18:13:44,255 ] 53 root - INFO - Entered te save object method of Main utils class
[ 2023-09-02 18:13:44,256 ] 57 root - INFO - exited the save object method of Main utils class
[ 2023-09-02 18:13:44,256 ] 91 root - INFO - Data transformation object DataTransformationArtifact(transform_object_path='/config/workspace/artifact/09022023__18_12_22/data_transformation/transformer/transformer.pkl', transformed_train_path='/config/workspace/artifact/09022023__18_12_22/data_transformation/transformed/train.npz', transformed_test_path='/config/workspace/artifact/09022023__18_12_22/data_transformation/transformed/test.npz', target_encoder_path='/config/workspace/artifact/09022023__18_12_22/data_transformation/target_encoder/target_encoder.pkl')
[ 2023-09-02 18:13:44,259 ] 14 root - INFO - >>>>>>>>>>>>>>>>>>>>>>>>>>>>>>>>>>>>>>>> Model Trainer <<<<<<<<<<<<<<<<<<<<<<<<<<<<<<<<<<<<<<<<
[ 2023-09-02 18:13:44,259 ] 39 root - INFO - Loading train and test array.
[ 2023-09-02 18:13:44,313 ] 43 root - INFO - Splitting input and target feature from both train and test arr.
[ 2023-09-02 18:13:44,313 ] 47 root - INFO - Train the model
[ 2023-09-02 18:19:02,321 ] 50 root - INFO - Calculating f1 train score
[ 2023-09-02 18:19:02,672 ] 54 root - INFO - Calculating f1 test score
[ 2023-09-02 18:19:02,828 ] 58 root - INFO - train score:0.9999821908781678 and tests score 0.9694011365292147
[ 2023-09-02 18:19:02,828 ] 59 root - INFO - Checking if our model is underfitting or not
[ 2023-09-02 18:19:02,829 ] 64 root - INFO - Checking if our model is overfiiting or not
[ 2023-09-02 18:19:02,829 ] 70 root - INFO - Saving mode object
[ 2023-09-02 18:19:02,829 ] 53 root - INFO - Entered te save object method of Main utils class
[ 2023-09-02 18:19:02,872 ] 57 root - INFO - exited the save object method of Main utils class
[ 2023-09-02 18:19:02,873 ] 73 root - INFO - Prepare the artifact
[ 2023-09-02 18:19:02,893 ] 77 root - INFO - Model trainer artifact: ModelTrainerArtifact(model_path='/config/workspace/artifact/09022023__18_12_22/model_trainer/model/model.pkl', f1_train_score=0.9999821908781678, f1_test_score=0.9694011365292147)
[ 2023-09-02 18:19:02,895 ] 36 root - INFO - if saved model folder has model the we will compare which model is best trained or the model from saved model folder
